2026-04-24 17:56:32,684 INFO simulation sim_20260424_175632_a80b3261 started; log=sim_20260424_175632_a80b3261.log  residuals=sim_20260424_175632_a80b3261_residuals.csv
2026-04-24 17:56:32,686 INFO solve start: grid=200x100 (20.000x10.000) mode=steady Re=40.0  polygon=16 pts, solid_cells=517 / 20000
2026-04-24 17:56:32,686 INFO   polygon bbox: x=[6.445,12.633] y=[4.217,6.072]
2026-04-24 17:56:32,758 INFO [steady      0] dt=5.000e-02  R_mom=8.710e-01  div*=4.99e+00  mg=3
2026-04-24 17:56:34,372 INFO [steady    100] dt=3.406e-02  R_mom=3.860e-02  div*=2.06e-02  mg=2
2026-04-24 17:56:36,669 INFO [steady    200] dt=3.342e-02  R_mom=3.285e-02  div*=5.87e-03  mg=2
2026-04-24 17:56:38,582 INFO [steady    300] dt=3.308e-02  R_mom=2.870e-02  div*=2.49e-03  mg=2
2026-04-24 17:56:40,543 INFO [steady    400] dt=3.333e-02  R_mom=1.907e-02  div*=3.88e-03  mg=2
2026-04-24 17:56:42,303 INFO [steady    500] dt=3.385e-02  R_mom=1.537e-02  div*=4.20e-03  mg=1
2026-04-24 17:56:43,798 INFO [steady    600] dt=3.443e-02  R_mom=1.281e-02  div*=3.39e-03  mg=1
2026-04-24 17:56:44,959 INFO [steady    700] dt=3.491e-02  R_mom=1.015e-02  div*=2.33e-03  mg=1
2026-04-24 17:56:46,867 INFO [steady    800] dt=3.521e-02  R_mom=7.420e-03  div*=1.29e-03  mg=2
2026-04-24 17:56:48,474 INFO [steady    900] dt=3.537e-02  R_mom=5.609e-03  div*=7.43e-04  mg=2
2026-04-24 17:56:50,225 INFO [steady   1000] dt=3.544e-02  R_mom=4.616e-03  div*=3.65e-04  mg=2
2026-04-24 17:56:51,902 INFO [steady   1100] dt=3.546e-02  R_mom=3.052e-03  div*=5.26e-04  mg=2
2026-04-24 17:56:53,416 INFO [steady   1200] dt=3.544e-02  R_mom=2.572e-03  div*=2.54e-04  mg=2
2026-04-24 17:56:55,175 INFO [steady   1300] dt=3.543e-02  R_mom=2.469e-03  div*=2.71e-04  mg=2
2026-04-24 17:56:56,852 INFO [steady   1400] dt=3.542e-02  R_mom=2.646e-03  div*=1.54e-04  mg=2
2026-04-24 17:56:58,567 INFO [steady   1500] dt=3.542e-02  R_mom=2.172e-03  div*=2.55e-04  mg=2
2026-04-24 17:57:00,228 INFO [steady   1600] dt=3.541e-02  R_mom=2.217e-03  div*=1.49e-04  mg=2
2026-04-24 17:57:01,813 INFO [steady   1700] dt=3.541e-02  R_mom=1.847e-03  div*=2.08e-04  mg=2
2026-04-24 17:57:03,470 INFO [steady   1800] dt=3.541e-02  R_mom=1.906e-03  div*=1.34e-04  mg=2
2026-04-24 17:57:04,870 INFO [steady   1900] dt=3.541e-02  R_mom=1.618e-03  div*=1.67e-04  mg=2
2026-04-24 17:57:06,239 INFO [steady   2000] dt=3.541e-02  R_mom=1.655e-03  div*=1.27e-04  mg=2
2026-04-24 17:57:07,816 INFO [steady   2100] dt=3.541e-02  R_mom=1.417e-03  div*=1.38e-04  mg=2
2026-04-24 17:57:09,636 INFO [steady   2200] dt=3.541e-02  R_mom=1.435e-03  div*=1.23e-04  mg=2
2026-04-24 17:57:11,363 INFO [steady   2300] dt=3.541e-02  R_mom=1.243e-03  div*=1.09e-04  mg=2
2026-04-24 17:57:12,840 INFO [steady   2400] dt=3.541e-02  R_mom=1.235e-03  div*=1.15e-04  mg=2
2026-04-24 17:57:14,549 INFO [steady   2500] dt=3.541e-02  R_mom=1.091e-03  div*=8.67e-05  mg=2
2026-04-24 17:57:16,176 INFO [steady   2600] dt=3.541e-02  R_mom=1.071e-03  div*=1.07e-04  mg=2
2026-04-24 17:57:17,696 INFO [steady   2700] dt=3.541e-02  R_mom=9.611e-04  div*=6.65e-05  mg=2
2026-04-24 17:57:19,299 INFO [steady   2800] dt=3.541e-02  R_mom=9.224e-04  div*=9.80e-05  mg=2
2026-04-24 17:57:20,957 INFO [steady   2900] dt=3.541e-02  R_mom=8.443e-04  div*=5.08e-05  mg=2
2026-04-24 17:57:22,280 INFO [steady   3000] dt=3.541e-02  R_mom=7.985e-04  div*=8.98e-05  mg=2
2026-04-24 17:57:24,129 INFO [steady   3100] dt=3.541e-02  R_mom=7.444e-04  div*=4.63e-05  mg=2
2026-04-24 17:57:25,451 INFO [steady   3200] dt=3.541e-02  R_mom=6.879e-04  div*=8.07e-05  mg=2
2026-04-24 17:57:27,294 INFO [steady   3300] dt=3.541e-02  R_mom=6.540e-04  div*=4.02e-05  mg=2
2026-04-24 17:57:28,977 INFO [steady   3400] dt=3.541e-02  R_mom=5.950e-04  div*=7.27e-05  mg=2
2026-04-24 17:57:30,653 INFO [steady   3500] dt=3.541e-02  R_mom=5.763e-04  div*=3.59e-05  mg=2
2026-04-24 17:57:32,450 INFO [steady   3600] dt=3.541e-02  R_mom=5.131e-04  div*=6.44e-05  mg=2
2026-04-24 17:57:34,204 INFO [steady   3700] dt=3.541e-02  R_mom=5.058e-04  div*=3.11e-05  mg=2
2026-04-24 17:57:35,964 INFO [steady   3800] dt=3.541e-02  R_mom=4.441e-04  div*=5.71e-05  mg=2
2026-04-24 17:57:37,557 INFO [steady   3900] dt=3.541e-02  R_mom=4.450e-04  div*=2.80e-05  mg=2
2026-04-24 17:57:39,427 INFO [steady   4000] dt=3.541e-02  R_mom=3.838e-04  div*=4.99e-05  mg=2
2026-04-24 17:57:40,976 INFO [steady   4100] dt=3.541e-02  R_mom=3.900e-04  div*=2.52e-05  mg=2
2026-04-24 17:57:42,540 INFO [steady   4200] dt=3.541e-02  R_mom=3.327e-04  div*=4.36e-05  mg=2
2026-04-24 17:57:45,052 INFO [steady   4300] dt=3.541e-02  R_mom=3.422e-04  div*=2.24e-05  mg=2
2026-04-24 17:57:47,584 INFO [steady   4400] dt=3.541e-02  R_mom=2.883e-04  div*=3.77e-05  mg=2
2026-04-24 17:57:49,492 INFO [steady   4500] dt=3.541e-02  R_mom=2.992e-04  div*=1.99e-05  mg=2
2026-04-24 17:57:51,531 INFO [steady   4600] dt=3.541e-02  R_mom=2.506e-04  div*=3.24e-05  mg=2
2026-04-24 17:57:53,107 INFO [steady   4700] dt=3.541e-02  R_mom=2.618e-04  div*=1.74e-05  mg=2
2026-04-24 17:57:54,661 INFO [steady   4800] dt=3.541e-02  R_mom=2.179e-04  div*=2.76e-05  mg=2
2026-04-24 17:57:57,018 INFO [steady   4900] dt=3.541e-02  R_mom=2.283e-04  div*=1.53e-05  mg=2
2026-04-24 17:57:59,614 INFO [steady   5000] dt=3.541e-02  R_mom=1.900e-04  div*=2.34e-05  mg=2
2026-04-24 17:58:02,213 INFO [steady   5100] dt=3.541e-02  R_mom=1.992e-04  div*=1.33e-05  mg=2
2026-04-24 17:58:04,770 INFO [steady   5200] dt=3.541e-02  R_mom=1.659e-04  div*=1.96e-05  mg=2
2026-04-24 17:58:06,754 INFO [steady   5300] dt=3.541e-02  R_mom=1.733e-04  div*=1.15e-05  mg=2
2026-04-24 17:58:08,563 INFO [steady   5400] dt=3.541e-02  R_mom=1.452e-04  div*=1.63e-05  mg=2
2026-04-24 17:58:10,487 INFO [steady   5500] dt=3.541e-02  R_mom=1.507e-04  div*=1.00e-05  mg=2
2026-04-24 17:58:12,213 INFO [steady   5600] dt=3.541e-02  R_mom=1.272e-04  div*=1.35e-05  mg=2
2026-04-24 17:58:13,893 INFO [steady   5700] dt=3.541e-02  R_mom=1.308e-04  div*=9.78e-06  mg=2
2026-04-24 17:58:15,633 INFO [steady   5800] dt=3.541e-02  R_mom=1.116e-04  div*=1.10e-05  mg=2
2026-04-24 17:58:17,056 INFO [steady   5900] dt=3.541e-02  R_mom=1.134e-04  div*=9.39e-06  mg=2
2026-04-24 17:58:18,910 INFO [steady   6000] dt=3.541e-02  R_mom=9.811e-05  div*=8.85e-06  mg=2
2026-04-24 17:58:20,676 INFO [steady   6100] dt=3.541e-02  R_mom=9.820e-05  div*=8.87e-06  mg=2
2026-04-24 17:58:22,486 INFO [steady   6200] dt=3.541e-02  R_mom=8.628e-05  div*=7.03e-06  mg=2
2026-04-24 17:58:25,078 INFO [steady   6300] dt=3.541e-02  R_mom=8.501e-05  div*=8.29e-06  mg=2
2026-04-24 17:58:27,571 INFO [steady   6400] dt=3.541e-02  R_mom=7.595e-05  div*=5.48e-06  mg=2
2026-04-24 17:58:29,304 INFO [steady   6500] dt=3.541e-02  R_mom=7.347e-05  div*=7.65e-06  mg=2
2026-04-24 17:58:31,057 INFO [steady   6600] dt=3.541e-02  R_mom=6.687e-05  div*=4.19e-06  mg=2
2026-04-24 17:58:32,496 INFO [steady   6700] dt=3.541e-02  R_mom=6.352e-05  div*=7.01e-06  mg=2
2026-04-24 17:58:34,045 INFO [steady   6800] dt=3.541e-02  R_mom=5.890e-05  div*=3.62e-06  mg=2
2026-04-24 17:58:35,746 INFO [steady   6900] dt=3.541e-02  R_mom=5.485e-05  div*=6.35e-06  mg=2
2026-04-24 17:58:37,432 INFO [steady   7000] dt=3.541e-02  R_mom=5.185e-05  div*=3.21e-06  mg=2
2026-04-24 17:58:39,300 INFO [steady   7100] dt=3.541e-02  R_mom=4.739e-05  div*=5.71e-06  mg=2
2026-04-24 17:58:40,966 INFO [steady   7200] dt=3.541e-02  R_mom=4.564e-05  div*=2.83e-06  mg=2
2026-04-24 17:58:42,495 INFO [steady   7300] dt=3.541e-02  R_mom=4.094e-05  div*=5.10e-06  mg=2
2026-04-24 17:58:44,439 INFO [steady   7400] dt=3.541e-02  R_mom=4.014e-05  div*=2.47e-06  mg=2
2026-04-24 17:58:46,266 INFO [steady   7500] dt=3.541e-02  R_mom=3.539e-05  div*=4.52e-06  mg=2
2026-04-24 17:58:48,164 INFO [steady   7600] dt=3.541e-02  R_mom=3.529e-05  div*=2.19e-06  mg=2
2026-04-24 17:58:49,953 INFO [steady   7700] dt=3.541e-02  R_mom=3.061e-05  div*=3.97e-06  mg=2
2026-04-24 17:58:51,967 INFO [steady   7800] dt=3.541e-02  R_mom=3.098e-05  div*=1.98e-06  mg=2
2026-04-24 17:58:53,775 INFO [steady   7900] dt=3.541e-02  R_mom=2.651e-05  div*=3.47e-06  mg=2
2026-04-24 17:58:55,750 INFO [steady   8000] dt=3.541e-02  R_mom=2.717e-05  div*=1.76e-06  mg=2
2026-04-24 17:58:57,543 INFO [steady   8100] dt=3.541e-02  R_mom=2.298e-05  div*=3.01e-06  mg=2
2026-04-24 17:58:59,986 INFO [steady   8200] dt=3.541e-02  R_mom=2.379e-05  div*=1.57e-06  mg=2
2026-04-24 17:59:00,789 INFO steady converged @ 8234 iters  R_mom=2.225e-05 / R0=2.226e-01
2026-04-24 17:59:00,793 INFO solve done: iters=8235 converged=True elapsed=148.1s
2026-04-24 17:59:01,312 INFO residuals workbook written: sim_20260424_175632_a80b3261_residuals.xlsx
