2026-04-25 22:02:13,322 INFO simulation sim_20260425_220213_e20a4cd7 started; log=sim_20260425_220213_e20a4cd7.log  residuals=sim_20260425_220213_e20a4cd7_residuals.csv
2026-04-25 22:02:13,324 INFO solve start: grid=200x100 (20.000x10.000) mode=steady Re=40.0  polygon=16 pts, solid_cells=436 / 20000
2026-04-25 22:02:13,324 INFO   polygon bbox: x=[6.534,12.191] y=[4.402,6.789]
2026-04-25 22:02:13,333 INFO [steady      0] dt=5.000e-02  R_mom=7.987e-01  div*=4.99e+00  mg=1
2026-04-25 22:02:13,664 INFO [steady    100] dt=3.116e-02  R_mom=5.111e-02  div*=4.04e-02  mg=2
2026-04-25 22:02:13,931 INFO [steady    200] dt=3.021e-02  R_mom=4.604e-02  div*=8.93e-03  mg=2
2026-04-25 22:02:14,196 INFO [steady    300] dt=2.981e-02  R_mom=4.328e-02  div*=2.94e-03  mg=2
2026-04-25 22:02:14,535 INFO [steady    400] dt=3.018e-02  R_mom=3.818e-02  div*=5.94e-03  mg=2
2026-04-25 22:02:14,822 INFO [steady    500] dt=3.093e-02  R_mom=2.924e-02  div*=6.65e-03  mg=2
2026-04-25 22:02:15,059 INFO [steady    600] dt=3.157e-02  R_mom=2.714e-02  div*=5.43e-03  mg=2
2026-04-25 22:02:15,336 INFO [steady    700] dt=3.230e-02  R_mom=2.540e-02  div*=4.15e-03  mg=2
2026-04-25 22:02:15,613 INFO [steady    800] dt=3.312e-02  R_mom=2.415e-02  div*=3.65e-03  mg=2
2026-04-25 22:02:15,916 INFO [steady    900] dt=3.306e-02  R_mom=2.476e-02  div*=9.58e-04  mg=2
2026-04-25 22:02:16,220 INFO [steady   1000] dt=3.296e-02  R_mom=2.773e-02  div*=2.57e-03  mg=2
2026-04-25 22:02:16,535 INFO [steady   1100] dt=3.302e-02  R_mom=2.853e-02  div*=1.68e-03  mg=2
2026-04-25 22:02:16,806 INFO [steady   1200] dt=3.310e-02  R_mom=2.542e-02  div*=2.40e-03  mg=2
2026-04-25 22:02:17,094 INFO [steady   1300] dt=3.305e-02  R_mom=2.798e-02  div*=1.57e-03  mg=2
2026-04-25 22:02:17,383 INFO [steady   1400] dt=3.291e-02  R_mom=2.791e-02  div*=2.07e-03  mg=2
2026-04-25 22:02:17,664 INFO [steady   1500] dt=3.289e-02  R_mom=3.012e-02  div*=2.66e-03  mg=2
2026-04-25 22:02:17,931 INFO [steady   1600] dt=3.301e-02  R_mom=3.033e-02  div*=1.80e-03  mg=2
2026-04-25 22:02:18,200 INFO [steady   1700] dt=3.308e-02  R_mom=2.929e-02  div*=3.01e-03  mg=2
2026-04-25 22:02:18,517 INFO [steady   1800] dt=3.298e-02  R_mom=3.137e-02  div*=1.81e-03  mg=2
2026-04-25 22:02:18,816 INFO [steady   1900] dt=3.285e-02  R_mom=3.061e-02  div*=3.24e-03  mg=2
2026-04-25 22:02:19,098 INFO [steady   2000] dt=3.289e-02  R_mom=3.388e-02  div*=1.73e-03  mg=2
2026-04-25 22:02:19,373 INFO [steady   2100] dt=3.303e-02  R_mom=3.133e-02  div*=2.16e-03  mg=2
2026-04-25 22:02:19,685 INFO [steady   2200] dt=3.306e-02  R_mom=3.223e-02  div*=2.98e-03  mg=2
2026-04-25 22:02:19,988 INFO [steady   2300] dt=3.291e-02  R_mom=3.265e-02  div*=1.63e-03  mg=2
2026-04-25 22:02:20,318 INFO [steady   2400] dt=3.282e-02  R_mom=3.317e-02  div*=3.69e-03  mg=2
2026-04-25 22:02:20,612 INFO [steady   2500] dt=3.292e-02  R_mom=3.526e-02  div*=2.13e-03  mg=2
2026-04-25 22:02:20,915 INFO [steady   2600] dt=3.306e-02  R_mom=3.194e-02  div*=3.05e-03  mg=2
2026-04-25 22:02:21,221 INFO [steady   2700] dt=3.301e-02  R_mom=3.416e-02  div*=2.18e-03  mg=2
2026-04-25 22:02:21,506 INFO [steady   2800] dt=3.285e-02  R_mom=3.308e-02  div*=2.53e-03  mg=2
2026-04-25 22:02:21,779 INFO [steady   2900] dt=3.282e-02  R_mom=3.553e-02  div*=3.11e-03  mg=2
2026-04-25 22:02:22,072 INFO [steady   3000] dt=3.297e-02  R_mom=3.481e-02  div*=2.19e-03  mg=2
2026-04-25 22:02:22,339 INFO [steady   3100] dt=3.306e-02  R_mom=3.310e-02  div*=3.45e-03  mg=2
2026-04-25 22:02:22,617 INFO [steady   3200] dt=3.295e-02  R_mom=3.482e-02  div*=2.24e-03  mg=2
2026-04-25 22:02:22,919 INFO [steady   3300] dt=3.280e-02  R_mom=3.375e-02  div*=3.70e-03  mg=2
2026-04-25 22:02:23,197 INFO [steady   3400] dt=3.286e-02  R_mom=3.695e-02  div*=1.94e-03  mg=2
2026-04-25 22:02:23,517 INFO [steady   3500] dt=3.302e-02  R_mom=3.370e-02  div*=2.44e-03  mg=2
2026-04-25 22:02:23,816 INFO [steady   3600] dt=3.304e-02  R_mom=3.450e-02  div*=3.19e-03  mg=2
2026-04-25 22:02:24,090 INFO [steady   3700] dt=3.288e-02  R_mom=3.452e-02  div*=1.78e-03  mg=2
2026-04-25 22:02:24,362 INFO [steady   3800] dt=3.279e-02  R_mom=3.510e-02  div*=3.91e-03  mg=2
2026-04-25 22:02:24,652 INFO [steady   3900] dt=3.291e-02  R_mom=3.687e-02  div*=2.35e-03  mg=2
2026-04-25 22:02:24,924 INFO [steady   4000] dt=3.305e-02  R_mom=3.327e-02  div*=3.25e-03  mg=2
2026-04-25 22:02:25,204 INFO [steady   4100] dt=3.299e-02  R_mom=3.541e-02  div*=2.17e-03  mg=2
2026-04-25 22:02:25,482 INFO [steady   4200] dt=3.283e-02  R_mom=3.410e-02  div*=2.76e-03  mg=2
2026-04-25 22:02:25,753 INFO [steady   4300] dt=3.281e-02  R_mom=3.666e-02  div*=3.10e-03  mg=2
2026-04-25 22:02:26,111 INFO [steady   4400] dt=3.297e-02  R_mom=3.553e-02  div*=2.28e-03  mg=2
2026-04-25 22:02:26,398 INFO [steady   4500] dt=3.306e-02  R_mom=3.390e-02  div*=3.55e-03  mg=2
2026-04-25 22:02:26,681 INFO [steady   4600] dt=3.293e-02  R_mom=3.543e-02  div*=2.31e-03  mg=2
2026-04-25 22:02:26,964 INFO [steady   4700] dt=3.279e-02  R_mom=3.439e-02  div*=3.84e-03  mg=2
2026-04-25 22:02:27,236 INFO [steady   4800] dt=3.285e-02  R_mom=3.752e-02  div*=2.06e-03  mg=2
2026-04-25 22:02:27,520 INFO [steady   4900] dt=3.302e-02  R_mom=3.404e-02  div*=2.57e-03  mg=2
2026-04-25 22:02:27,797 INFO [steady   5000] dt=3.303e-02  R_mom=3.498e-02  div*=3.17e-03  mg=2
2026-04-25 22:02:28,084 INFO [steady   5100] dt=3.287e-02  R_mom=3.479e-02  div*=1.73e-03  mg=2
2026-04-25 22:02:28,379 INFO [steady   5200] dt=3.279e-02  R_mom=3.554e-02  div*=3.91e-03  mg=2
2026-04-25 22:02:28,715 INFO [steady   5300] dt=3.291e-02  R_mom=3.706e-02  div*=2.39e-03  mg=2
2026-04-25 22:02:29,003 INFO [steady   5400] dt=3.305e-02  R_mom=3.350e-02  div*=3.33e-03  mg=2
2026-04-25 22:02:29,311 INFO [steady   5500] dt=3.299e-02  R_mom=3.564e-02  div*=2.15e-03  mg=2
2026-04-25 22:02:29,606 INFO [steady   5600] dt=3.282e-02  R_mom=3.426e-02  div*=2.91e-03  mg=2
2026-04-25 22:02:29,894 INFO [steady   5700] dt=3.281e-02  R_mom=3.695e-02  div*=3.00e-03  mg=2
2026-04-25 22:02:30,169 INFO [steady   5800] dt=3.297e-02  R_mom=3.552e-02  div*=2.26e-03  mg=2
2026-04-25 22:02:30,451 INFO [steady   5900] dt=3.305e-02  R_mom=3.411e-02  div*=3.56e-03  mg=2
2026-04-25 22:02:30,726 INFO [steady   6000] dt=3.293e-02  R_mom=3.549e-02  div*=2.29e-03  mg=2
2026-04-25 22:02:31,040 INFO [steady   6100] dt=3.279e-02  R_mom=3.455e-02  div*=3.90e-03  mg=2
2026-04-25 22:02:31,388 INFO [steady   6200] dt=3.286e-02  R_mom=3.762e-02  div*=2.13e-03  mg=2
2026-04-25 22:02:31,695 INFO [steady   6300] dt=3.302e-02  R_mom=3.400e-02  div*=2.67e-03  mg=2
2026-04-25 22:02:31,999 INFO [steady   6400] dt=3.303e-02  R_mom=3.513e-02  div*=3.10e-03  mg=2
2026-04-25 22:02:32,303 INFO [steady   6500] dt=3.287e-02  R_mom=3.477e-02  div*=1.67e-03  mg=2
2026-04-25 22:02:32,608 INFO [steady   6600] dt=3.279e-02  R_mom=3.572e-02  div*=3.87e-03  mg=2
2026-04-25 22:02:32,892 INFO [steady   6700] dt=3.292e-02  R_mom=3.699e-02  div*=2.40e-03  mg=2
2026-04-25 22:02:33,166 INFO [steady   6800] dt=3.305e-02  R_mom=3.355e-02  div*=3.38e-03  mg=2
2026-04-25 22:02:33,480 INFO [steady   6900] dt=3.298e-02  R_mom=3.570e-02  div*=2.20e-03  mg=2
2026-04-25 22:02:33,817 INFO [steady   7000] dt=3.281e-02  R_mom=3.427e-02  div*=3.04e-03  mg=2
2026-04-25 22:02:34,124 INFO [steady   7100] dt=3.281e-02  R_mom=3.708e-02  div*=2.89e-03  mg=2
2026-04-25 22:02:34,421 INFO [steady   7200] dt=3.298e-02  R_mom=3.538e-02  div*=2.23e-03  mg=2
2026-04-25 22:02:34,743 INFO [steady   7300] dt=3.305e-02  R_mom=3.422e-02  div*=3.55e-03  mg=2
2026-04-25 22:02:35,028 INFO [steady   7400] dt=3.292e-02  R_mom=3.545e-02  div*=2.26e-03  mg=2
2026-04-25 22:02:35,307 INFO [steady   7500] dt=3.279e-02  R_mom=3.464e-02  div*=3.95e-03  mg=2
2026-04-25 22:02:35,610 INFO [steady   7600] dt=3.286e-02  R_mom=3.764e-02  div*=2.17e-03  mg=2
2026-04-25 22:02:35,964 INFO [steady   7700] dt=3.303e-02  R_mom=3.392e-02  div*=2.75e-03  mg=2
2026-04-25 22:02:36,319 INFO [steady   7800] dt=3.303e-02  R_mom=3.522e-02  div*=3.03e-03  mg=2
2026-04-25 22:02:36,612 INFO [steady   7900] dt=3.286e-02  R_mom=3.471e-02  div*=1.63e-03  mg=2
2026-04-25 22:02:36,896 INFO [steady   8000] dt=3.279e-02  R_mom=3.586e-02  div*=3.82e-03  mg=2
2026-04-25 22:02:37,189 INFO [steady   8100] dt=3.292e-02  R_mom=3.688e-02  div*=2.42e-03  mg=2
2026-04-25 22:02:37,468 INFO [steady   8200] dt=3.305e-02  R_mom=3.358e-02  div*=3.42e-03  mg=2
2026-04-25 22:02:37,740 INFO [steady   8300] dt=3.298e-02  R_mom=3.571e-02  div*=2.23e-03  mg=2
2026-04-25 22:02:38,021 INFO [steady   8400] dt=3.281e-02  R_mom=3.427e-02  div*=3.16e-03  mg=2
2026-04-25 22:02:38,301 INFO [steady   8500] dt=3.282e-02  R_mom=3.718e-02  div*=2.76e-03  mg=2
2026-04-25 22:02:38,663 INFO [steady   8600] dt=3.298e-02  R_mom=3.522e-02  div*=2.19e-03  mg=2
2026-04-25 22:02:38,998 INFO [steady   8700] dt=3.305e-02  R_mom=3.431e-02  div*=3.53e-03  mg=2
2026-04-25 22:02:39,288 INFO [steady   8800] dt=3.292e-02  R_mom=3.539e-02  div*=2.23e-03  mg=2
2026-04-25 22:02:39,587 INFO [steady   8900] dt=3.279e-02  R_mom=3.473e-02  div*=3.98e-03  mg=2
2026-04-25 22:02:39,873 INFO [steady   9000] dt=3.287e-02  R_mom=3.763e-02  div*=2.21e-03  mg=2
2026-04-25 22:02:40,146 INFO [steady   9100] dt=3.303e-02  R_mom=3.384e-02  div*=2.84e-03  mg=2
2026-04-25 22:02:40,423 INFO [steady   9200] dt=3.302e-02  R_mom=3.530e-02  div*=2.94e-03  mg=2
2026-04-25 22:02:40,697 INFO [steady   9300] dt=3.285e-02  R_mom=3.465e-02  div*=1.79e-03  mg=2
2026-04-25 22:02:41,007 INFO [steady   9400] dt=3.279e-02  R_mom=3.600e-02  div*=3.75e-03  mg=2
2026-04-25 22:02:41,337 INFO [steady   9500] dt=3.293e-02  R_mom=3.675e-02  div*=2.40e-03  mg=2
2026-04-25 22:02:41,620 INFO [steady   9600] dt=3.305e-02  R_mom=3.361e-02  div*=3.46e-03  mg=2
2026-04-25 22:02:41,900 INFO [steady   9700] dt=3.297e-02  R_mom=3.572e-02  div*=2.28e-03  mg=2
2026-04-25 22:02:42,207 INFO [steady   9800] dt=3.281e-02  R_mom=3.427e-02  div*=3.27e-03  mg=2
2026-04-25 22:02:42,496 INFO [steady   9900] dt=3.282e-02  R_mom=3.727e-02  div*=2.63e-03  mg=2
2026-04-25 22:02:42,772 INFO [steady  10000] dt=3.299e-02  R_mom=3.506e-02  div*=2.12e-03  mg=2
2026-04-25 22:02:43,053 INFO [steady  10100] dt=3.305e-02  R_mom=3.441e-02  div*=3.51e-03  mg=2
2026-04-25 22:02:43,322 INFO [steady  10200] dt=3.291e-02  R_mom=3.533e-02  div*=2.17e-03  mg=2
2026-04-25 22:02:43,657 INFO [steady  10300] dt=3.279e-02  R_mom=3.482e-02  div*=4.00e-03  mg=2
2026-04-25 22:02:43,966 INFO [steady  10400] dt=3.287e-02  R_mom=3.760e-02  div*=2.24e-03  mg=2
2026-04-25 22:02:44,239 INFO [steady  10500] dt=3.303e-02  R_mom=3.376e-02  div*=2.91e-03  mg=2
2026-04-25 22:02:44,514 INFO [steady  10600] dt=3.302e-02  R_mom=3.537e-02  div*=2.85e-03  mg=2
2026-04-25 22:02:44,800 INFO [steady  10700] dt=3.285e-02  R_mom=3.459e-02  div*=1.94e-03  mg=2
2026-04-25 22:02:45,074 INFO [steady  10800] dt=3.279e-02  R_mom=3.613e-02  div*=3.68e-03  mg=2
2026-04-25 22:02:45,353 INFO [steady  10900] dt=3.293e-02  R_mom=3.661e-02  div*=2.41e-03  mg=2
2026-04-25 22:02:45,660 INFO [steady  11000] dt=3.305e-02  R_mom=3.365e-02  div*=3.49e-03  mg=2
2026-04-25 22:02:46,008 INFO [steady  11100] dt=3.297e-02  R_mom=3.571e-02  div*=2.30e-03  mg=2
2026-04-25 22:02:46,320 INFO [steady  11200] dt=3.280e-02  R_mom=3.428e-02  div*=3.38e-03  mg=2
2026-04-25 22:02:46,583 INFO [steady  11300] dt=3.283e-02  R_mom=3.735e-02  div*=2.50e-03  mg=2
2026-04-25 22:02:46,854 INFO [steady  11400] dt=3.299e-02  R_mom=3.491e-02  div*=2.09e-03  mg=2
2026-04-25 22:02:47,141 INFO [steady  11500] dt=3.305e-02  R_mom=3.450e-02  div*=3.48e-03  mg=2
2026-04-25 22:02:47,424 INFO [steady  11600] dt=3.290e-02  R_mom=3.527e-02  div*=2.14e-03  mg=2
2026-04-25 22:02:47,689 INFO [steady  11700] dt=3.278e-02  R_mom=3.492e-02  div*=4.02e-03  mg=2
2026-04-25 22:02:47,952 INFO [steady  11800] dt=3.288e-02  R_mom=3.756e-02  div*=2.28e-03  mg=2
2026-04-25 22:02:48,223 INFO [steady  11900] dt=3.304e-02  R_mom=3.370e-02  div*=2.99e-03  mg=2
2026-04-25 22:02:48,511 INFO [steady  12000] dt=3.301e-02  R_mom=3.544e-02  div*=2.75e-03  mg=2
2026-04-25 22:02:48,852 INFO [steady  12100] dt=3.284e-02  R_mom=3.453e-02  div*=2.09e-03  mg=2
2026-04-25 22:02:49,129 INFO [steady  12200] dt=3.279e-02  R_mom=3.626e-02  div*=3.61e-03  mg=2
2026-04-25 22:02:49,402 INFO [steady  12300] dt=3.294e-02  R_mom=3.647e-02  div*=2.40e-03  mg=2
2026-04-25 22:02:49,677 INFO [steady  12400] dt=3.306e-02  R_mom=3.370e-02  div*=3.51e-03  mg=2
2026-04-25 22:02:49,943 INFO [steady  12500] dt=3.296e-02  R_mom=3.570e-02  div*=2.30e-03  mg=2
2026-04-25 22:02:50,204 INFO [steady  12600] dt=3.280e-02  R_mom=3.430e-02  div*=3.48e-03  mg=2
2026-04-25 22:02:50,467 INFO [steady  12700] dt=3.283e-02  R_mom=3.743e-02  div*=2.36e-03  mg=2
2026-04-25 22:02:50,732 INFO [steady  12800] dt=3.300e-02  R_mom=3.476e-02  div*=2.10e-03  mg=2
2026-04-25 22:02:51,032 INFO [steady  12900] dt=3.305e-02  R_mom=3.460e-02  div*=3.44e-03  mg=2
2026-04-25 22:02:51,351 INFO [steady  13000] dt=3.290e-02  R_mom=3.520e-02  div*=2.07e-03  mg=2
2026-04-25 22:02:51,619 INFO [steady  13100] dt=3.278e-02  R_mom=3.502e-02  div*=4.02e-03  mg=2
2026-04-25 22:02:51,904 INFO [steady  13200] dt=3.289e-02  R_mom=3.751e-02  div*=2.32e-03  mg=2
2026-04-25 22:02:52,218 INFO [steady  13300] dt=3.304e-02  R_mom=3.364e-02  div*=3.06e-03  mg=2
2026-04-25 22:02:52,490 INFO [steady  13400] dt=3.301e-02  R_mom=3.549e-02  div*=2.65e-03  mg=2
2026-04-25 22:02:52,752 INFO [steady  13500] dt=3.284e-02  R_mom=3.447e-02  div*=2.24e-03  mg=2
2026-04-25 22:02:53,014 INFO [steady  13600] dt=3.280e-02  R_mom=3.639e-02  div*=3.52e-03  mg=2
2026-04-25 22:02:53,288 INFO [steady  13700] dt=3.295e-02  R_mom=3.632e-02  div*=2.37e-03  mg=2
2026-04-25 22:02:53,610 INFO [steady  13800] dt=3.306e-02  R_mom=3.376e-02  div*=3.53e-03  mg=2
2026-04-25 22:02:53,903 INFO [steady  13900] dt=3.295e-02  R_mom=3.568e-02  div*=2.33e-03  mg=2
2026-04-25 22:02:54,167 INFO [steady  14000] dt=3.280e-02  R_mom=3.432e-02  div*=3.57e-03  mg=2
2026-04-25 22:02:54,436 INFO [steady  14100] dt=3.283e-02  R_mom=3.749e-02  div*=2.21e-03  mg=2
2026-04-25 22:02:54,716 INFO [steady  14200] dt=3.300e-02  R_mom=3.462e-02  div*=2.21e-03  mg=2
2026-04-25 22:02:54,979 INFO [steady  14300] dt=3.304e-02  R_mom=3.470e-02  div*=3.40e-03  mg=2
2026-04-25 22:02:55,275 INFO [steady  14400] dt=3.289e-02  R_mom=3.513e-02  div*=2.03e-03  mg=2
2026-04-25 22:02:55,545 INFO [steady  14500] dt=3.278e-02  R_mom=3.513e-02  div*=4.02e-03  mg=2
2026-04-25 22:02:55,805 INFO [steady  14600] dt=3.289e-02  R_mom=3.745e-02  div*=2.35e-03  mg=2
2026-04-25 22:02:56,118 INFO [steady  14700] dt=3.304e-02  R_mom=3.360e-02  div*=3.12e-03  mg=2
2026-04-25 22:02:56,407 INFO [steady  14800] dt=3.301e-02  R_mom=3.555e-02  div*=2.54e-03  mg=2
2026-04-25 22:02:56,665 INFO [steady  14900] dt=3.284e-02  R_mom=3.442e-02  div*=2.38e-03  mg=2
2026-04-25 22:02:56,922 INFO [steady  15000] dt=3.280e-02  R_mom=3.652e-02  div*=3.43e-03  mg=2
2026-04-25 22:02:57,199 INFO [steady  15100] dt=3.295e-02  R_mom=3.617e-02  div*=2.38e-03  mg=2
2026-04-25 22:02:57,489 INFO [steady  15200] dt=3.306e-02  R_mom=3.382e-02  div*=3.55e-03  mg=2
2026-04-25 22:02:57,784 INFO [steady  15300] dt=3.295e-02  R_mom=3.566e-02  div*=2.34e-03  mg=2
2026-04-25 22:02:58,098 INFO [steady  15400] dt=3.280e-02  R_mom=3.436e-02  div*=3.66e-03  mg=2
2026-04-25 22:02:58,405 INFO [steady  15500] dt=3.284e-02  R_mom=3.754e-02  div*=2.07e-03  mg=2
2026-04-25 22:02:58,719 INFO [steady  15600] dt=3.301e-02  R_mom=3.448e-02  div*=2.31e-03  mg=2
2026-04-25 22:02:59,009 INFO [steady  15700] dt=3.304e-02  R_mom=3.479e-02  div*=3.35e-03  mg=2
2026-04-25 22:02:59,259 INFO [steady  15800] dt=3.289e-02  R_mom=3.506e-02  div*=1.95e-03  mg=2
2026-04-25 22:02:59,507 INFO [steady  15900] dt=3.278e-02  R_mom=3.525e-02  div*=4.01e-03  mg=2
2026-04-25 22:02:59,767 INFO [steady  16000] dt=3.290e-02  R_mom=3.738e-02  div*=2.36e-03  mg=2
2026-04-25 22:03:00,038 INFO [steady  16100] dt=3.304e-02  R_mom=3.357e-02  div*=3.18e-03  mg=2
2026-04-25 22:03:00,282 INFO [steady  16200] dt=3.300e-02  R_mom=3.559e-02  div*=2.43e-03  mg=2
2026-04-25 22:03:00,535 INFO [steady  16300] dt=3.283e-02  R_mom=3.438e-02  div*=2.53e-03  mg=2
2026-04-25 22:03:00,789 INFO [steady  16400] dt=3.280e-02  R_mom=3.665e-02  div*=3.33e-03  mg=2
2026-04-25 22:03:01,069 INFO [steady  16500] dt=3.296e-02  R_mom=3.601e-02  div*=2.35e-03  mg=2
2026-04-25 22:03:01,393 INFO [steady  16600] dt=3.306e-02  R_mom=3.389e-02  div*=3.56e-03  mg=2
2026-04-25 22:03:01,684 INFO [steady  16700] dt=3.294e-02  R_mom=3.563e-02  div*=2.35e-03  mg=2
2026-04-25 22:03:01,951 INFO [steady  16800] dt=3.279e-02  R_mom=3.440e-02  div*=3.73e-03  mg=2
2026-04-25 22:03:02,221 INFO [steady  16900] dt=3.284e-02  R_mom=3.758e-02  div*=1.98e-03  mg=2
2026-04-25 22:03:02,482 INFO [steady  17000] dt=3.301e-02  R_mom=3.435e-02  div*=2.41e-03  mg=2
2026-04-25 22:03:02,738 INFO [steady  17100] dt=3.304e-02  R_mom=3.489e-02  div*=3.30e-03  mg=2
2026-04-25 22:03:02,991 INFO [steady  17200] dt=3.288e-02  R_mom=3.499e-02  div*=1.89e-03  mg=2
2026-04-25 22:03:03,246 INFO [steady  17300] dt=3.278e-02  R_mom=3.537e-02  div*=3.99e-03  mg=2
2026-04-25 22:03:03,518 INFO [steady  17400] dt=3.290e-02  R_mom=3.730e-02  div*=2.38e-03  mg=2
2026-04-25 22:03:03,838 INFO [steady  17500] dt=3.305e-02  R_mom=3.355e-02  div*=3.24e-03  mg=2
2026-04-25 22:03:04,106 INFO [steady  17600] dt=3.300e-02  R_mom=3.563e-02  div*=2.30e-03  mg=2
2026-04-25 22:03:04,372 INFO [steady  17700] dt=3.283e-02  R_mom=3.434e-02  div*=2.67e-03  mg=2
2026-04-25 22:03:04,633 INFO [steady  17800] dt=3.280e-02  R_mom=3.677e-02  div*=3.22e-03  mg=2
2026-04-25 22:03:04,918 INFO [steady  17900] dt=3.296e-02  R_mom=3.585e-02  div*=2.32e-03  mg=2
2026-04-25 22:03:05,169 INFO [steady  18000] dt=3.306e-02  R_mom=3.397e-02  div*=3.57e-03  mg=2
2026-04-25 22:03:05,419 INFO [steady  18100] dt=3.294e-02  R_mom=3.559e-02  div*=2.32e-03  mg=2
2026-04-25 22:03:05,672 INFO [steady  18200] dt=3.279e-02  R_mom=3.445e-02  div*=3.80e-03  mg=2
2026-04-25 22:03:05,920 INFO [steady  18300] dt=3.285e-02  R_mom=3.761e-02  div*=2.02e-03  mg=2
2026-04-25 22:03:06,224 INFO [steady  18400] dt=3.301e-02  R_mom=3.422e-02  div*=2.50e-03  mg=2
2026-04-25 22:03:06,517 INFO [steady  18500] dt=3.304e-02  R_mom=3.498e-02  div*=3.24e-03  mg=2
2026-04-25 22:03:06,774 INFO [steady  18600] dt=3.288e-02  R_mom=3.492e-02  div*=1.81e-03  mg=2
2026-04-25 22:03:07,024 INFO [steady  18700] dt=3.279e-02  R_mom=3.550e-02  div*=3.96e-03  mg=2
2026-04-25 22:03:07,291 INFO [steady  18800] dt=3.291e-02  R_mom=3.720e-02  div*=2.40e-03  mg=2
2026-04-25 22:03:07,565 INFO [steady  18900] dt=3.305e-02  R_mom=3.354e-02  div*=3.29e-03  mg=2
2026-04-25 22:03:07,817 INFO [steady  19000] dt=3.299e-02  R_mom=3.566e-02  div*=2.18e-03  mg=2
2026-04-25 22:03:08,098 INFO [steady  19100] dt=3.282e-02  R_mom=3.431e-02  div*=2.80e-03  mg=2
2026-04-25 22:03:08,347 INFO [steady  19200] dt=3.281e-02  R_mom=3.688e-02  div*=3.11e-03  mg=2
2026-04-25 22:03:08,645 INFO [steady  19300] dt=3.297e-02  R_mom=3.569e-02  div*=2.30e-03  mg=2
2026-04-25 22:03:08,944 INFO [steady  19400] dt=3.305e-02  R_mom=3.405e-02  div*=3.56e-03  mg=2
2026-04-25 22:03:09,205 INFO [steady  19500] dt=3.293e-02  R_mom=3.555e-02  div*=2.32e-03  mg=2
2026-04-25 22:03:09,464 INFO [steady  19600] dt=3.279e-02  R_mom=3.451e-02  div*=3.86e-03  mg=2
2026-04-25 22:03:09,734 INFO [steady  19700] dt=3.285e-02  R_mom=3.763e-02  div*=2.08e-03  mg=2
2026-04-25 22:03:09,998 INFO [steady  19800] dt=3.302e-02  R_mom=3.411e-02  div*=2.59e-03  mg=2
2026-04-25 22:03:10,249 INFO [steady  19900] dt=3.303e-02  R_mom=3.507e-02  div*=3.17e-03  mg=2
2026-04-25 22:03:10,501 INFO steady did not converge within 20000 iters (last R_mom=3.487e-02)
2026-04-25 22:03:10,502 INFO solve done: iters=20000 converged=False elapsed=57.2s
2026-04-25 22:03:11,497 INFO residuals workbook written: sim_20260425_220213_e20a4cd7_residuals.xlsx
