2026-04-24 00:40:12,902 INFO simulation sim_20260424_004012_98778513 started; log=sim_20260424_004012_98778513.log  residuals=sim_20260424_004012_98778513_residuals.csv
2026-04-24 00:40:12,908 INFO solve start: grid=200x100 (20.000x10.000) mode=transient Re=40.0  polygon=18 pts, solid_cells=889 / 20000
2026-04-24 00:40:12,908 INFO   polygon bbox: x=[7.401,14.036] y=[4.234,6.988]
2026-04-24 00:40:12,910 INFO warm-start: steady phase
2026-04-24 00:40:14,397 INFO [steady      0] dt=5.000e-02  R_mom=1.206e+00  div*=4.99e+00  mg=3
2026-04-24 00:40:18,779 INFO [steady    100] dt=2.883e-02  R_mom=5.021e-02  div*=3.72e-02  mg=2
2026-04-24 00:40:21,797 INFO [steady    200] dt=2.807e-02  R_mom=4.479e-02  div*=1.05e-02  mg=2
2026-04-24 00:40:25,430 INFO [steady    300] dt=2.756e-02  R_mom=4.051e-02  div*=8.62e-03  mg=2
2026-04-24 00:40:28,629 INFO [steady    400] dt=2.749e-02  R_mom=2.969e-02  div*=4.70e-03  mg=2
2026-04-24 00:40:30,770 INFO [steady    500] dt=2.786e-02  R_mom=2.802e-02  div*=8.38e-03  mg=1
2026-04-24 00:40:33,167 INFO [steady    600] dt=2.836e-02  R_mom=2.888e-02  div*=1.07e-02  mg=1
2026-04-24 00:40:34,658 INFO [steady    700] dt=2.860e-02  R_mom=3.008e-02  div*=9.35e-03  mg=1
2026-04-24 00:40:37,704 INFO [steady    800] dt=2.913e-02  R_mom=3.024e-02  div*=5.21e-03  mg=2
2026-04-24 00:40:40,393 INFO [steady    900] dt=3.056e-02  R_mom=2.821e-02  div*=5.84e-03  mg=2
2026-04-24 00:40:44,058 INFO [steady   1000] dt=3.113e-02  R_mom=2.832e-02  div*=5.44e-03  mg=2
2026-04-24 00:40:47,368 INFO [steady   1100] dt=3.101e-02  R_mom=3.016e-02  div*=3.46e-03  mg=2
2026-04-24 00:40:50,733 INFO [steady   1200] dt=3.088e-02  R_mom=2.401e-02  div*=4.21e-03  mg=2
2026-04-24 00:40:52,847 INFO [steady   1300] dt=3.093e-02  R_mom=1.853e-02  div*=1.98e-03  mg=2
2026-04-24 00:40:55,010 INFO [steady   1400] dt=3.109e-02  R_mom=1.819e-02  div*=2.78e-03  mg=2
2026-04-24 00:40:57,088 INFO [steady   1500] dt=3.111e-02  R_mom=1.545e-02  div*=3.23e-03  mg=2
2026-04-24 00:40:58,896 INFO [steady   1600] dt=3.097e-02  R_mom=1.504e-02  div*=1.42e-03  mg=2
2026-04-24 00:41:01,134 INFO [steady   1700] dt=3.091e-02  R_mom=1.404e-02  div*=2.77e-03  mg=2
2026-04-24 00:41:03,176 INFO [steady   1800] dt=3.102e-02  R_mom=1.185e-02  div*=1.83e-03  mg=2
2026-04-24 00:41:05,472 INFO [steady   1900] dt=3.119e-02  R_mom=1.252e-02  div*=1.97e-03  mg=2
2026-04-24 00:41:07,760 INFO [steady   2000] dt=3.122e-02  R_mom=1.097e-02  div*=2.33e-03  mg=2
2026-04-24 00:41:10,022 INFO [steady   2100] dt=3.110e-02  R_mom=1.107e-02  div*=1.16e-03  mg=2
2026-04-24 00:41:12,232 INFO [steady   2200] dt=3.101e-02  R_mom=1.031e-02  div*=1.75e-03  mg=2
2026-04-24 00:41:14,084 INFO [steady   2300] dt=3.105e-02  R_mom=8.386e-03  div*=1.28e-03  mg=2
2026-04-24 00:41:16,214 INFO [steady   2400] dt=3.115e-02  R_mom=8.761e-03  div*=1.32e-03  mg=2
2026-04-24 00:41:18,034 INFO [steady   2500] dt=3.116e-02  R_mom=7.507e-03  div*=1.54e-03  mg=2
2026-04-24 00:41:21,061 INFO [steady   2600] dt=3.109e-02  R_mom=7.571e-03  div*=7.03e-04  mg=2
2026-04-24 00:41:24,166 INFO [steady   2700] dt=3.104e-02  R_mom=7.088e-03  div*=1.24e-03  mg=2
2026-04-24 00:41:26,956 INFO [steady   2800] dt=3.108e-02  R_mom=5.923e-03  div*=8.34e-04  mg=2
2026-04-24 00:41:29,536 INFO [steady   2900] dt=3.115e-02  R_mom=6.239e-03  div*=9.54e-04  mg=2
2026-04-24 00:41:31,514 INFO [steady   3000] dt=3.115e-02  R_mom=5.304e-03  div*=1.06e-03  mg=2
2026-04-24 00:41:34,606 INFO [steady   3100] dt=3.110e-02  R_mom=5.464e-03  div*=5.08e-04  mg=2
2026-04-24 00:41:38,539 INFO [steady   3200] dt=3.106e-02  R_mom=5.007e-03  div*=8.94e-04  mg=2
2026-04-24 00:41:41,474 INFO [steady   3300] dt=3.109e-02  R_mom=4.271e-03  div*=5.32e-04  mg=2
2026-04-24 00:41:43,380 INFO [steady   3400] dt=3.114e-02  R_mom=4.480e-03  div*=6.92e-04  mg=2
2026-04-24 00:41:45,510 INFO [steady   3500] dt=3.114e-02  R_mom=3.758e-03  div*=7.26e-04  mg=2
2026-04-24 00:41:47,631 INFO [steady   3600] dt=3.110e-02  R_mom=3.938e-03  div*=4.13e-04  mg=2
2026-04-24 00:41:50,495 INFO [steady   3700] dt=3.108e-02  R_mom=3.524e-03  div*=6.55e-04  mg=2
2026-04-24 00:41:53,435 INFO [steady   3800] dt=3.110e-02  R_mom=3.109e-03  div*=3.76e-04  mg=2
2026-04-24 00:41:55,886 INFO [steady   3900] dt=3.113e-02  R_mom=3.228e-03  div*=5.05e-04  mg=2
2026-04-24 00:41:57,907 INFO [steady   4000] dt=3.113e-02  R_mom=2.692e-03  div*=4.95e-04  mg=2
2026-04-24 00:42:00,033 INFO [steady   4100] dt=3.110e-02  R_mom=2.865e-03  div*=3.32e-04  mg=2
2026-04-24 00:42:01,980 INFO [steady   4200] dt=3.109e-02  R_mom=2.500e-03  div*=4.80e-04  mg=2
2026-04-24 00:42:04,303 INFO [steady   4300] dt=3.111e-02  R_mom=2.287e-03  div*=2.64e-04  mg=2
2026-04-24 00:42:06,541 INFO [steady   4400] dt=3.113e-02  R_mom=2.328e-03  div*=3.67e-04  mg=2
2026-04-24 00:42:08,886 INFO [steady   4500] dt=3.112e-02  R_mom=1.944e-03  div*=3.34e-04  mg=2
2026-04-24 00:42:10,876 INFO [steady   4600] dt=3.110e-02  R_mom=2.090e-03  div*=2.64e-04  mg=2
2026-04-24 00:42:13,450 INFO [steady   4700] dt=3.110e-02  R_mom=1.781e-03  div*=3.49e-04  mg=2
2026-04-24 00:42:16,340 INFO [steady   4800] dt=3.111e-02  R_mom=1.692e-03  div*=1.83e-04  mg=2
2026-04-24 00:42:18,742 INFO [steady   4900] dt=3.113e-02  R_mom=1.679e-03  div*=2.64e-04  mg=2
2026-04-24 00:42:21,034 INFO [steady   5000] dt=3.112e-02  R_mom=1.416e-03  div*=2.21e-04  mg=2
2026-04-24 00:42:23,552 INFO [steady   5100] dt=3.110e-02  R_mom=1.527e-03  div*=2.06e-04  mg=2
2026-04-24 00:42:26,475 INFO [steady   5200] dt=3.110e-02  R_mom=1.275e-03  div*=2.52e-04  mg=2
2026-04-24 00:42:28,608 INFO [steady   5300] dt=3.111e-02  R_mom=1.256e-03  div*=1.25e-04  mg=2
2026-04-24 00:42:30,849 INFO [steady   5400] dt=3.112e-02  R_mom=1.210e-03  div*=1.99e-04  mg=2
2026-04-24 00:42:33,088 INFO [steady   5500] dt=3.112e-02  R_mom=1.040e-03  div*=1.43e-04  mg=2
2026-04-24 00:42:36,494 INFO [steady   5600] dt=3.111e-02  R_mom=1.115e-03  div*=1.59e-04  mg=2
2026-04-24 00:42:38,702 INFO [steady   5700] dt=3.110e-02  R_mom=9.178e-04  div*=1.80e-04  mg=2
2026-04-24 00:42:41,564 INFO [steady   5800] dt=3.111e-02  R_mom=9.338e-04  div*=8.87e-05  mg=2
2026-04-24 00:42:43,719 INFO [steady   5900] dt=3.112e-02  R_mom=8.717e-04  div*=1.53e-04  mg=2
2026-04-24 00:42:46,733 INFO [steady   6000] dt=3.111e-02  R_mom=7.684e-04  div*=9.14e-05  mg=2
2026-04-24 00:42:49,240 INFO [steady   6100] dt=3.111e-02  R_mom=8.132e-04  div*=1.21e-04  mg=2
2026-04-24 00:42:51,097 INFO [steady   6200] dt=3.111e-02  R_mom=6.644e-04  div*=1.26e-04  mg=2
2026-04-24 00:42:54,511 INFO [steady   6300] dt=3.111e-02  R_mom=6.941e-04  div*=7.54e-05  mg=2
2026-04-24 00:42:57,373 INFO [steady   6400] dt=3.112e-02  R_mom=6.276e-04  div*=1.16e-04  mg=2
2026-04-24 00:43:00,457 INFO [steady   6500] dt=3.111e-02  R_mom=5.707e-04  div*=6.59e-05  mg=2
2026-04-24 00:43:03,380 INFO [steady   6600] dt=3.111e-02  R_mom=5.918e-04  div*=9.03e-05  mg=2
2026-04-24 00:43:06,733 INFO [steady   6700] dt=3.111e-02  R_mom=4.839e-04  div*=8.69e-05  mg=2
2026-04-24 00:43:09,550 INFO [steady   6800] dt=3.111e-02  R_mom=5.151e-04  div*=6.21e-05  mg=2
2026-04-24 00:43:12,189 INFO [steady   6900] dt=3.112e-02  R_mom=4.518e-04  div*=8.66e-05  mg=2
2026-04-24 00:43:15,016 INFO [steady   7000] dt=3.111e-02  R_mom=4.252e-04  div*=4.67e-05  mg=2
2026-04-24 00:43:17,428 INFO [steady   7100] dt=3.111e-02  R_mom=4.296e-04  div*=6.65e-05  mg=2
2026-04-24 00:43:19,685 INFO [steady   7200] dt=3.111e-02  R_mom=3.546e-04  div*=5.88e-05  mg=2
2026-04-24 00:43:22,159 INFO [steady   7300] dt=3.111e-02  R_mom=3.811e-04  div*=4.99e-05  mg=2
2026-04-24 00:43:24,114 INFO [steady   7400] dt=3.112e-02  R_mom=3.256e-04  div*=6.36e-05  mg=2
2026-04-24 00:43:26,422 INFO [steady   7500] dt=3.111e-02  R_mom=3.172e-04  div*=3.26e-05  mg=2
2026-04-24 00:43:28,533 INFO [steady   7600] dt=3.111e-02  R_mom=3.109e-04  div*=4.84e-05  mg=2
2026-04-24 00:43:30,698 INFO [steady   7700] dt=3.111e-02  R_mom=2.613e-04  div*=3.88e-05  mg=2
2026-04-24 00:43:32,964 INFO [steady   7800] dt=3.111e-02  R_mom=2.810e-04  div*=3.91e-05  mg=2
2026-04-24 00:43:34,934 INFO [steady   7900] dt=3.111e-02  R_mom=2.351e-04  div*=4.60e-05  mg=2
2026-04-24 00:43:37,020 INFO [steady   8000] dt=3.111e-02  R_mom=2.367e-04  div*=2.23e-05  mg=2
2026-04-24 00:43:38,923 INFO [steady   8100] dt=3.111e-02  R_mom=2.245e-04  div*=3.79e-05  mg=2
2026-04-24 00:43:40,838 INFO [steady   8200] dt=3.111e-02  R_mom=1.935e-04  div*=2.48e-05  mg=2
2026-04-24 00:43:42,981 INFO [steady   8300] dt=3.111e-02  R_mom=2.064e-04  div*=3.01e-05  mg=2
2026-04-24 00:43:46,060 INFO [steady   8400] dt=3.111e-02  R_mom=1.703e-04  div*=3.27e-05  mg=2
2026-04-24 00:43:49,001 INFO [steady   8500] dt=3.111e-02  R_mom=1.763e-04  div*=1.78e-05  mg=2
2026-04-24 00:43:51,029 INFO [steady   8600] dt=3.111e-02  R_mom=1.618e-04  div*=2.91e-05  mg=2
2026-04-24 00:43:53,465 INFO [steady   8700] dt=3.111e-02  R_mom=1.439e-04  div*=1.70e-05  mg=2
2026-04-24 00:43:55,527 INFO [steady   8800] dt=3.111e-02  R_mom=1.509e-04  div*=2.28e-05  mg=2
2026-04-24 00:43:58,000 INFO [steady   8900] dt=3.111e-02  R_mom=1.239e-04  div*=2.28e-05  mg=2
2026-04-24 00:43:59,833 INFO [steady   9000] dt=3.111e-02  R_mom=1.311e-04  div*=1.50e-05  mg=2
2026-04-24 00:44:01,829 INFO [steady   9100] dt=3.111e-02  R_mom=1.165e-04  div*=2.19e-05  mg=2
2026-04-24 00:44:03,599 INFO [steady   9200] dt=3.111e-02  R_mom=1.073e-04  div*=1.22e-05  mg=2
2026-04-24 00:44:06,063 INFO [steady   9300] dt=3.111e-02  R_mom=1.100e-04  div*=1.69e-05  mg=2
2026-04-24 00:44:09,028 INFO [steady   9400] dt=3.111e-02  R_mom=9.061e-05  div*=1.56e-05  mg=2
2026-04-24 00:44:11,836 INFO [steady   9500] dt=3.111e-02  R_mom=9.716e-05  div*=1.22e-05  mg=2
2026-04-24 00:44:14,325 INFO [steady   9600] dt=3.111e-02  R_mom=8.392e-05  div*=1.63e-05  mg=2
2026-04-24 00:44:16,089 INFO [steady   9700] dt=3.111e-02  R_mom=8.015e-05  div*=8.56e-06  mg=2
2026-04-24 00:44:19,733 INFO [steady   9800] dt=3.111e-02  R_mom=7.984e-05  div*=1.24e-05  mg=2
2026-04-24 00:44:22,355 INFO [steady   9900] dt=3.111e-02  R_mom=6.662e-05  div*=1.05e-05  mg=2
2026-04-24 00:44:24,053 INFO steady did not converge within 10000 iters (last R_mom=7.177e-05)
2026-04-24 00:44:24,056 INFO switching to physical-time integration
2026-04-24 00:44:26,266 INFO [trans  t=  1.867] dt=1.867e-02  R_mom=8.811e-05  div*=2.90e-05
2026-04-24 00:44:29,755 INFO [trans  t=  3.733] dt=1.867e-02  R_mom=7.633e-05  div*=6.54e-06
2026-04-24 00:44:31,553 INFO [trans  t=  5.600] dt=1.867e-02  R_mom=7.931e-05  div*=7.08e-06
2026-04-24 00:44:33,827 INFO [trans  t=  7.466] dt=1.867e-02  R_mom=7.891e-05  div*=6.81e-06
2026-04-24 00:44:37,119 INFO [trans  t=  9.333] dt=1.866e-02  R_mom=7.136e-05  div*=4.15e-06
2026-04-24 00:44:38,794 INFO [trans  t= 11.199] dt=1.866e-02  R_mom=7.313e-05  div*=2.40e-06
2026-04-24 00:44:40,499 INFO [trans  t= 13.066] dt=1.866e-02  R_mom=8.042e-05  div*=2.75e-06
2026-04-24 00:44:42,354 INFO [trans  t= 14.932] dt=1.866e-02  R_mom=7.813e-05  div*=3.88e-06
2026-04-24 00:44:43,989 INFO [trans  t= 16.799] dt=1.866e-02  R_mom=7.172e-05  div*=4.01e-06
2026-04-24 00:44:45,852 INFO [trans  t= 18.665] dt=1.867e-02  R_mom=7.540e-05  div*=3.07e-06
2026-04-24 00:44:47,370 INFO [trans  t= 20.532] dt=1.867e-02  R_mom=7.973e-05  div*=2.97e-06
2026-04-24 00:44:49,296 INFO [trans  t= 22.398] dt=1.867e-02  R_mom=7.301e-05  div*=3.39e-06
2026-04-24 00:44:51,092 INFO [trans  t= 24.265] dt=1.867e-02  R_mom=6.570e-05  div*=2.90e-06
2026-04-24 00:44:53,009 INFO [trans  t= 26.131] dt=1.867e-02  R_mom=6.890e-05  div*=1.92e-06
2026-04-24 00:44:55,770 INFO [trans  t= 27.998] dt=1.867e-02  R_mom=6.942e-05  div*=2.47e-06
2026-04-24 00:44:58,402 INFO [trans  t= 29.865] dt=1.867e-02  R_mom=5.993e-05  div*=2.84e-06
2026-04-24 00:45:00,364 INFO [trans  t= 31.731] dt=1.867e-02  R_mom=5.353e-05  div*=1.84e-06
2026-04-24 00:45:02,638 INFO [trans  t= 33.598] dt=1.867e-02  R_mom=5.654e-05  div*=1.51e-06
2026-04-24 00:45:04,175 INFO [trans  t= 35.464] dt=1.867e-02  R_mom=5.505e-05  div*=2.09e-06
2026-04-24 00:45:06,329 INFO [trans  t= 37.331] dt=1.867e-02  R_mom=4.700e-05  div*=2.37e-06
2026-04-24 00:45:09,191 INFO [trans  t= 39.197] dt=1.867e-02  R_mom=4.479e-05  div*=1.35e-06
2026-04-24 00:45:12,199 INFO [trans  t= 41.064] dt=1.867e-02  R_mom=4.752e-05  div*=1.66e-06
2026-04-24 00:45:15,170 INFO [trans  t= 42.930] dt=1.867e-02  R_mom=4.436e-05  div*=2.05e-06
2026-04-24 00:45:19,071 INFO [trans  t= 44.797] dt=1.867e-02  R_mom=3.886e-05  div*=1.84e-06
2026-04-24 00:45:23,461 INFO [trans  t= 46.663] dt=1.867e-02  R_mom=3.990e-05  div*=1.10e-06
2026-04-24 00:45:26,765 INFO [trans  t= 48.530] dt=1.867e-02  R_mom=4.117e-05  div*=1.55e-06
2026-04-24 00:45:30,690 INFO [trans  t= 50.396] dt=1.867e-02  R_mom=3.659e-05  div*=1.81e-06
2026-04-24 00:45:34,043 INFO [trans  t= 52.263] dt=1.867e-02  R_mom=3.300e-05  div*=1.28e-06
2026-04-24 00:45:37,151 INFO [trans  t= 54.129] dt=1.867e-02  R_mom=3.495e-05  div*=8.96e-07
2026-04-24 00:45:40,061 INFO [trans  t= 55.996] dt=1.867e-02  R_mom=3.451e-05  div*=1.34e-06
2026-04-24 00:45:42,110 INFO [trans  t= 57.862] dt=1.867e-02  R_mom=2.975e-05  div*=1.51e-06
2026-04-24 00:45:44,029 INFO [trans  t= 59.729] dt=1.867e-02  R_mom=2.816e-05  div*=8.56e-07
2026-04-24 00:45:46,030 INFO [trans  t= 61.595] dt=1.867e-02  R_mom=2.998e-05  div*=9.68e-07
2026-04-24 00:45:47,887 INFO [trans  t= 63.462] dt=1.867e-02  R_mom=2.824e-05  div*=1.22e-06
2026-04-24 00:45:49,931 INFO [trans  t= 65.329] dt=1.867e-02  R_mom=2.438e-05  div*=1.18e-06
2026-04-24 00:45:52,191 INFO [trans  t= 67.195] dt=1.867e-02  R_mom=2.452e-05  div*=6.80e-07
2026-04-24 00:45:54,349 INFO [trans  t= 69.062] dt=1.867e-02  R_mom=2.559e-05  div*=9.37e-07
2026-04-24 00:45:56,297 INFO [trans  t= 70.928] dt=1.867e-02  R_mom=2.301e-05  div*=1.12e-06
2026-04-24 00:45:58,701 INFO [trans  t= 72.795] dt=1.867e-02  R_mom=2.043e-05  div*=8.50e-07
2026-04-24 00:46:00,697 INFO [trans  t= 74.661] dt=1.867e-02  R_mom=2.146e-05  div*=5.11e-07
2026-04-24 00:46:02,617 INFO [trans  t= 76.528] dt=1.867e-02  R_mom=2.152e-05  div*=8.37e-07
2026-04-24 00:46:06,582 INFO [trans  t= 78.394] dt=1.867e-02  R_mom=1.872e-05  div*=9.52e-07
2026-04-24 00:46:08,416 INFO [trans  t= 80.261] dt=1.867e-02  R_mom=1.746e-05  div*=5.46e-07
2026-04-24 00:46:10,227 INFO [trans  t= 82.127] dt=1.867e-02  R_mom=1.861e-05  div*=5.69e-07
2026-04-24 00:46:12,206 INFO [trans  t= 83.994] dt=1.867e-02  R_mom=1.778e-05  div*=7.33e-07
2026-04-24 00:46:14,057 INFO [trans  t= 85.860] dt=1.867e-02  R_mom=1.531e-05  div*=7.59e-07
2026-04-24 00:46:16,087 INFO [trans  t= 87.727] dt=1.867e-02  R_mom=1.515e-05  div*=4.35e-07
2026-04-24 00:46:17,839 INFO [trans  t= 89.593] dt=1.867e-02  R_mom=1.594e-05  div*=5.65e-07
2026-04-24 00:46:19,727 INFO [trans  t= 91.460] dt=1.867e-02  R_mom=1.452e-05  div*=6.85e-07
2026-04-24 00:46:21,534 INFO [trans  t= 93.326] dt=1.867e-02  R_mom=1.274e-05  div*=5.61e-07
2026-04-24 00:46:24,388 INFO [trans  t= 95.193] dt=1.867e-02  R_mom=1.324e-05  div*=3.22e-07
2026-04-24 00:46:26,100 INFO [trans  t= 97.060] dt=1.867e-02  R_mom=1.346e-05  div*=5.17e-07
2026-04-24 00:46:28,317 INFO [trans  t= 98.926] dt=1.867e-02  R_mom=1.180e-05  div*=5.96e-07
2026-04-24 00:46:30,037 INFO [trans  t=100.793] dt=1.867e-02  R_mom=1.082e-05  div*=3.75e-07
2026-04-24 00:46:33,477 INFO [trans  t=102.659] dt=1.867e-02  R_mom=1.152e-05  div*=3.31e-07
2026-04-24 00:46:36,722 INFO [trans  t=104.526] dt=1.867e-02  R_mom=1.118e-05  div*=4.41e-07
2026-04-24 00:46:38,626 INFO [trans  t=106.392] dt=1.867e-02  R_mom=9.626e-06  div*=4.85e-07
2026-04-24 00:46:41,239 INFO [trans  t=108.259] dt=1.867e-02  R_mom=9.362e-06  div*=2.78e-07
2026-04-24 00:46:44,175 INFO [trans  t=110.125] dt=1.867e-02  R_mom=9.917e-06  div*=3.39e-07
2026-04-24 00:46:47,134 INFO [trans  t=111.992] dt=1.867e-02  R_mom=9.157e-06  div*=4.18e-07
2026-04-24 00:46:48,864 INFO [trans  t=113.858] dt=1.867e-02  R_mom=7.962e-06  div*=3.67e-07
2026-04-24 00:46:51,256 INFO [trans  t=115.725] dt=1.867e-02  R_mom=8.172e-06  div*=2.11e-07
2026-04-24 00:46:53,898 INFO [trans  t=117.591] dt=1.867e-02  R_mom=8.408e-06  div*=3.17e-07
2026-04-24 00:46:56,590 INFO [trans  t=119.458] dt=1.867e-02  R_mom=7.446e-06  div*=3.71e-07
2026-04-24 00:46:57,424 INFO solve done: iters=16430 converged=True elapsed=404.5s
2026-04-24 00:46:57,516 INFO payload: shipping 101/201 frames (stride=2), u+v only
2026-04-24 00:46:58,328 INFO residuals workbook written: sim_20260424_004012_98778513_residuals.xlsx
