2026-04-25 22:27:26,984 INFO simulation sim_20260425_222726_fee1d779 started; log=sim_20260425_222726_fee1d779.log  residuals=sim_20260425_222726_fee1d779_residuals.csv
2026-04-25 22:27:26,987 INFO solve start: grid=480x240 (20.000x10.000) mode=transient Re=10000.0  polygon=12 pts, solid_cells=1822 / 115200
2026-04-25 22:27:26,987 INFO   polygon bbox: x=[8.556,11.043] y=[4.484,6.178]
2026-04-25 22:27:26,989 INFO warm-start: steady phase
2026-04-25 22:27:27,012 INFO [steady      0] dt=2.083e-02  R_mom=2.905e+00  div*=1.20e+01  mg=1
2026-04-25 22:27:27,994 INFO [steady    100] dt=1.239e-02  R_mom=4.824e-02  div*=6.88e-02  mg=2
2026-04-25 22:27:29,029 INFO [steady    200] dt=1.250e-02  R_mom=4.625e-02  div*=4.60e-02  mg=2
2026-04-25 22:27:30,079 INFO [steady    300] dt=1.246e-02  R_mom=5.659e-02  div*=5.19e-02  mg=2
2026-04-25 22:27:31,064 INFO [steady    400] dt=1.223e-02  R_mom=7.244e-02  div*=4.90e-02  mg=2
2026-04-25 22:27:32,088 INFO [steady    500] dt=1.201e-02  R_mom=9.354e-02  div*=5.98e-02  mg=2
2026-04-25 22:27:33,183 INFO [steady    600] dt=1.193e-02  R_mom=1.222e-01  div*=4.24e-02  mg=2
2026-04-25 22:27:34,289 INFO [steady    700] dt=1.201e-02  R_mom=1.432e-01  div*=3.53e-02  mg=2
2026-04-25 22:27:35,295 INFO [steady    800] dt=1.208e-02  R_mom=1.648e-01  div*=5.15e-02  mg=2
2026-04-25 22:27:36,255 INFO [steady    900] dt=1.186e-02  R_mom=1.826e-01  div*=4.15e-02  mg=2
2026-04-25 22:27:37,278 INFO [steady   1000] dt=1.148e-02  R_mom=2.010e-01  div*=2.45e-02  mg=2
2026-04-25 22:27:38,289 INFO [steady   1100] dt=1.143e-02  R_mom=2.195e-01  div*=7.05e-02  mg=2
2026-04-25 22:27:39,298 INFO [steady   1200] dt=1.174e-02  R_mom=2.238e-01  div*=2.63e-02  mg=2
2026-04-25 22:27:40,421 INFO [steady   1300] dt=1.213e-02  R_mom=2.157e-01  div*=5.25e-02  mg=2
2026-04-25 22:27:41,415 INFO [steady   1400] dt=1.190e-02  R_mom=2.084e-01  div*=2.35e-02  mg=2
2026-04-25 22:27:42,350 INFO [steady   1500] dt=1.195e-02  R_mom=2.066e-01  div*=4.33e-02  mg=2
2026-04-25 22:27:43,313 INFO [steady   1600] dt=1.265e-02  R_mom=2.065e-01  div*=3.85e-02  mg=2
2026-04-25 22:27:44,380 INFO [steady   1700] dt=1.254e-02  R_mom=1.959e-01  div*=5.21e-02  mg=2
2026-04-25 22:27:45,354 INFO [steady   1800] dt=1.285e-02  R_mom=1.806e-01  div*=4.83e-02  mg=2
2026-04-25 22:27:46,366 INFO [steady   1900] dt=1.268e-02  R_mom=1.551e-01  div*=5.02e-02  mg=2
2026-04-25 22:27:47,336 INFO [steady   2000] dt=1.235e-02  R_mom=1.658e-01  div*=4.91e-02  mg=2
2026-04-25 22:27:48,359 INFO [steady   2100] dt=1.222e-02  R_mom=1.939e-01  div*=2.97e-02  mg=2
2026-04-25 22:27:49,344 INFO [steady   2200] dt=1.218e-02  R_mom=2.105e-01  div*=3.82e-02  mg=2
2026-04-25 22:27:50,322 INFO [steady   2300] dt=1.205e-02  R_mom=2.212e-01  div*=7.85e-02  mg=2
2026-04-25 22:27:51,292 INFO [steady   2400] dt=1.206e-02  R_mom=2.300e-01  div*=2.48e-02  mg=2
2026-04-25 22:27:52,304 INFO [steady   2500] dt=1.236e-02  R_mom=2.106e-01  div*=4.18e-02  mg=2
2026-04-25 22:27:53,303 INFO [steady   2600] dt=1.253e-02  R_mom=1.904e-01  div*=5.07e-02  mg=2
2026-04-25 22:27:54,323 INFO [steady   2700] dt=1.237e-02  R_mom=1.549e-01  div*=3.67e-02  mg=2
2026-04-25 22:27:55,306 INFO [steady   2800] dt=1.257e-02  R_mom=1.329e-01  div*=3.95e-02  mg=2
2026-04-25 22:27:56,329 INFO [steady   2900] dt=1.239e-02  R_mom=1.326e-01  div*=3.28e-02  mg=2
2026-04-25 22:27:57,351 INFO [steady   3000] dt=1.227e-02  R_mom=1.501e-01  div*=2.41e-02  mg=2
2026-04-25 22:27:58,325 INFO [steady   3100] dt=1.215e-02  R_mom=1.607e-01  div*=6.47e-02  mg=2
2026-04-25 22:27:59,290 INFO [steady   3200] dt=1.195e-02  R_mom=1.814e-01  div*=7.84e-02  mg=2
2026-04-25 22:28:00,314 INFO [steady   3300] dt=1.181e-02  R_mom=2.110e-01  div*=3.26e-02  mg=2
2026-04-25 22:28:01,275 INFO [steady   3400] dt=1.193e-02  R_mom=2.228e-01  div*=4.19e-02  mg=2
2026-04-25 22:28:02,236 INFO [steady   3500] dt=1.230e-02  R_mom=2.123e-01  div*=3.98e-02  mg=2
2026-04-25 22:28:03,214 INFO [steady   3600] dt=1.223e-02  R_mom=1.950e-01  div*=2.95e-02  mg=2
2026-04-25 22:28:04,212 INFO [steady   3700] dt=1.200e-02  R_mom=1.757e-01  div*=4.90e-02  mg=2
2026-04-25 22:28:05,165 INFO [steady   3800] dt=1.236e-02  R_mom=1.814e-01  div*=1.73e-02  mg=2
2026-04-25 22:28:06,115 INFO [steady   3900] dt=1.259e-02  R_mom=1.854e-01  div*=3.20e-02  mg=2
2026-04-25 22:28:07,080 INFO [steady   4000] dt=1.269e-02  R_mom=1.793e-01  div*=2.85e-02  mg=2
2026-04-25 22:28:08,100 INFO [steady   4100] dt=1.251e-02  R_mom=1.757e-01  div*=7.37e-02  mg=2
2026-04-25 22:28:09,048 INFO [steady   4200] dt=1.240e-02  R_mom=2.041e-01  div*=6.33e-02  mg=2
2026-04-25 22:28:10,020 INFO [steady   4300] dt=1.259e-02  R_mom=2.141e-01  div*=5.70e-02  mg=2
2026-04-25 22:28:10,969 INFO [steady   4400] dt=1.304e-02  R_mom=2.112e-01  div*=4.74e-02  mg=2
2026-04-25 22:28:12,007 INFO [steady   4500] dt=1.282e-02  R_mom=1.981e-01  div*=5.90e-02  mg=2
2026-04-25 22:28:12,972 INFO [steady   4600] dt=1.254e-02  R_mom=2.053e-01  div*=2.03e-02  mg=2
2026-04-25 22:28:13,934 INFO [steady   4700] dt=1.276e-02  R_mom=2.060e-01  div*=3.76e-02  mg=2
2026-04-25 22:28:14,937 INFO [steady   4800] dt=1.297e-02  R_mom=1.948e-01  div*=2.57e-02  mg=2
2026-04-25 22:28:15,954 INFO [steady   4900] dt=1.289e-02  R_mom=1.886e-01  div*=4.08e-02  mg=2
2026-04-25 22:28:16,907 INFO [steady   5000] dt=1.296e-02  R_mom=2.021e-01  div*=5.66e-02  mg=2
2026-04-25 22:28:17,855 INFO [steady   5100] dt=1.321e-02  R_mom=2.019e-01  div*=6.01e-02  mg=2
2026-04-25 22:28:18,870 INFO [steady   5200] dt=1.304e-02  R_mom=1.916e-01  div*=4.99e-02  mg=2
2026-04-25 22:28:19,890 INFO [steady   5300] dt=1.252e-02  R_mom=1.786e-01  div*=5.79e-02  mg=2
2026-04-25 22:28:20,917 INFO [steady   5400] dt=1.231e-02  R_mom=1.986e-01  div*=1.95e-02  mg=2
2026-04-25 22:28:21,933 INFO [steady   5500] dt=1.244e-02  R_mom=2.104e-01  div*=5.33e-02  mg=2
2026-04-25 22:28:22,931 INFO [steady   5600] dt=1.240e-02  R_mom=2.139e-01  div*=4.38e-02  mg=2
2026-04-25 22:28:23,943 INFO [steady   5700] dt=1.231e-02  R_mom=2.027e-01  div*=2.91e-02  mg=2
2026-04-25 22:28:24,890 INFO [steady   5800] dt=1.247e-02  R_mom=2.094e-01  div*=4.68e-02  mg=2
2026-04-25 22:28:25,856 INFO [steady   5900] dt=1.294e-02  R_mom=2.011e-01  div*=5.52e-02  mg=2
2026-04-25 22:28:26,884 INFO [steady   6000] dt=1.299e-02  R_mom=1.765e-01  div*=4.60e-02  mg=2
2026-04-25 22:28:27,919 INFO [steady   6100] dt=1.247e-02  R_mom=1.614e-01  div*=4.68e-02  mg=2
2026-04-25 22:28:28,898 INFO [steady   6200] dt=1.228e-02  R_mom=1.791e-01  div*=1.98e-02  mg=2
2026-04-25 22:28:29,868 INFO [steady   6300] dt=1.231e-02  R_mom=1.971e-01  div*=5.77e-02  mg=2
2026-04-25 22:28:30,823 INFO [steady   6400] dt=1.223e-02  R_mom=2.054e-01  div*=3.77e-02  mg=2
2026-04-25 22:28:31,819 INFO [steady   6500] dt=1.210e-02  R_mom=2.156e-01  div*=2.98e-02  mg=2
2026-04-25 22:28:32,799 INFO [steady   6600] dt=1.220e-02  R_mom=2.164e-01  div*=5.06e-02  mg=2
2026-04-25 22:28:33,735 INFO [steady   6700] dt=1.263e-02  R_mom=2.052e-01  div*=5.19e-02  mg=2
2026-04-25 22:28:34,679 INFO [steady   6800] dt=1.276e-02  R_mom=1.852e-01  div*=3.41e-02  mg=2
2026-04-25 22:28:35,710 INFO [steady   6900] dt=1.256e-02  R_mom=1.567e-01  div*=4.07e-02  mg=2
2026-04-25 22:28:36,739 INFO [steady   7000] dt=1.231e-02  R_mom=1.621e-01  div*=2.20e-02  mg=2
2026-04-25 22:28:37,698 INFO [steady   7100] dt=1.231e-02  R_mom=1.785e-01  div*=4.11e-02  mg=2
2026-04-25 22:28:38,675 INFO [steady   7200] dt=1.225e-02  R_mom=1.878e-01  div*=1.66e-02  mg=2
2026-04-25 22:28:39,643 INFO [steady   7300] dt=1.207e-02  R_mom=1.933e-01  div*=8.06e-02  mg=2
2026-04-25 22:28:40,608 INFO [steady   7400] dt=1.205e-02  R_mom=2.135e-01  div*=5.39e-02  mg=2
2026-04-25 22:28:41,575 INFO [steady   7500] dt=1.236e-02  R_mom=2.137e-01  div*=5.44e-02  mg=2
2026-04-25 22:28:42,537 INFO [steady   7600] dt=1.273e-02  R_mom=1.994e-01  div*=2.76e-02  mg=2
2026-04-25 22:28:43,542 INFO [steady   7700] dt=1.256e-02  R_mom=1.728e-01  div*=3.49e-02  mg=2
2026-04-25 22:28:44,529 INFO [steady   7800] dt=1.236e-02  R_mom=1.690e-01  div*=4.43e-02  mg=2
2026-04-25 22:28:45,520 INFO [steady   7900] dt=1.236e-02  R_mom=1.796e-01  div*=2.24e-02  mg=2
2026-04-25 22:28:46,527 INFO [steady   8000] dt=1.242e-02  R_mom=1.862e-01  div*=6.05e-02  mg=2
2026-04-25 22:28:47,505 INFO [steady   8100] dt=1.228e-02  R_mom=1.826e-01  div*=6.67e-02  mg=2
2026-04-25 22:28:48,517 INFO [steady   8200] dt=1.213e-02  R_mom=2.005e-01  div*=3.25e-02  mg=2
2026-04-25 22:28:49,513 INFO [steady   8300] dt=1.227e-02  R_mom=2.133e-01  div*=4.84e-02  mg=2
2026-04-25 22:28:50,465 INFO [steady   8400] dt=1.271e-02  R_mom=2.088e-01  div*=3.50e-02  mg=2
2026-04-25 22:28:51,468 INFO [steady   8500] dt=1.297e-02  R_mom=1.928e-01  div*=3.15e-02  mg=2
2026-04-25 22:28:52,441 INFO [steady   8600] dt=1.249e-02  R_mom=1.844e-01  div*=5.79e-02  mg=2
2026-04-25 22:28:53,393 INFO [steady   8700] dt=1.239e-02  R_mom=1.952e-01  div*=2.38e-02  mg=2
2026-04-25 22:28:54,364 INFO [steady   8800] dt=1.261e-02  R_mom=1.981e-01  div*=5.47e-02  mg=2
2026-04-25 22:28:55,325 INFO [steady   8900] dt=1.257e-02  R_mom=1.912e-01  div*=4.92e-02  mg=2
2026-04-25 22:28:56,343 INFO [steady   9000] dt=1.245e-02  R_mom=1.975e-01  div*=3.18e-02  mg=2
2026-04-25 22:28:57,331 INFO [steady   9100] dt=1.260e-02  R_mom=2.098e-01  div*=4.14e-02  mg=2
2026-04-25 22:28:58,309 INFO [steady   9200] dt=1.306e-02  R_mom=2.052e-01  div*=4.40e-02  mg=2
2026-04-25 22:28:59,322 INFO [steady   9300] dt=1.295e-02  R_mom=1.870e-01  div*=3.65e-02  mg=2
2026-04-25 22:29:00,334 INFO [steady   9400] dt=1.245e-02  R_mom=1.817e-01  div*=5.52e-02  mg=2
2026-04-25 22:29:01,324 INFO [steady   9500] dt=1.234e-02  R_mom=1.976e-01  div*=1.89e-02  mg=2
2026-04-25 22:29:02,293 INFO [steady   9600] dt=1.249e-02  R_mom=2.050e-01  div*=5.25e-02  mg=2
2026-04-25 22:29:03,249 INFO [steady   9700] dt=1.242e-02  R_mom=2.046e-01  div*=5.61e-02  mg=2
2026-04-25 22:29:04,263 INFO [steady   9800] dt=1.234e-02  R_mom=2.022e-01  div*=2.98e-02  mg=2
2026-04-25 22:29:05,239 INFO [steady   9900] dt=1.254e-02  R_mom=2.097e-01  div*=4.11e-02  mg=2
2026-04-25 22:29:06,203 INFO steady did not converge within 10000 iters (last R_mom=2.015e-01)
2026-04-25 22:29:06,203 INFO switching to physical-time integration
2026-04-25 22:29:07,203 INFO [trans  t=  0.790] dt=7.900e-03  R_mom=1.909e-01  div*=1.13e-02
2026-04-25 22:29:08,206 INFO [trans  t=  1.568] dt=7.668e-03  R_mom=1.702e-01  div*=9.77e-03
2026-04-25 22:29:09,201 INFO [trans  t=  2.326] dt=7.496e-03  R_mom=1.673e-01  div*=1.29e-02
2026-04-25 22:29:10,168 INFO [trans  t=  3.070] dt=7.402e-03  R_mom=1.755e-01  div*=7.87e-03
2026-04-25 22:29:11,142 INFO [trans  t=  3.809] dt=7.392e-03  R_mom=1.867e-01  div*=5.47e-03
2026-04-25 22:29:12,145 INFO [trans  t=  4.549] dt=7.420e-03  R_mom=1.951e-01  div*=1.27e-02
2026-04-25 22:29:13,108 INFO [trans  t=  5.292] dt=7.426e-03  R_mom=2.000e-01  div*=1.01e-02
2026-04-25 22:29:14,082 INFO [trans  t=  6.033] dt=7.391e-03  R_mom=2.033e-01  div*=1.03e-02
2026-04-25 22:29:15,036 INFO [trans  t=  6.770] dt=7.346e-03  R_mom=2.032e-01  div*=1.79e-02
2026-04-25 22:29:16,036 INFO [trans  t=  7.503] dt=7.331e-03  R_mom=2.069e-01  div*=7.42e-03
2026-04-25 22:29:17,012 INFO [trans  t=  8.238] dt=7.380e-03  R_mom=2.091e-01  div*=1.36e-02
2026-04-25 22:29:17,975 INFO [trans  t=  8.982] dt=7.503e-03  R_mom=2.081e-01  div*=9.08e-03
2026-04-25 22:29:18,936 INFO [trans  t=  9.741] dt=7.686e-03  R_mom=2.025e-01  div*=1.40e-02
2026-04-25 22:29:19,944 INFO [trans  t= 10.520] dt=7.885e-03  R_mom=1.938e-01  div*=6.14e-03
2026-04-25 22:29:20,949 INFO [trans  t= 11.307] dt=7.772e-03  R_mom=1.769e-01  div*=1.10e-02
2026-04-25 22:29:21,920 INFO [trans  t= 12.073] dt=7.571e-03  R_mom=1.627e-01  div*=1.12e-02
2026-04-25 22:29:22,879 INFO [trans  t= 12.823] dt=7.441e-03  R_mom=1.650e-01  div*=1.10e-02
2026-04-25 22:29:23,891 INFO [trans  t= 13.564] dt=7.388e-03  R_mom=1.740e-01  div*=5.39e-03
2026-04-25 22:29:24,870 INFO [trans  t= 14.303] dt=7.407e-03  R_mom=1.840e-01  div*=7.20e-03
2026-04-25 22:29:25,832 INFO [trans  t= 15.045] dt=7.425e-03  R_mom=1.906e-01  div*=1.51e-02
2026-04-25 22:29:26,810 INFO [trans  t= 15.787] dt=7.408e-03  R_mom=1.946e-01  div*=4.30e-03
2026-04-25 22:29:27,810 INFO [trans  t= 16.526] dt=7.357e-03  R_mom=1.950e-01  div*=1.65e-02
2026-04-25 22:29:28,776 INFO [trans  t= 17.259] dt=7.313e-03  R_mom=1.999e-01  div*=1.23e-02
2026-04-25 22:29:29,759 INFO [trans  t= 17.990] dt=7.317e-03  R_mom=2.088e-01  div*=6.98e-03
2026-04-25 22:29:30,723 INFO [trans  t= 18.725] dt=7.392e-03  R_mom=2.105e-01  div*=1.20e-02
2026-04-25 22:29:31,712 INFO [trans  t= 19.471] dt=7.536e-03  R_mom=2.075e-01  div*=1.41e-02
2026-04-25 22:29:32,679 INFO [trans  t= 20.234] dt=7.731e-03  R_mom=2.011e-01  div*=1.16e-02
2026-04-25 22:29:33,674 INFO [trans  t= 21.016] dt=7.874e-03  R_mom=1.917e-01  div*=1.00e-02
2026-04-25 22:29:34,633 INFO [trans  t= 21.796] dt=7.692e-03  R_mom=1.726e-01  div*=9.38e-03
2026-04-25 22:29:35,621 INFO [trans  t= 22.556] dt=7.517e-03  R_mom=1.653e-01  div*=1.23e-02
2026-04-25 22:29:36,611 INFO [trans  t= 23.302] dt=7.415e-03  R_mom=1.701e-01  div*=8.77e-03
2026-04-25 22:29:37,577 INFO [trans  t= 24.042] dt=7.404e-03  R_mom=1.786e-01  div*=5.69e-03
2026-04-25 22:29:38,546 INFO [trans  t= 24.784] dt=7.441e-03  R_mom=1.857e-01  div*=1.07e-02
2026-04-25 22:29:39,554 INFO [trans  t= 25.529] dt=7.458e-03  R_mom=1.895e-01  div*=1.39e-02
2026-04-25 22:29:40,538 INFO [trans  t= 26.274] dt=7.428e-03  R_mom=1.913e-01  div*=5.94e-03
2026-04-25 22:29:41,505 INFO [trans  t= 27.014] dt=7.370e-03  R_mom=1.881e-01  div*=1.91e-02
2026-04-25 22:29:42,481 INFO [trans  t= 27.748] dt=7.335e-03  R_mom=1.970e-01  div*=7.96e-03
2026-04-25 22:29:43,453 INFO [trans  t= 28.483] dt=7.358e-03  R_mom=2.067e-01  div*=1.43e-02
2026-04-25 22:29:44,453 INFO [trans  t= 29.223] dt=7.453e-03  R_mom=2.096e-01  div*=1.06e-02
2026-04-25 22:29:45,439 INFO [trans  t= 29.976] dt=7.613e-03  R_mom=2.067e-01  div*=1.41e-02
2026-04-25 22:29:46,451 INFO [trans  t= 30.747] dt=7.810e-03  R_mom=2.003e-01  div*=7.53e-03
2026-04-25 22:29:47,408 INFO [trans  t= 31.534] dt=7.841e-03  R_mom=1.896e-01  div*=1.00e-02
2026-04-25 22:29:48,452 INFO [trans  t= 32.307] dt=7.624e-03  R_mom=1.739e-01  div*=1.18e-02
2026-04-25 22:29:49,465 INFO [trans  t= 33.061] dt=7.478e-03  R_mom=1.750e-01  div*=1.27e-02
2026-04-25 22:29:50,433 INFO [trans  t= 33.805] dt=7.413e-03  R_mom=1.823e-01  div*=5.64e-03
2026-04-25 22:29:51,405 INFO [trans  t= 34.547] dt=7.450e-03  R_mom=1.894e-01  div*=5.87e-03
2026-04-25 22:29:52,414 INFO [trans  t= 35.295] dt=7.508e-03  R_mom=1.930e-01  div*=1.40e-02
2026-04-25 22:29:53,404 INFO [trans  t= 36.047] dt=7.518e-03  R_mom=1.941e-01  div*=4.91e-03
2026-04-25 22:29:54,384 INFO [trans  t= 36.797] dt=7.478e-03  R_mom=1.908e-01  div*=1.37e-02
2026-04-25 22:29:55,347 INFO [trans  t= 37.542] dt=7.429e-03  R_mom=1.897e-01  div*=1.38e-02
2026-04-25 22:29:56,359 INFO [trans  t= 38.284] dt=7.422e-03  R_mom=2.008e-01  div*=7.44e-03
2026-04-25 22:29:57,304 INFO [trans  t= 39.029] dt=7.485e-03  R_mom=2.075e-01  div*=1.27e-02
2026-04-25 22:29:58,255 INFO [trans  t= 39.784] dt=7.619e-03  R_mom=2.075e-01  div*=1.54e-02
2026-04-25 22:29:59,223 INFO [trans  t= 40.555] dt=7.802e-03  R_mom=2.030e-01  div*=1.01e-02
2026-04-25 22:30:00,230 INFO [trans  t= 41.342] dt=7.923e-03  R_mom=1.959e-01  div*=1.14e-02
2026-04-25 22:30:01,197 INFO [trans  t= 42.124] dt=7.705e-03  R_mom=1.796e-01  div*=9.74e-03
2026-04-25 22:30:02,150 INFO [trans  t= 42.885] dt=7.529e-03  R_mom=1.758e-01  div*=1.37e-02
2026-04-25 22:30:03,087 INFO [trans  t= 43.632] dt=7.429e-03  R_mom=1.832e-01  div*=7.45e-03
2026-04-25 22:30:04,071 INFO [trans  t= 44.374] dt=7.431e-03  R_mom=1.917e-01  div*=5.42e-03
2026-04-25 22:30:05,018 INFO [trans  t= 45.120] dt=7.495e-03  R_mom=1.967e-01  div*=1.18e-02
2026-04-25 22:30:06,018 INFO [trans  t= 45.872] dt=7.527e-03  R_mom=1.982e-01  div*=9.95e-03
2026-04-25 22:30:06,960 INFO [trans  t= 46.624] dt=7.504e-03  R_mom=1.981e-01  div*=9.43e-03
2026-04-25 22:30:07,941 INFO [trans  t= 47.372] dt=7.457e-03  R_mom=1.915e-01  div*=1.62e-02
2026-04-25 22:30:08,900 INFO [trans  t= 48.116] dt=7.441e-03  R_mom=1.978e-01  div*=7.63e-03
2026-04-25 22:30:09,844 INFO [trans  t= 48.862] dt=7.489e-03  R_mom=2.058e-01  div*=1.43e-02
2026-04-25 22:30:10,780 INFO [trans  t= 49.616] dt=7.610e-03  R_mom=2.069e-01  div*=1.34e-02
2026-04-25 22:30:11,773 INFO [trans  t= 50.386] dt=7.787e-03  R_mom=2.028e-01  div*=1.37e-02
2026-04-25 22:30:12,725 INFO [trans  t= 51.173] dt=7.918e-03  R_mom=1.958e-01  div*=1.00e-02
2026-04-25 22:30:13,678 INFO [trans  t= 51.959] dt=7.754e-03  R_mom=1.804e-01  div*=9.59e-03
2026-04-25 22:30:14,651 INFO [trans  t= 52.724] dt=7.559e-03  R_mom=1.712e-01  div*=1.30e-02
2026-04-25 22:30:15,680 INFO [trans  t= 53.473] dt=7.436e-03  R_mom=1.773e-01  div*=1.05e-02
2026-04-25 22:30:16,674 INFO [trans  t= 54.214] dt=7.404e-03  R_mom=1.872e-01  div*=5.51e-03
2026-04-25 22:30:17,649 INFO [trans  t= 54.957] dt=7.450e-03  R_mom=1.948e-01  div*=9.56e-03
2026-04-25 22:30:18,624 INFO [trans  t= 55.704] dt=7.487e-03  R_mom=1.985e-01  div*=1.33e-02
2026-04-25 22:30:19,596 INFO [trans  t= 56.453] dt=7.473e-03  R_mom=2.005e-01  div*=5.67e-03
2026-04-25 22:30:20,589 INFO [trans  t= 57.198] dt=7.426e-03  R_mom=1.971e-01  div*=1.68e-02
2026-04-25 22:30:21,566 INFO [trans  t= 57.938] dt=7.397e-03  R_mom=1.973e-01  div*=7.70e-03
2026-04-25 22:30:22,520 INFO [trans  t= 58.679] dt=7.424e-03  R_mom=2.052e-01  div*=1.12e-02
2026-04-25 22:30:23,480 INFO [trans  t= 59.426] dt=7.525e-03  R_mom=2.077e-01  div*=1.00e-02
2026-04-25 22:30:24,511 INFO [trans  t= 60.186] dt=7.689e-03  R_mom=2.044e-01  div*=1.45e-02
2026-04-25 22:30:25,505 INFO [trans  t= 60.965] dt=7.885e-03  R_mom=1.975e-01  div*=7.27e-03
2026-04-25 22:30:26,504 INFO [trans  t= 61.755] dt=7.826e-03  R_mom=1.852e-01  div*=1.10e-02
2026-04-25 22:30:27,534 INFO [trans  t= 62.526] dt=7.611e-03  R_mom=1.689e-01  div*=1.12e-02
2026-04-25 22:30:28,569 INFO [trans  t= 63.280] dt=7.468e-03  R_mom=1.705e-01  div*=1.21e-02
2026-04-25 22:30:29,524 INFO [trans  t= 64.022] dt=7.398e-03  R_mom=1.794e-01  div*=5.49e-03
2026-04-25 22:30:30,487 INFO [trans  t= 64.762] dt=7.420e-03  R_mom=1.888e-01  div*=6.32e-03
2026-04-25 22:30:31,543 INFO [trans  t= 65.507] dt=7.461e-03  R_mom=1.945e-01  div*=1.43e-02
2026-04-25 22:30:32,564 INFO [trans  t= 66.253] dt=7.462e-03  R_mom=1.975e-01  div*=4.21e-03
2026-04-25 22:30:33,550 INFO [trans  t= 66.997] dt=7.419e-03  R_mom=1.977e-01  div*=1.43e-02
2026-04-25 22:30:34,536 INFO [trans  t= 67.737] dt=7.374e-03  R_mom=1.961e-01  div*=1.35e-02
2026-04-25 22:30:35,551 INFO [trans  t= 68.474] dt=7.371e-03  R_mom=2.036e-01  div*=7.16e-03
2026-04-25 22:30:36,584 INFO [trans  t= 69.213] dt=7.440e-03  R_mom=2.083e-01  div*=1.28e-02
2026-04-25 22:30:37,546 INFO [trans  t= 69.964] dt=7.578e-03  R_mom=2.071e-01  div*=1.43e-02
2026-04-25 22:30:38,543 INFO [trans  t= 70.731] dt=7.767e-03  R_mom=2.014e-01  div*=1.18e-02
2026-04-25 22:30:39,522 INFO [trans  t= 71.517] dt=7.933e-03  R_mom=1.928e-01  div*=1.05e-02
2026-04-25 22:30:40,506 INFO [trans  t= 72.299] dt=7.700e-03  R_mom=1.742e-01  div*=9.21e-03
2026-04-25 22:30:41,513 INFO [trans  t= 73.059] dt=7.522e-03  R_mom=1.681e-01  div*=1.26e-02
2026-04-25 22:30:42,477 INFO [trans  t= 73.805] dt=7.419e-03  R_mom=1.743e-01  div*=8.52e-03
2026-04-25 22:30:43,469 INFO [trans  t= 74.546] dt=7.408e-03  R_mom=1.836e-01  div*=5.49e-03
2026-04-25 22:30:44,532 INFO [trans  t= 75.289] dt=7.452e-03  R_mom=1.906e-01  div*=1.11e-02
2026-04-25 22:30:45,527 INFO [trans  t= 76.035] dt=7.473e-03  R_mom=1.941e-01  div*=1.26e-02
2026-04-25 22:30:46,534 INFO [trans  t= 76.782] dt=7.448e-03  R_mom=1.959e-01  div*=7.26e-03
2026-04-25 22:30:47,491 INFO [trans  t= 77.524] dt=7.396e-03  R_mom=1.922e-01  div*=1.81e-02
2026-04-25 22:30:48,461 INFO [trans  t= 78.262] dt=7.366e-03  R_mom=1.986e-01  div*=7.79e-03
2026-04-25 22:30:49,382 INFO [trans  t= 78.999] dt=7.398e-03  R_mom=2.067e-01  div*=1.40e-02
2026-04-25 22:30:50,319 INFO [trans  t= 79.744] dt=7.503e-03  R_mom=2.087e-01  div*=1.07e-02
2026-04-25 22:30:51,244 INFO [trans  t= 80.502] dt=7.670e-03  R_mom=2.052e-01  div*=1.39e-02
2026-04-25 22:30:52,227 INFO [trans  t= 81.279] dt=7.866e-03  R_mom=1.982e-01  div*=7.71e-03
2026-04-25 22:30:53,180 INFO [trans  t= 82.067] dt=7.809e-03  R_mom=1.853e-01  div*=1.02e-02
2026-04-25 22:30:54,105 INFO [trans  t= 82.837] dt=7.598e-03  R_mom=1.708e-01  div*=1.19e-02
2026-04-25 22:30:55,034 INFO [trans  t= 83.590] dt=7.462e-03  R_mom=1.734e-01  div*=1.19e-02
2026-04-25 22:30:55,991 INFO [trans  t= 84.332] dt=7.406e-03  R_mom=1.817e-01  div*=5.56e-03
2026-04-25 22:30:56,926 INFO [trans  t= 85.074] dt=7.444e-03  R_mom=1.896e-01  div*=6.71e-03
2026-04-25 22:30:57,940 INFO [trans  t= 85.821] dt=7.489e-03  R_mom=1.937e-01  div*=1.43e-02
2026-04-25 22:30:58,962 INFO [trans  t= 86.570] dt=7.489e-03  R_mom=1.955e-01  div*=4.67e-03
2026-04-25 22:30:59,994 INFO [trans  t= 87.317] dt=7.445e-03  R_mom=1.927e-01  div*=1.53e-02
2026-04-25 22:31:00,936 INFO [trans  t= 88.059] dt=7.399e-03  R_mom=1.926e-01  div*=1.19e-02
2026-04-25 22:31:01,885 INFO [trans  t= 88.799] dt=7.402e-03  R_mom=2.028e-01  div*=7.12e-03
2026-04-25 22:31:02,855 INFO [trans  t= 89.542] dt=7.475e-03  R_mom=2.081e-01  div*=1.18e-02
2026-04-25 22:31:03,917 INFO [trans  t= 90.296] dt=7.617e-03  R_mom=2.071e-01  div*=1.50e-02
2026-04-25 22:31:04,881 INFO [trans  t= 91.067] dt=7.806e-03  R_mom=2.017e-01  div*=9.48e-03
2026-04-25 22:31:05,894 INFO [trans  t= 91.856] dt=7.907e-03  R_mom=1.935e-01  div*=1.11e-02
2026-04-25 22:31:06,871 INFO [trans  t= 92.635] dt=7.680e-03  R_mom=1.759e-01  div*=9.99e-03
2026-04-25 22:31:07,874 INFO [trans  t= 93.394] dt=7.511e-03  R_mom=1.732e-01  div*=1.32e-02
2026-04-25 22:31:08,875 INFO [trans  t= 94.139] dt=7.417e-03  R_mom=1.806e-01  div*=6.37e-03
2026-04-25 22:31:09,879 INFO [trans  t= 94.881] dt=7.427e-03  R_mom=1.893e-01  div*=5.22e-03
2026-04-25 22:31:10,831 INFO [trans  t= 95.626] dt=7.484e-03  R_mom=1.946e-01  div*=1.24e-02
2026-04-25 22:31:11,835 INFO [trans  t= 96.376] dt=7.508e-03  R_mom=1.966e-01  div*=9.17e-03
2026-04-25 22:31:12,812 INFO [trans  t= 97.126] dt=7.479e-03  R_mom=1.967e-01  div*=1.02e-02
2026-04-25 22:31:13,787 INFO [trans  t= 97.871] dt=7.430e-03  R_mom=1.914e-01  div*=1.65e-02
2026-04-25 22:31:14,751 INFO [trans  t= 98.613] dt=7.413e-03  R_mom=1.989e-01  div*=7.61e-03
2026-04-25 22:31:15,761 INFO [trans  t= 99.356] dt=7.460e-03  R_mom=2.066e-01  div*=1.44e-02
2026-04-25 22:31:16,786 INFO [trans  t=100.108] dt=7.582e-03  R_mom=2.075e-01  div*=1.37e-02
2026-04-25 22:31:17,776 INFO [trans  t=100.874] dt=7.759e-03  R_mom=2.034e-01  div*=1.32e-02
2026-04-25 22:31:18,824 INFO [trans  t=101.660] dt=7.918e-03  R_mom=1.962e-01  div*=1.01e-02
2026-04-25 22:31:19,874 INFO [trans  t=102.446] dt=7.753e-03  R_mom=1.807e-01  div*=9.32e-03
2026-04-25 22:31:20,898 INFO [trans  t=103.211] dt=7.558e-03  R_mom=1.715e-01  div*=1.30e-02
2026-04-25 22:31:21,928 INFO [trans  t=103.960] dt=7.437e-03  R_mom=1.773e-01  div*=1.04e-02
2026-04-25 22:31:22,945 INFO [trans  t=104.701] dt=7.408e-03  R_mom=1.866e-01  div*=5.47e-03
2026-04-25 22:31:23,960 INFO [trans  t=105.444] dt=7.458e-03  R_mom=1.937e-01  div*=9.51e-03
2026-04-25 22:31:24,902 INFO [trans  t=106.192] dt=7.497e-03  R_mom=1.970e-01  div*=1.34e-02
2026-04-25 22:31:25,929 INFO [trans  t=106.942] dt=7.483e-03  R_mom=1.987e-01  div*=5.68e-03
2026-04-25 22:31:26,980 INFO [trans  t=107.688] dt=7.435e-03  R_mom=1.943e-01  div*=1.68e-02
2026-04-25 22:31:28,045 INFO [trans  t=108.429] dt=7.403e-03  R_mom=1.962e-01  div*=7.78e-03
2026-04-25 22:31:29,083 INFO [trans  t=109.170] dt=7.429e-03  R_mom=2.050e-01  div*=1.17e-02
2026-04-25 22:31:30,097 INFO [trans  t=109.917] dt=7.527e-03  R_mom=2.079e-01  div*=9.78e-03
2026-04-25 22:31:31,068 INFO [trans  t=110.678] dt=7.689e-03  R_mom=2.049e-01  div*=1.43e-02
2026-04-25 22:31:32,116 INFO [trans  t=111.457] dt=7.885e-03  R_mom=1.983e-01  div*=6.72e-03
2026-04-25 22:31:33,083 INFO [trans  t=112.247] dt=7.829e-03  R_mom=1.866e-01  div*=1.07e-02
2026-04-25 22:31:34,034 INFO [trans  t=113.018] dt=7.614e-03  R_mom=1.708e-01  div*=1.15e-02
2026-04-25 22:31:34,983 INFO [trans  t=113.772] dt=7.470e-03  R_mom=1.727e-01  div*=1.23e-02
2026-04-25 22:31:36,023 INFO [trans  t=114.515] dt=7.403e-03  R_mom=1.815e-01  div*=5.55e-03
2026-04-25 22:31:37,020 INFO [trans  t=115.256] dt=7.430e-03  R_mom=1.903e-01  div*=6.34e-03
2026-04-25 22:31:37,994 INFO [trans  t=116.001] dt=7.477e-03  R_mom=1.953e-01  div*=1.42e-02
2026-04-25 22:31:39,007 INFO [trans  t=116.749] dt=7.480e-03  R_mom=1.977e-01  div*=4.41e-03
2026-04-25 22:31:40,023 INFO [trans  t=117.495] dt=7.437e-03  R_mom=1.969e-01  div*=1.44e-02
2026-04-25 22:31:40,993 INFO [trans  t=118.237] dt=7.394e-03  R_mom=1.945e-01  div*=1.30e-02
2026-04-25 22:31:42,019 INFO [trans  t=118.976] dt=7.393e-03  R_mom=2.028e-01  div*=7.16e-03
2026-04-25 22:31:43,043 INFO [trans  t=119.718] dt=7.463e-03  R_mom=2.079e-01  div*=1.24e-02
2026-04-25 22:31:43,419 INFO solve done: iters=25938 converged=True elapsed=256.4s
2026-04-25 22:31:43,681 INFO payload: shipping 101/201 frames (stride=2), u+v only
2026-04-25 22:31:44,880 INFO residuals workbook written: sim_20260425_222726_fee1d779_residuals.xlsx
