2026-04-24 18:04:04,812 INFO simulation sim_20260424_180404_66c2a0d5 started; log=sim_20260424_180404_66c2a0d5.log  residuals=sim_20260424_180404_66c2a0d5_residuals.csv
2026-04-24 18:04:04,815 INFO solve start: grid=320x160 (20.000x10.000) mode=steady Re=40.0  polygon=16 pts, solid_cells=1327 / 51200
2026-04-24 18:04:04,815 INFO   polygon bbox: x=[6.445,12.633] y=[4.217,6.072]
2026-04-24 18:04:04,895 INFO [steady      0] dt=3.125e-02  R_mom=1.167e+00  div*=7.95e+00  mg=3
2026-04-24 18:04:07,005 INFO [steady    100] dt=2.136e-02  R_mom=4.415e-02  div*=5.03e-02  mg=2
2026-04-24 18:04:08,970 INFO [steady    200] dt=2.108e-02  R_mom=3.683e-02  div*=1.17e-02  mg=2
2026-04-24 18:04:12,569 INFO [steady    300] dt=2.080e-02  R_mom=3.389e-02  div*=6.82e-03  mg=2
2026-04-24 18:04:16,131 INFO [steady    400] dt=2.057e-02  R_mom=3.186e-02  div*=4.99e-03  mg=2
2026-04-24 18:04:18,705 INFO [steady    500] dt=2.040e-02  R_mom=2.965e-02  div*=2.11e-03  mg=2
2026-04-24 18:04:21,132 INFO [steady    600] dt=2.036e-02  R_mom=2.654e-02  div*=2.52e-03  mg=2
2026-04-24 18:04:23,517 INFO [steady    700] dt=2.045e-02  R_mom=1.907e-02  div*=1.86e-03  mg=2
2026-04-24 18:04:26,452 INFO [steady    800] dt=2.060e-02  R_mom=1.586e-02  div*=2.77e-03  mg=2
2026-04-24 18:04:29,239 INFO [steady    900] dt=2.078e-02  R_mom=1.439e-02  div*=3.37e-03  mg=1
2026-04-24 18:04:30,787 INFO [steady   1000] dt=2.099e-02  R_mom=1.324e-02  div*=3.49e-03  mg=1
2026-04-24 18:04:32,123 INFO [steady   1100] dt=2.119e-02  R_mom=1.214e-02  div*=3.25e-03  mg=1
2026-04-24 18:04:33,795 INFO [steady   1200] dt=2.138e-02  R_mom=1.097e-02  div*=2.77e-03  mg=1
2026-04-24 18:04:34,842 INFO [steady   1300] dt=2.153e-02  R_mom=9.716e-03  div*=2.20e-03  mg=1
2026-04-24 18:04:35,851 INFO [steady   1400] dt=2.165e-02  R_mom=8.356e-03  div*=1.66e-03  mg=1
2026-04-24 18:04:37,384 INFO [steady   1500] dt=2.174e-02  R_mom=7.022e-03  div*=1.20e-03  mg=2
2026-04-24 18:04:40,297 INFO [steady   1600] dt=2.181e-02  R_mom=5.988e-03  div*=8.55e-04  mg=2
2026-04-24 18:04:43,235 INFO [steady   1700] dt=2.186e-02  R_mom=5.400e-03  div*=5.92e-04  mg=2
2026-04-24 18:04:45,791 INFO [steady   1800] dt=2.189e-02  R_mom=4.982e-03  div*=3.81e-04  mg=2
2026-04-24 18:04:47,308 INFO [steady   1900] dt=2.191e-02  R_mom=4.332e-03  div*=2.85e-04  mg=2
2026-04-24 18:04:49,676 INFO [steady   2000] dt=2.192e-02  R_mom=3.524e-03  div*=3.88e-04  mg=2
2026-04-24 18:04:52,964 INFO [steady   2100] dt=2.192e-02  R_mom=3.121e-03  div*=3.41e-04  mg=2
2026-04-24 18:04:55,277 INFO [steady   2200] dt=2.191e-02  R_mom=3.150e-03  div*=2.14e-04  mg=2
2026-04-24 18:04:57,133 INFO [steady   2300] dt=2.190e-02  R_mom=3.102e-03  div*=1.38e-04  mg=2
2026-04-24 18:04:58,830 INFO [steady   2400] dt=2.190e-02  R_mom=3.076e-03  div*=2.34e-04  mg=2
2026-04-24 18:05:00,987 INFO [steady   2500] dt=2.190e-02  R_mom=3.281e-03  div*=1.90e-04  mg=2
2026-04-24 18:05:02,639 INFO [steady   2600] dt=2.189e-02  R_mom=3.302e-03  div*=1.52e-04  mg=2
2026-04-24 18:05:06,084 INFO [steady   2700] dt=2.189e-02  R_mom=2.952e-03  div*=1.60e-04  mg=2
2026-04-24 18:05:07,671 INFO [steady   2800] dt=2.189e-02  R_mom=2.762e-03  div*=2.36e-04  mg=2
2026-04-24 18:05:09,995 INFO [steady   2900] dt=2.189e-02  R_mom=2.906e-03  div*=1.63e-04  mg=2
2026-04-24 18:05:12,652 INFO [steady   3000] dt=2.189e-02  R_mom=2.845e-03  div*=1.43e-04  mg=2
2026-04-24 18:05:14,844 INFO [steady   3100] dt=2.189e-02  R_mom=2.552e-03  div*=1.69e-04  mg=2
2026-04-24 18:05:18,910 INFO [steady   3200] dt=2.189e-02  R_mom=2.525e-03  div*=2.11e-04  mg=2
2026-04-24 18:05:21,917 INFO [steady   3300] dt=2.189e-02  R_mom=2.674e-03  div*=1.32e-04  mg=2
2026-04-24 18:05:25,258 INFO [steady   3400] dt=2.189e-02  R_mom=2.538e-03  div*=1.28e-04  mg=1
2026-04-24 18:05:28,717 INFO [steady   3500] dt=2.189e-02  R_mom=2.283e-03  div*=1.73e-04  mg=2
2026-04-24 18:05:31,471 INFO [steady   3600] dt=2.189e-02  R_mom=2.332e-03  div*=1.80e-04  mg=2
2026-04-24 18:05:33,018 INFO [steady   3700] dt=2.189e-02  R_mom=2.419e-03  div*=1.18e-04  mg=2
2026-04-24 18:05:35,072 INFO [steady   3800] dt=2.189e-02  R_mom=2.231e-03  div*=1.07e-04  mg=2
2026-04-24 18:05:37,195 INFO [steady   3900] dt=2.189e-02  R_mom=2.059e-03  div*=1.72e-04  mg=2
2026-04-24 18:05:39,904 INFO [steady   4000] dt=2.189e-02  R_mom=2.165e-03  div*=1.49e-04  mg=2
2026-04-24 18:05:41,538 INFO [steady   4100] dt=2.189e-02  R_mom=2.194e-03  div*=1.12e-04  mg=2
2026-04-24 18:05:43,362 INFO [steady   4200] dt=2.189e-02  R_mom=1.977e-03  div*=1.00e-04  mg=2
2026-04-24 18:05:45,021 INFO [steady   4300] dt=2.189e-02  R_mom=1.872e-03  div*=1.60e-04  mg=2
2026-04-24 18:05:46,996 INFO [steady   4400] dt=2.189e-02  R_mom=1.985e-03  div*=1.14e-04  mg=2
2026-04-24 18:05:48,648 INFO [steady   4500] dt=2.189e-02  R_mom=1.950e-03  div*=9.29e-05  mg=2
2026-04-24 18:05:50,270 INFO [steady   4600] dt=2.189e-02  R_mom=1.751e-03  div*=1.13e-04  mg=2
2026-04-24 18:05:52,130 INFO [steady   4700] dt=2.189e-02  R_mom=1.731e-03  div*=1.45e-04  mg=2
2026-04-24 18:05:53,705 INFO [steady   4800] dt=2.189e-02  R_mom=1.834e-03  div*=9.23e-05  mg=2
2026-04-24 18:05:55,013 INFO [steady   4900] dt=2.189e-02  R_mom=1.745e-03  div*=8.73e-05  mg=1
2026-04-24 18:05:57,012 INFO [steady   5000] dt=2.189e-02  R_mom=1.566e-03  div*=1.17e-04  mg=2
2026-04-24 18:06:00,291 INFO [steady   5100] dt=2.189e-02  R_mom=1.595e-03  div*=1.24e-04  mg=2
2026-04-24 18:06:02,702 INFO [steady   5200] dt=2.189e-02  R_mom=1.662e-03  div*=8.10e-05  mg=2
2026-04-24 18:06:04,979 INFO [steady   5300] dt=2.189e-02  R_mom=1.539e-03  div*=7.42e-05  mg=2
2026-04-24 18:06:07,562 INFO [steady   5400] dt=2.189e-02  R_mom=1.416e-03  div*=1.17e-04  mg=2
2026-04-24 18:06:10,141 INFO [steady   5500] dt=2.189e-02  R_mom=1.486e-03  div*=1.03e-04  mg=2
2026-04-24 18:06:12,491 INFO [steady   5600] dt=2.189e-02  R_mom=1.511e-03  div*=7.67e-05  mg=2
2026-04-24 18:06:14,442 INFO [steady   5700] dt=2.189e-02  R_mom=1.367e-03  div*=6.69e-05  mg=2
2026-04-24 18:06:16,076 INFO [steady   5800] dt=2.189e-02  R_mom=1.290e-03  div*=1.10e-04  mg=2
2026-04-24 18:06:17,848 INFO [steady   5900] dt=2.189e-02  R_mom=1.369e-03  div*=8.01e-05  mg=2
2026-04-24 18:06:19,587 INFO [steady   6000] dt=2.189e-02  R_mom=1.350e-03  div*=6.50e-05  mg=2
2026-04-24 18:06:21,090 INFO [steady   6100] dt=2.189e-02  R_mom=1.212e-03  div*=7.65e-05  mg=2
2026-04-24 18:06:22,677 INFO [steady   6200] dt=2.189e-02  R_mom=1.192e-03  div*=1.00e-04  mg=2
2026-04-24 18:06:24,608 INFO [steady   6300] dt=2.189e-02  R_mom=1.265e-03  div*=6.29e-05  mg=2
2026-04-24 18:06:27,649 INFO [steady   6400] dt=2.189e-02  R_mom=1.208e-03  div*=5.99e-05  mg=1
2026-04-24 18:06:30,306 INFO [steady   6500] dt=2.189e-02  R_mom=1.084e-03  div*=8.01e-05  mg=2
2026-04-24 18:06:33,563 INFO [steady   6600] dt=2.189e-02  R_mom=1.102e-03  div*=8.66e-05  mg=2
2026-04-24 18:06:35,881 INFO [steady   6700] dt=2.189e-02  R_mom=1.151e-03  div*=5.65e-05  mg=2
2026-04-24 18:06:37,374 INFO [steady   6800] dt=2.189e-02  R_mom=1.068e-03  div*=5.19e-05  mg=2
2026-04-24 18:06:39,878 INFO [steady   6900] dt=2.189e-02  R_mom=9.801e-04  div*=8.01e-05  mg=2
2026-04-24 18:06:42,776 INFO [steady   7000] dt=2.189e-02  R_mom=1.026e-03  div*=7.21e-05  mg=2
2026-04-24 18:06:44,250 INFO [steady   7100] dt=2.189e-02  R_mom=1.047e-03  div*=5.29e-05  mg=2
2026-04-24 18:06:45,618 INFO [steady   7200] dt=2.189e-02  R_mom=9.490e-04  div*=4.57e-05  mg=2
2026-04-24 18:06:47,390 INFO [steady   7300] dt=2.189e-02  R_mom=8.936e-04  div*=7.58e-05  mg=2
2026-04-24 18:06:48,919 INFO [steady   7400] dt=2.189e-02  R_mom=9.477e-04  div*=5.65e-05  mg=2
2026-04-24 18:06:50,680 INFO [steady   7500] dt=2.189e-02  R_mom=9.378e-04  div*=4.55e-05  mg=2
2026-04-24 18:06:52,552 INFO [steady   7600] dt=2.189e-02  R_mom=8.420e-04  div*=5.19e-05  mg=2
2026-04-24 18:06:54,605 INFO [steady   7700] dt=2.189e-02  R_mom=8.250e-04  div*=6.93e-05  mg=2
2026-04-24 18:06:56,794 INFO [steady   7800] dt=2.189e-02  R_mom=8.760e-04  div*=4.32e-05  mg=2
2026-04-24 18:06:58,706 INFO [steady   7900] dt=2.189e-02  R_mom=8.395e-04  div*=4.13e-05  mg=1
2026-04-24 18:07:01,865 INFO [steady   8000] dt=2.189e-02  R_mom=7.533e-04  div*=5.49e-05  mg=2
2026-04-24 18:07:04,022 INFO [steady   8100] dt=2.189e-02  R_mom=7.634e-04  div*=6.04e-05  mg=2
2026-04-24 18:07:06,022 INFO [steady   8200] dt=2.189e-02  R_mom=7.992e-04  div*=3.94e-05  mg=2
2026-04-24 18:07:08,172 INFO [steady   8300] dt=2.189e-02  R_mom=7.439e-04  div*=3.63e-05  mg=2
2026-04-24 18:07:10,580 INFO [steady   8400] dt=2.189e-02  R_mom=6.803e-04  div*=5.51e-05  mg=2
2026-04-24 18:07:12,231 INFO [steady   8500] dt=2.189e-02  R_mom=7.106e-04  div*=5.05e-05  mg=2
2026-04-24 18:07:13,837 INFO [steady   8600] dt=2.189e-02  R_mom=7.272e-04  div*=3.67e-05  mg=2
2026-04-24 18:07:15,544 INFO [steady   8700] dt=2.189e-02  R_mom=6.606e-04  div*=3.19e-05  mg=2
2026-04-24 18:07:17,658 INFO [steady   8800] dt=2.189e-02  R_mom=6.203e-04  div*=5.25e-05  mg=2
2026-04-24 18:07:19,366 INFO [steady   8900] dt=2.189e-02  R_mom=6.575e-04  div*=3.99e-05  mg=2
2026-04-24 18:07:21,533 INFO [steady   9000] dt=2.189e-02  R_mom=6.528e-04  div*=3.18e-05  mg=2
2026-04-24 18:07:23,247 INFO [steady   9100] dt=2.189e-02  R_mom=5.863e-04  div*=3.53e-05  mg=2
2026-04-24 18:07:27,075 INFO [steady   9200] dt=2.189e-02  R_mom=5.721e-04  div*=4.82e-05  mg=2
2026-04-24 18:07:30,702 INFO [steady   9300] dt=2.189e-02  R_mom=6.078e-04  div*=2.97e-05  mg=2
2026-04-24 18:07:33,984 INFO [steady   9400] dt=2.189e-02  R_mom=5.844e-04  div*=2.86e-05  mg=1
2026-04-24 18:07:36,603 INFO [steady   9500] dt=2.189e-02  R_mom=5.242e-04  div*=3.76e-05  mg=2
2026-04-24 18:07:39,922 INFO [steady   9600] dt=2.189e-02  R_mom=5.296e-04  div*=4.22e-05  mg=2
2026-04-24 18:07:42,461 INFO [steady   9700] dt=2.189e-02  R_mom=5.556e-04  div*=2.74e-05  mg=2
2026-04-24 18:07:45,306 INFO [steady   9800] dt=2.189e-02  R_mom=5.185e-04  div*=2.54e-05  mg=2
2026-04-24 18:07:47,284 INFO [steady   9900] dt=2.189e-02  R_mom=4.730e-04  div*=3.80e-05  mg=2
2026-04-24 18:07:48,967 INFO [steady  10000] dt=2.189e-02  R_mom=4.928e-04  div*=3.55e-05  mg=2
2026-04-24 18:07:50,913 INFO [steady  10100] dt=2.189e-02  R_mom=5.057e-04  div*=2.55e-05  mg=2
2026-04-24 18:07:53,410 INFO [steady  10200] dt=2.189e-02  R_mom=4.604e-04  div*=2.23e-05  mg=2
2026-04-24 18:07:56,097 INFO [steady  10300] dt=2.189e-02  R_mom=4.310e-04  div*=3.64e-05  mg=2
2026-04-24 18:07:58,666 INFO [steady  10400] dt=2.189e-02  R_mom=4.565e-04  div*=2.82e-05  mg=2
2026-04-24 18:08:00,923 INFO [steady  10500] dt=2.189e-02  R_mom=4.547e-04  div*=2.23e-05  mg=2
2026-04-24 18:08:03,027 INFO [steady  10600] dt=2.189e-02  R_mom=4.086e-04  div*=2.40e-05  mg=2
2026-04-24 18:08:05,232 INFO [steady  10700] dt=2.189e-02  R_mom=3.971e-04  div*=3.35e-05  mg=2
2026-04-24 18:08:07,429 INFO [steady  10800] dt=2.189e-02  R_mom=4.221e-04  div*=2.09e-05  mg=2
2026-04-24 18:08:09,936 INFO [steady  10900] dt=2.189e-02  R_mom=4.072e-04  div*=1.98e-05  mg=1
2026-04-24 18:08:12,129 INFO [steady  11000] dt=2.189e-02  R_mom=3.651e-04  div*=2.58e-05  mg=2
2026-04-24 18:08:14,306 INFO [steady  11100] dt=2.189e-02  R_mom=3.677e-04  div*=2.95e-05  mg=2
2026-04-24 18:08:17,190 INFO [steady  11200] dt=2.189e-02  R_mom=3.864e-04  div*=1.91e-05  mg=2
2026-04-24 18:08:19,755 INFO [steady  11300] dt=2.189e-02  R_mom=3.616e-04  div*=1.78e-05  mg=2
2026-04-24 18:08:21,636 INFO [steady  11400] dt=2.189e-02  R_mom=3.291e-04  div*=2.62e-05  mg=2
2026-04-24 18:08:23,468 INFO [steady  11500] dt=2.189e-02  R_mom=3.420e-04  div*=2.49e-05  mg=2
2026-04-24 18:08:25,438 INFO [steady  11600] dt=2.189e-02  R_mom=3.518e-04  div*=1.77e-05  mg=2
2026-04-24 18:08:27,884 INFO [steady  11700] dt=2.189e-02  R_mom=3.210e-04  div*=1.56e-05  mg=2
2026-04-24 18:08:30,177 INFO [steady  11800] dt=2.189e-02  R_mom=2.996e-04  div*=2.52e-05  mg=2
2026-04-24 18:08:32,543 INFO [steady  11900] dt=2.189e-02  R_mom=3.171e-04  div*=1.99e-05  mg=2
2026-04-24 18:08:34,403 INFO [steady  12000] dt=2.189e-02  R_mom=3.168e-04  div*=1.56e-05  mg=2
2026-04-24 18:08:36,142 INFO [steady  12100] dt=2.189e-02  R_mom=2.849e-04  div*=1.64e-05  mg=2
2026-04-24 18:08:38,014 INFO [steady  12200] dt=2.189e-02  R_mom=2.758e-04  div*=2.33e-05  mg=2
2026-04-24 18:08:40,426 INFO [steady  12300] dt=2.189e-02  R_mom=2.932e-04  div*=1.49e-05  mg=2
2026-04-24 18:08:42,448 INFO [steady  12400] dt=2.189e-02  R_mom=2.838e-04  div*=1.38e-05  mg=1
2026-04-24 18:08:44,293 INFO [steady  12500] dt=2.189e-02  R_mom=2.544e-04  div*=1.77e-05  mg=2
2026-04-24 18:08:46,497 INFO [steady  12600] dt=2.189e-02  R_mom=2.553e-04  div*=2.06e-05  mg=2
2026-04-24 18:08:49,723 INFO [steady  12700] dt=2.189e-02  R_mom=2.688e-04  div*=1.33e-05  mg=2
2026-04-24 18:08:51,928 INFO [steady  12800] dt=2.189e-02  R_mom=2.523e-04  div*=1.24e-05  mg=1
2026-04-24 18:08:54,291 INFO [steady  12900] dt=2.189e-02  R_mom=2.291e-04  div*=1.81e-05  mg=2
2026-04-24 18:08:56,365 INFO [steady  13000] dt=2.189e-02  R_mom=2.374e-04  div*=1.75e-05  mg=2
2026-04-24 18:08:58,233 INFO [steady  13100] dt=2.189e-02  R_mom=2.448e-04  div*=1.23e-05  mg=2
2026-04-24 18:08:59,713 INFO [steady  13200] dt=2.189e-02  R_mom=2.239e-04  div*=1.09e-05  mg=2
2026-04-24 18:09:01,692 INFO [steady  13300] dt=2.189e-02  R_mom=2.084e-04  div*=1.75e-05  mg=2
2026-04-24 18:09:03,443 INFO [steady  13400] dt=2.189e-02  R_mom=2.202e-04  div*=1.41e-05  mg=2
2026-04-24 18:09:05,134 INFO [steady  13500] dt=2.189e-02  R_mom=2.208e-04  div*=1.09e-05  mg=2
2026-04-24 18:09:06,365 INFO [steady  13600] dt=2.189e-02  R_mom=1.987e-04  div*=1.11e-05  mg=2
2026-04-24 18:09:08,484 INFO [steady  13700] dt=2.189e-02  R_mom=1.916e-04  div*=1.62e-05  mg=2
2026-04-24 18:09:10,813 INFO [steady  13800] dt=2.189e-02  R_mom=2.037e-04  div*=1.06e-05  mg=2
2026-04-24 18:09:12,780 INFO [steady  13900] dt=2.189e-02  R_mom=1.978e-04  div*=9.54e-06  mg=1
2026-04-24 18:09:14,030 INFO [steady  14000] dt=2.189e-02  R_mom=1.773e-04  div*=1.22e-05  mg=2
2026-04-24 18:09:15,993 INFO [steady  14100] dt=2.189e-02  R_mom=1.773e-04  div*=1.44e-05  mg=2
2026-04-24 18:09:18,195 INFO [steady  14200] dt=2.189e-02  R_mom=1.870e-04  div*=9.23e-06  mg=2
2026-04-24 18:09:20,140 INFO [steady  14300] dt=2.189e-02  R_mom=1.760e-04  div*=8.66e-06  mg=1
2026-04-24 18:09:21,788 INFO [steady  14400] dt=2.189e-02  R_mom=1.595e-04  div*=1.25e-05  mg=2
2026-04-24 18:09:23,905 INFO [steady  14500] dt=2.189e-02  R_mom=1.648e-04  div*=1.23e-05  mg=2
2026-04-24 18:09:25,733 INFO [steady  14600] dt=2.189e-02  R_mom=1.704e-04  div*=8.56e-06  mg=2
2026-04-24 18:09:27,987 INFO [steady  14700] dt=2.189e-02  R_mom=1.562e-04  div*=7.62e-06  mg=2
2026-04-24 18:09:29,955 INFO [steady  14800] dt=2.189e-02  R_mom=1.449e-04  div*=1.21e-05  mg=2
2026-04-24 18:09:31,325 INFO [steady  14900] dt=2.189e-02  R_mom=1.530e-04  div*=9.94e-06  mg=2
2026-04-24 18:09:34,518 INFO [steady  15000] dt=2.189e-02  R_mom=1.538e-04  div*=7.62e-06  mg=2
2026-04-24 18:09:36,977 INFO [steady  15100] dt=2.189e-02  R_mom=1.386e-04  div*=7.57e-06  mg=2
2026-04-24 18:09:39,395 INFO [steady  15200] dt=2.189e-02  R_mom=1.331e-04  div*=1.13e-05  mg=2
2026-04-24 18:09:42,012 INFO [steady  15300] dt=2.189e-02  R_mom=1.415e-04  div*=7.56e-06  mg=2
2026-04-24 18:09:43,326 INFO [steady  15400] dt=2.189e-02  R_mom=1.379e-04  div*=6.64e-06  mg=1
2026-04-24 18:09:45,164 INFO [steady  15500] dt=2.189e-02  R_mom=1.235e-04  div*=8.33e-06  mg=2
2026-04-24 18:09:47,087 INFO [steady  15600] dt=2.189e-02  R_mom=1.231e-04  div*=1.01e-05  mg=2
2026-04-24 18:09:49,332 INFO [steady  15700] dt=2.189e-02  R_mom=1.300e-04  div*=6.41e-06  mg=2
2026-04-24 18:09:51,095 INFO [steady  15800] dt=2.189e-02  R_mom=1.227e-04  div*=6.04e-06  mg=1
2026-04-24 18:09:53,365 INFO [steady  15900] dt=2.189e-02  R_mom=1.110e-04  div*=8.59e-06  mg=2
2026-04-24 18:09:55,523 INFO [steady  16000] dt=2.189e-02  R_mom=1.144e-04  div*=8.62e-06  mg=2
2026-04-24 18:09:57,856 INFO [steady  16100] dt=2.189e-02  R_mom=1.186e-04  div*=5.95e-06  mg=2
2026-04-24 18:10:00,710 INFO [steady  16200] dt=2.189e-02  R_mom=1.089e-04  div*=5.33e-06  mg=2
2026-04-24 18:10:02,897 INFO [steady  16300] dt=2.189e-02  R_mom=1.008e-04  div*=8.39e-06  mg=2
2026-04-24 18:10:04,722 INFO [steady  16400] dt=2.189e-02  R_mom=1.062e-04  div*=7.02e-06  mg=2
2026-04-24 18:10:06,708 INFO [steady  16500] dt=2.189e-02  R_mom=1.071e-04  div*=5.32e-06  mg=2
2026-04-24 18:10:09,020 INFO [steady  16600] dt=2.189e-02  R_mom=9.662e-05  div*=5.14e-06  mg=2
2026-04-24 18:10:11,925 INFO [steady  16700] dt=2.189e-02  R_mom=9.247e-05  div*=7.85e-06  mg=2
2026-04-24 18:10:14,679 INFO [steady  16800] dt=2.189e-02  R_mom=9.833e-05  div*=5.37e-06  mg=2
2026-04-24 18:10:16,356 INFO [steady  16900] dt=2.189e-02  R_mom=9.610e-05  div*=4.65e-06  mg=1
2026-04-24 18:10:17,954 INFO [steady  17000] dt=2.189e-02  R_mom=8.609e-05  div*=5.71e-06  mg=2
2026-04-24 18:10:19,678 INFO [steady  17100] dt=2.189e-02  R_mom=8.549e-05  div*=7.04e-06  mg=2
2026-04-24 18:10:21,931 INFO [steady  17200] dt=2.189e-02  R_mom=9.040e-05  div*=4.45e-06  mg=2
2026-04-24 18:10:24,444 INFO [steady  17300] dt=2.189e-02  R_mom=8.559e-05  div*=4.21e-06  mg=1
2026-04-24 18:10:26,834 INFO [steady  17400] dt=2.189e-02  R_mom=7.729e-05  div*=5.91e-06  mg=2
2026-04-24 18:10:28,452 INFO [steady  17500] dt=2.189e-02  R_mom=7.942e-05  div*=6.05e-06  mg=2
2026-04-24 18:10:30,457 INFO [steady  17600] dt=2.189e-02  R_mom=8.250e-05  div*=4.14e-06  mg=2
2026-04-24 18:10:32,050 INFO [steady  17700] dt=2.189e-02  R_mom=7.598e-05  div*=3.72e-06  mg=2
2026-04-24 18:10:33,937 INFO [steady  17800] dt=2.189e-02  R_mom=7.010e-05  div*=5.81e-06  mg=2
2026-04-24 18:10:35,503 INFO [steady  17900] dt=2.189e-02  R_mom=7.376e-05  div*=4.95e-06  mg=2
2026-04-24 18:10:37,199 INFO [steady  18000] dt=2.189e-02  R_mom=7.461e-05  div*=3.71e-06  mg=2
2026-04-24 18:10:38,750 INFO [steady  18100] dt=2.189e-02  R_mom=6.739e-05  div*=3.49e-06  mg=2
2026-04-24 18:10:40,491 INFO [steady  18200] dt=2.189e-02  R_mom=6.425e-05  div*=5.46e-06  mg=2
2026-04-24 18:10:42,541 INFO [steady  18300] dt=2.189e-02  R_mom=6.831e-05  div*=3.82e-06  mg=2
2026-04-24 18:10:44,518 INFO [steady  18400] dt=2.189e-02  R_mom=6.698e-05  div*=3.25e-06  mg=2
2026-04-24 18:10:46,166 INFO [steady  18500] dt=2.189e-02  R_mom=6.000e-05  div*=3.91e-06  mg=2
2026-04-24 18:10:48,299 INFO [steady  18600] dt=2.189e-02  R_mom=5.937e-05  div*=4.91e-06  mg=2
2026-04-24 18:10:50,954 INFO [steady  18700] dt=2.189e-02  R_mom=6.285e-05  div*=3.09e-06  mg=2
2026-04-24 18:10:53,360 INFO [steady  18800] dt=2.189e-02  R_mom=5.969e-05  div*=2.93e-06  mg=1
2026-04-24 18:10:55,917 INFO [steady  18900] dt=2.189e-02  R_mom=5.382e-05  div*=4.07e-06  mg=2
2026-04-24 18:10:58,650 INFO [steady  19000] dt=2.189e-02  R_mom=5.514e-05  div*=4.24e-06  mg=2
2026-04-24 18:11:01,877 INFO [steady  19100] dt=2.189e-02  R_mom=5.741e-05  div*=2.88e-06  mg=2
2026-04-24 18:11:05,294 INFO [steady  19200] dt=2.189e-02  R_mom=5.300e-05  div*=2.60e-06  mg=2
2026-04-24 18:11:07,991 INFO [steady  19300] dt=2.189e-02  R_mom=4.877e-05  div*=4.02e-06  mg=2
2026-04-24 18:11:10,449 INFO [steady  19400] dt=2.189e-02  R_mom=5.122e-05  div*=3.49e-06  mg=2
2026-04-24 18:11:12,694 INFO [steady  19500] dt=2.189e-02  R_mom=5.197e-05  div*=2.59e-06  mg=2
2026-04-24 18:11:14,662 INFO [steady  19600] dt=2.189e-02  R_mom=4.700e-05  div*=2.36e-06  mg=2
2026-04-24 18:11:17,597 INFO [steady  19700] dt=2.189e-02  R_mom=4.465e-05  div*=3.79e-06  mg=2
2026-04-24 18:11:19,355 INFO [steady  19800] dt=2.189e-02  R_mom=4.746e-05  div*=2.71e-06  mg=2
2026-04-24 18:11:21,379 INFO [steady  19900] dt=2.189e-02  R_mom=4.668e-05  div*=2.27e-06  mg=2
2026-04-24 18:11:23,507 INFO steady did not converge within 20000 iters (last R_mom=4.187e-05)
2026-04-24 18:11:23,509 INFO solve done: iters=20000 converged=False elapsed=438.7s
2026-04-24 18:11:24,682 INFO residuals workbook written: sim_20260424_180404_66c2a0d5_residuals.xlsx
