2026-04-25 22:36:29,268 INFO simulation sim_20260425_223629_ad81a04a started; log=sim_20260425_223629_ad81a04a.log  residuals=sim_20260425_223629_ad81a04a_residuals.csv
2026-04-25 22:36:29,272 INFO solve start: grid=480x240 (20.000x10.000) mode=transient Re=2000.0  polygon=18 pts, solid_cells=2257 / 115200
2026-04-25 22:36:29,273 INFO   polygon bbox: x=[7.299,13.129] y=[4.029,6.415]
2026-04-25 22:36:29,275 INFO warm-start: steady phase
2026-04-25 22:36:29,294 INFO [steady      0] dt=2.083e-02  R_mom=2.588e+00  div*=1.20e+01  mg=1
2026-04-25 22:36:30,256 INFO [steady    100] dt=1.193e-02  R_mom=1.040e-01  div*=1.02e-01  mg=2
2026-04-25 22:36:31,285 INFO [steady    200] dt=1.236e-02  R_mom=9.947e-02  div*=3.91e-02  mg=2
2026-04-25 22:36:32,284 INFO [steady    300] dt=1.223e-02  R_mom=9.332e-02  div*=3.36e-02  mg=2
2026-04-25 22:36:33,278 INFO [steady    400] dt=1.213e-02  R_mom=8.848e-02  div*=3.32e-02  mg=2
2026-04-25 22:36:34,259 INFO [steady    500] dt=1.207e-02  R_mom=8.506e-02  div*=2.70e-02  mg=2
2026-04-25 22:36:35,249 INFO [steady    600] dt=1.201e-02  R_mom=8.048e-02  div*=2.77e-02  mg=2
2026-04-25 22:36:36,275 INFO [steady    700] dt=1.175e-02  R_mom=6.455e-02  div*=3.43e-02  mg=2
2026-04-25 22:36:37,269 INFO [steady    800] dt=1.138e-02  R_mom=5.799e-02  div*=3.95e-02  mg=1
2026-04-25 22:36:37,983 INFO [steady    900] dt=1.101e-02  R_mom=6.361e-02  div*=4.42e-02  mg=1
2026-04-25 22:36:38,687 INFO [steady   1000] dt=1.074e-02  R_mom=7.123e-02  div*=2.97e-02  mg=1
2026-04-25 22:36:39,694 INFO [steady   1100] dt=1.058e-02  R_mom=7.838e-02  div*=2.58e-02  mg=2
2026-04-25 22:36:40,655 INFO [steady   1200] dt=1.050e-02  R_mom=8.537e-02  div*=4.70e-02  mg=2
2026-04-25 22:36:41,592 INFO [steady   1300] dt=1.051e-02  R_mom=9.764e-02  div*=5.07e-02  mg=2
2026-04-25 22:36:42,619 INFO [steady   1400] dt=1.063e-02  R_mom=1.144e-01  div*=3.10e-02  mg=2
2026-04-25 22:36:43,555 INFO [steady   1500] dt=1.082e-02  R_mom=1.262e-01  div*=2.63e-02  mg=2
2026-04-25 22:36:44,477 INFO [steady   1600] dt=1.098e-02  R_mom=1.337e-01  div*=4.69e-02  mg=2
2026-04-25 22:36:45,460 INFO [steady   1700] dt=1.095e-02  R_mom=1.463e-01  div*=3.11e-02  mg=2
2026-04-25 22:36:46,433 INFO [steady   1800] dt=1.070e-02  R_mom=1.717e-01  div*=2.70e-02  mg=2
2026-04-25 22:36:47,362 INFO [steady   1900] dt=1.041e-02  R_mom=2.036e-01  div*=2.57e-02  mg=2
2026-04-25 22:36:48,288 INFO [steady   2000] dt=1.024e-02  R_mom=2.217e-01  div*=3.76e-02  mg=2
2026-04-25 22:36:49,360 INFO [steady   2100] dt=9.866e-03  R_mom=2.059e-01  div*=4.37e-02  mg=2
2026-04-25 22:36:50,307 INFO [steady   2200] dt=1.107e-02  R_mom=1.977e-01  div*=5.00e-02  mg=2
2026-04-25 22:36:51,223 INFO [steady   2300] dt=1.120e-02  R_mom=2.088e-01  div*=1.76e-02  mg=2
2026-04-25 22:36:52,189 INFO [steady   2400] dt=1.114e-02  R_mom=2.149e-01  div*=4.84e-02  mg=2
2026-04-25 22:36:53,147 INFO [steady   2500] dt=1.100e-02  R_mom=1.957e-01  div*=2.12e-02  mg=2
2026-04-25 22:36:54,084 INFO [steady   2600] dt=1.171e-02  R_mom=1.629e-01  div*=3.54e-02  mg=2
2026-04-25 22:36:55,022 INFO [steady   2700] dt=1.273e-02  R_mom=1.599e-01  div*=5.49e-02  mg=2
2026-04-25 22:36:55,962 INFO [steady   2800] dt=1.263e-02  R_mom=1.649e-01  div*=4.87e-02  mg=2
2026-04-25 22:36:56,920 INFO [steady   2900] dt=1.254e-02  R_mom=1.614e-01  div*=7.57e-02  mg=2
2026-04-25 22:36:57,852 INFO [steady   3000] dt=1.245e-02  R_mom=1.655e-01  div*=3.43e-02  mg=2
2026-04-25 22:36:58,829 INFO [steady   3100] dt=1.216e-02  R_mom=1.680e-01  div*=2.69e-02  mg=2
2026-04-25 22:36:59,740 INFO [steady   3200] dt=1.225e-02  R_mom=1.495e-01  div*=4.76e-02  mg=2
2026-04-25 22:37:00,735 INFO [steady   3300] dt=1.244e-02  R_mom=1.276e-01  div*=3.19e-02  mg=2
2026-04-25 22:37:01,665 INFO [steady   3400] dt=1.253e-02  R_mom=1.317e-01  div*=2.66e-02  mg=2
2026-04-25 22:37:02,616 INFO [steady   3500] dt=1.260e-02  R_mom=1.457e-01  div*=2.13e-02  mg=2
2026-04-25 22:37:03,521 INFO [steady   3600] dt=1.278e-02  R_mom=1.453e-01  div*=2.95e-02  mg=2
2026-04-25 22:37:04,460 INFO [steady   3700] dt=1.302e-02  R_mom=1.216e-01  div*=3.49e-02  mg=2
2026-04-25 22:37:05,440 INFO [steady   3800] dt=1.284e-02  R_mom=1.219e-01  div*=2.58e-02  mg=2
2026-04-25 22:37:06,406 INFO [steady   3900] dt=1.262e-02  R_mom=1.416e-01  div*=1.92e-02  mg=2
2026-04-25 22:37:07,345 INFO [steady   4000] dt=1.265e-02  R_mom=1.589e-01  div*=1.26e-02  mg=2
2026-04-25 22:37:08,299 INFO [steady   4100] dt=1.249e-02  R_mom=1.538e-01  div*=1.74e-02  mg=2
2026-04-25 22:37:09,283 INFO [steady   4200] dt=1.242e-02  R_mom=1.410e-01  div*=2.14e-02  mg=2
2026-04-25 22:37:10,230 INFO [steady   4300] dt=1.235e-02  R_mom=1.559e-01  div*=1.80e-02  mg=2
2026-04-25 22:37:11,193 INFO [steady   4400] dt=1.233e-02  R_mom=1.751e-01  div*=3.73e-02  mg=2
2026-04-25 22:37:12,131 INFO [steady   4500] dt=1.225e-02  R_mom=1.673e-01  div*=3.50e-02  mg=2
2026-04-25 22:37:13,091 INFO [steady   4600] dt=1.207e-02  R_mom=1.642e-01  div*=4.35e-02  mg=2
2026-04-25 22:37:14,019 INFO [steady   4700] dt=1.190e-02  R_mom=1.871e-01  div*=1.68e-02  mg=2
2026-04-25 22:37:15,015 INFO [steady   4800] dt=1.194e-02  R_mom=1.974e-01  div*=3.37e-02  mg=2
2026-04-25 22:37:15,980 INFO [steady   4900] dt=1.191e-02  R_mom=1.779e-01  div*=1.97e-02  mg=2
2026-04-25 22:37:16,915 INFO [steady   5000] dt=1.272e-02  R_mom=1.485e-01  div*=2.01e-02  mg=2
2026-04-25 22:37:17,885 INFO [steady   5100] dt=1.267e-02  R_mom=1.570e-01  div*=2.68e-02  mg=2
2026-04-25 22:37:18,819 INFO [steady   5200] dt=1.266e-02  R_mom=1.641e-01  div*=4.37e-02  mg=2
2026-04-25 22:37:19,735 INFO [steady   5300] dt=1.257e-02  R_mom=1.503e-01  div*=4.44e-02  mg=2
2026-04-25 22:37:20,760 INFO [steady   5400] dt=1.238e-02  R_mom=1.638e-01  div*=6.32e-02  mg=2
2026-04-25 22:37:21,736 INFO [steady   5500] dt=1.237e-02  R_mom=1.843e-01  div*=1.40e-02  mg=2
2026-04-25 22:37:22,681 INFO [steady   5600] dt=1.235e-02  R_mom=1.854e-01  div*=4.55e-02  mg=2
2026-04-25 22:37:23,609 INFO [steady   5700] dt=1.249e-02  R_mom=1.518e-01  div*=3.17e-02  mg=2
2026-04-25 22:37:24,587 INFO [steady   5800] dt=1.257e-02  R_mom=1.461e-01  div*=2.45e-02  mg=2
2026-04-25 22:37:25,538 INFO [steady   5900] dt=1.261e-02  R_mom=1.606e-01  div*=2.81e-02  mg=2
2026-04-25 22:37:26,503 INFO [steady   6000] dt=1.271e-02  R_mom=1.620e-01  div*=5.18e-02  mg=2
2026-04-25 22:37:27,457 INFO [steady   6100] dt=1.270e-02  R_mom=1.392e-01  div*=4.79e-02  mg=2
2026-04-25 22:37:28,391 INFO [steady   6200] dt=1.253e-02  R_mom=1.551e-01  div*=7.20e-02  mg=2
2026-04-25 22:37:29,371 INFO [steady   6300] dt=1.241e-02  R_mom=1.794e-01  div*=1.61e-02  mg=2
2026-04-25 22:37:30,321 INFO [steady   6400] dt=1.239e-02  R_mom=1.856e-01  div*=3.96e-02  mg=2
2026-04-25 22:37:31,265 INFO [steady   6500] dt=1.230e-02  R_mom=1.521e-01  div*=3.06e-02  mg=2
2026-04-25 22:37:32,185 INFO [steady   6600] dt=1.252e-02  R_mom=1.451e-01  div*=2.43e-02  mg=2
2026-04-25 22:37:33,165 INFO [steady   6700] dt=1.255e-02  R_mom=1.602e-01  div*=2.73e-02  mg=2
2026-04-25 22:37:34,139 INFO [steady   6800] dt=1.264e-02  R_mom=1.621e-01  div*=4.90e-02  mg=2
2026-04-25 22:37:35,082 INFO [steady   6900] dt=1.263e-02  R_mom=1.403e-01  div*=4.70e-02  mg=2
2026-04-25 22:37:36,018 INFO [steady   7000] dt=1.244e-02  R_mom=1.569e-01  div*=6.96e-02  mg=2
2026-04-25 22:37:37,043 INFO [steady   7100] dt=1.233e-02  R_mom=1.812e-01  div*=1.48e-02  mg=2
2026-04-25 22:37:37,971 INFO [steady   7200] dt=1.241e-02  R_mom=1.874e-01  div*=4.05e-02  mg=2
2026-04-25 22:37:38,922 INFO [steady   7300] dt=1.226e-02  R_mom=1.542e-01  div*=3.03e-02  mg=2
2026-04-25 22:37:39,801 INFO [steady   7400] dt=1.254e-02  R_mom=1.465e-01  div*=2.38e-02  mg=2
2026-04-25 22:37:40,769 INFO [steady   7500] dt=1.257e-02  R_mom=1.616e-01  div*=2.71e-02  mg=2
2026-04-25 22:37:41,665 INFO [steady   7600] dt=1.265e-02  R_mom=1.638e-01  div*=4.72e-02  mg=2
2026-04-25 22:37:42,578 INFO [steady   7700] dt=1.262e-02  R_mom=1.416e-01  div*=4.51e-02  mg=2
2026-04-25 22:37:43,627 INFO [steady   7800] dt=1.243e-02  R_mom=1.597e-01  div*=7.27e-02  mg=2
2026-04-25 22:37:44,686 INFO [steady   7900] dt=1.234e-02  R_mom=1.829e-01  div*=1.51e-02  mg=2
2026-04-25 22:37:45,703 INFO [steady   8000] dt=1.241e-02  R_mom=1.871e-01  div*=4.37e-02  mg=2
2026-04-25 22:37:46,752 INFO [steady   8100] dt=1.232e-02  R_mom=1.518e-01  div*=3.13e-02  mg=2
2026-04-25 22:37:47,727 INFO [steady   8200] dt=1.255e-02  R_mom=1.471e-01  div*=2.27e-02  mg=2
2026-04-25 22:37:48,698 INFO [steady   8300] dt=1.259e-02  R_mom=1.621e-01  div*=2.78e-02  mg=2
2026-04-25 22:37:49,704 INFO [steady   8400] dt=1.267e-02  R_mom=1.623e-01  div*=4.71e-02  mg=2
2026-04-25 22:37:50,603 INFO [steady   8500] dt=1.263e-02  R_mom=1.407e-01  div*=4.31e-02  mg=2
2026-04-25 22:37:51,498 INFO [steady   8600] dt=1.244e-02  R_mom=1.605e-01  div*=6.98e-02  mg=2
2026-04-25 22:37:52,400 INFO [steady   8700] dt=1.236e-02  R_mom=1.830e-01  div*=1.41e-02  mg=2
2026-04-25 22:37:53,349 INFO [steady   8800] dt=1.241e-02  R_mom=1.862e-01  div*=4.58e-02  mg=2
2026-04-25 22:37:54,280 INFO [steady   8900] dt=1.237e-02  R_mom=1.500e-01  div*=3.24e-02  mg=2
2026-04-25 22:37:55,207 INFO [steady   9000] dt=1.254e-02  R_mom=1.478e-01  div*=2.24e-02  mg=2
2026-04-25 22:37:56,100 INFO [steady   9100] dt=1.258e-02  R_mom=1.629e-01  div*=2.85e-02  mg=2
2026-04-25 22:37:57,027 INFO [steady   9200] dt=1.267e-02  R_mom=1.618e-01  div*=4.65e-02  mg=2
2026-04-25 22:37:57,914 INFO [steady   9300] dt=1.261e-02  R_mom=1.412e-01  div*=4.21e-02  mg=2
2026-04-25 22:37:58,796 INFO [steady   9400] dt=1.242e-02  R_mom=1.621e-01  div*=6.53e-02  mg=2
2026-04-25 22:37:59,701 INFO [steady   9500] dt=1.235e-02  R_mom=1.839e-01  div*=1.26e-02  mg=2
2026-04-25 22:38:00,682 INFO [steady   9600] dt=1.241e-02  R_mom=1.859e-01  div*=4.73e-02  mg=2
2026-04-25 22:38:01,603 INFO [steady   9700] dt=1.240e-02  R_mom=1.486e-01  div*=3.33e-02  mg=2
2026-04-25 22:38:02,529 INFO [steady   9800] dt=1.255e-02  R_mom=1.484e-01  div*=2.19e-02  mg=2
2026-04-25 22:38:03,408 INFO [steady   9900] dt=1.259e-02  R_mom=1.632e-01  div*=2.90e-02  mg=2
2026-04-25 22:38:04,297 INFO steady did not converge within 10000 iters (last R_mom=1.608e-01)
2026-04-25 22:38:04,297 INFO switching to physical-time integration
2026-04-25 22:38:05,242 INFO [trans  t=  0.761] dt=7.601e-03  R_mom=1.448e-01  div*=9.85e-03
2026-04-25 22:38:06,173 INFO [trans  t=  1.519] dt=7.553e-03  R_mom=1.435e-01  div*=1.06e-02
2026-04-25 22:38:07,088 INFO [trans  t=  2.270] dt=7.485e-03  R_mom=1.574e-01  div*=1.89e-02
2026-04-25 22:38:07,972 INFO [trans  t=  3.016] dt=7.443e-03  R_mom=1.734e-01  div*=7.80e-03
2026-04-25 22:38:08,916 INFO [trans  t=  3.760] dt=7.442e-03  R_mom=1.834e-01  div*=4.38e-03
2026-04-25 22:38:09,793 INFO [trans  t=  4.506] dt=7.443e-03  R_mom=1.863e-01  div*=1.17e-02
2026-04-25 22:38:10,683 INFO [trans  t=  5.250] dt=7.452e-03  R_mom=1.776e-01  div*=7.87e-03
2026-04-25 22:38:11,587 INFO [trans  t=  5.995] dt=7.435e-03  R_mom=1.513e-01  div*=9.11e-03
2026-04-25 22:38:12,527 INFO [trans  t=  6.745] dt=7.517e-03  R_mom=1.419e-01  div*=8.30e-03
2026-04-25 22:38:13,445 INFO [trans  t=  7.497] dt=7.520e-03  R_mom=1.483e-01  div*=7.05e-03
2026-04-25 22:38:14,346 INFO [trans  t=  8.249] dt=7.532e-03  R_mom=1.577e-01  div*=6.75e-03
2026-04-25 22:38:15,245 INFO [trans  t=  9.004] dt=7.560e-03  R_mom=1.641e-01  div*=9.11e-03
2026-04-25 22:38:16,139 INFO [trans  t=  9.762] dt=7.590e-03  R_mom=1.609e-01  div*=1.32e-02
2026-04-25 22:38:17,102 INFO [trans  t= 10.521] dt=7.596e-03  R_mom=1.461e-01  div*=1.15e-02
2026-04-25 22:38:18,052 INFO [trans  t= 11.279] dt=7.554e-03  R_mom=1.412e-01  div*=1.14e-02
2026-04-25 22:38:18,994 INFO [trans  t= 12.031] dt=7.488e-03  R_mom=1.533e-01  div*=1.49e-02
2026-04-25 22:38:19,944 INFO [trans  t= 12.777] dt=7.438e-03  R_mom=1.699e-01  div*=9.72e-03
2026-04-25 22:38:20,982 INFO [trans  t= 13.520] dt=7.428e-03  R_mom=1.818e-01  div*=3.25e-03
2026-04-25 22:38:21,972 INFO [trans  t= 14.264] dt=7.452e-03  R_mom=1.865e-01  div*=9.47e-03
2026-04-25 22:38:22,923 INFO [trans  t= 15.008] dt=7.441e-03  R_mom=1.818e-01  div*=7.29e-03
2026-04-25 22:38:23,937 INFO [trans  t= 15.754] dt=7.407e-03  R_mom=1.575e-01  div*=8.41e-03
2026-04-25 22:38:24,954 INFO [trans  t= 16.501] dt=7.515e-03  R_mom=1.433e-01  div*=8.59e-03
2026-04-25 22:38:25,917 INFO [trans  t= 17.253] dt=7.521e-03  R_mom=1.476e-01  div*=7.33e-03
2026-04-25 22:38:26,884 INFO [trans  t= 18.005] dt=7.525e-03  R_mom=1.568e-01  div*=6.51e-03
2026-04-25 22:38:27,826 INFO [trans  t= 18.759] dt=7.550e-03  R_mom=1.642e-01  div*=7.94e-03
2026-04-25 22:38:28,812 INFO [trans  t= 19.515] dt=7.580e-03  R_mom=1.639e-01  div*=1.36e-02
2026-04-25 22:38:29,757 INFO [trans  t= 20.274] dt=7.588e-03  R_mom=1.511e-01  div*=1.25e-02
2026-04-25 22:38:30,751 INFO [trans  t= 21.031] dt=7.555e-03  R_mom=1.419e-01  div*=1.07e-02
2026-04-25 22:38:31,782 INFO [trans  t= 21.784] dt=7.490e-03  R_mom=1.516e-01  div*=1.47e-02
2026-04-25 22:38:32,791 INFO [trans  t= 22.529] dt=7.432e-03  R_mom=1.680e-01  div*=1.23e-02
2026-04-25 22:38:33,782 INFO [trans  t= 23.271] dt=7.414e-03  R_mom=1.808e-01  div*=4.03e-03
2026-04-25 22:38:34,820 INFO [trans  t= 24.014] dt=7.441e-03  R_mom=1.867e-01  div*=8.32e-03
2026-04-25 22:38:35,820 INFO [trans  t= 24.758] dt=7.442e-03  R_mom=1.842e-01  div*=9.67e-03
2026-04-25 22:38:36,846 INFO [trans  t= 25.504] dt=7.428e-03  R_mom=1.624e-01  div*=7.82e-03
2026-04-25 22:38:37,828 INFO [trans  t= 26.249] dt=7.516e-03  R_mom=1.436e-01  div*=8.74e-03
2026-04-25 22:38:38,802 INFO [trans  t= 27.001] dt=7.525e-03  R_mom=1.453e-01  div*=7.47e-03
2026-04-25 22:38:39,772 INFO [trans  t= 27.753] dt=7.531e-03  R_mom=1.541e-01  div*=5.95e-03
2026-04-25 22:38:40,764 INFO [trans  t= 28.507] dt=7.553e-03  R_mom=1.621e-01  div*=7.43e-03
2026-04-25 22:38:41,728 INFO [trans  t= 29.264] dt=7.588e-03  R_mom=1.637e-01  div*=1.37e-02
2026-04-25 22:38:42,678 INFO [trans  t= 30.025] dt=7.610e-03  R_mom=1.526e-01  div*=1.26e-02
2026-04-25 22:38:43,616 INFO [trans  t= 30.785] dt=7.590e-03  R_mom=1.399e-01  div*=1.03e-02
2026-04-25 22:38:44,620 INFO [trans  t= 31.541] dt=7.532e-03  R_mom=1.467e-01  div*=1.51e-02
2026-04-25 22:38:45,577 INFO [trans  t= 32.291] dt=7.470e-03  R_mom=1.629e-01  div*=1.70e-02
2026-04-25 22:38:46,579 INFO [trans  t= 33.036] dt=7.441e-03  R_mom=1.773e-01  div*=5.11e-03
2026-04-25 22:38:47,552 INFO [trans  t= 33.781] dt=7.458e-03  R_mom=1.849e-01  div*=6.62e-03
2026-04-25 22:38:48,514 INFO [trans  t= 34.526] dt=7.436e-03  R_mom=1.848e-01  div*=1.77e-02
2026-04-25 22:38:49,507 INFO [trans  t= 35.271] dt=7.470e-03  R_mom=1.681e-01  div*=8.44e-03
2026-04-25 22:38:50,470 INFO [trans  t= 36.016] dt=7.507e-03  R_mom=1.456e-01  div*=8.72e-03
2026-04-25 22:38:51,431 INFO [trans  t= 36.768] dt=7.516e-03  R_mom=1.442e-01  div*=7.70e-03
2026-04-25 22:38:52,468 INFO [trans  t= 37.519] dt=7.519e-03  R_mom=1.526e-01  div*=6.38e-03
2026-04-25 22:38:53,443 INFO [trans  t= 38.272] dt=7.535e-03  R_mom=1.616e-01  div*=7.16e-03
2026-04-25 22:38:54,402 INFO [trans  t= 39.027] dt=7.567e-03  R_mom=1.654e-01  div*=1.25e-02
2026-04-25 22:38:55,339 INFO [trans  t= 39.785] dt=7.591e-03  R_mom=1.574e-01  div*=1.24e-02
2026-04-25 22:38:56,262 INFO [trans  t= 40.544] dt=7.579e-03  R_mom=1.426e-01  div*=8.92e-03
2026-04-25 22:38:57,249 INFO [trans  t= 41.300] dt=7.523e-03  R_mom=1.454e-01  div*=1.08e-02
2026-04-25 22:38:58,213 INFO [trans  t= 42.049] dt=7.459e-03  R_mom=1.605e-01  div*=1.97e-02
2026-04-25 22:38:59,133 INFO [trans  t= 42.792] dt=7.420e-03  R_mom=1.758e-01  div*=6.79e-03
2026-04-25 22:39:00,033 INFO [trans  t= 43.534] dt=7.427e-03  R_mom=1.848e-01  div*=5.23e-03
2026-04-25 22:39:01,022 INFO [trans  t= 44.279] dt=7.445e-03  R_mom=1.864e-01  div*=1.39e-02
2026-04-25 22:39:01,927 INFO [trans  t= 45.023] dt=7.466e-03  R_mom=1.744e-01  div*=8.19e-03
2026-04-25 22:39:02,846 INFO [trans  t= 45.767] dt=7.455e-03  R_mom=1.489e-01  div*=9.79e-03
2026-04-25 22:39:03,829 INFO [trans  t= 46.518] dt=7.521e-03  R_mom=1.430e-01  div*=7.93e-03
2026-04-25 22:39:04,787 INFO [trans  t= 47.270] dt=7.523e-03  R_mom=1.502e-01  div*=6.70e-03
2026-04-25 22:39:05,694 INFO [trans  t= 48.023] dt=7.540e-03  R_mom=1.592e-01  div*=6.84e-03
2026-04-25 22:39:06,657 INFO [trans  t= 48.779] dt=7.570e-03  R_mom=1.645e-01  div*=1.07e-02
2026-04-25 22:39:07,625 INFO [trans  t= 49.537] dt=7.601e-03  R_mom=1.592e-01  div*=1.29e-02
2026-04-25 22:39:08,595 INFO [trans  t= 50.298] dt=7.598e-03  R_mom=1.437e-01  div*=1.05e-02
2026-04-25 22:39:09,569 INFO [trans  t= 51.055] dt=7.552e-03  R_mom=1.425e-01  div*=1.07e-02
2026-04-25 22:39:10,527 INFO [trans  t= 51.807] dt=7.486e-03  R_mom=1.562e-01  div*=1.74e-02
2026-04-25 22:39:11,437 INFO [trans  t= 52.553] dt=7.441e-03  R_mom=1.724e-01  div*=7.79e-03
2026-04-25 22:39:12,350 INFO [trans  t= 53.297] dt=7.439e-03  R_mom=1.830e-01  div*=4.04e-03
2026-04-25 22:39:13,330 INFO [trans  t= 54.042] dt=7.445e-03  R_mom=1.863e-01  div*=1.11e-02
2026-04-25 22:39:14,242 INFO [trans  t= 54.786] dt=7.449e-03  R_mom=1.785e-01  div*=7.79e-03
2026-04-25 22:39:15,149 INFO [trans  t= 55.531] dt=7.424e-03  R_mom=1.528e-01  div*=9.30e-03
2026-04-25 22:39:16,065 INFO [trans  t= 56.280] dt=7.515e-03  R_mom=1.426e-01  div*=8.35e-03
2026-04-25 22:39:17,069 INFO [trans  t= 57.032] dt=7.518e-03  R_mom=1.486e-01  div*=7.08e-03
2026-04-25 22:39:17,994 INFO [trans  t= 57.784] dt=7.528e-03  R_mom=1.580e-01  div*=6.75e-03
2026-04-25 22:39:18,931 INFO [trans  t= 58.538] dt=7.555e-03  R_mom=1.647e-01  div*=8.67e-03
2026-04-25 22:39:19,892 INFO [trans  t= 59.296] dt=7.586e-03  R_mom=1.622e-01  div*=1.32e-02
2026-04-25 22:39:20,906 INFO [trans  t= 60.055] dt=7.593e-03  R_mom=1.476e-01  div*=1.18e-02
2026-04-25 22:39:21,838 INFO [trans  t= 60.813] dt=7.554e-03  R_mom=1.417e-01  div*=1.14e-02
2026-04-25 22:39:22,802 INFO [trans  t= 61.565] dt=7.487e-03  R_mom=1.534e-01  div*=1.44e-02
2026-04-25 22:39:23,719 INFO [trans  t= 62.311] dt=7.436e-03  R_mom=1.699e-01  div*=9.95e-03
2026-04-25 22:39:24,680 INFO [trans  t= 63.053] dt=7.422e-03  R_mom=1.818e-01  div*=3.29e-03
2026-04-25 22:39:25,634 INFO [trans  t= 63.797] dt=7.454e-03  R_mom=1.866e-01  div*=9.44e-03
2026-04-25 22:39:26,592 INFO [trans  t= 64.542] dt=7.446e-03  R_mom=1.822e-01  div*=7.17e-03
2026-04-25 22:39:27,515 INFO [trans  t= 65.287] dt=7.405e-03  R_mom=1.579e-01  div*=8.30e-03
2026-04-25 22:39:28,454 INFO [trans  t= 66.034] dt=7.517e-03  R_mom=1.427e-01  div*=8.52e-03
2026-04-25 22:39:29,436 INFO [trans  t= 66.786] dt=7.523e-03  R_mom=1.466e-01  div*=7.29e-03
2026-04-25 22:39:30,354 INFO [trans  t= 67.538] dt=7.528e-03  R_mom=1.557e-01  div*=6.24e-03
2026-04-25 22:39:31,286 INFO [trans  t= 68.292] dt=7.555e-03  R_mom=1.633e-01  div*=7.60e-03
2026-04-25 22:39:32,197 INFO [trans  t= 69.049] dt=7.588e-03  R_mom=1.632e-01  div*=1.34e-02
2026-04-25 22:39:33,196 INFO [trans  t= 69.809] dt=7.603e-03  R_mom=1.503e-01  div*=1.25e-02
2026-04-25 22:39:34,127 INFO [trans  t= 70.568] dt=7.574e-03  R_mom=1.404e-01  div*=1.04e-02
2026-04-25 22:39:35,051 INFO [trans  t= 71.323] dt=7.510e-03  R_mom=1.496e-01  div*=1.48e-02
2026-04-25 22:39:35,974 INFO [trans  t= 72.071] dt=7.452e-03  R_mom=1.661e-01  div*=1.36e-02
2026-04-25 22:39:36,946 INFO [trans  t= 72.814] dt=7.431e-03  R_mom=1.795e-01  div*=4.37e-03
2026-04-25 22:39:37,851 INFO [trans  t= 73.558] dt=7.455e-03  R_mom=1.859e-01  div*=7.95e-03
2026-04-25 22:39:38,811 INFO [trans  t= 74.303] dt=7.439e-03  R_mom=1.841e-01  div*=1.15e-02
2026-04-25 22:39:39,754 INFO [trans  t= 75.049] dt=7.458e-03  R_mom=1.636e-01  div*=7.45e-03
2026-04-25 22:39:40,735 INFO [trans  t= 75.794] dt=7.512e-03  R_mom=1.440e-01  div*=8.72e-03
2026-04-25 22:39:41,682 INFO [trans  t= 76.546] dt=7.520e-03  R_mom=1.451e-01  div*=7.44e-03
2026-04-25 22:39:42,646 INFO [trans  t= 77.298] dt=7.525e-03  R_mom=1.540e-01  div*=6.01e-03
2026-04-25 22:39:43,593 INFO [trans  t= 78.051] dt=7.544e-03  R_mom=1.624e-01  div*=7.35e-03
2026-04-25 22:39:44,567 INFO [trans  t= 78.807] dt=7.576e-03  R_mom=1.647e-01  div*=1.36e-02
2026-04-25 22:39:45,770 INFO [trans  t= 79.566] dt=7.597e-03  R_mom=1.545e-01  div*=1.25e-02
2026-04-25 22:39:46,891 INFO [trans  t= 80.325] dt=7.578e-03  R_mom=1.412e-01  div*=1.07e-02
2026-04-25 22:39:47,856 INFO [trans  t= 81.080] dt=7.519e-03  R_mom=1.471e-01  div*=1.47e-02
2026-04-25 22:39:48,858 INFO [trans  t= 81.829] dt=7.455e-03  R_mom=1.630e-01  div*=1.77e-02
2026-04-25 22:39:49,846 INFO [trans  t= 82.572] dt=7.424e-03  R_mom=1.776e-01  div*=5.44e-03
2026-04-25 22:39:50,856 INFO [trans  t= 83.315] dt=7.439e-03  R_mom=1.854e-01  div*=6.08e-03
2026-04-25 22:39:51,839 INFO [trans  t= 84.060] dt=7.441e-03  R_mom=1.856e-01  div*=1.67e-02
2026-04-25 22:39:52,887 INFO [trans  t= 84.805] dt=7.473e-03  R_mom=1.697e-01  div*=8.35e-03
2026-04-25 22:39:53,819 INFO [trans  t= 85.549] dt=7.512e-03  R_mom=1.463e-01  div*=8.45e-03
2026-04-25 22:39:54,780 INFO [trans  t= 86.301] dt=7.520e-03  R_mom=1.437e-01  div*=7.68e-03
2026-04-25 22:39:55,735 INFO [trans  t= 87.053] dt=7.524e-03  R_mom=1.518e-01  div*=6.51e-03
2026-04-25 22:39:56,732 INFO [trans  t= 87.806] dt=7.541e-03  R_mom=1.607e-01  div*=7.07e-03
2026-04-25 22:39:57,704 INFO [trans  t= 88.562] dt=7.573e-03  R_mom=1.647e-01  div*=1.22e-02
2026-04-25 22:39:58,739 INFO [trans  t= 89.321] dt=7.599e-03  R_mom=1.572e-01  div*=1.24e-02
2026-04-25 22:39:59,759 INFO [trans  t= 90.081] dt=7.590e-03  R_mom=1.421e-01  div*=9.02e-03
2026-04-25 22:40:00,865 INFO [trans  t= 90.837] dt=7.537e-03  R_mom=1.442e-01  div*=1.07e-02
2026-04-25 22:40:01,876 INFO [trans  t= 91.588] dt=7.472e-03  R_mom=1.591e-01  div*=1.97e-02
2026-04-25 22:40:02,920 INFO [trans  t= 92.333] dt=7.432e-03  R_mom=1.748e-01  div*=7.15e-03
2026-04-25 22:40:03,930 INFO [trans  t= 93.076] dt=7.438e-03  R_mom=1.841e-01  div*=4.74e-03
2026-04-25 22:40:04,984 INFO [trans  t= 93.821] dt=7.442e-03  R_mom=1.861e-01  div*=1.32e-02
2026-04-25 22:40:05,999 INFO [trans  t= 94.565] dt=7.459e-03  R_mom=1.752e-01  div*=8.07e-03
2026-04-25 22:40:06,968 INFO [trans  t= 95.309] dt=7.453e-03  R_mom=1.496e-01  div*=9.25e-03
2026-04-25 22:40:07,944 INFO [trans  t= 96.060] dt=7.518e-03  R_mom=1.429e-01  div*=8.12e-03
2026-04-25 22:40:08,984 INFO [trans  t= 96.812] dt=7.520e-03  R_mom=1.500e-01  div*=6.89e-03
2026-04-25 22:40:09,923 INFO [trans  t= 97.565] dt=7.535e-03  R_mom=1.592e-01  div*=6.84e-03
2026-04-25 22:40:10,856 INFO [trans  t= 98.319] dt=7.563e-03  R_mom=1.649e-01  div*=1.03e-02
2026-04-25 22:40:11,806 INFO [trans  t= 99.077] dt=7.593e-03  R_mom=1.603e-01  div*=1.29e-02
2026-04-25 22:40:12,788 INFO [trans  t= 99.837] dt=7.593e-03  R_mom=1.449e-01  div*=1.08e-02
2026-04-25 22:40:13,719 INFO [trans  t=100.594] dt=7.547e-03  R_mom=1.426e-01  div*=1.10e-02
2026-04-25 22:40:14,646 INFO [trans  t=101.346] dt=7.481e-03  R_mom=1.558e-01  div*=1.59e-02
2026-04-25 22:40:15,593 INFO [trans  t=102.091] dt=7.433e-03  R_mom=1.721e-01  div*=7.98e-03
2026-04-25 22:40:16,529 INFO [trans  t=102.834] dt=7.429e-03  R_mom=1.829e-01  div*=3.78e-03
2026-04-25 22:40:17,485 INFO [trans  t=103.578] dt=7.450e-03  R_mom=1.866e-01  div*=1.06e-02
2026-04-25 22:40:18,430 INFO [trans  t=104.322] dt=7.450e-03  R_mom=1.796e-01  div*=7.65e-03
2026-04-25 22:40:19,382 INFO [trans  t=105.067] dt=7.406e-03  R_mom=1.539e-01  div*=8.63e-03
2026-04-25 22:40:20,343 INFO [trans  t=105.816] dt=7.517e-03  R_mom=1.425e-01  div*=8.35e-03
2026-04-25 22:40:21,348 INFO [trans  t=106.568] dt=7.522e-03  R_mom=1.480e-01  div*=7.09e-03
2026-04-25 22:40:22,275 INFO [trans  t=107.320] dt=7.530e-03  R_mom=1.572e-01  div*=6.67e-03
2026-04-25 22:40:23,171 INFO [trans  t=108.075] dt=7.558e-03  R_mom=1.641e-01  div*=8.21e-03
2026-04-25 22:40:24,128 INFO [trans  t=108.832] dt=7.589e-03  R_mom=1.621e-01  div*=1.32e-02
2026-04-25 22:40:25,076 INFO [trans  t=109.592] dt=7.598e-03  R_mom=1.478e-01  div*=1.20e-02
2026-04-25 22:40:25,991 INFO [trans  t=110.351] dt=7.564e-03  R_mom=1.410e-01  div*=1.12e-02
2026-04-25 22:40:26,915 INFO [trans  t=111.104] dt=7.497e-03  R_mom=1.522e-01  div*=1.42e-02
2026-04-25 22:40:27,834 INFO [trans  t=111.850] dt=7.444e-03  R_mom=1.688e-01  div*=1.09e-02
2026-04-25 22:40:28,791 INFO [trans  t=112.594] dt=7.429e-03  R_mom=1.811e-01  div*=3.74e-03
2026-04-25 22:40:29,741 INFO [trans  t=113.338] dt=7.460e-03  R_mom=1.863e-01  div*=9.14e-03
2026-04-25 22:40:30,700 INFO [trans  t=114.082] dt=7.443e-03  R_mom=1.826e-01  div*=6.99e-03
2026-04-25 22:40:31,618 INFO [trans  t=114.828] dt=7.418e-03  R_mom=1.591e-01  div*=7.95e-03
2026-04-25 22:40:32,550 INFO [trans  t=115.575] dt=7.515e-03  R_mom=1.430e-01  div*=8.64e-03
2026-04-25 22:40:33,512 INFO [trans  t=116.326] dt=7.522e-03  R_mom=1.463e-01  div*=7.27e-03
2026-04-25 22:40:34,444 INFO [trans  t=117.079] dt=7.526e-03  R_mom=1.554e-01  div*=6.10e-03
2026-04-25 22:40:35,372 INFO [trans  t=117.832] dt=7.552e-03  R_mom=1.633e-01  div*=7.55e-03
2026-04-25 22:40:36,302 INFO [trans  t=118.589] dt=7.585e-03  R_mom=1.638e-01  div*=1.36e-02
2026-04-25 22:40:37,300 INFO [trans  t=119.348] dt=7.599e-03  R_mom=1.516e-01  div*=1.27e-02
2026-04-25 22:40:38,147 INFO solve done: iters=25986 converged=True elapsed=248.9s
2026-04-25 22:40:38,394 INFO payload: shipping 101/201 frames (stride=2), u+v only
2026-04-25 22:40:39,682 INFO residuals workbook written: sim_20260425_223629_ad81a04a_residuals.xlsx
