2026-04-24 22:37:41,643 INFO simulation sim_20260424_223741_e497d4d0 started; log=sim_20260424_223741_e497d4d0.log  residuals=sim_20260424_223741_e497d4d0_residuals.csv
2026-04-24 22:37:41,648 INFO solve start: grid=200x100 (20.000x10.000) mode=steady Re=100.0  polygon=13 pts, solid_cells=302 / 20000
2026-04-24 22:37:41,648 INFO   polygon bbox: x=[6.781,13.555] y=[4.130,6.881]
2026-04-24 22:37:45,055 INFO [steady      0] dt=5.000e-02  R_mom=7.443e-01  div*=5.00e+00  mg=1
2026-04-24 22:37:48,503 INFO [steady    100] dt=2.851e-02  R_mom=7.626e-02  div*=1.11e-01  mg=2
2026-04-24 22:37:52,978 INFO [steady    200] dt=2.775e-02  R_mom=6.716e-02  div*=2.16e-02  mg=2
2026-04-24 22:37:57,206 INFO [steady    300] dt=2.715e-02  R_mom=5.666e-02  div*=1.95e-02  mg=2
2026-04-24 22:38:00,135 INFO [steady    400] dt=2.679e-02  R_mom=4.323e-02  div*=2.29e-02  mg=2
2026-04-24 22:38:02,214 INFO [steady    500] dt=2.622e-02  R_mom=5.044e-02  div*=2.45e-02  mg=1
2026-04-24 22:38:04,322 INFO [steady    600] dt=2.575e-02  R_mom=5.911e-02  div*=4.00e-02  mg=1
2026-04-24 22:38:07,508 INFO [steady    700] dt=2.592e-02  R_mom=7.088e-02  div*=1.75e-02  mg=2
2026-04-24 22:38:10,507 INFO [steady    800] dt=2.691e-02  R_mom=7.995e-02  div*=8.60e-03  mg=2
2026-04-24 22:38:14,106 INFO [steady    900] dt=2.795e-02  R_mom=8.716e-02  div*=2.57e-02  mg=2
2026-04-24 22:38:16,785 INFO [steady   1000] dt=2.816e-02  R_mom=9.577e-02  div*=1.31e-02  mg=2
2026-04-24 22:38:20,619 INFO [steady   1100] dt=2.794e-02  R_mom=1.035e-01  div*=1.39e-02  mg=2
2026-04-24 22:38:23,803 INFO [steady   1200] dt=2.776e-02  R_mom=9.562e-02  div*=7.59e-03  mg=2
2026-04-24 22:38:27,355 INFO [steady   1300] dt=3.021e-02  R_mom=8.300e-02  div*=1.36e-02  mg=2
2026-04-24 22:38:30,071 INFO [steady   1400] dt=3.012e-02  R_mom=8.059e-02  div*=1.25e-02  mg=2
2026-04-24 22:38:32,478 INFO [steady   1500] dt=2.990e-02  R_mom=8.533e-02  div*=2.25e-02  mg=2
2026-04-24 22:38:34,183 INFO [steady   1600] dt=2.959e-02  R_mom=9.242e-02  div*=8.63e-03  mg=2
2026-04-24 22:38:36,669 INFO [steady   1700] dt=2.942e-02  R_mom=8.737e-02  div*=9.52e-03  mg=2
2026-04-24 22:38:39,534 INFO [steady   1800] dt=2.929e-02  R_mom=9.147e-02  div*=2.13e-02  mg=2
2026-04-24 22:38:42,107 INFO [steady   1900] dt=2.928e-02  R_mom=9.332e-02  div*=1.42e-02  mg=2
2026-04-24 22:38:44,163 INFO [steady   2000] dt=2.917e-02  R_mom=1.009e-01  div*=1.31e-02  mg=2
2026-04-24 22:38:46,843 INFO [steady   2100] dt=3.068e-02  R_mom=9.076e-02  div*=7.56e-03  mg=2
2026-04-24 22:38:48,622 INFO [steady   2200] dt=3.047e-02  R_mom=8.836e-02  div*=2.01e-02  mg=2
2026-04-24 22:38:50,810 INFO [steady   2300] dt=2.995e-02  R_mom=8.840e-02  div*=1.30e-02  mg=2
2026-04-24 22:38:52,939 INFO [steady   2400] dt=2.994e-02  R_mom=9.653e-02  div*=1.92e-02  mg=2
2026-04-24 22:38:55,455 INFO [steady   2500] dt=3.020e-02  R_mom=9.275e-02  div*=6.91e-03  mg=2
2026-04-24 22:38:58,383 INFO [steady   2600] dt=3.015e-02  R_mom=8.943e-02  div*=1.82e-02  mg=2
2026-04-24 22:39:00,912 INFO [steady   2700] dt=2.985e-02  R_mom=9.079e-02  div*=1.68e-02  mg=2
2026-04-24 22:39:02,823 INFO [steady   2800] dt=2.960e-02  R_mom=9.554e-02  div*=2.25e-02  mg=2
2026-04-24 22:39:04,707 INFO [steady   2900] dt=2.938e-02  R_mom=9.738e-02  div*=6.00e-03  mg=2
2026-04-24 22:39:06,647 INFO [steady   3000] dt=3.048e-02  R_mom=8.873e-02  div*=1.30e-02  mg=2
2026-04-24 22:39:08,513 INFO [steady   3100] dt=3.011e-02  R_mom=8.969e-02  div*=1.86e-02  mg=2
2026-04-24 22:39:10,763 INFO [steady   3200] dt=2.973e-02  R_mom=9.184e-02  div*=2.05e-02  mg=2
2026-04-24 22:39:13,016 INFO [steady   3300] dt=2.984e-02  R_mom=9.902e-02  div*=1.13e-02  mg=2
2026-04-24 22:39:15,477 INFO [steady   3400] dt=3.032e-02  R_mom=8.937e-02  div*=8.72e-03  mg=2
2026-04-24 22:39:17,455 INFO [steady   3500] dt=3.024e-02  R_mom=8.999e-02  div*=2.17e-02  mg=2
2026-04-24 22:39:19,306 INFO [steady   3600] dt=2.971e-02  R_mom=9.081e-02  div*=1.48e-02  mg=2
2026-04-24 22:39:21,645 INFO [steady   3700] dt=2.975e-02  R_mom=9.926e-02  div*=1.62e-02  mg=2
2026-04-24 22:39:24,443 INFO [steady   3800] dt=3.042e-02  R_mom=9.152e-02  div*=7.51e-03  mg=2
2026-04-24 22:39:27,041 INFO [steady   3900] dt=3.041e-02  R_mom=8.940e-02  div*=1.96e-02  mg=2
2026-04-24 22:39:28,973 INFO [steady   4000] dt=2.984e-02  R_mom=9.001e-02  div*=1.38e-02  mg=2
2026-04-24 22:39:31,346 INFO [steady   4100] dt=2.972e-02  R_mom=9.678e-02  div*=2.07e-02  mg=2
2026-04-24 22:39:33,469 INFO [steady   4200] dt=2.973e-02  R_mom=9.483e-02  div*=7.09e-03  mg=2
2026-04-24 22:39:35,949 INFO [steady   4300] dt=3.036e-02  R_mom=8.902e-02  div*=1.65e-02  mg=2
2026-04-24 22:39:38,306 INFO [steady   4400] dt=2.998e-02  R_mom=9.008e-02  div*=1.72e-02  mg=2
2026-04-24 22:39:40,317 INFO [steady   4500] dt=2.969e-02  R_mom=9.382e-02  div*=2.27e-02  mg=2
2026-04-24 22:39:42,782 INFO [steady   4600] dt=2.963e-02  R_mom=9.809e-02  div*=7.80e-03  mg=2
2026-04-24 22:39:44,529 INFO [steady   4700] dt=3.037e-02  R_mom=8.888e-02  div*=1.06e-02  mg=2
2026-04-24 22:39:46,896 INFO [steady   4800] dt=3.016e-02  R_mom=9.000e-02  div*=2.04e-02  mg=2
2026-04-24 22:39:49,123 INFO [steady   4900] dt=2.970e-02  R_mom=9.144e-02  div*=1.75e-02  mg=2
2026-04-24 22:39:52,470 INFO [steady   5000] dt=2.980e-02  R_mom=9.951e-02  div*=1.33e-02  mg=2
2026-04-24 22:39:55,804 INFO [steady   5100] dt=3.038e-02  R_mom=9.001e-02  div*=8.04e-03  mg=2
2026-04-24 22:39:58,144 INFO [steady   5200] dt=3.032e-02  R_mom=8.973e-02  div*=2.13e-02  mg=2
2026-04-24 22:40:00,538 INFO [steady   5300] dt=2.976e-02  R_mom=9.036e-02  div*=1.44e-02  mg=2
2026-04-24 22:40:03,088 INFO [steady   5400] dt=2.975e-02  R_mom=9.848e-02  div*=1.78e-02  mg=2
2026-04-24 22:40:06,008 INFO [steady   5500] dt=3.037e-02  R_mom=9.261e-02  div*=9.33e-03  mg=2
2026-04-24 22:40:08,112 INFO [steady   5600] dt=3.038e-02  R_mom=8.928e-02  div*=1.89e-02  mg=2
2026-04-24 22:40:10,357 INFO [steady   5700] dt=2.988e-02  R_mom=9.004e-02  div*=1.59e-02  mg=2
2026-04-24 22:40:12,373 INFO [steady   5800] dt=2.971e-02  R_mom=9.569e-02  div*=2.21e-02  mg=2
2026-04-24 22:40:14,976 INFO [steady   5900] dt=2.955e-02  R_mom=9.620e-02  div*=5.80e-03  mg=2
2026-04-24 22:40:18,524 INFO [steady   6000] dt=3.037e-02  R_mom=8.887e-02  div*=1.44e-02  mg=2
2026-04-24 22:40:21,823 INFO [steady   6100] dt=3.003e-02  R_mom=9.006e-02  div*=1.73e-02  mg=2
2026-04-24 22:40:24,297 INFO [steady   6200] dt=2.969e-02  R_mom=9.276e-02  div*=2.17e-02  mg=2
2026-04-24 22:40:26,622 INFO [steady   6300] dt=2.975e-02  R_mom=9.889e-02  div*=9.81e-03  mg=2
2026-04-24 22:40:30,737 INFO [steady   6400] dt=3.037e-02  R_mom=8.912e-02  div*=9.27e-03  mg=2
2026-04-24 22:40:33,829 INFO [steady   6500] dt=3.021e-02  R_mom=8.994e-02  div*=2.14e-02  mg=2
2026-04-24 22:40:35,808 INFO [steady   6600] dt=2.972e-02  R_mom=9.091e-02  div*=1.44e-02  mg=2
2026-04-24 22:40:38,708 INFO [steady   6700] dt=2.978e-02  R_mom=9.941e-02  div*=1.52e-02  mg=2
2026-04-24 22:40:41,250 INFO [steady   6800] dt=3.039e-02  R_mom=9.084e-02  div*=7.81e-03  mg=2
2026-04-24 22:40:43,783 INFO [steady   6900] dt=3.039e-02  R_mom=8.955e-02  div*=2.03e-02  mg=2
2026-04-24 22:40:45,843 INFO [steady   7000] dt=2.982e-02  R_mom=9.017e-02  div*=1.22e-02  mg=2
2026-04-24 22:40:48,165 INFO [steady   7100] dt=2.973e-02  R_mom=9.755e-02  div*=1.95e-02  mg=2
2026-04-24 22:40:50,850 INFO [steady   7200] dt=2.992e-02  R_mom=9.398e-02  div*=8.01e-03  mg=2
2026-04-24 22:40:53,672 INFO [steady   7300] dt=3.039e-02  R_mom=8.911e-02  div*=1.77e-02  mg=2
2026-04-24 22:40:55,827 INFO [steady   7400] dt=2.994e-02  R_mom=9.004e-02  div*=1.68e-02  mg=2
2026-04-24 22:40:57,621 INFO [steady   7500] dt=2.969e-02  R_mom=9.452e-02  div*=2.28e-02  mg=2
2026-04-24 22:41:00,347 INFO [steady   7600] dt=2.955e-02  R_mom=9.739e-02  div*=6.61e-03  mg=2
2026-04-24 22:41:03,313 INFO [steady   7700] dt=3.037e-02  R_mom=8.883e-02  div*=1.22e-02  mg=2
2026-04-24 22:41:05,333 INFO [steady   7800] dt=3.010e-02  R_mom=9.004e-02  div*=1.95e-02  mg=2
2026-04-24 22:41:08,106 INFO [steady   7900] dt=2.969e-02  R_mom=9.191e-02  div*=1.95e-02  mg=2
2026-04-24 22:41:10,441 INFO [steady   8000] dt=2.978e-02  R_mom=9.939e-02  div*=1.19e-02  mg=2
2026-04-24 22:41:12,182 INFO [steady   8100] dt=3.038e-02  R_mom=8.958e-02  div*=8.49e-03  mg=2
2026-04-24 22:41:13,878 INFO [steady   8200] dt=3.027e-02  R_mom=8.982e-02  div*=2.16e-02  mg=2
2026-04-24 22:41:15,805 INFO [steady   8300] dt=2.974e-02  R_mom=9.053e-02  div*=1.48e-02  mg=2
2026-04-24 22:41:17,112 INFO [steady   8400] dt=2.976e-02  R_mom=9.895e-02  div*=1.68e-02  mg=2
2026-04-24 22:41:19,119 INFO [steady   8500] dt=3.039e-02  R_mom=9.185e-02  div*=7.37e-03  mg=2
2026-04-24 22:41:20,982 INFO [steady   8600] dt=3.038e-02  R_mom=8.939e-02  div*=1.93e-02  mg=2
2026-04-24 22:41:22,898 INFO [steady   8700] dt=2.985e-02  R_mom=9.008e-02  div*=1.47e-02  mg=2
2026-04-24 22:41:24,619 INFO [steady   8800] dt=2.971e-02  R_mom=9.646e-02  div*=2.12e-02  mg=2
2026-04-24 22:41:26,361 INFO [steady   8900] dt=2.965e-02  R_mom=9.534e-02  div*=6.77e-03  mg=2
2026-04-24 22:41:28,159 INFO [steady   9000] dt=3.037e-02  R_mom=8.895e-02  div*=1.58e-02  mg=2
2026-04-24 22:41:30,249 INFO [steady   9100] dt=3.000e-02  R_mom=9.005e-02  div*=1.72e-02  mg=2
2026-04-24 22:41:31,977 INFO [steady   9200] dt=2.969e-02  R_mom=9.341e-02  div*=2.25e-02  mg=2
2026-04-24 22:41:33,226 INFO [steady   9300] dt=2.970e-02  R_mom=9.838e-02  div*=8.48e-03  mg=2
2026-04-24 22:41:34,778 INFO [steady   9400] dt=3.037e-02  R_mom=8.894e-02  div*=9.79e-03  mg=2
2026-04-24 22:41:36,372 INFO [steady   9500] dt=3.018e-02  R_mom=8.999e-02  div*=2.08e-02  mg=2
2026-04-24 22:41:37,891 INFO [steady   9600] dt=2.971e-02  R_mom=9.125e-02  div*=1.62e-02  mg=2
2026-04-24 22:41:39,451 INFO [steady   9700] dt=2.979e-02  R_mom=9.952e-02  div*=1.40e-02  mg=2
2026-04-24 22:41:41,057 INFO [steady   9800] dt=3.038e-02  R_mom=9.027e-02  div*=7.87e-03  mg=2
2026-04-24 22:41:42,678 INFO [steady   9900] dt=3.034e-02  R_mom=8.967e-02  div*=2.10e-02  mg=2
2026-04-24 22:41:44,152 INFO [steady  10000] dt=2.978e-02  R_mom=9.028e-02  div*=1.40e-02  mg=2
2026-04-24 22:41:45,723 INFO [steady  10100] dt=2.975e-02  R_mom=9.818e-02  div*=1.83e-02  mg=2
2026-04-24 22:41:48,146 INFO [steady  10200] dt=3.020e-02  R_mom=9.307e-02  div*=9.02e-03  mg=2
2026-04-24 22:41:49,454 INFO [steady  10300] dt=3.038e-02  R_mom=8.922e-02  div*=1.87e-02  mg=2
2026-04-24 22:41:51,026 INFO [steady  10400] dt=2.990e-02  R_mom=9.004e-02  div*=1.63e-02  mg=2
2026-04-24 22:41:52,781 INFO [steady  10500] dt=2.970e-02  R_mom=9.529e-02  div*=2.25e-02  mg=2
2026-04-24 22:41:54,210 INFO [steady  10600] dt=2.954e-02  R_mom=9.663e-02  div*=5.93e-03  mg=2
2026-04-24 22:41:55,584 INFO [steady  10700] dt=3.037e-02  R_mom=8.885e-02  div*=1.37e-02  mg=2
2026-04-24 22:41:57,114 INFO [steady  10800] dt=3.006e-02  R_mom=9.006e-02  div*=1.82e-02  mg=2
2026-04-24 22:41:58,850 INFO [steady  10900] dt=2.969e-02  R_mom=9.245e-02  div*=2.11e-02  mg=2
2026-04-24 22:42:00,826 INFO [steady  11000] dt=2.978e-02  R_mom=9.910e-02  div*=1.05e-02  mg=2
2026-04-24 22:42:02,442 INFO [steady  11100] dt=3.038e-02  R_mom=8.926e-02  div*=9.04e-03  mg=2
2026-04-24 22:42:04,415 INFO [steady  11200] dt=3.023e-02  R_mom=8.991e-02  div*=2.16e-02  mg=2
2026-04-24 22:42:06,154 INFO [steady  11300] dt=2.973e-02  R_mom=9.076e-02  div*=1.46e-02  mg=2
2026-04-24 22:42:08,185 INFO [steady  11400] dt=2.978e-02  R_mom=9.928e-02  div*=1.58e-02  mg=2
2026-04-24 22:42:09,838 INFO [steady  11500] dt=3.039e-02  R_mom=9.117e-02  div*=7.68e-03  mg=2
2026-04-24 22:42:11,663 INFO [steady  11600] dt=3.038e-02  R_mom=8.950e-02  div*=2.00e-02  mg=2
2026-04-24 22:42:13,463 INFO [steady  11700] dt=2.982e-02  R_mom=9.013e-02  div*=1.29e-02  mg=2
2026-04-24 22:42:15,637 INFO [steady  11800] dt=2.972e-02  R_mom=9.719e-02  div*=2.01e-02  mg=2
2026-04-24 22:42:17,467 INFO [steady  11900] dt=2.981e-02  R_mom=9.445e-02  div*=7.63e-03  mg=2
2026-04-24 22:42:18,980 INFO [steady  12000] dt=3.038e-02  R_mom=8.905e-02  div*=1.71e-02  mg=2
2026-04-24 22:42:21,085 INFO [steady  12100] dt=2.997e-02  R_mom=9.004e-02  div*=1.71e-02  mg=2
2026-04-24 22:42:22,257 INFO [steady  12200] dt=2.969e-02  R_mom=9.413e-02  div*=2.28e-02  mg=2
2026-04-24 22:42:23,697 INFO [steady  12300] dt=2.959e-02  R_mom=9.776e-02  div*=7.23e-03  mg=2
2026-04-24 22:42:25,323 INFO [steady  12400] dt=3.037e-02  R_mom=8.885e-02  div*=1.14e-02  mg=2
2026-04-24 22:42:27,131 INFO [steady  12500] dt=3.013e-02  R_mom=9.003e-02  div*=2.01e-02  mg=2
2026-04-24 22:42:28,949 INFO [steady  12600] dt=2.969e-02  R_mom=9.166e-02  div*=1.85e-02  mg=2
2026-04-24 22:42:30,419 INFO [steady  12700] dt=2.979e-02  R_mom=9.948e-02  div*=1.27e-02  mg=2
2026-04-24 22:42:31,727 INFO [steady  12800] dt=3.038e-02  R_mom=8.979e-02  div*=8.28e-03  mg=2
2026-04-24 22:42:33,279 INFO [steady  12900] dt=3.029e-02  R_mom=8.977e-02  div*=2.14e-02  mg=2
2026-04-24 22:42:34,684 INFO [steady  13000] dt=2.975e-02  R_mom=9.043e-02  div*=1.46e-02  mg=2
2026-04-24 22:42:36,252 INFO [steady  13100] dt=2.975e-02  R_mom=9.871e-02  div*=1.73e-02  mg=2
2026-04-24 22:42:37,768 INFO [steady  13200] dt=3.040e-02  R_mom=9.223e-02  div*=7.62e-03  mg=2
2026-04-24 22:42:39,329 INFO [steady  13300] dt=3.038e-02  R_mom=8.934e-02  div*=1.91e-02  mg=2
2026-04-24 22:42:40,553 INFO [steady  13400] dt=2.986e-02  R_mom=9.006e-02  div*=1.54e-02  mg=2
2026-04-24 22:42:42,131 INFO [steady  13500] dt=2.971e-02  R_mom=9.606e-02  div*=2.17e-02  mg=2
2026-04-24 22:42:43,512 INFO [steady  13600] dt=2.958e-02  R_mom=9.580e-02  div*=6.26e-03  mg=2
2026-04-24 22:42:44,750 INFO [steady  13700] dt=3.037e-02  R_mom=8.891e-02  div*=1.51e-02  mg=2
2026-04-24 22:42:46,572 INFO [steady  13800] dt=3.002e-02  R_mom=9.005e-02  div*=1.71e-02  mg=2
2026-04-24 22:42:49,242 INFO [steady  13900] dt=2.970e-02  R_mom=9.306e-02  div*=2.21e-02  mg=2
2026-04-24 22:42:51,295 INFO [steady  14000] dt=2.973e-02  R_mom=9.866e-02  div*=9.17e-03  mg=2
2026-04-24 22:42:53,910 INFO [steady  14100] dt=3.037e-02  R_mom=8.903e-02  div*=9.45e-03  mg=2
2026-04-24 22:42:56,462 INFO [steady  14200] dt=3.020e-02  R_mom=8.997e-02  div*=2.11e-02  mg=2
2026-04-24 22:42:58,463 INFO [steady  14300] dt=2.972e-02  R_mom=9.106e-02  div*=1.49e-02  mg=2
2026-04-24 22:43:00,123 INFO [steady  14400] dt=2.978e-02  R_mom=9.948e-02  div*=1.46e-02  mg=2
2026-04-24 22:43:02,127 INFO [steady  14500] dt=3.038e-02  R_mom=9.056e-02  div*=7.85e-03  mg=2
2026-04-24 22:43:04,036 INFO [steady  14600] dt=3.037e-02  R_mom=8.961e-02  div*=2.06e-02  mg=2
2026-04-24 22:43:06,155 INFO [steady  14700] dt=2.979e-02  R_mom=9.021e-02  div*=1.32e-02  mg=2
2026-04-24 22:43:08,123 INFO [steady  14800] dt=2.974e-02  R_mom=9.786e-02  div*=1.89e-02  mg=2
2026-04-24 22:43:10,046 INFO [steady  14900] dt=3.004e-02  R_mom=9.355e-02  div*=8.43e-03  mg=2
2026-04-24 22:43:11,796 INFO [steady  15000] dt=3.038e-02  R_mom=8.916e-02  div*=1.81e-02  mg=2
2026-04-24 22:43:13,528 INFO [steady  15100] dt=2.992e-02  R_mom=9.004e-02  div*=1.65e-02  mg=2
2026-04-24 22:43:16,143 INFO [steady  15200] dt=2.969e-02  R_mom=9.488e-02  div*=2.27e-02  mg=2
2026-04-24 22:43:18,407 INFO [steady  15300] dt=2.953e-02  R_mom=9.704e-02  div*=6.08e-03  mg=2
2026-04-24 22:43:20,116 INFO [steady  15400] dt=3.037e-02  R_mom=8.883e-02  div*=1.29e-02  mg=2
2026-04-24 22:43:22,036 INFO [steady  15500] dt=3.008e-02  R_mom=9.005e-02  div*=1.89e-02  mg=2
2026-04-24 22:43:24,278 INFO [steady  15600] dt=2.969e-02  R_mom=9.216e-02  div*=2.03e-02  mg=2
2026-04-24 22:43:27,392 INFO [steady  15700] dt=2.978e-02  R_mom=9.927e-02  div*=1.13e-02  mg=2
2026-04-24 22:43:30,551 INFO [steady  15800] dt=3.038e-02  R_mom=8.942e-02  div*=8.77e-03  mg=2
2026-04-24 22:43:32,144 INFO [steady  15900] dt=3.025e-02  R_mom=8.986e-02  div*=2.16e-02  mg=2
2026-04-24 22:43:33,605 INFO [steady  16000] dt=2.973e-02  R_mom=9.063e-02  div*=1.48e-02  mg=2
2026-04-24 22:43:35,128 INFO [steady  16100] dt=2.977e-02  R_mom=9.912e-02  div*=1.63e-02  mg=2
2026-04-24 22:43:36,485 INFO [steady  16200] dt=3.039e-02  R_mom=9.152e-02  div*=7.49e-03  mg=2
2026-04-24 22:43:38,136 INFO [steady  16300] dt=3.038e-02  R_mom=8.945e-02  div*=1.96e-02  mg=2
2026-04-24 22:43:39,978 INFO [steady  16400] dt=2.983e-02  R_mom=9.010e-02  div*=1.39e-02  mg=2
2026-04-24 22:43:41,678 INFO [steady  16500] dt=2.971e-02  R_mom=9.681e-02  div*=2.07e-02  mg=2
2026-04-24 22:43:43,434 INFO [steady  16600] dt=2.971e-02  R_mom=9.492e-02  div*=7.04e-03  mg=2
2026-04-24 22:43:44,993 INFO [steady  16700] dt=3.038e-02  R_mom=8.900e-02  div*=1.64e-02  mg=2
2026-04-24 22:43:46,811 INFO [steady  16800] dt=2.999e-02  R_mom=9.004e-02  div*=1.72e-02  mg=2
2026-04-24 22:43:48,274 INFO [steady  16900] dt=2.969e-02  R_mom=9.375e-02  div*=2.27e-02  mg=2
2026-04-24 22:43:49,467 INFO [steady  17000] dt=2.964e-02  R_mom=9.810e-02  div*=7.87e-03  mg=2
2026-04-24 22:43:51,148 INFO [steady  17100] dt=3.037e-02  R_mom=8.889e-02  div*=1.05e-02  mg=2
2026-04-24 22:43:52,550 INFO [steady  17200] dt=3.016e-02  R_mom=9.001e-02  div*=2.05e-02  mg=2
2026-04-24 22:43:53,931 INFO [steady  17300] dt=2.970e-02  R_mom=9.143e-02  div*=1.74e-02  mg=2
2026-04-24 22:43:55,690 INFO [steady  17400] dt=2.980e-02  R_mom=9.952e-02  div*=1.34e-02  mg=2
2026-04-24 22:43:57,208 INFO [steady  17500] dt=3.038e-02  R_mom=9.003e-02  div*=8.01e-03  mg=2
2026-04-24 22:43:58,621 INFO [steady  17600] dt=3.032e-02  R_mom=8.972e-02  div*=2.12e-02  mg=2
2026-04-24 22:44:00,653 INFO [steady  17700] dt=2.977e-02  R_mom=9.034e-02  div*=1.43e-02  mg=2
2026-04-24 22:44:02,856 INFO [steady  17800] dt=2.975e-02  R_mom=9.845e-02  div*=1.78e-02  mg=2
2026-04-24 22:44:04,346 INFO [steady  17900] dt=3.036e-02  R_mom=9.265e-02  div*=9.29e-03  mg=2
2026-04-24 22:44:06,097 INFO [steady  18000] dt=3.038e-02  R_mom=8.928e-02  div*=1.89e-02  mg=2
2026-04-24 22:44:07,998 INFO [steady  18100] dt=2.988e-02  R_mom=9.005e-02  div*=1.60e-02  mg=2
2026-04-24 22:44:10,420 INFO [steady  18200] dt=2.971e-02  R_mom=9.565e-02  div*=2.21e-02  mg=2
2026-04-24 22:44:12,430 INFO [steady  18300] dt=2.955e-02  R_mom=9.624e-02  div*=5.81e-03  mg=2
2026-04-24 22:44:14,962 INFO [steady  18400] dt=3.037e-02  R_mom=8.887e-02  div*=1.44e-02  mg=2
2026-04-24 22:44:18,691 INFO [steady  18500] dt=3.004e-02  R_mom=9.006e-02  div*=1.74e-02  mg=2
2026-04-24 22:44:20,947 INFO [steady  18600] dt=2.969e-02  R_mom=9.273e-02  div*=2.16e-02  mg=2
2026-04-24 22:44:22,832 INFO [steady  18700] dt=2.975e-02  R_mom=9.891e-02  div*=9.88e-03  mg=2
2026-04-24 22:44:24,798 INFO [steady  18800] dt=3.037e-02  R_mom=8.914e-02  div*=9.23e-03  mg=2
2026-04-24 22:44:26,637 INFO [steady  18900] dt=3.021e-02  R_mom=8.994e-02  div*=2.14e-02  mg=2
2026-04-24 22:44:28,480 INFO [steady  19000] dt=2.972e-02  R_mom=9.089e-02  div*=1.44e-02  mg=2
2026-04-24 22:44:29,932 INFO [steady  19100] dt=2.978e-02  R_mom=9.940e-02  div*=1.52e-02  mg=2
2026-04-24 22:44:31,423 INFO [steady  19200] dt=3.039e-02  R_mom=9.087e-02  div*=7.79e-03  mg=2
2026-04-24 22:44:33,216 INFO [steady  19300] dt=3.039e-02  R_mom=8.955e-02  div*=2.03e-02  mg=2
2026-04-24 22:44:34,595 INFO [steady  19400] dt=2.982e-02  R_mom=9.016e-02  div*=1.22e-02  mg=2
2026-04-24 22:44:36,445 INFO [steady  19500] dt=2.973e-02  R_mom=9.752e-02  div*=1.96e-02  mg=2
2026-04-24 22:44:37,781 INFO [steady  19600] dt=2.991e-02  R_mom=9.402e-02  div*=7.98e-03  mg=2
2026-04-24 22:44:39,146 INFO [steady  19700] dt=3.039e-02  R_mom=8.910e-02  div*=1.76e-02  mg=2
2026-04-24 22:44:40,852 INFO [steady  19800] dt=2.994e-02  R_mom=9.004e-02  div*=1.69e-02  mg=2
2026-04-24 22:44:42,334 INFO [steady  19900] dt=2.969e-02  R_mom=9.448e-02  div*=2.28e-02  mg=2
2026-04-24 22:44:43,972 INFO steady did not converge within 20000 iters (last R_mom=9.754e-02)
2026-04-24 22:44:43,976 INFO solve done: iters=20000 converged=False elapsed=422.3s
2026-04-24 22:44:44,948 INFO residuals workbook written: sim_20260424_223741_e497d4d0_residuals.xlsx
