2026-04-25 23:46:00,099 INFO simulation sim_20260425_234600_c909db11 started; log=sim_20260425_234600_c909db11.log  residuals=sim_20260425_234600_c909db11_residuals.csv
2026-04-25 23:46:00,102 INFO solve start: grid=200x100 (20.000x10.000) mode=transient Re=100.0  polygon=60 pts, solid_cells=1084 / 20000
2026-04-25 23:46:00,103 INFO   polygon bbox: x=[6.170,14.350] y=[4.065,8.574]
2026-04-25 23:46:00,105 INFO warm-start: steady phase
2026-04-25 23:46:00,117 INFO [steady      0] dt=5.000e-02  R_mom=1.590e+00  div*=5.00e+00  mg=1
2026-04-25 23:46:00,653 INFO [steady    100] dt=1.918e-02  R_mom=1.770e-01  div*=2.82e-01  mg=2
2026-04-25 23:46:01,204 INFO [steady    200] dt=1.807e-02  R_mom=1.650e-01  div*=2.59e-02  mg=2
2026-04-25 23:46:01,767 INFO [steady    300] dt=1.765e-02  R_mom=1.216e-01  div*=1.67e-02  mg=3
2026-04-25 23:46:02,263 INFO [steady    400] dt=2.069e-02  R_mom=7.227e-02  div*=1.05e-02  mg=2
2026-04-25 23:46:02,718 INFO [steady    500] dt=2.070e-02  R_mom=7.319e-02  div*=1.22e-02  mg=2
2026-04-25 23:46:03,168 INFO [steady    600] dt=1.989e-02  R_mom=8.300e-02  div*=1.75e-02  mg=2
2026-04-25 23:46:03,643 INFO [steady    700] dt=1.930e-02  R_mom=8.764e-02  div*=1.82e-02  mg=2
2026-04-25 23:46:04,216 INFO [steady    800] dt=1.910e-02  R_mom=8.373e-02  div*=2.87e-02  mg=2
2026-04-25 23:46:04,745 INFO [steady    900] dt=1.874e-02  R_mom=7.529e-02  div*=1.40e-02  mg=2
2026-04-25 23:46:05,264 INFO [steady   1000] dt=1.750e-02  R_mom=6.341e-02  div*=1.04e-02  mg=2
2026-04-25 23:46:05,764 INFO [steady   1100] dt=1.733e-02  R_mom=4.604e-02  div*=1.04e-02  mg=2
2026-04-25 23:46:06,156 INFO [steady   1200] dt=1.715e-02  R_mom=2.562e-02  div*=7.31e-03  mg=2
2026-04-25 23:46:06,509 INFO [steady   1300] dt=1.844e-02  R_mom=2.174e-02  div*=6.72e-03  mg=1
2026-04-25 23:46:06,972 INFO [steady   1400] dt=1.853e-02  R_mom=1.992e-02  div*=5.78e-03  mg=2
2026-04-25 23:46:07,473 INFO [steady   1500] dt=1.876e-02  R_mom=1.653e-02  div*=6.80e-03  mg=2
2026-04-25 23:46:07,805 INFO [steady   1600] dt=1.898e-02  R_mom=1.322e-02  div*=5.34e-03  mg=1
2026-04-25 23:46:08,274 INFO [steady   1700] dt=1.880e-02  R_mom=1.307e-02  div*=2.42e-03  mg=2
2026-04-25 23:46:08,789 INFO [steady   1800] dt=1.884e-02  R_mom=1.351e-02  div*=3.07e-03  mg=2
2026-04-25 23:46:09,161 INFO [steady   1900] dt=1.942e-02  R_mom=1.148e-02  div*=3.42e-03  mg=1
2026-04-25 23:46:09,580 INFO [steady   2000] dt=2.007e-02  R_mom=7.828e-03  div*=1.73e-03  mg=2
2026-04-25 23:46:10,125 INFO [steady   2100] dt=2.055e-02  R_mom=5.322e-03  div*=3.44e-03  mg=1
2026-04-25 23:46:10,453 INFO [steady   2200] dt=2.059e-02  R_mom=4.559e-03  div*=2.91e-03  mg=1
2026-04-25 23:46:10,978 INFO [steady   2300] dt=2.034e-02  R_mom=4.225e-03  div*=8.31e-04  mg=2
2026-04-25 23:46:11,527 INFO [steady   2400] dt=2.034e-02  R_mom=4.134e-03  div*=1.37e-03  mg=2
2026-04-25 23:46:11,870 INFO [steady   2500] dt=2.057e-02  R_mom=3.677e-03  div*=1.58e-03  mg=1
2026-04-25 23:46:12,198 INFO [steady   2600] dt=2.080e-02  R_mom=2.813e-03  div*=1.07e-03  mg=2
2026-04-25 23:46:12,718 INFO [steady   2700] dt=2.096e-02  R_mom=2.106e-03  div*=1.09e-03  mg=2
2026-04-25 23:46:13,125 INFO [steady   2800] dt=2.095e-02  R_mom=1.976e-03  div*=1.15e-03  mg=1
2026-04-25 23:46:13,649 INFO [steady   2900] dt=2.083e-02  R_mom=1.760e-03  div*=5.15e-04  mg=2
2026-04-25 23:46:14,157 INFO [steady   3000] dt=2.078e-02  R_mom=1.631e-03  div*=5.44e-04  mg=2
2026-04-25 23:46:14,598 INFO [steady   3100] dt=2.086e-02  R_mom=1.458e-03  div*=6.52e-04  mg=1
2026-04-25 23:46:14,965 INFO [steady   3200] dt=2.096e-02  R_mom=1.100e-03  div*=4.53e-04  mg=2
2026-04-25 23:46:15,061 INFO steady converged @ 3216 iters  R_mom=1.045e-03 / R0=1.048e+00
2026-04-25 23:46:15,064 INFO switching to physical-time integration
2026-04-25 23:46:15,578 INFO [trans  t=  1.260] dt=1.261e-02  R_mom=9.289e-04  div*=9.69e-05
2026-04-25 23:46:16,146 INFO [trans  t=  2.521] dt=1.261e-02  R_mom=8.718e-04  div*=1.26e-04
2026-04-25 23:46:16,506 INFO [trans  t=  3.782] dt=1.261e-02  R_mom=8.842e-04  div*=1.20e-04
2026-04-25 23:46:16,943 INFO [trans  t=  5.042] dt=1.259e-02  R_mom=8.680e-04  div*=1.05e-04
2026-04-25 23:46:17,488 INFO [trans  t=  6.300] dt=1.257e-02  R_mom=8.222e-04  div*=4.12e-05
2026-04-25 23:46:18,005 INFO [trans  t=  7.557] dt=1.257e-02  R_mom=7.961e-04  div*=7.10e-05
2026-04-25 23:46:18,333 INFO [trans  t=  8.814] dt=1.258e-02  R_mom=7.832e-04  div*=8.74e-05
2026-04-25 23:46:18,660 INFO [trans  t= 10.072] dt=1.259e-02  R_mom=7.061e-04  div*=8.10e-05
2026-04-25 23:46:19,066 INFO [trans  t= 11.332] dt=1.261e-02  R_mom=5.437e-04  div*=5.09e-05
2026-04-25 23:46:19,596 INFO [trans  t= 12.593] dt=1.262e-02  R_mom=4.425e-04  div*=2.93e-05
2026-04-25 23:46:20,053 INFO [trans  t= 13.856] dt=1.263e-02  R_mom=4.085e-04  div*=4.64e-05
2026-04-25 23:46:20,421 INFO [trans  t= 15.118] dt=1.262e-02  R_mom=3.911e-04  div*=4.97e-05
2026-04-25 23:46:20,761 INFO [trans  t= 16.380] dt=1.262e-02  R_mom=3.844e-04  div*=4.43e-05
2026-04-25 23:46:21,106 INFO [trans  t= 17.642] dt=1.262e-02  R_mom=3.966e-04  div*=2.81e-05
2026-04-25 23:46:21,592 INFO [trans  t= 18.903] dt=1.261e-02  R_mom=4.063e-04  div*=1.68e-05
2026-04-25 23:46:21,960 INFO [trans  t= 20.164] dt=1.261e-02  R_mom=4.064e-04  div*=2.80e-05
2026-04-25 23:46:22,289 INFO [trans  t= 21.425] dt=1.261e-02  R_mom=3.967e-04  div*=2.93e-05
2026-04-25 23:46:22,634 INFO [trans  t= 22.687] dt=1.262e-02  R_mom=3.665e-04  div*=2.68e-05
2026-04-25 23:46:22,991 INFO [trans  t= 23.949] dt=1.263e-02  R_mom=3.164e-04  div*=1.57e-05
2026-04-25 23:46:23,457 INFO [trans  t= 25.213] dt=1.263e-02  R_mom=2.695e-04  div*=1.16e-05
2026-04-25 23:46:23,933 INFO [trans  t= 26.476] dt=1.264e-02  R_mom=2.494e-04  div*=1.77e-05
2026-04-25 23:46:24,265 INFO [trans  t= 27.739] dt=1.263e-02  R_mom=2.460e-04  div*=1.78e-05
2026-04-25 23:46:24,616 INFO [trans  t= 29.003] dt=1.263e-02  R_mom=2.417e-04  div*=1.53e-05
2026-04-25 23:46:24,976 INFO [trans  t= 30.266] dt=1.263e-02  R_mom=2.362e-04  div*=8.61e-06
2026-04-25 23:46:25,328 INFO [trans  t= 31.529] dt=1.263e-02  R_mom=2.314e-04  div*=6.96e-06
2026-04-25 23:46:25,674 INFO [trans  t= 32.792] dt=1.263e-02  R_mom=2.248e-04  div*=1.06e-05
2026-04-25 23:46:25,998 INFO [trans  t= 34.055] dt=1.263e-02  R_mom=2.141e-04  div*=1.07e-05
2026-04-25 23:46:26,277 INFO [trans  t= 35.319] dt=1.264e-02  R_mom=1.992e-04  div*=9.80e-06
2026-04-25 23:46:26,623 INFO [trans  t= 36.582] dt=1.264e-02  R_mom=1.834e-04  div*=6.92e-06
2026-04-25 23:46:26,970 INFO [trans  t= 37.846] dt=1.264e-02  R_mom=1.706e-04  div*=5.82e-06
2026-04-25 23:46:27,313 INFO [trans  t= 39.111] dt=1.264e-02  R_mom=1.629e-04  div*=7.24e-06
2026-04-25 23:46:27,663 INFO [trans  t= 40.375] dt=1.264e-02  R_mom=1.592e-04  div*=6.81e-06
2026-04-25 23:46:28,034 INFO [trans  t= 41.639] dt=1.264e-02  R_mom=1.569e-04  div*=5.65e-06
2026-04-25 23:46:28,375 INFO [trans  t= 42.903] dt=1.264e-02  R_mom=1.545e-04  div*=4.67e-06
2026-04-25 23:46:28,742 INFO [trans  t= 44.167] dt=1.264e-02  R_mom=1.512e-04  div*=5.07e-06
2026-04-25 23:46:29,059 INFO [trans  t= 45.431] dt=1.264e-02  R_mom=1.464e-04  div*=5.34e-06
2026-04-25 23:46:29,414 INFO [trans  t= 46.695] dt=1.264e-02  R_mom=1.395e-04  div*=5.33e-06
2026-04-25 23:46:29,743 INFO [trans  t= 47.960] dt=1.264e-02  R_mom=1.313e-04  div*=5.05e-06
2026-04-25 23:46:30,054 INFO [trans  t= 49.224] dt=1.265e-02  R_mom=1.234e-04  div*=4.60e-06
2026-04-25 23:46:30,366 INFO [trans  t= 50.489] dt=1.265e-02  R_mom=1.172e-04  div*=4.11e-06
2026-04-25 23:46:30,684 INFO [trans  t= 51.753] dt=1.265e-02  R_mom=1.130e-04  div*=3.73e-06
2026-04-25 23:46:31,017 INFO [trans  t= 53.018] dt=1.265e-02  R_mom=1.100e-04  div*=3.53e-06
2026-04-25 23:46:31,351 INFO [trans  t= 54.282] dt=1.265e-02  R_mom=1.076e-04  div*=3.51e-06
2026-04-25 23:46:31,697 INFO [trans  t= 55.547] dt=1.265e-02  R_mom=1.050e-04  div*=3.59e-06
2026-04-25 23:46:32,007 INFO [trans  t= 56.812] dt=1.265e-02  R_mom=1.020e-04  div*=3.67e-06
2026-04-25 23:46:32,332 INFO [trans  t= 58.076] dt=1.265e-02  R_mom=9.839e-05  div*=3.71e-06
2026-04-25 23:46:32,601 INFO [trans  t= 59.341] dt=1.265e-02  R_mom=9.416e-05  div*=3.65e-06
2026-04-25 23:46:32,886 INFO [trans  t= 60.606] dt=1.265e-02  R_mom=8.968e-05  div*=3.48e-06
2026-04-25 23:46:33,180 INFO [trans  t= 61.871] dt=1.265e-02  R_mom=8.548e-05  div*=3.25e-06
2026-04-25 23:46:33,513 INFO [trans  t= 63.136] dt=1.265e-02  R_mom=8.196e-05  div*=3.02e-06
2026-04-25 23:46:33,846 INFO [trans  t= 64.401] dt=1.265e-02  R_mom=7.916e-05  div*=2.84e-06
2026-04-25 23:46:34,130 INFO [trans  t= 65.666] dt=1.265e-02  R_mom=7.685e-05  div*=2.74e-06
2026-04-25 23:46:34,446 INFO [trans  t= 66.931] dt=1.265e-02  R_mom=7.474e-05  div*=2.70e-06
2026-04-25 23:46:34,779 INFO [trans  t= 68.196] dt=1.265e-02  R_mom=7.259e-05  div*=2.69e-06
2026-04-25 23:46:35,096 INFO [trans  t= 69.461] dt=1.265e-02  R_mom=7.028e-05  div*=2.69e-06
2026-04-25 23:46:35,420 INFO [trans  t= 70.726] dt=1.265e-02  R_mom=6.775e-05  div*=2.66e-06
2026-04-25 23:46:35,737 INFO [trans  t= 71.991] dt=1.265e-02  R_mom=6.506e-05  div*=2.59e-06
2026-04-25 23:46:36,068 INFO [trans  t= 73.256] dt=1.265e-02  R_mom=6.238e-05  div*=2.48e-06
2026-04-25 23:46:36,426 INFO [trans  t= 74.521] dt=1.265e-02  R_mom=5.988e-05  div*=2.35e-06
2026-04-25 23:46:36,741 INFO [trans  t= 75.786] dt=1.265e-02  R_mom=5.768e-05  div*=2.23e-06
2026-04-25 23:46:37,074 INFO [trans  t= 77.052] dt=1.265e-02  R_mom=5.577e-05  div*=2.14e-06
2026-04-25 23:46:37,439 INFO [trans  t= 78.317] dt=1.265e-02  R_mom=5.405e-05  div*=2.07e-06
2026-04-25 23:46:37,815 INFO [trans  t= 79.582] dt=1.265e-02  R_mom=5.243e-05  div*=2.03e-06
2026-04-25 23:46:38,138 INFO [trans  t= 80.847] dt=1.265e-02  R_mom=5.081e-05  div*=2.00e-06
2026-04-25 23:46:38,494 INFO [trans  t= 82.113] dt=1.265e-02  R_mom=4.914e-05  div*=1.97e-06
2026-04-25 23:46:38,838 INFO [trans  t= 83.378] dt=1.265e-02  R_mom=4.743e-05  div*=1.93e-06
2026-04-25 23:46:39,154 INFO [trans  t= 84.643] dt=1.265e-02  R_mom=4.570e-05  div*=1.87e-06
2026-04-25 23:46:39,489 INFO [trans  t= 85.908] dt=1.265e-02  R_mom=4.401e-05  div*=1.80e-06
2026-04-25 23:46:39,813 INFO [trans  t= 87.174] dt=1.265e-02  R_mom=4.244e-05  div*=1.72e-06
2026-04-25 23:46:40,107 INFO [trans  t= 88.439] dt=1.265e-02  R_mom=4.100e-05  div*=1.66e-06
2026-04-25 23:46:40,430 INFO [trans  t= 89.705] dt=1.265e-02  R_mom=3.968e-05  div*=1.60e-06
2026-04-25 23:46:40,776 INFO [trans  t= 90.970] dt=1.265e-02  R_mom=3.845e-05  div*=1.55e-06
2026-04-25 23:46:41,072 INFO [trans  t= 92.235] dt=1.265e-02  R_mom=3.728e-05  div*=1.51e-06
2026-04-25 23:46:41,372 INFO [trans  t= 93.501] dt=1.265e-02  R_mom=3.612e-05  div*=1.48e-06
2026-04-25 23:46:41,696 INFO [trans  t= 94.766] dt=1.265e-02  R_mom=3.497e-05  div*=1.45e-06
2026-04-25 23:46:41,979 INFO [trans  t= 96.031] dt=1.265e-02  R_mom=3.382e-05  div*=1.41e-06
2026-04-25 23:46:42,258 INFO [trans  t= 97.297] dt=1.265e-02  R_mom=3.269e-05  div*=1.37e-06
2026-04-25 23:46:42,574 INFO [trans  t= 98.562] dt=1.265e-02  R_mom=3.160e-05  div*=1.32e-06
2026-04-25 23:46:42,914 INFO [trans  t= 99.828] dt=1.265e-02  R_mom=3.057e-05  div*=1.27e-06
2026-04-25 23:46:43,239 INFO [trans  t=101.093] dt=1.265e-02  R_mom=2.961e-05  div*=1.23e-06
2026-04-25 23:46:43,540 INFO [trans  t=102.359] dt=1.265e-02  R_mom=2.871e-05  div*=1.19e-06
2026-04-25 23:46:43,880 INFO [trans  t=103.624] dt=1.265e-02  R_mom=2.785e-05  div*=1.16e-06
2026-04-25 23:46:44,218 INFO [trans  t=104.890] dt=1.265e-02  R_mom=2.703e-05  div*=1.13e-06
2026-04-25 23:46:44,565 INFO [trans  t=106.155] dt=1.265e-02  R_mom=2.622e-05  div*=1.10e-06
2026-04-25 23:46:44,923 INFO [trans  t=107.421] dt=1.265e-02  R_mom=2.544e-05  div*=1.07e-06
2026-04-25 23:46:45,220 INFO [trans  t=108.686] dt=1.265e-02  R_mom=2.466e-05  div*=1.04e-06
2026-04-25 23:46:45,529 INFO [trans  t=109.951] dt=1.265e-02  R_mom=2.391e-05  div*=1.01e-06
2026-04-25 23:46:45,844 INFO [trans  t=111.217] dt=1.266e-02  R_mom=2.319e-05  div*=9.77e-07
2026-04-25 23:46:46,117 INFO [trans  t=112.483] dt=1.266e-02  R_mom=2.250e-05  div*=9.45e-07
2026-04-25 23:46:46,432 INFO [trans  t=113.748] dt=1.266e-02  R_mom=2.185e-05  div*=9.16e-07
2026-04-25 23:46:46,796 INFO [trans  t=115.014] dt=1.266e-02  R_mom=2.123e-05  div*=8.83e-07
2026-04-25 23:46:47,082 INFO [trans  t=116.279] dt=1.266e-02  R_mom=2.063e-05  div*=8.58e-07
2026-04-25 23:46:47,389 INFO [trans  t=117.545] dt=1.266e-02  R_mom=2.006e-05  div*=8.34e-07
2026-04-25 23:46:47,681 INFO [trans  t=118.810] dt=1.266e-02  R_mom=1.950e-05  div*=8.12e-07
2026-04-25 23:46:47,976 INFO solve done: iters=12712 converged=True elapsed=47.9s
2026-04-25 23:46:48,045 INFO payload: shipping 101/201 frames (stride=2), u+v only
2026-04-25 23:46:49,321 INFO residuals workbook written: sim_20260425_234600_c909db11_residuals.xlsx
