2026-04-25 22:17:22,852 INFO simulation sim_20260425_221722_4f7b3110 started; log=sim_20260425_221722_4f7b3110.log  residuals=sim_20260425_221722_4f7b3110_residuals.csv
2026-04-25 22:17:22,856 INFO solve start: grid=480x240 (20.000x10.000) mode=transient Re=1000.0  polygon=12 pts, solid_cells=1822 / 115200
2026-04-25 22:17:22,857 INFO   polygon bbox: x=[8.556,11.043] y=[4.484,6.178]
2026-04-25 22:17:22,861 INFO warm-start: steady phase
2026-04-25 22:17:22,886 INFO [steady      0] dt=2.083e-02  R_mom=2.788e+00  div*=1.20e+01  mg=1
2026-04-25 22:17:23,874 INFO [steady    100] dt=1.257e-02  R_mom=4.530e-02  div*=7.48e-02  mg=2
2026-04-25 22:17:24,925 INFO [steady    200] dt=1.287e-02  R_mom=4.300e-02  div*=3.03e-02  mg=2
2026-04-25 22:17:26,003 INFO [steady    300] dt=1.290e-02  R_mom=4.953e-02  div*=3.47e-02  mg=2
2026-04-25 22:17:27,006 INFO [steady    400] dt=1.281e-02  R_mom=6.092e-02  div*=4.99e-02  mg=2
2026-04-25 22:17:28,035 INFO [steady    500] dt=1.274e-02  R_mom=7.790e-02  div*=6.09e-02  mg=2
2026-04-25 22:17:29,088 INFO [steady    600] dt=1.251e-02  R_mom=9.867e-02  div*=3.94e-02  mg=2
2026-04-25 22:17:30,090 INFO [steady    700] dt=1.231e-02  R_mom=1.236e-01  div*=3.48e-02  mg=2
2026-04-25 22:17:31,093 INFO [steady    800] dt=1.216e-02  R_mom=1.491e-01  div*=5.08e-02  mg=2
2026-04-25 22:17:32,052 INFO [steady    900] dt=1.199e-02  R_mom=1.679e-01  div*=3.49e-02  mg=2
2026-04-25 22:17:33,050 INFO [steady   1000] dt=1.170e-02  R_mom=1.865e-01  div*=2.41e-02  mg=2
2026-04-25 22:17:34,040 INFO [steady   1100] dt=1.163e-02  R_mom=2.055e-01  div*=7.66e-02  mg=2
2026-04-25 22:17:35,013 INFO [steady   1200] dt=1.188e-02  R_mom=2.115e-01  div*=2.23e-02  mg=2
2026-04-25 22:17:36,078 INFO [steady   1300] dt=1.227e-02  R_mom=2.025e-01  div*=3.54e-02  mg=2
2026-04-25 22:17:37,105 INFO [steady   1400] dt=1.213e-02  R_mom=1.946e-01  div*=2.05e-02  mg=2
2026-04-25 22:17:38,127 INFO [steady   1500] dt=1.210e-02  R_mom=1.892e-01  div*=2.94e-02  mg=2
2026-04-25 22:17:39,205 INFO [steady   1600] dt=1.289e-02  R_mom=1.880e-01  div*=2.97e-02  mg=2
2026-04-25 22:17:40,185 INFO [steady   1700] dt=1.324e-02  R_mom=1.793e-01  div*=3.60e-02  mg=2
2026-04-25 22:17:41,202 INFO [steady   1800] dt=1.343e-02  R_mom=1.667e-01  div*=2.81e-02  mg=2
2026-04-25 22:17:42,294 INFO [steady   1900] dt=1.290e-02  R_mom=1.389e-01  div*=3.56e-02  mg=2
2026-04-25 22:17:43,359 INFO [steady   2000] dt=1.256e-02  R_mom=1.424e-01  div*=2.42e-02  mg=2
2026-04-25 22:17:44,437 INFO [steady   2100] dt=1.246e-02  R_mom=1.656e-01  div*=2.39e-02  mg=2
2026-04-25 22:17:45,432 INFO [steady   2200] dt=1.245e-02  R_mom=1.810e-01  div*=3.20e-02  mg=2
2026-04-25 22:17:46,478 INFO [steady   2300] dt=1.234e-02  R_mom=1.890e-01  div*=6.46e-02  mg=2
2026-04-25 22:17:47,492 INFO [steady   2400] dt=1.225e-02  R_mom=2.048e-01  div*=2.36e-02  mg=2
2026-04-25 22:17:48,621 INFO [steady   2500] dt=1.237e-02  R_mom=2.010e-01  div*=2.78e-02  mg=2
2026-04-25 22:17:49,571 INFO [steady   2600] dt=1.277e-02  R_mom=1.908e-01  div*=2.62e-02  mg=2
2026-04-25 22:17:50,612 INFO [steady   2700] dt=1.295e-02  R_mom=1.652e-01  div*=2.12e-02  mg=2
2026-04-25 22:17:51,625 INFO [steady   2800] dt=1.281e-02  R_mom=1.432e-01  div*=2.60e-02  mg=2
2026-04-25 22:17:52,626 INFO [steady   2900] dt=1.268e-02  R_mom=1.452e-01  div*=1.63e-02  mg=2
2026-04-25 22:17:53,603 INFO [steady   3000] dt=1.284e-02  R_mom=1.532e-01  div*=1.96e-02  mg=2
2026-04-25 22:17:54,566 INFO [steady   3100] dt=1.305e-02  R_mom=1.414e-01  div*=2.17e-02  mg=2
2026-04-25 22:17:55,566 INFO [steady   3200] dt=1.300e-02  R_mom=1.424e-01  div*=4.62e-02  mg=2
2026-04-25 22:17:56,563 INFO [steady   3300] dt=1.282e-02  R_mom=1.736e-01  div*=2.64e-02  mg=2
2026-04-25 22:17:57,541 INFO [steady   3400] dt=1.277e-02  R_mom=1.942e-01  div*=4.62e-02  mg=2
2026-04-25 22:17:58,511 INFO [steady   3500] dt=1.271e-02  R_mom=2.015e-01  div*=2.52e-02  mg=2
2026-04-25 22:17:59,484 INFO [steady   3600] dt=1.257e-02  R_mom=2.011e-01  div*=4.69e-02  mg=2
2026-04-25 22:18:00,479 INFO [steady   3700] dt=1.255e-02  R_mom=1.981e-01  div*=1.83e-02  mg=2
2026-04-25 22:18:01,469 INFO [steady   3800] dt=1.275e-02  R_mom=1.972e-01  div*=1.91e-02  mg=2
2026-04-25 22:18:02,475 INFO [steady   3900] dt=1.296e-02  R_mom=1.845e-01  div*=2.11e-02  mg=3
2026-04-25 22:18:03,444 INFO [steady   4000] dt=1.338e-02  R_mom=1.672e-01  div*=2.62e-02  mg=2
2026-04-25 22:18:04,448 INFO [steady   4100] dt=1.349e-02  R_mom=1.761e-01  div*=3.47e-02  mg=2
2026-04-25 22:18:05,426 INFO [steady   4200] dt=1.354e-02  R_mom=1.781e-01  div*=3.94e-02  mg=2
2026-04-25 22:18:06,431 INFO [steady   4300] dt=1.325e-02  R_mom=1.722e-01  div*=2.79e-02  mg=2
2026-04-25 22:18:07,399 INFO [steady   4400] dt=1.280e-02  R_mom=1.517e-01  div*=3.54e-02  mg=2
2026-04-25 22:18:08,420 INFO [steady   4500] dt=1.262e-02  R_mom=1.724e-01  div*=1.69e-02  mg=2
2026-04-25 22:18:09,392 INFO [steady   4600] dt=1.271e-02  R_mom=1.862e-01  div*=3.60e-02  mg=2
2026-04-25 22:18:10,357 INFO [steady   4700] dt=1.274e-02  R_mom=1.896e-01  div*=2.54e-02  mg=2
2026-04-25 22:18:11,326 INFO [steady   4800] dt=1.262e-02  R_mom=1.796e-01  div*=2.52e-02  mg=2
2026-04-25 22:18:12,323 INFO [steady   4900] dt=1.262e-02  R_mom=1.937e-01  div*=3.22e-02  mg=2
2026-04-25 22:18:13,289 INFO [steady   5000] dt=1.288e-02  R_mom=1.935e-01  div*=3.00e-02  mg=2
2026-04-25 22:18:14,328 INFO [steady   5100] dt=1.321e-02  R_mom=1.808e-01  div*=2.09e-02  mg=3
2026-04-25 22:18:15,298 INFO [steady   5200] dt=1.291e-02  R_mom=1.547e-01  div*=2.95e-02  mg=2
2026-04-25 22:18:16,308 INFO [steady   5300] dt=1.274e-02  R_mom=1.630e-01  div*=1.54e-02  mg=2
2026-04-25 22:18:17,279 INFO [steady   5400] dt=1.293e-02  R_mom=1.706e-01  div*=2.51e-02  mg=2
2026-04-25 22:18:18,237 INFO [steady   5500] dt=1.311e-02  R_mom=1.632e-01  div*=1.75e-02  mg=2
2026-04-25 22:18:19,180 INFO [steady   5600] dt=1.301e-02  R_mom=1.560e-01  div*=3.72e-02  mg=2
2026-04-25 22:18:20,193 INFO [steady   5700] dt=1.290e-02  R_mom=1.820e-01  div*=3.44e-02  mg=2
2026-04-25 22:18:21,220 INFO [steady   5800] dt=1.302e-02  R_mom=1.931e-01  div*=3.81e-02  mg=2
2026-04-25 22:18:22,208 INFO [steady   5900] dt=1.319e-02  R_mom=1.932e-01  div*=2.26e-02  mg=2
2026-04-25 22:18:23,186 INFO [steady   6000] dt=1.304e-02  R_mom=1.797e-01  div*=4.26e-02  mg=2
2026-04-25 22:18:24,165 INFO [steady   6100] dt=1.296e-02  R_mom=1.885e-01  div*=1.58e-02  mg=2
2026-04-25 22:18:25,065 INFO [steady   6200] dt=1.323e-02  R_mom=1.892e-01  div*=2.47e-02  mg=2
2026-04-25 22:18:26,033 INFO [steady   6300] dt=1.330e-02  R_mom=1.736e-01  div*=2.49e-02  mg=2
2026-04-25 22:18:26,922 INFO [steady   6400] dt=1.335e-02  R_mom=1.689e-01  div*=2.45e-02  mg=2
2026-04-25 22:18:27,912 INFO [steady   6500] dt=1.341e-02  R_mom=1.824e-01  div*=3.35e-02  mg=2
2026-04-25 22:18:28,873 INFO [steady   6600] dt=1.348e-02  R_mom=1.833e-01  div*=2.69e-02  mg=2
2026-04-25 22:18:29,912 INFO [steady   6700] dt=1.314e-02  R_mom=1.691e-01  div*=2.55e-02  mg=2
2026-04-25 22:18:30,893 INFO [steady   6800] dt=1.278e-02  R_mom=1.630e-01  div*=2.99e-02  mg=2
2026-04-25 22:18:31,917 INFO [steady   6900] dt=1.275e-02  R_mom=1.805e-01  div*=1.54e-02  mg=2
2026-04-25 22:18:32,876 INFO [steady   7000] dt=1.292e-02  R_mom=1.861e-01  div*=2.57e-02  mg=2
2026-04-25 22:18:33,963 INFO [steady   7100] dt=1.291e-02  R_mom=1.753e-01  div*=4.04e-02  mg=2
2026-04-25 22:18:34,958 INFO [steady   7200] dt=1.280e-02  R_mom=1.801e-01  div*=2.35e-02  mg=2
2026-04-25 22:18:36,013 INFO [steady   7300] dt=1.287e-02  R_mom=1.922e-01  div*=2.81e-02  mg=2
2026-04-25 22:18:36,954 INFO [steady   7400] dt=1.320e-02  R_mom=1.895e-01  div*=1.88e-02  mg=2
2026-04-25 22:18:37,974 INFO [steady   7500] dt=1.316e-02  R_mom=1.686e-01  div*=2.53e-02  mg=2
2026-04-25 22:18:38,920 INFO [steady   7600] dt=1.282e-02  R_mom=1.638e-01  div*=2.53e-02  mg=2
2026-04-25 22:18:39,930 INFO [steady   7700] dt=1.284e-02  R_mom=1.759e-01  div*=1.49e-02  mg=2
2026-04-25 22:18:40,902 INFO [steady   7800] dt=1.308e-02  R_mom=1.776e-01  div*=2.44e-02  mg=2
2026-04-25 22:18:41,924 INFO [steady   7900] dt=1.311e-02  R_mom=1.583e-01  div*=3.52e-02  mg=2
2026-04-25 22:18:42,886 INFO [steady   8000] dt=1.298e-02  R_mom=1.735e-01  div*=2.40e-02  mg=2
2026-04-25 22:18:43,918 INFO [steady   8100] dt=1.303e-02  R_mom=1.894e-01  div*=3.71e-02  mg=2
2026-04-25 22:18:44,880 INFO [steady   8200] dt=1.332e-02  R_mom=1.905e-01  div*=1.49e-02  mg=2
2026-04-25 22:18:46,012 INFO [steady   8300] dt=1.315e-02  R_mom=1.766e-01  div*=3.46e-02  mg=2
2026-04-25 22:18:47,149 INFO [steady   8400] dt=1.288e-02  R_mom=1.773e-01  div*=1.95e-02  mg=2
2026-04-25 22:18:48,318 INFO [steady   8500] dt=1.298e-02  R_mom=1.868e-01  div*=1.89e-02  mg=2
2026-04-25 22:18:49,280 INFO [steady   8600] dt=1.324e-02  R_mom=1.839e-01  div*=1.58e-02  mg=2
2026-04-25 22:18:50,299 INFO [steady   8700] dt=1.323e-02  R_mom=1.636e-01  div*=3.51e-02  mg=2
2026-04-25 22:18:51,332 INFO [steady   8800] dt=1.317e-02  R_mom=1.788e-01  div*=2.61e-02  mg=2
2026-04-25 22:18:52,383 INFO [steady   8900] dt=1.332e-02  R_mom=1.871e-01  div*=3.87e-02  mg=2
2026-04-25 22:18:53,402 INFO [steady   9000] dt=1.348e-02  R_mom=1.839e-01  div*=2.18e-02  mg=2
2026-04-25 22:18:54,445 INFO [steady   9100] dt=1.298e-02  R_mom=1.619e-01  div*=3.61e-02  mg=2
2026-04-25 22:18:55,470 INFO [steady   9200] dt=1.276e-02  R_mom=1.740e-01  div*=1.72e-02  mg=2
2026-04-25 22:18:56,564 INFO [steady   9300] dt=1.290e-02  R_mom=1.843e-01  div*=2.74e-02  mg=2
2026-04-25 22:18:57,615 INFO [steady   9400] dt=1.305e-02  R_mom=1.829e-01  div*=1.87e-02  mg=3
2026-04-25 22:18:58,675 INFO [steady   9500] dt=1.296e-02  R_mom=1.672e-01  div*=3.33e-02  mg=2
2026-04-25 22:18:59,863 INFO [steady   9600] dt=1.291e-02  R_mom=1.857e-01  div*=3.21e-02  mg=2
2026-04-25 22:19:00,943 INFO [steady   9700] dt=1.311e-02  R_mom=1.910e-01  div*=3.59e-02  mg=2
2026-04-25 22:19:02,003 INFO [steady   9800] dt=1.342e-02  R_mom=1.851e-01  div*=2.25e-02  mg=3
2026-04-25 22:19:03,004 INFO [steady   9900] dt=1.295e-02  R_mom=1.629e-01  div*=3.52e-02  mg=2
2026-04-25 22:19:03,992 INFO steady did not converge within 10000 iters (last R_mom=1.746e-01)
2026-04-25 22:19:03,992 INFO switching to physical-time integration
2026-04-25 22:19:04,960 INFO [trans  t=  0.770] dt=7.734e-03  R_mom=1.817e-01  div*=4.74e-03
2026-04-25 22:19:05,963 INFO [trans  t=  1.548] dt=7.832e-03  R_mom=1.822e-01  div*=7.30e-03
2026-04-25 22:19:06,992 INFO [trans  t=  2.335] dt=7.892e-03  R_mom=1.791e-01  div*=4.63e-03
2026-04-25 22:19:08,026 INFO [trans  t=  3.124] dt=7.882e-03  R_mom=1.632e-01  div*=9.16e-03
2026-04-25 22:19:08,981 INFO [trans  t=  3.910] dt=7.843e-03  R_mom=1.654e-01  div*=6.29e-03
2026-04-25 22:19:09,905 INFO [trans  t=  4.693] dt=7.825e-03  R_mom=1.788e-01  div*=6.13e-03
2026-04-25 22:19:10,837 INFO [trans  t=  5.477] dt=7.862e-03  R_mom=1.871e-01  div*=8.03e-03
2026-04-25 22:19:11,835 INFO [trans  t=  6.267] dt=7.954e-03  R_mom=1.894e-01  div*=9.99e-03
2026-04-25 22:19:12,781 INFO [trans  t=  7.069] dt=8.074e-03  R_mom=1.880e-01  div*=4.16e-03
2026-04-25 22:19:13,715 INFO [trans  t=  7.875] dt=7.982e-03  R_mom=1.828e-01  div*=5.94e-03
2026-04-25 22:19:14,645 INFO [trans  t=  8.665] dt=7.819e-03  R_mom=1.685e-01  div*=9.59e-03
2026-04-25 22:19:15,644 INFO [trans  t=  9.441] dt=7.722e-03  R_mom=1.718e-01  div*=6.80e-03
2026-04-25 22:19:16,645 INFO [trans  t= 10.212] dt=7.698e-03  R_mom=1.805e-01  div*=4.55e-03
2026-04-25 22:19:17,639 INFO [trans  t= 10.984] dt=7.763e-03  R_mom=1.852e-01  div*=5.71e-03
2026-04-25 22:19:18,592 INFO [trans  t= 11.765] dt=7.855e-03  R_mom=1.852e-01  div*=6.45e-03
2026-04-25 22:19:19,561 INFO [trans  t= 12.554] dt=7.902e-03  R_mom=1.816e-01  div*=5.25e-03
2026-04-25 22:19:20,572 INFO [trans  t= 13.343] dt=7.884e-03  R_mom=1.669e-01  div*=9.62e-03
2026-04-25 22:19:21,524 INFO [trans  t= 14.130] dt=7.851e-03  R_mom=1.706e-01  div*=6.14e-03
2026-04-25 22:19:22,489 INFO [trans  t= 14.915] dt=7.852e-03  R_mom=1.818e-01  div*=7.81e-03
2026-04-25 22:19:23,455 INFO [trans  t= 15.702] dt=7.910e-03  R_mom=1.875e-01  div*=8.55e-03
2026-04-25 22:19:24,447 INFO [trans  t= 16.499] dt=8.022e-03  R_mom=1.879e-01  div*=8.99e-03
2026-04-25 22:19:25,409 INFO [trans  t= 17.306] dt=8.101e-03  R_mom=1.848e-01  div*=4.63e-03
2026-04-25 22:19:26,346 INFO [trans  t= 18.109] dt=7.928e-03  R_mom=1.743e-01  div*=6.30e-03
2026-04-25 22:19:27,295 INFO [trans  t= 18.893] dt=7.774e-03  R_mom=1.621e-01  div*=9.01e-03
2026-04-25 22:19:28,315 INFO [trans  t= 19.665] dt=7.686e-03  R_mom=1.679e-01  div*=5.28e-03
2026-04-25 22:19:29,307 INFO [trans  t= 20.433] dt=7.677e-03  R_mom=1.769e-01  div*=4.37e-03
2026-04-25 22:19:30,310 INFO [trans  t= 21.203] dt=7.745e-03  R_mom=1.818e-01  div*=6.35e-03
2026-04-25 22:19:31,295 INFO [trans  t= 21.982] dt=7.827e-03  R_mom=1.821e-01  div*=6.25e-03
2026-04-25 22:19:32,314 INFO [trans  t= 22.767] dt=7.860e-03  R_mom=1.778e-01  div*=5.32e-03
2026-04-25 22:19:33,246 INFO [trans  t= 23.552] dt=7.833e-03  R_mom=1.641e-01  div*=1.01e-02
2026-04-25 22:19:34,182 INFO [trans  t= 24.333] dt=7.794e-03  R_mom=1.715e-01  div*=6.17e-03
2026-04-25 22:19:35,155 INFO [trans  t= 25.112] dt=7.792e-03  R_mom=1.834e-01  div*=8.24e-03
2026-04-25 22:19:36,143 INFO [trans  t= 25.894] dt=7.849e-03  R_mom=1.893e-01  div*=9.05e-03
2026-04-25 22:19:37,083 INFO [trans  t= 26.684] dt=7.958e-03  R_mom=1.898e-01  div*=8.30e-03
2026-04-25 22:19:38,023 INFO [trans  t= 27.487] dt=8.096e-03  R_mom=1.869e-01  div*=4.99e-03
2026-04-25 22:19:38,965 INFO [trans  t= 28.289] dt=7.931e-03  R_mom=1.764e-01  div*=6.68e-03
2026-04-25 22:19:39,964 INFO [trans  t= 29.074] dt=7.784e-03  R_mom=1.657e-01  div*=9.19e-03
2026-04-25 22:19:40,891 INFO [trans  t= 29.848] dt=7.704e-03  R_mom=1.715e-01  div*=4.57e-03
2026-04-25 22:19:41,849 INFO [trans  t= 30.618] dt=7.707e-03  R_mom=1.793e-01  div*=4.29e-03
2026-04-25 22:19:42,757 INFO [trans  t= 31.392] dt=7.789e-03  R_mom=1.828e-01  div*=6.34e-03
2026-04-25 22:19:43,727 INFO [trans  t= 32.176] dt=7.879e-03  R_mom=1.818e-01  div*=5.36e-03
2026-04-25 22:19:44,724 INFO [trans  t= 32.966] dt=7.913e-03  R_mom=1.748e-01  div*=5.69e-03
2026-04-25 22:19:45,711 INFO [trans  t= 33.757] dt=7.886e-03  R_mom=1.622e-01  div*=9.41e-03
2026-04-25 22:19:46,729 INFO [trans  t= 34.543] dt=7.853e-03  R_mom=1.713e-01  div*=6.07e-03
2026-04-25 22:19:47,739 INFO [trans  t= 35.328] dt=7.858e-03  R_mom=1.826e-01  div*=8.68e-03
2026-04-25 22:19:48,685 INFO [trans  t= 36.117] dt=7.921e-03  R_mom=1.880e-01  div*=9.63e-03
2026-04-25 22:19:49,643 INFO [trans  t= 36.915] dt=8.037e-03  R_mom=1.881e-01  div*=7.46e-03
2026-04-25 22:19:50,584 INFO [trans  t= 37.723] dt=8.096e-03  R_mom=1.855e-01  div*=5.70e-03
2026-04-25 22:19:51,557 INFO [trans  t= 38.522] dt=7.899e-03  R_mom=1.733e-01  div*=7.60e-03
2026-04-25 22:19:52,491 INFO [trans  t= 39.305] dt=7.763e-03  R_mom=1.659e-01  div*=9.22e-03
2026-04-25 22:19:53,415 INFO [trans  t= 40.077] dt=7.694e-03  R_mom=1.737e-01  div*=4.60e-03
2026-04-25 22:19:54,351 INFO [trans  t= 40.846] dt=7.710e-03  R_mom=1.814e-01  div*=4.21e-03
2026-04-25 22:19:55,286 INFO [trans  t= 41.621] dt=7.797e-03  R_mom=1.843e-01  div*=7.03e-03
2026-04-25 22:19:56,246 INFO [trans  t= 42.405] dt=7.877e-03  R_mom=1.830e-01  div*=3.90e-03
2026-04-25 22:19:57,231 INFO [trans  t= 43.195] dt=7.896e-03  R_mom=1.741e-01  div*=6.44e-03
2026-04-25 22:19:58,165 INFO [trans  t= 43.983] dt=7.864e-03  R_mom=1.645e-01  div*=8.86e-03
2026-04-25 22:19:59,084 INFO [trans  t= 44.768] dt=7.837e-03  R_mom=1.748e-01  div*=5.86e-03
2026-04-25 22:20:00,075 INFO [trans  t= 45.552] dt=7.854e-03  R_mom=1.847e-01  div*=8.73e-03
2026-04-25 22:20:01,034 INFO [trans  t= 46.340] dt=7.930e-03  R_mom=1.885e-01  div*=9.61e-03
2026-04-25 22:20:01,963 INFO [trans  t= 47.139] dt=8.054e-03  R_mom=1.876e-01  div*=6.15e-03
2026-04-25 22:20:02,853 INFO [trans  t= 47.948] dt=8.059e-03  R_mom=1.841e-01  div*=5.90e-03
2026-04-25 22:20:03,831 INFO [trans  t= 48.744] dt=7.868e-03  R_mom=1.686e-01  div*=7.97e-03
2026-04-25 22:20:04,736 INFO [trans  t= 49.523] dt=7.741e-03  R_mom=1.646e-01  div*=8.63e-03
2026-04-25 22:20:05,649 INFO [trans  t= 50.294] dt=7.680e-03  R_mom=1.732e-01  div*=4.58e-03
2026-04-25 22:20:06,550 INFO [trans  t= 51.063] dt=7.711e-03  R_mom=1.805e-01  div*=4.08e-03
2026-04-25 22:20:07,505 INFO [trans  t= 51.838] dt=7.798e-03  R_mom=1.830e-01  div*=7.35e-03
2026-04-25 22:20:08,473 INFO [trans  t= 52.622] dt=7.870e-03  R_mom=1.816e-01  div*=3.80e-03
2026-04-25 22:20:09,391 INFO [trans  t= 53.410] dt=7.878e-03  R_mom=1.708e-01  div*=7.53e-03
2026-04-25 22:20:10,327 INFO [trans  t= 54.196] dt=7.842e-03  R_mom=1.644e-01  div*=8.27e-03
2026-04-25 22:20:11,255 INFO [trans  t= 54.979] dt=7.815e-03  R_mom=1.764e-01  div*=5.75e-03
2026-04-25 22:20:12,222 INFO [trans  t= 55.761] dt=7.838e-03  R_mom=1.859e-01  div*=8.47e-03
2026-04-25 22:20:13,159 INFO [trans  t= 56.548] dt=7.918e-03  R_mom=1.893e-01  div*=9.84e-03
2026-04-25 22:20:14,095 INFO [trans  t= 57.346] dt=8.045e-03  R_mom=1.881e-01  div*=5.15e-03
2026-04-25 22:20:15,017 INFO [trans  t= 58.154] dt=8.039e-03  R_mom=1.843e-01  div*=6.01e-03
2026-04-25 22:20:16,006 INFO [trans  t= 58.948] dt=7.855e-03  R_mom=1.685e-01  div*=8.46e-03
2026-04-25 22:20:16,949 INFO [trans  t= 59.727] dt=7.739e-03  R_mom=1.668e-01  div*=8.31e-03
2026-04-25 22:20:17,875 INFO [trans  t= 60.498] dt=7.689e-03  R_mom=1.754e-01  div*=4.64e-03
2026-04-25 22:20:18,876 INFO [trans  t= 61.268] dt=7.732e-03  R_mom=1.817e-01  div*=4.17e-03
2026-04-25 22:20:19,896 INFO [trans  t= 62.046] dt=7.825e-03  R_mom=1.832e-01  div*=7.29e-03
2026-04-25 22:20:20,832 INFO [trans  t= 62.833] dt=7.894e-03  R_mom=1.811e-01  div*=4.24e-03
2026-04-25 22:20:21,750 INFO [trans  t= 63.623] dt=7.897e-03  R_mom=1.679e-01  div*=8.27e-03
2026-04-25 22:20:22,657 INFO [trans  t= 64.410] dt=7.859e-03  R_mom=1.650e-01  div*=7.02e-03
2026-04-25 22:20:23,607 INFO [trans  t= 65.195] dt=7.839e-03  R_mom=1.774e-01  div*=5.55e-03
2026-04-25 22:20:24,590 INFO [trans  t= 65.980] dt=7.870e-03  R_mom=1.861e-01  div*=8.16e-03
2026-04-25 22:20:25,533 INFO [trans  t= 66.771] dt=7.958e-03  R_mom=1.887e-01  div*=9.94e-03
2026-04-25 22:20:26,457 INFO [trans  t= 67.573] dt=8.079e-03  R_mom=1.872e-01  div*=4.01e-03
2026-04-25 22:20:27,381 INFO [trans  t= 68.381] dt=8.006e-03  R_mom=1.826e-01  div*=6.09e-03
2026-04-25 22:20:28,359 INFO [trans  t= 69.172] dt=7.832e-03  R_mom=1.667e-01  div*=8.91e-03
2026-04-25 22:20:29,273 INFO [trans  t= 69.949] dt=7.724e-03  R_mom=1.678e-01  div*=7.64e-03
2026-04-25 22:20:30,232 INFO [trans  t= 70.719] dt=7.688e-03  R_mom=1.769e-01  div*=4.61e-03
2026-04-25 22:20:31,150 INFO [trans  t= 71.490] dt=7.741e-03  R_mom=1.826e-01  div*=4.86e-03
2026-04-25 22:20:32,148 INFO [trans  t= 72.268] dt=7.834e-03  R_mom=1.836e-01  div*=7.18e-03
2026-04-25 22:20:33,096 INFO [trans  t= 73.055] dt=7.892e-03  R_mom=1.810e-01  div*=4.68e-03
2026-04-25 22:20:34,033 INFO [trans  t= 73.844] dt=7.882e-03  R_mom=1.666e-01  div*=9.16e-03
2026-04-25 22:20:34,940 INFO [trans  t= 74.631] dt=7.845e-03  R_mom=1.673e-01  div*=6.21e-03
2026-04-25 22:20:35,893 INFO [trans  t= 75.414] dt=7.832e-03  R_mom=1.796e-01  div*=6.15e-03
2026-04-25 22:20:36,796 INFO [trans  t= 76.199] dt=7.874e-03  R_mom=1.871e-01  div*=7.67e-03
2026-04-25 22:20:37,734 INFO [trans  t= 76.991] dt=7.970e-03  R_mom=1.888e-01  div*=9.61e-03
2026-04-25 22:20:38,634 INFO [trans  t= 77.795] dt=8.087e-03  R_mom=1.866e-01  div*=4.15e-03
2026-04-25 22:20:39,584 INFO [trans  t= 78.601] dt=7.974e-03  R_mom=1.800e-01  div*=6.03e-03
2026-04-25 22:20:40,539 INFO [trans  t= 79.389] dt=7.810e-03  R_mom=1.650e-01  div*=9.05e-03
2026-04-25 22:20:41,453 INFO [trans  t= 80.165] dt=7.711e-03  R_mom=1.683e-01  div*=6.68e-03
2026-04-25 22:20:42,429 INFO [trans  t= 80.934] dt=7.686e-03  R_mom=1.773e-01  div*=4.54e-03
2026-04-25 22:20:43,342 INFO [trans  t= 81.705] dt=7.751e-03  R_mom=1.825e-01  div*=5.47e-03
2026-04-25 22:20:44,302 INFO [trans  t= 82.485] dt=7.842e-03  R_mom=1.829e-01  div*=6.77e-03
2026-04-25 22:20:45,223 INFO [trans  t= 83.272] dt=7.889e-03  R_mom=1.795e-01  div*=5.00e-03
2026-04-25 22:20:46,215 INFO [trans  t= 84.060] dt=7.874e-03  R_mom=1.647e-01  div*=9.61e-03
2026-04-25 22:20:47,169 INFO [trans  t= 84.846] dt=7.835e-03  R_mom=1.687e-01  div*=6.20e-03
2026-04-25 22:20:48,154 INFO [trans  t= 85.628] dt=7.827e-03  R_mom=1.810e-01  div*=7.41e-03
2026-04-25 22:20:49,128 INFO [trans  t= 86.413] dt=7.875e-03  R_mom=1.878e-01  div*=8.46e-03
2026-04-25 22:20:50,068 INFO [trans  t= 87.205] dt=7.978e-03  R_mom=1.890e-01  div*=9.14e-03
2026-04-25 22:20:51,006 INFO [trans  t= 88.010] dt=8.094e-03  R_mom=1.865e-01  div*=4.51e-03
2026-04-25 22:20:52,002 INFO [trans  t= 88.814] dt=7.951e-03  R_mom=1.781e-01  div*=6.05e-03
2026-04-25 22:20:52,946 INFO [trans  t= 89.601] dt=7.795e-03  R_mom=1.651e-01  div*=9.21e-03
2026-04-25 22:20:53,883 INFO [trans  t= 90.375] dt=7.705e-03  R_mom=1.701e-01  div*=5.63e-03
2026-04-25 22:20:54,806 INFO [trans  t= 91.144] dt=7.695e-03  R_mom=1.787e-01  div*=4.43e-03
2026-04-25 22:20:55,782 INFO [trans  t= 91.917] dt=7.769e-03  R_mom=1.830e-01  div*=6.01e-03
2026-04-25 22:20:56,760 INFO [trans  t= 92.699] dt=7.858e-03  R_mom=1.827e-01  div*=6.09e-03
2026-04-25 22:20:57,725 INFO [trans  t= 93.487] dt=7.898e-03  R_mom=1.779e-01  div*=5.35e-03
2026-04-25 22:20:58,763 INFO [trans  t= 94.276] dt=7.876e-03  R_mom=1.636e-01  div*=9.65e-03
2026-04-25 22:20:59,829 INFO [trans  t= 95.062] dt=7.841e-03  R_mom=1.704e-01  div*=6.12e-03
2026-04-25 22:21:00,865 INFO [trans  t= 95.846] dt=7.840e-03  R_mom=1.821e-01  div*=8.21e-03
2026-04-25 22:21:01,908 INFO [trans  t= 96.632] dt=7.897e-03  R_mom=1.880e-01  div*=9.16e-03
2026-04-25 22:21:03,002 INFO [trans  t= 97.427] dt=8.007e-03  R_mom=1.885e-01  div*=8.36e-03
2026-04-25 22:21:04,110 INFO [trans  t= 98.234] dt=8.105e-03  R_mom=1.858e-01  div*=5.15e-03
2026-04-25 22:21:05,214 INFO [trans  t= 99.035] dt=7.922e-03  R_mom=1.751e-01  div*=6.82e-03
2026-04-25 22:21:06,172 INFO [trans  t= 99.820] dt=7.776e-03  R_mom=1.649e-01  div*=9.22e-03
2026-04-25 22:21:07,152 INFO [trans  t=100.593] dt=7.698e-03  R_mom=1.715e-01  div*=4.58e-03
2026-04-25 22:21:08,142 INFO [trans  t=101.362] dt=7.700e-03  R_mom=1.797e-01  div*=4.32e-03
2026-04-25 22:21:09,048 INFO [trans  t=102.136] dt=7.780e-03  R_mom=1.834e-01  div*=6.59e-03
2026-04-25 22:21:09,958 INFO [trans  t=102.918] dt=7.866e-03  R_mom=1.826e-01  div*=5.17e-03
2026-04-25 22:21:10,861 INFO [trans  t=103.707] dt=7.895e-03  R_mom=1.760e-01  div*=5.67e-03
2026-04-25 22:21:11,823 INFO [trans  t=104.495] dt=7.866e-03  R_mom=1.636e-01  div*=9.50e-03
2026-04-25 22:21:12,765 INFO [trans  t=105.280] dt=7.833e-03  R_mom=1.726e-01  div*=6.03e-03
2026-04-25 22:21:13,667 INFO [trans  t=106.063] dt=7.841e-03  R_mom=1.836e-01  div*=8.65e-03
2026-04-25 22:21:14,596 INFO [trans  t=106.850] dt=7.907e-03  R_mom=1.885e-01  div*=9.48e-03
2026-04-25 22:21:15,526 INFO [trans  t=107.646] dt=8.024e-03  R_mom=1.883e-01  div*=7.42e-03
2026-04-25 22:21:16,552 INFO [trans  t=108.454] dt=8.094e-03  R_mom=1.853e-01  div*=5.59e-03
2026-04-25 22:21:17,510 INFO [trans  t=109.253] dt=7.896e-03  R_mom=1.721e-01  div*=7.46e-03
2026-04-25 22:21:18,461 INFO [trans  t=110.035] dt=7.760e-03  R_mom=1.649e-01  div*=9.03e-03
2026-04-25 22:21:19,453 INFO [trans  t=110.807] dt=7.690e-03  R_mom=1.726e-01  div*=4.58e-03
2026-04-25 22:21:20,450 INFO [trans  t=111.576] dt=7.706e-03  R_mom=1.803e-01  div*=4.20e-03
2026-04-25 22:21:21,440 INFO [trans  t=112.351] dt=7.793e-03  R_mom=1.833e-01  div*=7.01e-03
2026-04-25 22:21:22,414 INFO [trans  t=113.135] dt=7.873e-03  R_mom=1.821e-01  div*=4.08e-03
2026-04-25 22:21:23,432 INFO [trans  t=113.924] dt=7.892e-03  R_mom=1.732e-01  div*=6.29e-03
2026-04-25 22:21:24,542 INFO [trans  t=114.711] dt=7.859e-03  R_mom=1.636e-01  div*=9.01e-03
2026-04-25 22:21:25,512 INFO [trans  t=115.496] dt=7.829e-03  R_mom=1.744e-01  div*=5.91e-03
2026-04-25 22:21:26,566 INFO [trans  t=116.279] dt=7.845e-03  R_mom=1.847e-01  div*=8.76e-03
2026-04-25 22:21:27,611 INFO [trans  t=117.067] dt=7.917e-03  R_mom=1.888e-01  div*=9.66e-03
2026-04-25 22:21:28,586 INFO [trans  t=117.864] dt=8.040e-03  R_mom=1.881e-01  div*=6.19e-03
2026-04-25 22:21:29,553 INFO [trans  t=118.672] dt=8.065e-03  R_mom=1.848e-01  div*=5.90e-03
2026-04-25 22:21:30,515 INFO [trans  t=119.469] dt=7.874e-03  R_mom=1.700e-01  div*=8.04e-03
2026-04-25 22:21:31,173 INFO solve done: iters=25268 converged=True elapsed=248.3s
2026-04-25 22:21:31,475 INFO payload: shipping 101/201 frames (stride=2), u+v only
2026-04-25 22:21:33,577 INFO residuals workbook written: sim_20260425_221722_4f7b3110_residuals.xlsx
