2026-04-25 22:42:56,820 INFO simulation sim_20260425_224256_a49624e3 started; log=sim_20260425_224256_a49624e3.log  residuals=sim_20260425_224256_a49624e3_residuals.csv
2026-04-25 22:42:56,828 INFO solve start: grid=480x240 (20.000x10.000) mode=transient Re=2000.0  polygon=38 pts, solid_cells=7402 / 115200
2026-04-25 22:42:56,828 INFO   polygon bbox: x=[6.416,15.561] y=[3.009,8.611]
2026-04-25 22:42:56,830 INFO warm-start: steady phase
2026-04-25 22:42:56,851 INFO [steady      0] dt=2.083e-02  R_mom=4.452e+00  div*=1.20e+01  mg=1
2026-04-25 22:42:57,873 INFO [steady    100] dt=5.870e-03  R_mom=1.903e-01  div*=2.84e-01  mg=2
2026-04-25 22:42:58,891 INFO [steady    200] dt=6.035e-03  R_mom=1.931e-01  div*=2.04e-01  mg=2
2026-04-25 22:42:59,958 INFO [steady    300] dt=5.971e-03  R_mom=2.631e-01  div*=2.12e-01  mg=2
2026-04-25 22:43:00,976 INFO [steady    400] dt=5.576e-03  R_mom=3.474e-01  div*=8.21e-02  mg=2
2026-04-25 22:43:01,978 INFO [steady    500] dt=5.539e-03  R_mom=3.497e-01  div*=3.70e-02  mg=2
2026-04-25 22:43:02,944 INFO [steady    600] dt=5.598e-03  R_mom=3.247e-01  div*=3.63e-02  mg=2
2026-04-25 22:43:03,917 INFO [steady    700] dt=5.586e-03  R_mom=2.968e-01  div*=3.06e-02  mg=2
2026-04-25 22:43:04,878 INFO [steady    800] dt=5.515e-03  R_mom=2.608e-01  div*=1.79e-02  mg=2
2026-04-25 22:43:05,932 INFO [steady    900] dt=5.490e-03  R_mom=2.260e-01  div*=1.36e-02  mg=2
2026-04-25 22:43:06,911 INFO [steady   1000] dt=5.953e-03  R_mom=1.887e-01  div*=1.17e-02  mg=2
2026-04-25 22:43:07,867 INFO [steady   1100] dt=6.630e-03  R_mom=1.793e-01  div*=1.92e-02  mg=2
2026-04-25 22:43:08,835 INFO [steady   1200] dt=6.371e-03  R_mom=1.909e-01  div*=2.61e-02  mg=2
2026-04-25 22:43:09,810 INFO [steady   1300] dt=6.203e-03  R_mom=2.023e-01  div*=1.91e-02  mg=2
2026-04-25 22:43:10,789 INFO [steady   1400] dt=6.127e-03  R_mom=2.087e-01  div*=1.78e-02  mg=2
2026-04-25 22:43:11,767 INFO [steady   1500] dt=6.082e-03  R_mom=2.087e-01  div*=1.05e-02  mg=2
2026-04-25 22:43:12,758 INFO [steady   1600] dt=6.050e-03  R_mom=2.018e-01  div*=8.35e-03  mg=2
2026-04-25 22:43:13,718 INFO [steady   1700] dt=6.015e-03  R_mom=1.906e-01  div*=7.73e-03  mg=2
2026-04-25 22:43:14,685 INFO [steady   1800] dt=5.964e-03  R_mom=1.813e-01  div*=2.18e-02  mg=2
2026-04-25 22:43:15,605 INFO [steady   1900] dt=5.925e-03  R_mom=1.953e-01  div*=5.11e-02  mg=2
2026-04-25 22:43:16,581 INFO [steady   2000] dt=5.884e-03  R_mom=2.196e-01  div*=4.78e-02  mg=2
2026-04-25 22:43:17,541 INFO [steady   2100] dt=5.481e-03  R_mom=2.269e-01  div*=3.36e-02  mg=2
2026-04-25 22:43:18,524 INFO [steady   2200] dt=4.748e-03  R_mom=1.835e-01  div*=1.96e-02  mg=2
2026-04-25 22:43:19,602 INFO [steady   2300] dt=4.592e-03  R_mom=1.190e-01  div*=6.49e-03  mg=3
2026-04-25 22:43:20,710 INFO [steady   2400] dt=5.374e-03  R_mom=7.675e-02  div*=6.31e-03  mg=2
2026-04-25 22:43:21,688 INFO [steady   2500] dt=5.587e-03  R_mom=7.662e-02  div*=6.68e-03  mg=2
2026-04-25 22:43:22,687 INFO [steady   2600] dt=5.616e-03  R_mom=9.470e-02  div*=3.72e-03  mg=2
2026-04-25 22:43:23,764 INFO [steady   2700] dt=5.510e-03  R_mom=1.029e-01  div*=1.30e-02  mg=2
2026-04-25 22:43:24,810 INFO [steady   2800] dt=5.909e-03  R_mom=9.458e-02  div*=5.03e-03  mg=2
2026-04-25 22:43:25,792 INFO [steady   2900] dt=6.253e-03  R_mom=1.118e-01  div*=9.47e-03  mg=2
2026-04-25 22:43:26,806 INFO [steady   3000] dt=6.318e-03  R_mom=1.558e-01  div*=9.81e-03  mg=2
2026-04-25 22:43:27,874 INFO [steady   3100] dt=5.762e-03  R_mom=1.935e-01  div*=2.81e-02  mg=3
2026-04-25 22:43:29,083 INFO [steady   3200] dt=5.981e-03  R_mom=1.276e-01  div*=1.48e-02  mg=3
2026-04-25 22:43:30,074 INFO [steady   3300] dt=6.663e-03  R_mom=1.009e-01  div*=1.21e-02  mg=2
2026-04-25 22:43:31,130 INFO [steady   3400] dt=6.326e-03  R_mom=1.178e-01  div*=1.53e-02  mg=3
2026-04-25 22:43:32,258 INFO [steady   3500] dt=6.641e-03  R_mom=6.508e-02  div*=1.50e-02  mg=2
2026-04-25 22:43:33,323 INFO [steady   3600] dt=6.834e-03  R_mom=5.337e-02  div*=5.59e-03  mg=3
2026-04-25 22:43:34,334 INFO [steady   3700] dt=6.969e-03  R_mom=6.978e-02  div*=6.66e-03  mg=2
2026-04-25 22:43:35,350 INFO [steady   3800] dt=6.552e-03  R_mom=1.129e-01  div*=9.10e-03  mg=2
2026-04-25 22:43:36,545 INFO [steady   3900] dt=6.568e-03  R_mom=1.103e-01  div*=1.38e-02  mg=3
2026-04-25 22:43:37,520 INFO [steady   4000] dt=6.887e-03  R_mom=1.085e-01  div*=1.79e-02  mg=2
2026-04-25 22:43:38,500 INFO [steady   4100] dt=6.388e-03  R_mom=1.493e-01  div*=1.02e-02  mg=2
2026-04-25 22:43:39,665 INFO [steady   4200] dt=6.210e-03  R_mom=1.283e-01  div*=1.49e-02  mg=3
2026-04-25 22:43:40,797 INFO [steady   4300] dt=6.618e-03  R_mom=1.187e-01  div*=2.55e-02  mg=2
2026-04-25 22:43:41,841 INFO [steady   4400] dt=7.034e-03  R_mom=1.011e-01  div*=1.49e-02  mg=2
2026-04-25 22:43:42,973 INFO [steady   4500] dt=6.907e-03  R_mom=1.010e-01  div*=1.06e-02  mg=3
2026-04-25 22:43:44,002 INFO [steady   4600] dt=6.737e-03  R_mom=1.405e-01  div*=1.22e-02  mg=3
2026-04-25 22:43:45,179 INFO [steady   4700] dt=6.856e-03  R_mom=1.234e-01  div*=1.53e-02  mg=3
2026-04-25 22:43:46,164 INFO [steady   4800] dt=6.494e-03  R_mom=1.600e-01  div*=1.34e-02  mg=2
2026-04-25 22:43:47,241 INFO [steady   4900] dt=6.205e-03  R_mom=1.876e-01  div*=2.38e-02  mg=3
2026-04-25 22:43:48,365 INFO [steady   5000] dt=6.584e-03  R_mom=1.739e-01  div*=1.34e-02  mg=3
2026-04-25 22:43:49,456 INFO [steady   5100] dt=6.727e-03  R_mom=1.536e-01  div*=2.18e-02  mg=3
2026-04-25 22:43:50,445 INFO [steady   5200] dt=6.602e-03  R_mom=1.659e-01  div*=1.70e-02  mg=3
2026-04-25 22:43:51,589 INFO [steady   5300] dt=6.664e-03  R_mom=1.540e-01  div*=1.14e-02  mg=3
2026-04-25 22:43:52,694 INFO [steady   5400] dt=6.592e-03  R_mom=1.551e-01  div*=1.76e-02  mg=3
2026-04-25 22:43:53,795 INFO [steady   5500] dt=6.795e-03  R_mom=1.499e-01  div*=8.08e-03  mg=3
2026-04-25 22:43:54,789 INFO [steady   5600] dt=6.336e-03  R_mom=1.950e-01  div*=1.66e-02  mg=2
2026-04-25 22:43:55,837 INFO [steady   5700] dt=6.148e-03  R_mom=2.037e-01  div*=3.04e-02  mg=3
2026-04-25 22:43:56,932 INFO [steady   5800] dt=6.553e-03  R_mom=1.774e-01  div*=2.01e-02  mg=2
2026-04-25 22:43:57,882 INFO [steady   5900] dt=6.716e-03  R_mom=1.748e-01  div*=1.65e-02  mg=2
2026-04-25 22:43:58,878 INFO [steady   6000] dt=6.383e-03  R_mom=1.993e-01  div*=1.61e-02  mg=3
2026-04-25 22:43:59,925 INFO [steady   6100] dt=6.396e-03  R_mom=1.808e-01  div*=1.13e-02  mg=3
2026-04-25 22:44:01,080 INFO [steady   6200] dt=6.565e-03  R_mom=1.645e-01  div*=1.64e-02  mg=2
2026-04-25 22:44:02,086 INFO [steady   6300] dt=6.866e-03  R_mom=1.602e-01  div*=9.43e-03  mg=3
2026-04-25 22:44:03,069 INFO [steady   6400] dt=6.509e-03  R_mom=1.997e-01  div*=1.85e-02  mg=2
2026-04-25 22:44:04,090 INFO [steady   6500] dt=6.363e-03  R_mom=2.024e-01  div*=2.28e-02  mg=3
2026-04-25 22:44:05,227 INFO [steady   6600] dt=6.583e-03  R_mom=1.768e-01  div*=1.36e-02  mg=3
2026-04-25 22:44:06,190 INFO [steady   6700] dt=6.628e-03  R_mom=1.909e-01  div*=1.60e-02  mg=2
2026-04-25 22:44:07,170 INFO [steady   6800] dt=6.318e-03  R_mom=2.127e-01  div*=1.12e-02  mg=2
2026-04-25 22:44:08,240 INFO [steady   6900] dt=6.331e-03  R_mom=1.843e-01  div*=1.17e-02  mg=3
2026-04-25 22:44:09,349 INFO [steady   7000] dt=6.637e-03  R_mom=1.594e-01  div*=1.62e-02  mg=2
2026-04-25 22:44:10,261 INFO [steady   7100] dt=6.926e-03  R_mom=1.554e-01  div*=8.96e-03  mg=2
2026-04-25 22:44:11,362 INFO [steady   7200] dt=6.706e-03  R_mom=1.760e-01  div*=1.33e-02  mg=3
2026-04-25 22:44:12,391 INFO [steady   7300] dt=6.579e-03  R_mom=1.881e-01  div*=1.85e-02  mg=3
2026-04-25 22:44:13,542 INFO [steady   7400] dt=6.636e-03  R_mom=1.771e-01  div*=1.08e-02  mg=3
2026-04-25 22:44:14,512 INFO [steady   7500] dt=6.459e-03  R_mom=1.997e-01  div*=1.52e-02  mg=2
2026-04-25 22:44:15,468 INFO [steady   7600] dt=6.240e-03  R_mom=2.130e-01  div*=1.19e-02  mg=3
2026-04-25 22:44:16,499 INFO [steady   7700] dt=6.274e-03  R_mom=1.836e-01  div*=1.12e-02  mg=2
2026-04-25 22:44:17,737 INFO [steady   7800] dt=6.621e-03  R_mom=1.583e-01  div*=1.32e-02  mg=2
2026-04-25 22:44:18,827 INFO [steady   7900] dt=6.870e-03  R_mom=1.604e-01  div*=1.19e-02  mg=2
2026-04-25 22:44:19,920 INFO [steady   8000] dt=6.684e-03  R_mom=1.746e-01  div*=1.50e-02  mg=2
2026-04-25 22:44:21,120 INFO [steady   8100] dt=6.600e-03  R_mom=1.811e-01  div*=1.46e-02  mg=3
2026-04-25 22:44:22,320 INFO [steady   8200] dt=6.705e-03  R_mom=1.711e-01  div*=1.06e-02  mg=2
2026-04-25 22:44:23,306 INFO [steady   8300] dt=6.475e-03  R_mom=2.000e-01  div*=1.45e-02  mg=2
2026-04-25 22:44:24,357 INFO [steady   8400] dt=6.227e-03  R_mom=2.162e-01  div*=1.27e-02  mg=2
2026-04-25 22:44:25,474 INFO [steady   8500] dt=6.235e-03  R_mom=1.838e-01  div*=1.29e-02  mg=3
2026-04-25 22:44:26,748 INFO [steady   8600] dt=6.586e-03  R_mom=1.582e-01  div*=1.23e-02  mg=2
2026-04-25 22:44:27,829 INFO [steady   8700] dt=6.787e-03  R_mom=1.767e-01  div*=1.54e-02  mg=2
2026-04-25 22:44:28,854 INFO [steady   8800] dt=6.371e-03  R_mom=2.049e-01  div*=2.11e-02  mg=3
2026-04-25 22:44:30,084 INFO [steady   8900] dt=6.505e-03  R_mom=1.793e-01  div*=7.90e-03  mg=3
2026-04-25 22:44:31,186 INFO [steady   9000] dt=6.699e-03  R_mom=1.578e-01  div*=2.51e-02  mg=2
2026-04-25 22:44:32,192 INFO [steady   9100] dt=6.522e-03  R_mom=1.878e-01  div*=8.75e-03  mg=2
2026-04-25 22:44:33,196 INFO [steady   9200] dt=6.095e-03  R_mom=2.312e-01  div*=1.25e-02  mg=2
2026-04-25 22:44:34,400 INFO [steady   9300] dt=6.074e-03  R_mom=1.958e-01  div*=1.40e-02  mg=3
2026-04-25 22:44:35,555 INFO [steady   9400] dt=6.575e-03  R_mom=1.713e-01  div*=2.09e-02  mg=2
2026-04-25 22:44:36,549 INFO [steady   9500] dt=6.438e-03  R_mom=2.042e-01  div*=1.17e-02  mg=2
2026-04-25 22:44:37,586 INFO [steady   9600] dt=6.132e-03  R_mom=2.292e-01  div*=1.36e-02  mg=3
2026-04-25 22:44:38,729 INFO [steady   9700] dt=6.254e-03  R_mom=1.921e-01  div*=8.59e-03  mg=3
2026-04-25 22:44:39,879 INFO [steady   9800] dt=6.614e-03  R_mom=1.651e-01  div*=1.91e-02  mg=2
2026-04-25 22:44:40,833 INFO [steady   9900] dt=6.645e-03  R_mom=1.836e-01  div*=1.05e-02  mg=2
2026-04-25 22:44:41,820 INFO steady did not converge within 10000 iters (last R_mom=2.358e-01)
2026-04-25 22:44:41,821 INFO switching to physical-time integration
2026-04-25 22:44:42,849 INFO [trans  t=  0.364] dt=3.595e-03  R_mom=2.343e-01  div*=1.29e-02
2026-04-25 22:44:43,877 INFO [trans  t=  0.724] dt=3.755e-03  R_mom=2.019e-01  div*=3.77e-03
2026-04-25 22:44:44,963 INFO [trans  t=  1.116] dt=3.962e-03  R_mom=1.807e-01  div*=7.00e-03
2026-04-25 22:44:45,971 INFO [trans  t=  1.515] dt=4.075e-03  R_mom=1.759e-01  div*=7.44e-03
2026-04-25 22:44:47,008 INFO [trans  t=  1.913] dt=3.865e-03  R_mom=2.049e-01  div*=2.91e-03
2026-04-25 22:44:48,026 INFO [trans  t=  2.290] dt=3.703e-03  R_mom=2.314e-01  div*=3.70e-03
2026-04-25 22:44:49,101 INFO [trans  t=  2.657] dt=3.641e-03  R_mom=2.322e-01  div*=7.63e-03
2026-04-25 22:44:50,189 INFO [trans  t=  3.019] dt=3.614e-03  R_mom=2.018e-01  div*=6.12e-03
2026-04-25 22:44:51,230 INFO [trans  t=  3.396] dt=3.911e-03  R_mom=1.873e-01  div*=4.60e-03
2026-04-25 22:44:52,316 INFO [trans  t=  3.789] dt=3.945e-03  R_mom=1.639e-01  div*=5.85e-03
2026-04-25 22:44:53,370 INFO [trans  t=  4.194] dt=4.136e-03  R_mom=1.657e-01  div*=5.64e-03
2026-04-25 22:44:54,364 INFO [trans  t=  4.601] dt=3.974e-03  R_mom=1.936e-01  div*=3.86e-03
2026-04-25 22:44:55,459 INFO [trans  t=  4.988] dt=3.770e-03  R_mom=2.290e-01  div*=3.62e-03
2026-04-25 22:44:56,601 INFO [trans  t=  5.357] dt=3.636e-03  R_mom=2.409e-01  div*=1.23e-02
2026-04-25 22:44:57,706 INFO [trans  t=  5.717] dt=3.678e-03  R_mom=2.107e-01  div*=3.93e-03
2026-04-25 22:44:58,800 INFO [trans  t=  6.104] dt=3.925e-03  R_mom=1.910e-01  div*=6.25e-03
2026-04-25 22:44:59,852 INFO [trans  t=  6.499] dt=4.017e-03  R_mom=1.766e-01  div*=7.81e-03
2026-04-25 22:45:00,933 INFO [trans  t=  6.900] dt=3.917e-03  R_mom=2.009e-01  div*=3.82e-03
2026-04-25 22:45:01,991 INFO [trans  t=  7.282] dt=3.739e-03  R_mom=2.290e-01  div*=3.64e-03
2026-04-25 22:45:03,012 INFO [trans  t=  7.651] dt=3.652e-03  R_mom=2.385e-01  div*=3.61e-03
2026-04-25 22:45:04,152 INFO [trans  t=  8.015] dt=3.627e-03  R_mom=2.166e-01  div*=9.34e-03
2026-04-25 22:45:05,222 INFO [trans  t=  8.379] dt=3.744e-03  R_mom=1.958e-01  div*=3.58e-03
2026-04-25 22:45:06,278 INFO [trans  t=  8.768] dt=3.946e-03  R_mom=1.711e-01  div*=4.92e-03
2026-04-25 22:45:07,292 INFO [trans  t=  9.168] dt=4.119e-03  R_mom=1.645e-01  div*=7.35e-03
2026-04-25 22:45:08,357 INFO [trans  t=  9.573] dt=3.949e-03  R_mom=1.921e-01  div*=3.82e-03
2026-04-25 22:45:09,369 INFO [trans  t=  9.959] dt=3.773e-03  R_mom=2.227e-01  div*=3.71e-03
2026-04-25 22:45:10,485 INFO [trans  t= 10.331] dt=3.679e-03  R_mom=2.353e-01  div*=6.45e-03
2026-04-25 22:45:11,594 INFO [trans  t= 10.696] dt=3.631e-03  R_mom=2.093e-01  div*=7.32e-03
2026-04-25 22:45:12,694 INFO [trans  t= 11.075] dt=3.914e-03  R_mom=1.888e-01  div*=5.56e-03
2026-04-25 22:45:13,672 INFO [trans  t= 11.469] dt=3.977e-03  R_mom=1.596e-01  div*=7.30e-03
2026-04-25 22:45:14,726 INFO [trans  t= 11.879] dt=4.133e-03  R_mom=1.676e-01  div*=4.63e-03
2026-04-25 22:45:15,737 INFO [trans  t= 12.282] dt=3.927e-03  R_mom=1.976e-01  div*=3.86e-03
2026-04-25 22:45:16,723 INFO [trans  t= 12.664] dt=3.731e-03  R_mom=2.329e-01  div*=3.31e-03
2026-04-25 22:45:17,808 INFO [trans  t= 13.031] dt=3.612e-03  R_mom=2.336e-01  div*=1.45e-02
2026-04-25 22:45:18,889 INFO [trans  t= 13.391] dt=3.732e-03  R_mom=2.036e-01  div*=3.36e-03
2026-04-25 22:45:19,894 INFO [trans  t= 13.779] dt=3.920e-03  R_mom=1.766e-01  div*=6.74e-03
2026-04-25 22:45:20,969 INFO [trans  t= 14.176] dt=4.079e-03  R_mom=1.677e-01  div*=7.93e-03
2026-04-25 22:45:21,978 INFO [trans  t= 14.575] dt=3.879e-03  R_mom=1.965e-01  div*=3.50e-03
2026-04-25 22:45:22,996 INFO [trans  t= 14.954] dt=3.712e-03  R_mom=2.248e-01  div*=3.69e-03
2026-04-25 22:45:24,050 INFO [trans  t= 15.321] dt=3.641e-03  R_mom=2.297e-01  div*=9.13e-03
2026-04-25 22:45:25,038 INFO [trans  t= 15.682] dt=3.618e-03  R_mom=2.034e-01  div*=5.52e-03
2026-04-25 22:45:26,040 INFO [trans  t= 16.061] dt=3.906e-03  R_mom=1.899e-01  div*=5.12e-03
2026-04-25 22:45:27,057 INFO [trans  t= 16.453] dt=3.945e-03  R_mom=1.618e-01  div*=6.70e-03
2026-04-25 22:45:28,034 INFO [trans  t= 16.860] dt=4.107e-03  R_mom=1.689e-01  div*=5.46e-03
2026-04-25 22:45:28,967 INFO [trans  t= 17.260] dt=3.897e-03  R_mom=2.012e-01  div*=3.84e-03
2026-04-25 22:45:29,886 INFO [trans  t= 17.640] dt=3.718e-03  R_mom=2.345e-01  div*=3.23e-03
2026-04-25 22:45:30,965 INFO [trans  t= 18.006] dt=3.623e-03  R_mom=2.316e-01  div*=1.43e-02
2026-04-25 22:45:31,896 INFO [trans  t= 18.370] dt=3.800e-03  R_mom=2.048e-01  div*=3.62e-03
2026-04-25 22:45:32,810 INFO [trans  t= 18.760] dt=3.925e-03  R_mom=1.829e-01  div*=6.65e-03
2026-04-25 22:45:33,765 INFO [trans  t= 19.155] dt=4.037e-03  R_mom=1.664e-01  div*=7.94e-03
2026-04-25 22:45:34,785 INFO [trans  t= 19.561] dt=3.962e-03  R_mom=1.919e-01  div*=3.34e-03
2026-04-25 22:45:35,767 INFO [trans  t= 19.946] dt=3.761e-03  R_mom=2.265e-01  div*=3.70e-03
2026-04-25 22:45:36,822 INFO [trans  t= 20.316] dt=3.653e-03  R_mom=2.410e-01  div*=6.71e-03
2026-04-25 22:45:37,868 INFO [trans  t= 20.678] dt=3.602e-03  R_mom=2.095e-01  div*=7.05e-03
2026-04-25 22:45:38,904 INFO [trans  t= 21.056] dt=3.890e-03  R_mom=1.930e-01  div*=5.25e-03
2026-04-25 22:45:39,878 INFO [trans  t= 21.447] dt=3.927e-03  R_mom=1.658e-01  div*=7.28e-03
2026-04-25 22:45:40,865 INFO [trans  t= 21.849] dt=4.057e-03  R_mom=1.738e-01  div*=5.47e-03
2026-04-25 22:45:41,824 INFO [trans  t= 22.244] dt=3.839e-03  R_mom=2.080e-01  div*=3.71e-03
2026-04-25 22:45:42,923 INFO [trans  t= 22.618] dt=3.673e-03  R_mom=2.375e-01  div*=3.58e-03
2026-04-25 22:45:44,014 INFO [trans  t= 22.981] dt=3.596e-03  R_mom=2.277e-01  div*=1.39e-02
2026-04-25 22:45:45,006 INFO [trans  t= 23.343] dt=3.762e-03  R_mom=2.005e-01  div*=3.51e-03
2026-04-25 22:45:45,973 INFO [trans  t= 23.732] dt=3.926e-03  R_mom=1.777e-01  div*=6.45e-03
2026-04-25 22:45:47,036 INFO [trans  t= 24.128] dt=4.050e-03  R_mom=1.599e-01  div*=7.63e-03
2026-04-25 22:45:48,014 INFO [trans  t= 24.535] dt=3.981e-03  R_mom=1.841e-01  div*=3.63e-03
2026-04-25 22:45:48,992 INFO [trans  t= 24.922] dt=3.773e-03  R_mom=2.208e-01  div*=3.64e-03
2026-04-25 22:45:49,970 INFO [trans  t= 25.291] dt=3.636e-03  R_mom=2.429e-01  div*=5.92e-03
2026-04-25 22:45:51,057 INFO [trans  t= 25.650] dt=3.561e-03  R_mom=2.150e-01  div*=7.92e-03
2026-04-25 22:45:52,032 INFO [trans  t= 26.025] dt=3.888e-03  R_mom=1.973e-01  div*=5.68e-03
2026-04-25 22:45:52,959 INFO [trans  t= 26.416] dt=3.927e-03  R_mom=1.692e-01  div*=7.22e-03
2026-04-25 22:45:53,903 INFO [trans  t= 26.818] dt=4.081e-03  R_mom=1.735e-01  div*=5.26e-03
2026-04-25 22:45:54,887 INFO [trans  t= 27.215] dt=3.859e-03  R_mom=2.072e-01  div*=3.72e-03
2026-04-25 22:45:55,804 INFO [trans  t= 27.592] dt=3.692e-03  R_mom=2.363e-01  div*=3.71e-03
2026-04-25 22:45:56,859 INFO [trans  t= 27.957] dt=3.619e-03  R_mom=2.329e-01  div*=1.26e-02
2026-04-25 22:45:57,829 INFO [trans  t= 28.317] dt=3.696e-03  R_mom=2.062e-01  div*=3.00e-03
2026-04-25 22:45:58,864 INFO [trans  t= 28.703] dt=3.905e-03  R_mom=1.865e-01  div*=6.13e-03
2026-04-25 22:45:59,816 INFO [trans  t= 29.096] dt=4.006e-03  R_mom=1.673e-01  div*=7.50e-03
2026-04-25 22:46:00,815 INFO [trans  t= 29.502] dt=3.981e-03  R_mom=1.903e-01  div*=3.63e-03
2026-04-25 22:46:01,799 INFO [trans  t= 29.889] dt=3.782e-03  R_mom=2.222e-01  div*=3.45e-03
2026-04-25 22:46:02,835 INFO [trans  t= 30.261] dt=3.666e-03  R_mom=2.385e-01  div*=2.97e-03
2026-04-25 22:46:03,901 INFO [trans  t= 30.625] dt=3.614e-03  R_mom=2.179e-01  div*=9.67e-03
2026-04-25 22:46:04,947 INFO [trans  t= 30.991] dt=3.831e-03  R_mom=1.981e-01  div*=4.48e-03
2026-04-25 22:46:05,915 INFO [trans  t= 31.382] dt=3.926e-03  R_mom=1.692e-01  div*=5.71e-03
2026-04-25 22:46:06,997 INFO [trans  t= 31.784] dt=4.137e-03  R_mom=1.685e-01  div*=6.79e-03
2026-04-25 22:46:07,965 INFO [trans  t= 32.187] dt=3.917e-03  R_mom=1.982e-01  div*=3.77e-03
2026-04-25 22:46:08,925 INFO [trans  t= 32.569] dt=3.735e-03  R_mom=2.280e-01  div*=3.49e-03
2026-04-25 22:46:09,963 INFO [trans  t= 32.937] dt=3.648e-03  R_mom=2.343e-01  div*=8.86e-03
2026-04-25 22:46:10,954 INFO [trans  t= 33.299] dt=3.631e-03  R_mom=2.072e-01  div*=5.43e-03
2026-04-25 22:46:11,931 INFO [trans  t= 33.680] dt=3.916e-03  R_mom=1.885e-01  div*=5.73e-03
2026-04-25 22:46:12,884 INFO [trans  t= 34.074] dt=3.980e-03  R_mom=1.637e-01  div*=6.23e-03
2026-04-25 22:46:13,810 INFO [trans  t= 34.482] dt=4.081e-03  R_mom=1.783e-01  div*=5.17e-03
2026-04-25 22:46:14,780 INFO [trans  t= 34.879] dt=3.856e-03  R_mom=2.111e-01  div*=3.73e-03
2026-04-25 22:46:15,709 INFO [trans  t= 35.255] dt=3.692e-03  R_mom=2.373e-01  div*=3.70e-03
2026-04-25 22:46:16,765 INFO [trans  t= 35.621] dt=3.629e-03  R_mom=2.281e-01  div*=1.26e-02
2026-04-25 22:46:17,695 INFO [trans  t= 35.983] dt=3.722e-03  R_mom=2.040e-01  div*=3.56e-03
2026-04-25 22:46:18,668 INFO [trans  t= 36.371] dt=3.921e-03  R_mom=1.787e-01  div*=5.29e-03
2026-04-25 22:46:19,634 INFO [trans  t= 36.768] dt=4.087e-03  R_mom=1.703e-01  div*=6.77e-03
2026-04-25 22:46:20,604 INFO [trans  t= 37.174] dt=3.952e-03  R_mom=1.971e-01  div*=4.04e-03
2026-04-25 22:46:21,559 INFO [trans  t= 37.559] dt=3.775e-03  R_mom=2.244e-01  div*=3.52e-03
2026-04-25 22:46:22,570 INFO [trans  t= 37.931] dt=3.689e-03  R_mom=2.325e-01  div*=3.49e-03
2026-04-25 22:46:23,708 INFO [trans  t= 38.299] dt=3.660e-03  R_mom=2.097e-01  div*=7.92e-03
2026-04-25 22:46:24,730 INFO [trans  t= 38.669] dt=3.844e-03  R_mom=1.910e-01  div*=5.08e-03
2026-04-25 22:46:25,754 INFO [trans  t= 39.061] dt=3.944e-03  R_mom=1.618e-01  div*=4.82e-03
2026-04-25 22:46:26,803 INFO [trans  t= 39.468] dt=4.134e-03  R_mom=1.677e-01  div*=6.18e-03
2026-04-25 22:46:27,827 INFO [trans  t= 39.870] dt=3.921e-03  R_mom=1.971e-01  div*=3.82e-03
2026-04-25 22:46:28,826 INFO [trans  t= 40.253] dt=3.741e-03  R_mom=2.259e-01  div*=3.49e-03
2026-04-25 22:46:29,873 INFO [trans  t= 40.622] dt=3.658e-03  R_mom=2.301e-01  div*=1.02e-02
2026-04-25 22:46:30,814 INFO [trans  t= 40.986] dt=3.673e-03  R_mom=2.043e-01  div*=4.54e-03
2026-04-25 22:46:31,762 INFO [trans  t= 41.371] dt=3.933e-03  R_mom=1.836e-01  div*=5.68e-03
2026-04-25 22:46:32,748 INFO [trans  t= 41.766] dt=4.017e-03  R_mom=1.618e-01  div*=6.69e-03
2026-04-25 22:46:33,686 INFO [trans  t= 42.177] dt=4.073e-03  R_mom=1.779e-01  div*=3.98e-03
2026-04-25 22:46:34,623 INFO [trans  t= 42.573] dt=3.844e-03  R_mom=2.107e-01  div*=3.75e-03
2026-04-25 22:46:35,586 INFO [trans  t= 42.948] dt=3.678e-03  R_mom=2.367e-01  div*=3.15e-03
2026-04-25 22:46:36,708 INFO [trans  t= 43.312] dt=3.604e-03  R_mom=2.218e-01  div*=1.26e-02
2026-04-25 22:46:37,683 INFO [trans  t= 43.675] dt=3.789e-03  R_mom=2.005e-01  div*=3.92e-03
2026-04-25 22:46:38,679 INFO [trans  t= 44.066] dt=3.929e-03  R_mom=1.772e-01  div*=5.77e-03
2026-04-25 22:46:39,665 INFO [trans  t= 44.464] dt=4.098e-03  R_mom=1.728e-01  div*=7.28e-03
2026-04-25 22:46:40,655 INFO [trans  t= 44.866] dt=3.918e-03  R_mom=2.012e-01  div*=3.51e-03
2026-04-25 22:46:41,641 INFO [trans  t= 45.249] dt=3.755e-03  R_mom=2.269e-01  div*=3.66e-03
2026-04-25 22:46:42,679 INFO [trans  t= 45.620] dt=3.685e-03  R_mom=2.318e-01  div*=5.16e-03
2026-04-25 22:46:43,843 INFO [trans  t= 45.988] dt=3.656e-03  R_mom=2.077e-01  div*=7.44e-03
2026-04-25 22:46:44,880 INFO [trans  t= 46.361] dt=3.899e-03  R_mom=1.911e-01  div*=5.16e-03
2026-04-25 22:46:45,840 INFO [trans  t= 46.754] dt=3.956e-03  R_mom=1.668e-01  div*=4.79e-03
2026-04-25 22:46:46,862 INFO [trans  t= 47.161] dt=4.085e-03  R_mom=1.778e-01  div*=6.08e-03
2026-04-25 22:46:47,835 INFO [trans  t= 47.558] dt=3.874e-03  R_mom=2.080e-01  div*=3.87e-03
2026-04-25 22:46:48,899 INFO [trans  t= 47.937] dt=3.722e-03  R_mom=2.312e-01  div*=3.70e-03
2026-04-25 22:46:49,964 INFO [trans  t= 48.306] dt=3.664e-03  R_mom=2.301e-01  div*=8.48e-03
2026-04-25 22:46:50,952 INFO [trans  t= 48.671] dt=3.658e-03  R_mom=2.032e-01  div*=5.17e-03
2026-04-25 22:46:51,938 INFO [trans  t= 49.054] dt=3.947e-03  R_mom=1.822e-01  div*=5.28e-03
2026-04-25 22:46:53,009 INFO [trans  t= 49.450] dt=4.022e-03  R_mom=1.617e-01  div*=6.18e-03
2026-04-25 22:46:54,001 INFO [trans  t= 49.862] dt=4.087e-03  R_mom=1.773e-01  div*=5.14e-03
2026-04-25 22:46:55,046 INFO [trans  t= 50.259] dt=3.866e-03  R_mom=2.088e-01  div*=3.75e-03
2026-04-25 22:46:56,073 INFO [trans  t= 50.637] dt=3.704e-03  R_mom=2.334e-01  div*=3.58e-03
2026-04-25 22:46:57,145 INFO [trans  t= 51.004] dt=3.645e-03  R_mom=2.221e-01  div*=1.25e-02
2026-04-25 22:46:58,094 INFO [trans  t= 51.369] dt=3.773e-03  R_mom=1.984e-01  div*=3.66e-03
2026-04-25 22:46:59,010 INFO [trans  t= 51.760] dt=3.949e-03  R_mom=1.764e-01  div*=5.51e-03
2026-04-25 22:47:00,000 INFO [trans  t= 52.159] dt=4.088e-03  R_mom=1.693e-01  div*=7.02e-03
2026-04-25 22:47:00,904 INFO [trans  t= 52.565] dt=3.951e-03  R_mom=1.962e-01  div*=3.79e-03
2026-04-25 22:47:01,825 INFO [trans  t= 52.949] dt=3.764e-03  R_mom=2.252e-01  div*=3.72e-03
2026-04-25 22:47:02,745 INFO [trans  t= 53.320] dt=3.677e-03  R_mom=2.336e-01  div*=3.68e-03
2026-04-25 22:47:03,826 INFO [trans  t= 53.687] dt=3.650e-03  R_mom=2.083e-01  div*=8.44e-03
2026-04-25 22:47:04,800 INFO [trans  t= 54.058] dt=3.865e-03  R_mom=1.906e-01  div*=4.63e-03
2026-04-25 22:47:05,773 INFO [trans  t= 54.452] dt=3.957e-03  R_mom=1.678e-01  div*=4.86e-03
2026-04-25 22:47:06,726 INFO [trans  t= 54.856] dt=4.066e-03  R_mom=1.780e-01  div*=5.97e-03
2026-04-25 22:47:07,742 INFO [trans  t= 55.252] dt=3.852e-03  R_mom=2.087e-01  div*=4.32e-03
2026-04-25 22:47:08,712 INFO [trans  t= 55.629] dt=3.705e-03  R_mom=2.308e-01  div*=3.76e-03
2026-04-25 22:47:09,751 INFO [trans  t= 55.996] dt=3.654e-03  R_mom=2.288e-01  div*=8.11e-03
2026-04-25 22:47:10,781 INFO [trans  t= 56.360] dt=3.643e-03  R_mom=2.025e-01  div*=5.39e-03
2026-04-25 22:47:11,784 INFO [trans  t= 56.741] dt=3.955e-03  R_mom=1.840e-01  div*=5.13e-03
2026-04-25 22:47:12,743 INFO [trans  t= 57.139] dt=4.012e-03  R_mom=1.632e-01  div*=5.71e-03
2026-04-25 22:47:13,714 INFO [trans  t= 57.549] dt=4.096e-03  R_mom=1.772e-01  div*=5.57e-03
2026-04-25 22:47:14,688 INFO [trans  t= 57.947] dt=3.872e-03  R_mom=2.086e-01  div*=3.67e-03
2026-04-25 22:47:15,683 INFO [trans  t= 58.326] dt=3.711e-03  R_mom=2.324e-01  div*=3.76e-03
2026-04-25 22:47:16,741 INFO [trans  t= 58.693] dt=3.656e-03  R_mom=2.246e-01  div*=1.18e-02
2026-04-25 22:47:17,723 INFO [trans  t= 59.058] dt=3.718e-03  R_mom=1.994e-01  div*=3.36e-03
2026-04-25 22:47:18,684 INFO [trans  t= 59.446] dt=3.948e-03  R_mom=1.796e-01  div*=4.83e-03
2026-04-25 22:47:19,707 INFO [trans  t= 59.844] dt=4.048e-03  R_mom=1.696e-01  div*=6.42e-03
2026-04-25 22:47:20,708 INFO [trans  t= 60.251] dt=3.980e-03  R_mom=1.938e-01  div*=4.79e-03
2026-04-25 22:47:21,660 INFO [trans  t= 60.639] dt=3.791e-03  R_mom=2.222e-01  div*=3.70e-03
2026-04-25 22:47:22,618 INFO [trans  t= 61.012] dt=3.696e-03  R_mom=2.321e-01  div*=3.71e-03
2026-04-25 22:47:23,690 INFO [trans  t= 61.381] dt=3.678e-03  R_mom=2.115e-01  div*=9.36e-03
2026-04-25 22:47:24,659 INFO [trans  t= 61.750] dt=3.791e-03  R_mom=1.924e-01  div*=4.45e-03
2026-04-25 22:47:25,617 INFO [trans  t= 62.142] dt=3.952e-03  R_mom=1.692e-01  div*=4.26e-03
2026-04-25 22:47:26,587 INFO [trans  t= 62.546] dt=4.141e-03  R_mom=1.729e-01  div*=5.96e-03
2026-04-25 22:47:27,566 INFO [trans  t= 62.949] dt=3.925e-03  R_mom=2.013e-01  div*=4.79e-03
2026-04-25 22:47:28,531 INFO [trans  t= 63.333] dt=3.760e-03  R_mom=2.254e-01  div*=3.49e-03
2026-04-25 22:47:29,483 INFO [trans  t= 63.704] dt=3.689e-03  R_mom=2.291e-01  div*=5.34e-03
2026-04-25 22:47:30,521 INFO [trans  t= 64.072] dt=3.658e-03  R_mom=2.034e-01  div*=7.39e-03
2026-04-25 22:47:31,471 INFO [trans  t= 64.446] dt=3.919e-03  R_mom=1.828e-01  div*=4.95e-03
2026-04-25 22:47:32,457 INFO [trans  t= 64.844] dt=4.002e-03  R_mom=1.582e-01  div*=5.28e-03
2026-04-25 22:47:33,443 INFO [trans  t= 65.254] dt=4.144e-03  R_mom=1.665e-01  div*=6.11e-03
2026-04-25 22:47:34,420 INFO [trans  t= 65.659] dt=3.936e-03  R_mom=1.959e-01  div*=3.65e-03
2026-04-25 22:47:35,381 INFO [trans  t= 66.042] dt=3.749e-03  R_mom=2.255e-01  div*=3.80e-03
2026-04-25 22:47:36,483 INFO [trans  t= 66.412] dt=3.659e-03  R_mom=2.294e-01  div*=1.00e-02
2026-04-25 22:47:37,445 INFO [trans  t= 66.775] dt=3.667e-03  R_mom=2.007e-01  div*=4.82e-03
2026-04-25 22:47:38,395 INFO [trans  t= 67.161] dt=3.955e-03  R_mom=1.797e-01  div*=5.29e-03
2026-04-25 22:47:39,345 INFO [trans  t= 67.559] dt=4.044e-03  R_mom=1.648e-01  div*=6.72e-03
2026-04-25 22:47:40,359 INFO [trans  t= 67.968] dt=4.017e-03  R_mom=1.860e-01  div*=4.50e-03
2026-04-25 22:47:41,308 INFO [trans  t= 68.358] dt=3.800e-03  R_mom=2.184e-01  div*=3.67e-03
2026-04-25 22:47:42,288 INFO [trans  t= 68.731] dt=3.677e-03  R_mom=2.355e-01  div*=3.77e-03
2026-04-25 22:47:43,324 INFO [trans  t= 69.097] dt=3.645e-03  R_mom=2.174e-01  div*=1.09e-02
2026-04-25 22:47:44,313 INFO [trans  t= 69.462] dt=3.743e-03  R_mom=1.951e-01  div*=4.26e-03
2026-04-25 22:47:45,246 INFO [trans  t= 69.852] dt=3.953e-03  R_mom=1.719e-01  div*=4.78e-03
2026-04-25 22:47:46,256 INFO [trans  t= 70.254] dt=4.110e-03  R_mom=1.732e-01  div*=6.27e-03
2026-04-25 22:47:47,267 INFO [trans  t= 70.654] dt=3.887e-03  R_mom=2.028e-01  div*=4.76e-03
2026-04-25 22:47:48,270 INFO [trans  t= 71.034] dt=3.726e-03  R_mom=2.280e-01  div*=3.60e-03
2026-04-25 22:47:49,258 INFO [trans  t= 71.402] dt=3.652e-03  R_mom=2.328e-01  div*=4.39e-03
2026-04-25 22:47:50,373 INFO [trans  t= 71.766] dt=3.627e-03  R_mom=2.089e-01  div*=7.76e-03
2026-04-25 22:47:51,353 INFO [trans  t= 72.134] dt=3.823e-03  R_mom=1.895e-01  div*=4.56e-03
2026-04-25 22:47:52,354 INFO [trans  t= 72.528] dt=3.979e-03  R_mom=1.637e-01  div*=4.85e-03
2026-04-25 22:47:53,321 INFO [trans  t= 72.936] dt=4.139e-03  R_mom=1.696e-01  div*=6.39e-03
2026-04-25 22:47:54,289 INFO [trans  t= 73.341] dt=3.942e-03  R_mom=1.989e-01  div*=3.97e-03
2026-04-25 22:47:55,251 INFO [trans  t= 73.725] dt=3.764e-03  R_mom=2.270e-01  div*=3.73e-03
2026-04-25 22:47:56,309 INFO [trans  t= 74.096] dt=3.676e-03  R_mom=2.341e-01  div*=6.94e-03
2026-04-25 22:47:57,312 INFO [trans  t= 74.462] dt=3.629e-03  R_mom=2.061e-01  div*=7.03e-03
2026-04-25 22:47:58,274 INFO [trans  t= 74.841] dt=3.942e-03  R_mom=1.843e-01  div*=5.06e-03
2026-04-25 22:47:59,232 INFO [trans  t= 75.237] dt=4.006e-03  R_mom=1.642e-01  div*=6.59e-03
2026-04-25 22:48:00,246 INFO [trans  t= 75.647] dt=4.076e-03  R_mom=1.805e-01  div*=5.89e-03
2026-04-25 22:48:01,205 INFO [trans  t= 76.043] dt=3.850e-03  R_mom=2.126e-01  div*=3.63e-03
2026-04-25 22:48:02,188 INFO [trans  t= 76.420] dt=3.709e-03  R_mom=2.337e-01  div*=3.93e-03
2026-04-25 22:48:03,234 INFO [trans  t= 76.787] dt=3.660e-03  R_mom=2.241e-01  div*=1.08e-02
2026-04-25 22:48:04,234 INFO [trans  t= 77.152] dt=3.687e-03  R_mom=1.979e-01  div*=4.04e-03
2026-04-25 22:48:05,229 INFO [trans  t= 77.538] dt=3.935e-03  R_mom=1.721e-01  div*=4.61e-03
2026-04-25 22:48:06,214 INFO [trans  t= 77.937] dt=4.118e-03  R_mom=1.663e-01  div*=6.58e-03
2026-04-25 22:48:07,193 INFO [trans  t= 78.345] dt=3.971e-03  R_mom=1.933e-01  div*=4.71e-03
2026-04-25 22:48:08,196 INFO [trans  t= 78.732] dt=3.782e-03  R_mom=2.227e-01  div*=3.48e-03
2026-04-25 22:48:09,184 INFO [trans  t= 79.104] dt=3.682e-03  R_mom=2.342e-01  div*=3.19e-03
2026-04-25 22:48:10,241 INFO [trans  t= 79.471] dt=3.653e-03  R_mom=2.126e-01  div*=9.61e-03
2026-04-25 22:48:11,209 INFO [trans  t= 79.839] dt=3.800e-03  R_mom=1.890e-01  div*=4.60e-03
2026-04-25 22:48:12,244 INFO [trans  t= 80.232] dt=3.976e-03  R_mom=1.597e-01  div*=5.40e-03
2026-04-25 22:48:13,207 INFO [trans  t= 80.640] dt=4.163e-03  R_mom=1.636e-01  div*=7.02e-03
2026-04-25 22:48:14,165 INFO [trans  t= 81.046] dt=3.942e-03  R_mom=1.938e-01  div*=3.88e-03
2026-04-25 22:48:15,228 INFO [trans  t= 81.430] dt=3.752e-03  R_mom=2.245e-01  div*=3.70e-03
2026-04-25 22:48:16,496 INFO [trans  t= 81.799] dt=3.662e-03  R_mom=2.317e-01  div*=9.29e-03
2026-04-25 22:48:17,531 INFO [trans  t= 82.163] dt=3.645e-03  R_mom=2.034e-01  div*=5.45e-03
2026-04-25 22:48:18,526 INFO [trans  t= 82.546] dt=3.943e-03  R_mom=1.830e-01  div*=5.56e-03
2026-04-25 22:48:19,438 INFO [trans  t= 82.942] dt=4.012e-03  R_mom=1.614e-01  div*=6.90e-03
2026-04-25 22:48:20,442 INFO [trans  t= 83.352] dt=4.065e-03  R_mom=1.780e-01  div*=4.85e-03
2026-04-25 22:48:21,504 INFO [trans  t= 83.747] dt=3.835e-03  R_mom=2.129e-01  div*=3.70e-03
2026-04-25 22:48:22,489 INFO [trans  t= 84.121] dt=3.673e-03  R_mom=2.394e-01  div*=3.71e-03
2026-04-25 22:48:23,554 INFO [trans  t= 84.485] dt=3.611e-03  R_mom=2.287e-01  div*=1.27e-02
2026-04-25 22:48:24,510 INFO [trans  t= 84.846] dt=3.703e-03  R_mom=2.020e-01  div*=3.67e-03
2026-04-25 22:48:25,471 INFO [trans  t= 85.234] dt=3.944e-03  R_mom=1.780e-01  div*=5.57e-03
2026-04-25 22:48:26,370 INFO [trans  t= 85.633] dt=4.100e-03  R_mom=1.738e-01  div*=6.88e-03
2026-04-25 22:48:27,296 INFO [trans  t= 86.035] dt=3.909e-03  R_mom=2.020e-01  div*=4.17e-03
2026-04-25 22:48:28,316 INFO [trans  t= 86.417] dt=3.746e-03  R_mom=2.277e-01  div*=3.64e-03
2026-04-25 22:48:29,379 INFO [trans  t= 86.787] dt=3.669e-03  R_mom=2.340e-01  div*=3.15e-03
2026-04-25 22:48:30,449 INFO [trans  t= 87.152] dt=3.644e-03  R_mom=2.121e-01  div*=8.34e-03
2026-04-25 22:48:31,443 INFO [trans  t= 87.518] dt=3.772e-03  R_mom=1.914e-01  div*=4.66e-03
2026-04-25 22:48:32,433 INFO [trans  t= 87.910] dt=3.958e-03  R_mom=1.629e-01  div*=4.47e-03
2026-04-25 22:48:33,425 INFO [trans  t= 88.316] dt=4.145e-03  R_mom=1.666e-01  div*=6.49e-03
2026-04-25 22:48:34,395 INFO [trans  t= 88.723] dt=3.966e-03  R_mom=1.955e-01  div*=4.12e-03
2026-04-25 22:48:35,382 INFO [trans  t= 89.109] dt=3.776e-03  R_mom=2.261e-01  div*=3.50e-03
2026-04-25 22:48:36,417 INFO [trans  t= 89.481] dt=3.671e-03  R_mom=2.375e-01  div*=6.78e-03
2026-04-25 22:48:37,421 INFO [trans  t= 89.845] dt=3.618e-03  R_mom=2.101e-01  div*=7.30e-03
2026-04-25 22:48:38,339 INFO [trans  t= 90.224] dt=3.940e-03  R_mom=1.863e-01  div*=5.40e-03
2026-04-25 22:48:39,268 INFO [trans  t= 90.620] dt=4.014e-03  R_mom=1.640e-01  div*=6.38e-03
2026-04-25 22:48:40,246 INFO [trans  t= 91.031] dt=4.090e-03  R_mom=1.803e-01  div*=5.41e-03
2026-04-25 22:48:41,211 INFO [trans  t= 91.428] dt=3.857e-03  R_mom=2.132e-01  div*=3.71e-03
2026-04-25 22:48:42,125 INFO [trans  t= 91.805] dt=3.699e-03  R_mom=2.368e-01  div*=3.78e-03
2026-04-25 22:48:43,145 INFO [trans  t= 92.171] dt=3.637e-03  R_mom=2.272e-01  div*=1.19e-02
2026-04-25 22:48:44,168 INFO [trans  t= 92.533] dt=3.683e-03  R_mom=2.013e-01  div*=4.04e-03
2026-04-25 22:48:45,135 INFO [trans  t= 92.919] dt=3.927e-03  R_mom=1.744e-01  div*=4.79e-03
2026-04-25 22:48:46,069 INFO [trans  t= 93.318] dt=4.110e-03  R_mom=1.696e-01  div*=6.59e-03
2026-04-25 22:48:47,078 INFO [trans  t= 93.723] dt=3.952e-03  R_mom=1.973e-01  div*=4.75e-03
2026-04-25 22:48:48,066 INFO [trans  t= 94.109] dt=3.782e-03  R_mom=2.239e-01  div*=3.56e-03
2026-04-25 22:48:48,989 INFO [trans  t= 94.483] dt=3.696e-03  R_mom=2.321e-01  div*=3.02e-03
2026-04-25 22:48:50,027 INFO [trans  t= 94.851] dt=3.673e-03  R_mom=2.123e-01  div*=8.69e-03
2026-04-25 22:48:50,962 INFO [trans  t= 95.219] dt=3.772e-03  R_mom=1.898e-01  div*=5.24e-03
2026-04-25 22:48:51,949 INFO [trans  t= 95.610] dt=3.969e-03  R_mom=1.607e-01  div*=4.41e-03
2026-04-25 22:48:52,953 INFO [trans  t= 96.019] dt=4.137e-03  R_mom=1.694e-01  div*=6.13e-03
2026-04-25 22:48:53,954 INFO [trans  t= 96.422] dt=3.922e-03  R_mom=1.997e-01  div*=4.18e-03
2026-04-25 22:48:54,930 INFO [trans  t= 96.805] dt=3.755e-03  R_mom=2.260e-01  div*=3.62e-03
2026-04-25 22:48:56,026 INFO [trans  t= 97.176] dt=3.681e-03  R_mom=2.297e-01  div*=8.41e-03
2026-04-25 22:48:57,017 INFO [trans  t= 97.542] dt=3.664e-03  R_mom=2.040e-01  div*=5.47e-03
2026-04-25 22:48:58,003 INFO [trans  t= 97.925] dt=3.948e-03  R_mom=1.807e-01  div*=5.74e-03
2026-04-25 22:48:58,954 INFO [trans  t= 98.323] dt=4.033e-03  R_mom=1.583e-01  div*=6.56e-03
2026-04-25 22:48:59,987 INFO [trans  t= 98.735] dt=4.112e-03  R_mom=1.739e-01  div*=4.65e-03
2026-04-25 22:49:01,032 INFO [trans  t= 99.134] dt=3.880e-03  R_mom=2.061e-01  div*=3.79e-03
2026-04-25 22:49:02,016 INFO [trans  t= 99.512] dt=3.698e-03  R_mom=2.337e-01  div*=3.57e-03
2026-04-25 22:49:03,094 INFO [trans  t= 99.878] dt=3.619e-03  R_mom=2.253e-01  div*=1.28e-02
2026-04-25 22:49:04,110 INFO [trans  t=100.239] dt=3.718e-03  R_mom=2.013e-01  div*=4.06e-03
2026-04-25 22:49:05,097 INFO [trans  t=100.628] dt=3.934e-03  R_mom=1.757e-01  div*=5.19e-03
2026-04-25 22:49:06,078 INFO [trans  t=101.027] dt=4.113e-03  R_mom=1.728e-01  div*=6.84e-03
2026-04-25 22:49:07,069 INFO [trans  t=101.430] dt=3.923e-03  R_mom=2.006e-01  div*=4.36e-03
2026-04-25 22:49:08,086 INFO [trans  t=101.814] dt=3.770e-03  R_mom=2.247e-01  div*=3.78e-03
2026-04-25 22:49:09,072 INFO [trans  t=102.186] dt=3.697e-03  R_mom=2.298e-01  div*=3.02e-03
2026-04-25 22:49:10,128 INFO [trans  t=102.555] dt=3.683e-03  R_mom=2.100e-01  div*=7.89e-03
2026-04-25 22:49:11,111 INFO [trans  t=102.924] dt=3.772e-03  R_mom=1.906e-01  div*=5.13e-03
2026-04-25 22:49:12,131 INFO [trans  t=103.315] dt=3.963e-03  R_mom=1.640e-01  div*=3.57e-03
2026-04-25 22:49:13,132 INFO [trans  t=103.722] dt=4.115e-03  R_mom=1.748e-01  div*=5.33e-03
2026-04-25 22:49:14,112 INFO [trans  t=104.123] dt=3.910e-03  R_mom=2.042e-01  div*=4.80e-03
2026-04-25 22:49:15,086 INFO [trans  t=104.506] dt=3.762e-03  R_mom=2.267e-01  div*=3.73e-03
2026-04-25 22:49:16,125 INFO [trans  t=104.878] dt=3.696e-03  R_mom=2.291e-01  div*=7.16e-03
2026-04-25 22:49:17,063 INFO [trans  t=105.246] dt=3.661e-03  R_mom=2.058e-01  div*=6.43e-03
2026-04-25 22:49:17,969 INFO [trans  t=105.626] dt=3.947e-03  R_mom=1.822e-01  div*=5.50e-03
2026-04-25 22:49:18,897 INFO [trans  t=106.023] dt=4.028e-03  R_mom=1.596e-01  div*=5.92e-03
2026-04-25 22:49:19,885 INFO [trans  t=106.435] dt=4.109e-03  R_mom=1.725e-01  div*=5.39e-03
2026-04-25 22:49:20,846 INFO [trans  t=106.838] dt=3.936e-03  R_mom=2.013e-01  div*=3.82e-03
2026-04-25 22:49:21,837 INFO [trans  t=107.222] dt=3.749e-03  R_mom=2.279e-01  div*=3.60e-03
2026-04-25 22:49:23,007 INFO [trans  t=107.592] dt=3.664e-03  R_mom=2.250e-01  div*=1.21e-02
2026-04-25 22:49:24,001 INFO [trans  t=107.956] dt=3.702e-03  R_mom=1.995e-01  div*=3.87e-03
2026-04-25 22:49:24,930 INFO [trans  t=108.343] dt=3.940e-03  R_mom=1.739e-01  div*=4.79e-03
2026-04-25 22:49:25,919 INFO [trans  t=108.742] dt=4.092e-03  R_mom=1.669e-01  div*=6.85e-03
2026-04-25 22:49:26,870 INFO [trans  t=109.149] dt=3.965e-03  R_mom=1.933e-01  div*=4.70e-03
2026-04-25 22:49:27,830 INFO [trans  t=109.536] dt=3.787e-03  R_mom=2.206e-01  div*=3.69e-03
2026-04-25 22:49:28,785 INFO [trans  t=109.910] dt=3.700e-03  R_mom=2.296e-01  div*=3.36e-03
2026-04-25 22:49:29,816 INFO [trans  t=110.278] dt=3.679e-03  R_mom=2.107e-01  div*=8.85e-03
2026-04-25 22:49:30,770 INFO [trans  t=110.646] dt=3.756e-03  R_mom=1.898e-01  div*=4.97e-03
2026-04-25 22:49:31,791 INFO [trans  t=111.037] dt=3.960e-03  R_mom=1.635e-01  div*=3.88e-03
2026-04-25 22:49:32,763 INFO [trans  t=111.443] dt=4.099e-03  R_mom=1.737e-01  div*=5.74e-03
2026-04-25 22:49:33,713 INFO [trans  t=111.842] dt=3.890e-03  R_mom=2.038e-01  div*=4.97e-03
2026-04-25 22:49:34,680 INFO [trans  t=112.223] dt=3.743e-03  R_mom=2.268e-01  div*=3.61e-03
2026-04-25 22:49:35,732 INFO [trans  t=112.594] dt=3.680e-03  R_mom=2.293e-01  div*=7.15e-03
2026-04-25 22:49:36,725 INFO [trans  t=112.961] dt=3.648e-03  R_mom=2.057e-01  div*=6.47e-03
2026-04-25 22:49:37,691 INFO [trans  t=113.338] dt=3.954e-03  R_mom=1.839e-01  div*=5.60e-03
2026-04-25 22:49:38,676 INFO [trans  t=113.736] dt=4.017e-03  R_mom=1.593e-01  div*=5.65e-03
2026-04-25 22:49:39,659 INFO [trans  t=114.147] dt=4.124e-03  R_mom=1.707e-01  div*=5.89e-03
2026-04-25 22:49:40,667 INFO [trans  t=114.551] dt=3.930e-03  R_mom=2.002e-01  div*=3.78e-03
2026-04-25 22:49:41,660 INFO [trans  t=114.934] dt=3.743e-03  R_mom=2.274e-01  div*=3.72e-03
2026-04-25 22:49:42,721 INFO [trans  t=115.303] dt=3.659e-03  R_mom=2.258e-01  div*=1.19e-02
2026-04-25 22:49:43,727 INFO [trans  t=115.667] dt=3.694e-03  R_mom=2.001e-01  div*=3.85e-03
2026-04-25 22:49:44,707 INFO [trans  t=116.054] dt=3.943e-03  R_mom=1.778e-01  div*=4.99e-03
2026-04-25 22:49:45,719 INFO [trans  t=116.451] dt=4.051e-03  R_mom=1.670e-01  div*=6.65e-03
2026-04-25 22:49:46,735 INFO [trans  t=116.858] dt=3.977e-03  R_mom=1.918e-01  div*=4.91e-03
2026-04-25 22:49:47,739 INFO [trans  t=117.246] dt=3.789e-03  R_mom=2.209e-01  div*=3.68e-03
2026-04-25 22:49:48,730 INFO [trans  t=117.619] dt=3.690e-03  R_mom=2.325e-01  div*=3.72e-03
2026-04-25 22:49:49,789 INFO [trans  t=117.986] dt=3.668e-03  R_mom=2.149e-01  div*=9.54e-03
2026-04-25 22:49:50,752 INFO [trans  t=118.353] dt=3.740e-03  R_mom=1.943e-01  div*=4.57e-03
2026-04-25 22:49:51,778 INFO [trans  t=118.742] dt=3.945e-03  R_mom=1.689e-01  div*=3.88e-03
2026-04-25 22:49:52,746 INFO [trans  t=119.147] dt=4.139e-03  R_mom=1.738e-01  div*=5.78e-03
2026-04-25 22:49:53,727 INFO [trans  t=119.550] dt=3.926e-03  R_mom=2.023e-01  div*=5.00e-03
2026-04-25 22:49:54,701 INFO [trans  t=119.934] dt=3.768e-03  R_mom=2.254e-01  div*=3.65e-03
2026-04-25 22:49:54,886 INFO solve done: iters=41218 converged=True elapsed=418.1s
2026-04-25 22:49:55,138 INFO payload: shipping 101/201 frames (stride=2), u+v only
2026-04-25 22:49:57,847 INFO residuals workbook written: sim_20260425_224256_a49624e3_residuals.xlsx
