2026-04-25 22:03:25,568 INFO simulation sim_20260425_220325_d8f50e6f started; log=sim_20260425_220325_d8f50e6f.log  residuals=sim_20260425_220325_d8f50e6f_residuals.csv
2026-04-25 22:03:25,569 INFO solve start: grid=200x100 (20.000x10.000) mode=steady Re=40.0  polygon=12 pts, solid_cells=210 / 20000
2026-04-25 22:03:25,569 INFO   polygon bbox: x=[8.438,10.915] y=[4.566,5.905]
2026-04-25 22:03:25,577 INFO [steady      0] dt=5.000e-02  R_mom=6.607e-01  div*=4.99e+00  mg=1
2026-04-25 22:03:25,868 INFO [steady    100] dt=3.680e-02  R_mom=2.060e-02  div*=1.82e-02  mg=2
2026-04-25 22:03:26,095 INFO [steady    200] dt=3.784e-02  R_mom=1.491e-02  div*=6.90e-03  mg=1
2026-04-25 22:03:26,291 INFO [steady    300] dt=3.848e-02  R_mom=1.182e-02  div*=3.04e-03  mg=2
2026-04-25 22:03:26,529 INFO [steady    400] dt=3.871e-02  R_mom=9.392e-03  div*=1.38e-03  mg=2
2026-04-25 22:03:26,818 INFO [steady    500] dt=3.883e-02  R_mom=7.297e-03  div*=9.11e-04  mg=2
2026-04-25 22:03:27,116 INFO [steady    600] dt=3.884e-02  R_mom=5.757e-03  div*=4.89e-04  mg=2
2026-04-25 22:03:27,429 INFO [steady    700] dt=3.889e-02  R_mom=4.641e-03  div*=3.44e-04  mg=2
2026-04-25 22:03:27,718 INFO [steady    800] dt=3.891e-02  R_mom=3.875e-03  div*=4.30e-04  mg=2
2026-04-25 22:03:28,032 INFO [steady    900] dt=3.890e-02  R_mom=2.939e-03  div*=3.35e-04  mg=2
2026-04-25 22:03:28,359 INFO [steady   1000] dt=3.891e-02  R_mom=2.586e-03  div*=2.63e-04  mg=2
2026-04-25 22:03:28,633 INFO [steady   1100] dt=3.892e-02  R_mom=2.160e-03  div*=2.60e-04  mg=2
2026-04-25 22:03:28,898 INFO [steady   1200] dt=3.892e-02  R_mom=1.807e-03  div*=1.58e-04  mg=2
2026-04-25 22:03:29,172 INFO [steady   1300] dt=3.891e-02  R_mom=1.570e-03  div*=1.96e-04  mg=2
2026-04-25 22:03:29,435 INFO [steady   1400] dt=3.892e-02  R_mom=1.231e-03  div*=7.34e-05  mg=2
2026-04-25 22:03:29,698 INFO [steady   1500] dt=3.892e-02  R_mom=1.142e-03  div*=1.28e-04  mg=2
2026-04-25 22:03:29,960 INFO [steady   1600] dt=3.892e-02  R_mom=8.505e-04  div*=5.92e-05  mg=2
2026-04-25 22:03:30,213 INFO [steady   1700] dt=3.892e-02  R_mom=7.922e-04  div*=7.23e-05  mg=2
2026-04-25 22:03:30,524 INFO [steady   1800] dt=3.892e-02  R_mom=6.020e-04  div*=6.24e-05  mg=2
2026-04-25 22:03:30,843 INFO [steady   1900] dt=3.892e-02  R_mom=5.341e-04  div*=4.58e-05  mg=2
2026-04-25 22:03:31,110 INFO [steady   2000] dt=3.892e-02  R_mom=4.317e-04  div*=5.28e-05  mg=2
2026-04-25 22:03:31,371 INFO [steady   2100] dt=3.892e-02  R_mom=3.523e-04  div*=2.56e-05  mg=2
2026-04-25 22:03:31,641 INFO [steady   2200] dt=3.892e-02  R_mom=3.087e-04  div*=3.75e-05  mg=2
2026-04-25 22:03:31,909 INFO [steady   2300] dt=3.892e-02  R_mom=2.337e-04  div*=1.14e-05  mg=2
2026-04-25 22:03:32,177 INFO [steady   2400] dt=3.892e-02  R_mom=2.157e-04  div*=2.35e-05  mg=2
2026-04-25 22:03:32,429 INFO [steady   2500] dt=3.892e-02  R_mom=1.592e-04  div*=1.25e-05  mg=2
2026-04-25 22:03:32,682 INFO [steady   2600] dt=3.892e-02  R_mom=1.466e-04  div*=1.27e-05  mg=2
2026-04-25 22:03:32,935 INFO [steady   2700] dt=3.892e-02  R_mom=1.120e-04  div*=1.24e-05  mg=2
2026-04-25 22:03:33,247 INFO [steady   2800] dt=3.892e-02  R_mom=9.714e-05  div*=8.02e-06  mg=2
2026-04-25 22:03:33,586 INFO [steady   2900] dt=3.892e-02  R_mom=8.010e-05  div*=9.86e-06  mg=2
2026-04-25 22:03:33,882 INFO [steady   3000] dt=3.892e-02  R_mom=6.377e-05  div*=4.28e-06  mg=2
2026-04-25 22:03:34,195 INFO [steady   3100] dt=3.892e-02  R_mom=5.680e-05  div*=6.82e-06  mg=2
2026-04-25 22:03:34,490 INFO [steady   3200] dt=3.892e-02  R_mom=4.242e-05  div*=1.97e-06  mg=2
2026-04-25 22:03:34,760 INFO [steady   3300] dt=3.892e-02  R_mom=3.936e-05  div*=4.07e-06  mg=2
2026-04-25 22:03:35,011 INFO [steady   3400] dt=3.892e-02  R_mom=2.914e-05  div*=2.59e-06  mg=2
2026-04-25 22:03:35,267 INFO [steady   3500] dt=3.892e-02  R_mom=2.652e-05  div*=2.29e-06  mg=2
2026-04-25 22:03:35,546 INFO [steady   3600] dt=3.892e-02  R_mom=2.063e-05  div*=2.38e-06  mg=2
2026-04-25 22:03:35,872 INFO [steady   3700] dt=3.892e-02  R_mom=1.749e-05  div*=1.39e-06  mg=2
2026-04-25 22:03:36,158 INFO [steady   3800] dt=3.892e-02  R_mom=1.474e-05  div*=1.83e-06  mg=2
2026-04-25 22:03:36,442 INFO [steady   3900] dt=3.892e-02  R_mom=1.149e-05  div*=6.99e-07  mg=2
2026-04-25 22:03:36,750 INFO [steady   4000] dt=3.892e-02  R_mom=1.040e-05  div*=1.21e-06  mg=2
2026-04-25 22:03:37,042 INFO steady converged @ 4091 iters  R_mom=7.873e-06 / R0=7.878e-02
2026-04-25 22:03:37,043 INFO solve done: iters=4092 converged=True elapsed=11.5s
2026-04-25 22:03:37,246 INFO residuals workbook written: sim_20260425_220325_d8f50e6f_residuals.xlsx
