2026-04-24 14:44:24,840 INFO simulation sim_20260424_144424_91055205 started; log=sim_20260424_144424_91055205.log  residuals=sim_20260424_144424_91055205_residuals.csv
2026-04-24 14:44:24,843 INFO solve start: grid=200x100 (20.000x10.000) mode=steady Re=40.0  polygon=9 pts, solid_cells=358 / 20000
2026-04-24 14:44:24,843 INFO   polygon bbox: x=[8.017,13.494] y=[4.162,5.224]
2026-04-24 14:44:27,982 INFO [steady      0] dt=5.000e-02  R_mom=6.888e-01  div*=4.98e+00  mg=3
2026-04-24 14:44:32,164 INFO [steady    100] dt=3.713e-02  R_mom=1.936e-02  div*=1.49e-02  mg=2
2026-04-24 14:44:34,713 INFO [steady    200] dt=3.736e-02  R_mom=1.456e-02  div*=6.27e-03  mg=2
2026-04-24 14:44:37,683 INFO [steady    300] dt=3.754e-02  R_mom=1.120e-02  div*=1.52e-03  mg=2
2026-04-24 14:44:41,374 INFO [steady    400] dt=3.780e-02  R_mom=8.455e-03  div*=2.22e-03  mg=2
2026-04-24 14:44:44,229 INFO [steady    500] dt=3.812e-02  R_mom=6.360e-03  div*=2.43e-03  mg=1
2026-04-24 14:44:46,197 INFO [steady    600] dt=3.840e-02  R_mom=4.330e-03  div*=2.00e-03  mg=1
2026-04-24 14:44:48,379 INFO [steady    700] dt=3.859e-02  R_mom=2.689e-03  div*=1.35e-03  mg=1
2026-04-24 14:44:50,318 INFO [steady    800] dt=3.871e-02  R_mom=1.588e-03  div*=7.59e-04  mg=1
2026-04-24 14:44:52,532 INFO [steady    900] dt=3.877e-02  R_mom=9.348e-04  div*=3.51e-04  mg=2
2026-04-24 14:44:55,964 INFO [steady   1000] dt=3.880e-02  R_mom=5.454e-04  div*=1.18e-04  mg=2
2026-04-24 14:44:58,957 INFO [steady   1100] dt=3.881e-02  R_mom=3.113e-04  div*=2.91e-05  mg=2
2026-04-24 14:45:01,940 INFO [steady   1200] dt=3.881e-02  R_mom=1.692e-04  div*=2.72e-05  mg=2
2026-04-24 14:45:04,910 INFO [steady   1300] dt=3.880e-02  R_mom=8.081e-05  div*=2.98e-05  mg=2
2026-04-24 14:45:08,055 INFO [steady   1400] dt=3.880e-02  R_mom=3.440e-05  div*=2.15e-05  mg=2
2026-04-24 14:45:11,154 INFO [steady   1500] dt=3.880e-02  R_mom=1.531e-05  div*=1.22e-05  mg=2
2026-04-24 14:45:13,974 INFO [steady   1600] dt=3.880e-02  R_mom=8.376e-06  div*=5.34e-06  mg=2
2026-04-24 14:45:16,930 INFO [steady   1700] dt=3.880e-02  R_mom=6.096e-06  div*=1.44e-06  mg=2
2026-04-24 14:45:20,003 INFO [steady   1800] dt=3.880e-02  R_mom=4.208e-06  div*=4.31e-07  mg=2
2026-04-24 14:45:22,469 INFO [steady   1900] dt=3.880e-02  R_mom=2.694e-06  div*=8.16e-07  mg=1
2026-04-24 14:45:24,645 INFO [steady   2000] dt=3.880e-02  R_mom=1.677e-06  div*=7.56e-07  mg=1
2026-04-24 14:45:26,631 INFO [steady   2100] dt=3.880e-02  R_mom=9.135e-07  div*=5.19e-07  mg=1
2026-04-24 14:45:28,811 INFO [steady   2200] dt=3.880e-02  R_mom=4.589e-07  div*=2.92e-07  mg=1
2026-04-24 14:45:31,865 INFO [steady   2300] dt=3.880e-02  R_mom=2.604e-07  div*=1.33e-07  mg=2
2026-04-24 14:45:35,338 INFO [steady   2400] dt=3.880e-02  R_mom=1.635e-07  div*=4.26e-08  mg=2
2026-04-24 14:45:38,835 INFO [steady   2500] dt=3.880e-02  R_mom=1.055e-07  div*=8.89e-09  mg=2
2026-04-24 14:45:41,838 INFO [steady   2600] dt=3.880e-02  R_mom=6.071e-08  div*=1.31e-08  mg=2
2026-04-24 14:45:44,676 INFO [steady   2700] dt=3.880e-02  R_mom=2.940e-08  div*=1.36e-08  mg=2
2026-04-24 14:45:47,569 INFO [steady   2800] dt=3.880e-02  R_mom=1.469e-08  div*=9.72e-09  mg=2
2026-04-24 14:45:49,726 INFO [steady   2900] dt=3.880e-02  R_mom=7.812e-09  div*=5.53e-09  mg=1
2026-04-24 14:45:52,381 INFO [steady   3000] dt=3.880e-02  R_mom=4.200e-09  div*=2.50e-09  mg=2
2026-04-24 14:45:55,545 INFO [steady   3100] dt=3.880e-02  R_mom=2.708e-09  div*=7.62e-10  mg=2
2026-04-24 14:45:59,027 INFO [steady   3200] dt=3.880e-02  R_mom=1.721e-09  div*=1.86e-10  mg=2
2026-04-24 14:46:03,228 INFO [steady   3300] dt=3.880e-02  R_mom=1.147e-09  div*=2.99e-10  mg=2
2026-04-24 14:46:05,763 INFO [steady   3400] dt=3.880e-02  R_mom=7.108e-10  div*=2.96e-10  mg=1
2026-04-24 14:46:09,357 INFO [steady   3500] dt=3.880e-02  R_mom=3.391e-10  div*=2.08e-10  mg=2
2026-04-24 14:46:12,287 INFO [steady   3600] dt=3.880e-02  R_mom=1.568e-10  div*=1.19e-10  mg=2
2026-04-24 14:46:16,695 INFO [steady   3700] dt=3.880e-02  R_mom=9.574e-11  div*=5.50e-11  mg=2
2026-04-24 14:46:19,985 INFO [steady   3800] dt=3.880e-02  R_mom=6.489e-11  div*=1.76e-11  mg=2
2026-04-24 14:46:22,960 INFO [steady   3900] dt=3.880e-02  R_mom=4.365e-11  div*=3.94e-12  mg=2
2026-04-24 14:46:26,056 INFO [steady   4000] dt=3.880e-02  R_mom=2.355e-11  div*=5.49e-12  mg=2
2026-04-24 14:46:28,900 INFO [steady   4100] dt=3.880e-02  R_mom=1.184e-11  div*=5.78e-12  mg=2
2026-04-24 14:46:32,415 INFO [steady   4200] dt=3.880e-02  R_mom=7.152e-12  div*=4.16e-12  mg=2
2026-04-24 14:46:36,156 INFO [steady   4300] dt=3.880e-02  R_mom=3.754e-12  div*=2.38e-12  mg=2
2026-04-24 14:46:38,899 INFO [steady   4400] dt=3.880e-02  R_mom=1.852e-12  div*=1.10e-12  mg=2
2026-04-24 14:46:41,622 INFO [steady   4500] dt=3.880e-02  R_mom=1.105e-12  div*=3.55e-13  mg=2
2026-04-24 14:46:46,568 INFO [steady   4600] dt=3.880e-02  R_mom=7.363e-13  div*=7.67e-14  mg=3
2026-04-24 14:46:50,921 INFO [steady   4700] dt=3.880e-02  R_mom=5.385e-13  div*=1.17e-13  mg=3
2026-04-24 14:46:54,892 INFO [steady   4800] dt=3.880e-02  R_mom=3.077e-13  div*=1.20e-13  mg=3
2026-04-24 14:46:59,064 INFO [steady   4900] dt=3.880e-02  R_mom=1.238e-13  div*=8.70e-14  mg=3
2026-04-24 14:47:04,135 INFO [steady   5000] dt=3.880e-02  R_mom=6.381e-14  div*=5.11e-14  mg=3
2026-04-24 14:47:08,944 INFO [steady   5100] dt=3.880e-02  R_mom=4.423e-14  div*=2.42e-14  mg=3
2026-04-24 14:47:13,573 INFO [steady   5200] dt=3.880e-02  R_mom=2.928e-14  div*=8.44e-15  mg=3
2026-04-24 14:47:18,090 INFO [steady   5300] dt=3.880e-02  R_mom=1.834e-14  div*=7.01e-15  mg=3
2026-04-24 14:47:23,083 INFO [steady   5400] dt=3.880e-02  R_mom=9.093e-15  div*=8.41e-15  mg=3
2026-04-24 14:47:26,669 INFO [steady   5500] dt=3.880e-02  R_mom=5.724e-15  div*=9.23e-15  mg=3
2026-04-24 14:47:30,272 INFO [steady   5600] dt=3.880e-02  R_mom=3.835e-15  div*=7.15e-15  mg=3
2026-04-24 14:47:33,808 INFO [steady   5700] dt=3.880e-02  R_mom=2.569e-15  div*=7.49e-15  mg=3
2026-04-24 14:47:37,714 INFO [steady   5800] dt=3.880e-02  R_mom=1.721e-15  div*=8.47e-15  mg=3
2026-04-24 14:47:41,321 INFO [steady   5900] dt=3.880e-02  R_mom=2.378e-15  div*=7.56e-15  mg=3
2026-04-24 14:47:45,292 INFO [steady   6000] dt=3.880e-02  R_mom=1.458e-15  div*=6.25e-15  mg=3
2026-04-24 14:47:48,995 INFO [steady   6100] dt=3.880e-02  R_mom=1.711e-15  div*=7.03e-15  mg=3
2026-04-24 14:47:53,095 INFO [steady   6200] dt=3.880e-02  R_mom=1.261e-15  div*=6.70e-15  mg=3
2026-04-24 14:47:56,910 INFO [steady   6300] dt=3.880e-02  R_mom=1.346e-15  div*=6.77e-15  mg=3
2026-04-24 14:48:00,594 INFO [steady   6400] dt=3.880e-02  R_mom=1.281e-15  div*=6.99e-15  mg=3
2026-04-24 14:48:04,797 INFO [steady   6500] dt=3.880e-02  R_mom=1.238e-15  div*=6.56e-15  mg=3
2026-04-24 14:48:09,017 INFO [steady   6600] dt=3.880e-02  R_mom=1.257e-15  div*=6.11e-15  mg=3
2026-04-24 14:48:12,659 INFO [steady   6700] dt=3.880e-02  R_mom=1.199e-15  div*=7.01e-15  mg=3
2026-04-24 14:48:16,360 INFO [steady   6800] dt=3.880e-02  R_mom=1.229e-15  div*=6.14e-15  mg=3
2026-04-24 14:48:21,997 INFO [steady   6900] dt=3.880e-02  R_mom=1.210e-15  div*=6.40e-15  mg=3
2026-04-24 14:48:26,992 INFO [steady   7000] dt=3.880e-02  R_mom=1.220e-15  div*=6.37e-15  mg=3
2026-04-24 14:48:30,779 INFO [steady   7100] dt=3.880e-02  R_mom=1.205e-15  div*=5.92e-15  mg=3
2026-04-24 14:48:34,591 INFO [steady   7200] dt=3.880e-02  R_mom=1.229e-15  div*=5.76e-15  mg=3
2026-04-24 14:48:38,877 INFO [steady   7300] dt=3.880e-02  R_mom=1.212e-15  div*=5.92e-15  mg=3
2026-04-24 14:48:43,135 INFO [steady   7400] dt=3.880e-02  R_mom=1.243e-15  div*=6.03e-15  mg=3
2026-04-24 14:48:47,449 INFO [steady   7500] dt=3.880e-02  R_mom=1.207e-15  div*=5.77e-15  mg=3
2026-04-24 14:48:52,558 INFO [steady   7600] dt=3.880e-02  R_mom=1.207e-15  div*=5.66e-15  mg=3
2026-04-24 14:48:56,991 INFO [steady   7700] dt=3.880e-02  R_mom=1.170e-15  div*=6.99e-15  mg=3
2026-04-24 14:49:00,805 INFO [steady   7800] dt=3.880e-02  R_mom=1.231e-15  div*=5.98e-15  mg=3
2026-04-24 14:49:04,827 INFO [steady   7900] dt=3.880e-02  R_mom=1.226e-15  div*=6.11e-15  mg=3
2026-04-24 14:49:09,520 INFO [steady   8000] dt=3.880e-02  R_mom=1.214e-15  div*=5.92e-15  mg=3
2026-04-24 14:49:15,094 INFO [steady   8100] dt=3.880e-02  R_mom=1.200e-15  div*=6.12e-15  mg=3
2026-04-24 14:49:21,237 INFO [steady   8200] dt=3.880e-02  R_mom=1.203e-15  div*=7.04e-15  mg=3
2026-04-24 14:49:25,174 INFO [steady   8300] dt=3.880e-02  R_mom=1.181e-15  div*=6.11e-15  mg=3
2026-04-24 14:49:28,971 INFO [steady   8400] dt=3.880e-02  R_mom=1.231e-15  div*=5.97e-15  mg=3
2026-04-24 14:49:32,801 INFO [steady   8500] dt=3.880e-02  R_mom=1.204e-15  div*=7.06e-15  mg=3
2026-04-24 14:49:38,491 INFO [steady   8600] dt=3.880e-02  R_mom=1.188e-15  div*=7.11e-15  mg=3
2026-04-24 14:49:43,066 INFO [steady   8700] dt=3.880e-02  R_mom=1.218e-15  div*=6.45e-15  mg=3
2026-04-24 14:49:48,684 INFO [steady   8800] dt=3.880e-02  R_mom=1.196e-15  div*=6.49e-15  mg=3
2026-04-24 14:49:53,494 INFO [steady   8900] dt=3.880e-02  R_mom=1.219e-15  div*=5.66e-15  mg=3
2026-04-24 14:49:57,721 INFO [steady   9000] dt=3.880e-02  R_mom=1.224e-15  div*=5.86e-15  mg=3
2026-04-24 14:50:03,233 INFO [steady   9100] dt=3.880e-02  R_mom=1.216e-15  div*=6.20e-15  mg=3
2026-04-24 14:50:07,912 INFO [steady   9200] dt=3.880e-02  R_mom=1.235e-15  div*=6.31e-15  mg=3
2026-04-24 14:50:11,903 INFO [steady   9300] dt=3.880e-02  R_mom=1.189e-15  div*=6.31e-15  mg=3
2026-04-24 14:50:15,437 INFO [steady   9400] dt=3.880e-02  R_mom=1.301e-15  div*=6.11e-15  mg=3
2026-04-24 14:50:19,189 INFO [steady   9500] dt=3.880e-02  R_mom=1.256e-15  div*=6.56e-15  mg=3
2026-04-24 14:50:23,404 INFO [steady   9600] dt=3.880e-02  R_mom=1.199e-15  div*=6.56e-15  mg=3
2026-04-24 14:50:27,540 INFO [steady   9700] dt=3.880e-02  R_mom=1.244e-15  div*=6.15e-15  mg=3
2026-04-24 14:50:31,594 INFO [steady   9800] dt=3.880e-02  R_mom=1.240e-15  div*=6.66e-15  mg=3
2026-04-24 14:50:36,300 INFO [steady   9900] dt=3.880e-02  R_mom=1.237e-15  div*=6.66e-15  mg=3
2026-04-24 14:50:41,152 INFO [steady  10000] dt=3.880e-02  R_mom=1.235e-15  div*=7.36e-15  mg=3
2026-04-24 14:50:46,101 INFO [steady  10100] dt=3.880e-02  R_mom=1.236e-15  div*=7.84e-15  mg=3
2026-04-24 14:50:51,005 INFO [steady  10200] dt=3.880e-02  R_mom=1.242e-15  div*=6.25e-15  mg=3
2026-04-24 14:50:55,936 INFO [steady  10300] dt=3.880e-02  R_mom=1.223e-15  div*=6.94e-15  mg=3
2026-04-24 14:51:00,877 INFO [steady  10400] dt=3.880e-02  R_mom=1.205e-15  div*=5.97e-15  mg=3
2026-04-24 14:51:06,715 INFO [steady  10500] dt=3.880e-02  R_mom=1.251e-15  div*=6.21e-15  mg=3
2026-04-24 14:51:11,108 INFO [steady  10600] dt=3.880e-02  R_mom=1.221e-15  div*=7.22e-15  mg=3
2026-04-24 14:51:14,904 INFO [steady  10700] dt=3.880e-02  R_mom=1.252e-15  div*=5.20e-15  mg=3
2026-04-24 14:51:18,912 INFO [steady  10800] dt=3.880e-02  R_mom=1.218e-15  div*=6.07e-15  mg=3
2026-04-24 14:51:24,104 INFO [steady  10900] dt=3.880e-02  R_mom=1.239e-15  div*=6.42e-15  mg=3
2026-04-24 14:51:28,546 INFO [steady  11000] dt=3.880e-02  R_mom=1.227e-15  div*=6.90e-15  mg=3
2026-04-24 14:51:32,744 INFO [steady  11100] dt=3.880e-02  R_mom=1.248e-15  div*=6.01e-15  mg=3
2026-04-24 14:51:37,209 INFO [steady  11200] dt=3.880e-02  R_mom=1.229e-15  div*=7.05e-15  mg=3
2026-04-24 14:51:41,157 INFO [steady  11300] dt=3.880e-02  R_mom=1.241e-15  div*=6.31e-15  mg=3
2026-04-24 14:51:45,168 INFO [steady  11400] dt=3.880e-02  R_mom=1.218e-15  div*=5.76e-15  mg=3
2026-04-24 14:51:49,694 INFO [steady  11500] dt=3.880e-02  R_mom=1.214e-15  div*=5.97e-15  mg=3
2026-04-24 14:51:54,389 INFO [steady  11600] dt=3.880e-02  R_mom=1.256e-15  div*=5.83e-15  mg=3
2026-04-24 14:51:59,279 INFO [steady  11700] dt=3.880e-02  R_mom=1.220e-15  div*=6.42e-15  mg=3
2026-04-24 14:52:04,293 INFO [steady  11800] dt=3.880e-02  R_mom=1.243e-15  div*=5.41e-15  mg=3
2026-04-24 14:52:09,338 INFO [steady  11900] dt=3.880e-02  R_mom=1.245e-15  div*=5.55e-15  mg=3
2026-04-24 14:52:14,437 INFO [steady  12000] dt=3.880e-02  R_mom=1.259e-15  div*=5.76e-15  mg=3
2026-04-24 14:52:18,629 INFO [steady  12100] dt=3.880e-02  R_mom=1.216e-15  div*=6.19e-15  mg=3
2026-04-24 14:52:23,721 INFO [steady  12200] dt=3.880e-02  R_mom=1.212e-15  div*=6.71e-15  mg=3
2026-04-24 14:52:28,737 INFO [steady  12300] dt=3.880e-02  R_mom=1.248e-15  div*=6.21e-15  mg=3
2026-04-24 14:52:33,054 INFO [steady  12400] dt=3.880e-02  R_mom=1.236e-15  div*=6.73e-15  mg=3
2026-04-24 14:52:37,738 INFO [steady  12500] dt=3.880e-02  R_mom=1.230e-15  div*=5.89e-15  mg=3
2026-04-24 14:52:42,482 INFO [steady  12600] dt=3.880e-02  R_mom=1.228e-15  div*=6.04e-15  mg=3
2026-04-24 14:52:46,610 INFO [steady  12700] dt=3.880e-02  R_mom=1.249e-15  div*=5.97e-15  mg=3
2026-04-24 14:52:50,731 INFO [steady  12800] dt=3.880e-02  R_mom=1.251e-15  div*=6.32e-15  mg=3
2026-04-24 14:52:54,255 INFO [steady  12900] dt=3.880e-02  R_mom=1.237e-15  div*=5.76e-15  mg=3
2026-04-24 14:52:58,405 INFO [steady  13000] dt=3.880e-02  R_mom=1.245e-15  div*=5.90e-15  mg=3
2026-04-24 14:53:03,107 INFO [steady  13100] dt=3.880e-02  R_mom=1.247e-15  div*=6.90e-15  mg=3
2026-04-24 14:53:07,842 INFO [steady  13200] dt=3.880e-02  R_mom=1.235e-15  div*=6.21e-15  mg=3
2026-04-24 14:53:11,566 INFO [steady  13300] dt=3.880e-02  R_mom=1.250e-15  div*=6.31e-15  mg=3
2026-04-24 14:53:16,733 INFO [steady  13400] dt=3.880e-02  R_mom=1.248e-15  div*=5.95e-15  mg=3
2026-04-24 14:53:20,743 INFO [steady  13500] dt=3.880e-02  R_mom=1.227e-15  div*=6.31e-15  mg=3
2026-04-24 14:53:24,534 INFO [steady  13600] dt=3.880e-02  R_mom=1.258e-15  div*=6.18e-15  mg=3
2026-04-24 14:53:28,144 INFO [steady  13700] dt=3.880e-02  R_mom=1.193e-15  div*=5.89e-15  mg=3
2026-04-24 14:53:32,597 INFO [steady  13800] dt=3.880e-02  R_mom=1.190e-15  div*=6.59e-15  mg=3
2026-04-24 14:53:36,432 INFO [steady  13900] dt=3.880e-02  R_mom=1.204e-15  div*=7.11e-15  mg=3
2026-04-24 14:53:40,467 INFO [steady  14000] dt=3.880e-02  R_mom=1.239e-15  div*=6.48e-15  mg=3
2026-04-24 14:53:44,633 INFO [steady  14100] dt=3.880e-02  R_mom=1.213e-15  div*=6.04e-15  mg=3
2026-04-24 14:53:50,655 INFO [steady  14200] dt=3.880e-02  R_mom=1.209e-15  div*=6.46e-15  mg=3
2026-04-24 14:53:56,811 INFO [steady  14300] dt=3.880e-02  R_mom=1.394e-15  div*=5.83e-15  mg=3
2026-04-24 14:54:01,472 INFO [steady  14400] dt=3.880e-02  R_mom=1.381e-15  div*=6.38e-15  mg=3
2026-04-24 14:54:05,719 INFO [steady  14500] dt=3.880e-02  R_mom=1.224e-15  div*=6.80e-15  mg=3
2026-04-24 14:54:10,719 INFO [steady  14600] dt=3.880e-02  R_mom=2.920e-15  div*=7.13e-15  mg=3
2026-04-24 14:54:14,934 INFO [steady  14700] dt=3.880e-02  R_mom=1.302e-15  div*=6.86e-15  mg=3
2026-04-24 14:54:19,789 INFO [steady  14800] dt=3.880e-02  R_mom=1.220e-15  div*=5.97e-15  mg=3
2026-04-24 14:54:24,295 INFO [steady  14900] dt=3.880e-02  R_mom=1.226e-15  div*=5.83e-15  mg=3
2026-04-24 14:54:28,251 INFO [steady  15000] dt=3.880e-02  R_mom=1.209e-15  div*=6.41e-15  mg=3
2026-04-24 14:54:32,407 INFO [steady  15100] dt=3.880e-02  R_mom=1.228e-15  div*=5.62e-15  mg=3
2026-04-24 14:54:36,411 INFO [steady  15200] dt=3.880e-02  R_mom=1.189e-15  div*=6.07e-15  mg=3
2026-04-24 14:54:41,073 INFO [steady  15300] dt=3.880e-02  R_mom=1.217e-15  div*=6.45e-15  mg=3
2026-04-24 14:54:46,354 INFO [steady  15400] dt=3.880e-02  R_mom=1.220e-15  div*=5.99e-15  mg=3
2026-04-24 14:54:50,454 INFO [steady  15500] dt=3.880e-02  R_mom=1.177e-15  div*=5.55e-15  mg=3
2026-04-24 14:54:54,222 INFO [steady  15600] dt=3.880e-02  R_mom=1.215e-15  div*=5.93e-15  mg=3
2026-04-24 14:54:59,363 INFO [steady  15700] dt=3.880e-02  R_mom=1.235e-15  div*=6.04e-15  mg=3
2026-04-24 14:55:03,075 INFO [steady  15800] dt=3.880e-02  R_mom=1.218e-15  div*=6.35e-15  mg=3
2026-04-24 14:55:07,345 INFO [steady  15900] dt=3.880e-02  R_mom=1.205e-15  div*=7.32e-15  mg=3
2026-04-24 14:55:11,783 INFO [steady  16000] dt=3.880e-02  R_mom=1.190e-15  div*=7.39e-15  mg=3
2026-04-24 14:55:16,555 INFO [steady  16100] dt=3.880e-02  R_mom=1.210e-15  div*=7.29e-15  mg=3
2026-04-24 14:55:20,993 INFO [steady  16200] dt=3.880e-02  R_mom=1.207e-15  div*=5.83e-15  mg=3
2026-04-24 14:55:25,305 INFO [steady  16300] dt=3.880e-02  R_mom=1.192e-15  div*=6.11e-15  mg=3
2026-04-24 14:55:30,056 INFO [steady  16400] dt=3.880e-02  R_mom=1.223e-15  div*=6.18e-15  mg=3
2026-04-24 14:55:34,182 INFO [steady  16500] dt=3.880e-02  R_mom=1.157e-15  div*=7.00e-15  mg=3
2026-04-24 14:55:38,444 INFO [steady  16600] dt=3.880e-02  R_mom=1.223e-15  div*=7.77e-15  mg=3
2026-04-24 14:55:42,523 INFO [steady  16700] dt=3.880e-02  R_mom=1.223e-15  div*=6.16e-15  mg=3
2026-04-24 14:55:47,369 INFO [steady  16800] dt=3.880e-02  R_mom=1.187e-15  div*=5.45e-15  mg=3
2026-04-24 14:55:51,556 INFO [steady  16900] dt=3.880e-02  R_mom=1.249e-15  div*=6.11e-15  mg=3
2026-04-24 14:55:56,163 INFO [steady  17000] dt=3.880e-02  R_mom=1.205e-15  div*=6.05e-15  mg=3
2026-04-24 14:55:59,840 INFO [steady  17100] dt=3.880e-02  R_mom=1.212e-15  div*=6.04e-15  mg=3
2026-04-24 14:56:03,777 INFO [steady  17200] dt=3.880e-02  R_mom=1.221e-15  div*=6.71e-15  mg=3
2026-04-24 14:56:07,377 INFO [steady  17300] dt=3.880e-02  R_mom=1.202e-15  div*=6.11e-15  mg=3
2026-04-24 14:56:10,956 INFO [steady  17400] dt=3.880e-02  R_mom=1.185e-15  div*=6.35e-15  mg=3
2026-04-24 14:56:14,552 INFO [steady  17500] dt=3.880e-02  R_mom=1.184e-15  div*=7.29e-15  mg=3
2026-04-24 14:56:18,251 INFO [steady  17600] dt=3.880e-02  R_mom=1.189e-15  div*=6.07e-15  mg=3
2026-04-24 14:56:22,700 INFO [steady  17700] dt=3.880e-02  R_mom=1.235e-15  div*=6.26e-15  mg=3
2026-04-24 14:56:27,169 INFO [steady  17800] dt=3.880e-02  R_mom=1.205e-15  div*=6.17e-15  mg=3
2026-04-24 14:56:31,937 INFO [steady  17900] dt=3.880e-02  R_mom=1.214e-15  div*=5.69e-15  mg=3
2026-04-24 14:56:35,561 INFO [steady  18000] dt=3.880e-02  R_mom=1.192e-15  div*=6.11e-15  mg=3
2026-04-24 14:56:39,512 INFO [steady  18100] dt=3.880e-02  R_mom=1.213e-15  div*=6.04e-15  mg=3
2026-04-24 14:56:43,956 INFO [steady  18200] dt=3.880e-02  R_mom=1.219e-15  div*=5.47e-15  mg=3
2026-04-24 14:56:47,874 INFO [steady  18300] dt=3.880e-02  R_mom=1.193e-15  div*=6.05e-15  mg=3
2026-04-24 14:56:51,724 INFO [steady  18400] dt=3.880e-02  R_mom=1.231e-15  div*=5.69e-15  mg=3
2026-04-24 14:56:56,063 INFO [steady  18500] dt=3.880e-02  R_mom=1.215e-15  div*=6.18e-15  mg=3
2026-04-24 14:57:00,231 INFO [steady  18600] dt=3.880e-02  R_mom=1.222e-15  div*=6.38e-15  mg=3
2026-04-24 14:57:04,767 INFO [steady  18700] dt=3.880e-02  R_mom=1.199e-15  div*=7.02e-15  mg=3
2026-04-24 14:57:08,732 INFO [steady  18800] dt=3.880e-02  R_mom=1.243e-15  div*=6.38e-15  mg=3
2026-04-24 14:57:13,002 INFO [steady  18900] dt=3.880e-02  R_mom=1.297e-15  div*=7.08e-15  mg=3
2026-04-24 14:57:17,742 INFO [steady  19000] dt=3.880e-02  R_mom=1.236e-15  div*=6.11e-15  mg=3
2026-04-24 14:57:22,360 INFO [steady  19100] dt=3.880e-02  R_mom=1.233e-15  div*=7.41e-15  mg=3
2026-04-24 14:57:27,737 INFO [steady  19200] dt=3.880e-02  R_mom=1.243e-15  div*=7.22e-15  mg=3
2026-04-24 14:57:31,486 INFO [steady  19300] dt=3.880e-02  R_mom=1.220e-15  div*=5.99e-15  mg=3
2026-04-24 14:57:35,404 INFO [steady  19400] dt=3.880e-02  R_mom=1.266e-15  div*=5.83e-15  mg=3
2026-04-24 14:57:39,477 INFO [steady  19500] dt=3.880e-02  R_mom=1.247e-15  div*=6.52e-15  mg=3
2026-04-24 14:57:43,588 INFO [steady  19600] dt=3.880e-02  R_mom=1.232e-15  div*=5.97e-15  mg=3
2026-04-24 14:57:47,747 INFO [steady  19700] dt=3.880e-02  R_mom=1.207e-15  div*=6.52e-15  mg=3
2026-04-24 14:57:51,478 INFO [steady  19800] dt=3.880e-02  R_mom=1.266e-15  div*=7.81e-15  mg=3
2026-04-24 14:57:56,003 INFO [steady  19900] dt=3.880e-02  R_mom=1.261e-15  div*=6.38e-15  mg=3
2026-04-24 14:58:01,110 INFO steady did not converge within 20000 iters (last R_mom=1.229e-15)
2026-04-24 14:58:01,118 INFO solve done: iters=20000 converged=False elapsed=816.3s
2026-04-24 14:58:02,668 INFO residuals workbook written: sim_20260424_144424_91055205_residuals.xlsx
