2026-04-25 22:33:53,538 INFO simulation sim_20260425_223353_a693086a started; log=sim_20260425_223353_a693086a.log  residuals=sim_20260425_223353_a693086a_residuals.csv
2026-04-25 22:33:53,544 INFO solve start: grid=480x240 (20.000x10.000) mode=steady Re=10.0  polygon=12 pts, solid_cells=1822 / 115200
2026-04-25 22:33:53,544 INFO   polygon bbox: x=[8.556,11.043] y=[4.484,6.178]
2026-04-25 22:33:53,564 INFO [steady      0] dt=2.083e-02  R_mom=7.309e-01  div*=1.15e+01  mg=1
2026-04-25 22:33:54,584 INFO [steady    100] dt=1.381e-02  R_mom=2.605e-02  div*=1.00e-01  mg=2
2026-04-25 22:33:55,355 INFO [steady    200] dt=1.421e-02  R_mom=1.618e-02  div*=2.83e-02  mg=1
2026-04-25 22:33:56,124 INFO [steady    300] dt=1.440e-02  R_mom=1.272e-02  div*=1.43e-02  mg=1
2026-04-25 22:33:56,832 INFO [steady    400] dt=1.453e-02  R_mom=1.092e-02  div*=9.09e-03  mg=1
2026-04-25 22:33:57,529 INFO [steady    500] dt=1.461e-02  R_mom=9.805e-03  div*=6.68e-03  mg=1
2026-04-25 22:33:58,216 INFO [steady    600] dt=1.467e-02  R_mom=9.022e-03  div*=5.10e-03  mg=1
2026-04-25 22:33:58,966 INFO [steady    700] dt=1.472e-02  R_mom=8.428e-03  div*=3.90e-03  mg=1
2026-04-25 22:33:59,662 INFO [steady    800] dt=1.475e-02  R_mom=7.950e-03  div*=2.97e-03  mg=1
2026-04-25 22:34:00,361 INFO [steady    900] dt=1.477e-02  R_mom=7.549e-03  div*=2.24e-03  mg=1
2026-04-25 22:34:01,080 INFO [steady   1000] dt=1.478e-02  R_mom=7.202e-03  div*=1.68e-03  mg=1
2026-04-25 22:34:01,794 INFO [steady   1100] dt=1.479e-02  R_mom=6.895e-03  div*=1.26e-03  mg=1
2026-04-25 22:34:02,526 INFO [steady   1200] dt=1.479e-02  R_mom=6.620e-03  div*=9.46e-04  mg=1
2026-04-25 22:34:03,222 INFO [steady   1300] dt=1.480e-02  R_mom=6.370e-03  div*=7.11e-04  mg=1
2026-04-25 22:34:03,970 INFO [steady   1400] dt=1.480e-02  R_mom=6.140e-03  div*=5.34e-04  mg=1
2026-04-25 22:34:04,686 INFO [steady   1500] dt=1.480e-02  R_mom=5.927e-03  div*=4.73e-04  mg=1
2026-04-25 22:34:05,396 INFO [steady   1600] dt=1.480e-02  R_mom=5.729e-03  div*=4.33e-04  mg=1
2026-04-25 22:34:06,123 INFO [steady   1700] dt=1.480e-02  R_mom=5.542e-03  div*=4.01e-04  mg=1
2026-04-25 22:34:06,836 INFO [steady   1800] dt=1.480e-02  R_mom=5.365e-03  div*=3.76e-04  mg=1
2026-04-25 22:34:07,558 INFO [steady   1900] dt=1.480e-02  R_mom=5.196e-03  div*=3.55e-04  mg=1
2026-04-25 22:34:08,331 INFO [steady   2000] dt=1.480e-02  R_mom=5.032e-03  div*=3.38e-04  mg=1
2026-04-25 22:34:09,193 INFO [steady   2100] dt=1.480e-02  R_mom=4.871e-03  div*=3.24e-04  mg=1
2026-04-25 22:34:09,904 INFO [steady   2200] dt=1.480e-02  R_mom=4.711e-03  div*=3.16e-04  mg=1
2026-04-25 22:34:10,602 INFO [steady   2300] dt=1.481e-02  R_mom=4.551e-03  div*=3.32e-04  mg=1
2026-04-25 22:34:11,347 INFO [steady   2400] dt=1.481e-02  R_mom=4.390e-03  div*=3.35e-04  mg=1
2026-04-25 22:34:12,057 INFO [steady   2500] dt=1.481e-02  R_mom=4.226e-03  div*=3.26e-04  mg=1
2026-04-25 22:34:12,765 INFO [steady   2600] dt=1.482e-02  R_mom=4.059e-03  div*=3.05e-04  mg=1
2026-04-25 22:34:13,454 INFO [steady   2700] dt=1.482e-02  R_mom=3.890e-03  div*=2.76e-04  mg=1
2026-04-25 22:34:14,224 INFO [steady   2800] dt=1.482e-02  R_mom=3.717e-03  div*=2.50e-04  mg=1
2026-04-25 22:34:14,994 INFO [steady   2900] dt=1.483e-02  R_mom=3.542e-03  div*=2.36e-04  mg=1
2026-04-25 22:34:15,689 INFO [steady   3000] dt=1.484e-02  R_mom=3.365e-03  div*=2.22e-04  mg=1
2026-04-25 22:34:16,464 INFO [steady   3100] dt=1.484e-02  R_mom=3.187e-03  div*=2.07e-04  mg=1
2026-04-25 22:34:17,209 INFO [steady   3200] dt=1.485e-02  R_mom=3.009e-03  div*=1.91e-04  mg=1
2026-04-25 22:34:17,934 INFO [steady   3300] dt=1.485e-02  R_mom=2.832e-03  div*=1.74e-04  mg=1
2026-04-25 22:34:18,675 INFO [steady   3400] dt=1.486e-02  R_mom=2.657e-03  div*=1.58e-04  mg=1
2026-04-25 22:34:19,405 INFO [steady   3500] dt=1.487e-02  R_mom=2.487e-03  div*=1.42e-04  mg=1
2026-04-25 22:34:20,129 INFO [steady   3600] dt=1.487e-02  R_mom=2.322e-03  div*=1.26e-04  mg=1
2026-04-25 22:34:20,823 INFO [steady   3700] dt=1.488e-02  R_mom=2.163e-03  div*=1.10e-04  mg=1
2026-04-25 22:34:21,624 INFO [steady   3800] dt=1.488e-02  R_mom=2.011e-03  div*=1.11e-04  mg=1
2026-04-25 22:34:22,365 INFO [steady   3900] dt=1.489e-02  R_mom=1.867e-03  div*=1.21e-04  mg=1
2026-04-25 22:34:23,101 INFO [steady   4000] dt=1.489e-02  R_mom=1.732e-03  div*=1.29e-04  mg=1
2026-04-25 22:34:23,911 INFO [steady   4100] dt=1.490e-02  R_mom=1.604e-03  div*=1.35e-04  mg=1
2026-04-25 22:34:24,641 INFO [steady   4200] dt=1.490e-02  R_mom=1.485e-03  div*=1.39e-04  mg=1
2026-04-25 22:34:25,348 INFO [steady   4300] dt=1.490e-02  R_mom=1.375e-03  div*=1.40e-04  mg=1
2026-04-25 22:34:26,063 INFO [steady   4400] dt=1.491e-02  R_mom=1.272e-03  div*=1.40e-04  mg=1
2026-04-25 22:34:26,826 INFO [steady   4500] dt=1.491e-02  R_mom=1.176e-03  div*=1.38e-04  mg=1
2026-04-25 22:34:27,568 INFO [steady   4600] dt=1.491e-02  R_mom=1.087e-03  div*=1.33e-04  mg=1
2026-04-25 22:34:28,291 INFO [steady   4700] dt=1.491e-02  R_mom=1.006e-03  div*=1.27e-04  mg=1
2026-04-25 22:34:29,041 INFO [steady   4800] dt=1.491e-02  R_mom=9.298e-04  div*=1.20e-04  mg=1
2026-04-25 22:34:29,755 INFO [steady   4900] dt=1.491e-02  R_mom=8.601e-04  div*=1.12e-04  mg=1
2026-04-25 22:34:30,482 INFO [steady   5000] dt=1.491e-02  R_mom=7.961e-04  div*=1.04e-04  mg=1
2026-04-25 22:34:31,278 INFO [steady   5100] dt=1.491e-02  R_mom=7.376e-04  div*=9.91e-05  mg=1
2026-04-25 22:34:32,011 INFO [steady   5200] dt=1.491e-02  R_mom=6.844e-04  div*=9.25e-05  mg=1
2026-04-25 22:34:32,768 INFO [steady   5300] dt=1.491e-02  R_mom=6.364e-04  div*=8.49e-05  mg=1
2026-04-25 22:34:33,471 INFO [steady   5400] dt=1.491e-02  R_mom=5.933e-04  div*=7.66e-05  mg=1
2026-04-25 22:34:34,249 INFO [steady   5500] dt=1.491e-02  R_mom=5.549e-04  div*=6.76e-05  mg=1
2026-04-25 22:34:35,003 INFO [steady   5600] dt=1.491e-02  R_mom=5.209e-04  div*=5.84e-05  mg=1
2026-04-25 22:34:35,704 INFO [steady   5700] dt=1.491e-02  R_mom=4.907e-04  div*=4.92e-05  mg=1
2026-04-25 22:34:36,436 INFO [steady   5800] dt=1.491e-02  R_mom=4.640e-04  div*=4.00e-05  mg=1
2026-04-25 22:34:37,146 INFO [steady   5900] dt=1.491e-02  R_mom=4.402e-04  div*=3.83e-05  mg=1
2026-04-25 22:34:37,852 INFO [steady   6000] dt=1.491e-02  R_mom=4.186e-04  div*=3.78e-05  mg=1
2026-04-25 22:34:38,525 INFO [steady   6100] dt=1.491e-02  R_mom=3.988e-04  div*=3.78e-05  mg=1
2026-04-25 22:34:39,250 INFO [steady   6200] dt=1.491e-02  R_mom=3.801e-04  div*=3.79e-05  mg=1
2026-04-25 22:34:39,966 INFO [steady   6300] dt=1.491e-02  R_mom=3.623e-04  div*=3.77e-05  mg=1
2026-04-25 22:34:40,702 INFO [steady   6400] dt=1.490e-02  R_mom=3.449e-04  div*=3.70e-05  mg=1
2026-04-25 22:34:41,481 INFO [steady   6500] dt=1.490e-02  R_mom=3.277e-04  div*=3.58e-05  mg=1
2026-04-25 22:34:42,198 INFO [steady   6600] dt=1.490e-02  R_mom=3.105e-04  div*=3.40e-05  mg=1
2026-04-25 22:34:42,925 INFO [steady   6700] dt=1.490e-02  R_mom=2.935e-04  div*=3.17e-05  mg=1
2026-04-25 22:34:43,632 INFO [steady   6800] dt=1.490e-02  R_mom=2.764e-04  div*=2.89e-05  mg=1
2026-04-25 22:34:44,383 INFO [steady   6900] dt=1.490e-02  R_mom=2.596e-04  div*=2.58e-05  mg=1
2026-04-25 22:34:45,084 INFO [steady   7000] dt=1.490e-02  R_mom=2.431e-04  div*=2.33e-05  mg=1
2026-04-25 22:34:45,776 INFO [steady   7100] dt=1.490e-02  R_mom=2.272e-04  div*=2.20e-05  mg=1
2026-04-25 22:34:46,654 INFO [steady   7200] dt=1.490e-02  R_mom=2.120e-04  div*=2.04e-05  mg=1
2026-04-25 22:34:47,380 INFO [steady   7300] dt=1.490e-02  R_mom=1.977e-04  div*=1.86e-05  mg=1
2026-04-25 22:34:48,090 INFO [steady   7400] dt=1.490e-02  R_mom=1.844e-04  div*=1.67e-05  mg=1
2026-04-25 22:34:48,835 INFO [steady   7500] dt=1.490e-02  R_mom=1.723e-04  div*=1.46e-05  mg=1
2026-04-25 22:34:49,799 INFO [steady   7600] dt=1.490e-02  R_mom=1.614e-04  div*=1.24e-05  mg=2
2026-04-25 22:34:50,778 INFO [steady   7700] dt=1.490e-02  R_mom=1.517e-04  div*=1.02e-05  mg=2
2026-04-25 22:34:51,777 INFO [steady   7800] dt=1.490e-02  R_mom=1.431e-04  div*=8.26e-06  mg=2
2026-04-25 22:34:52,728 INFO [steady   7900] dt=1.490e-02  R_mom=1.355e-04  div*=9.74e-06  mg=2
2026-04-25 22:34:53,681 INFO [steady   8000] dt=1.490e-02  R_mom=1.287e-04  div*=1.09e-05  mg=1
2026-04-25 22:34:54,463 INFO [steady   8100] dt=1.490e-02  R_mom=1.226e-04  div*=1.17e-05  mg=1
2026-04-25 22:34:55,197 INFO [steady   8200] dt=1.491e-02  R_mom=1.169e-04  div*=1.22e-05  mg=1
2026-04-25 22:34:55,911 INFO [steady   8300] dt=1.491e-02  R_mom=1.115e-04  div*=1.24e-05  mg=1
2026-04-25 22:34:56,686 INFO [steady   8400] dt=1.491e-02  R_mom=1.063e-04  div*=1.22e-05  mg=1
2026-04-25 22:34:57,425 INFO [steady   8500] dt=1.491e-02  R_mom=1.012e-04  div*=1.18e-05  mg=1
2026-04-25 22:34:58,141 INFO [steady   8600] dt=1.491e-02  R_mom=9.613e-05  div*=1.11e-05  mg=1
2026-04-25 22:34:58,863 INFO [steady   8700] dt=1.491e-02  R_mom=9.107e-05  div*=1.03e-05  mg=1
2026-04-25 22:34:59,637 INFO [steady   8800] dt=1.491e-02  R_mom=8.603e-05  div*=9.21e-06  mg=1
2026-04-25 22:35:00,435 INFO [steady   8900] dt=1.491e-02  R_mom=8.105e-05  div*=8.04e-06  mg=1
2026-04-25 22:35:01,139 INFO [steady   9000] dt=1.491e-02  R_mom=7.618e-05  div*=7.32e-06  mg=1
2026-04-25 22:35:01,898 INFO [steady   9100] dt=1.491e-02  R_mom=7.147e-05  div*=6.89e-06  mg=1
2026-04-25 22:35:02,609 INFO [steady   9200] dt=1.491e-02  R_mom=6.697e-05  div*=6.32e-06  mg=1
2026-04-25 22:35:03,322 INFO [steady   9300] dt=1.491e-02  R_mom=6.275e-05  div*=5.65e-06  mg=1
2026-04-25 22:35:04,070 INFO [steady   9400] dt=1.491e-02  R_mom=5.885e-05  div*=4.91e-06  mg=1
2026-04-25 22:35:04,967 INFO [steady   9500] dt=1.491e-02  R_mom=5.528e-05  div*=4.12e-06  mg=2
2026-04-25 22:35:05,166 INFO steady converged @ 9521 iters  R_mom=5.458e-05 / R0=5.461e-01
2026-04-25 22:35:05,168 INFO solve done: iters=9522 converged=True elapsed=71.6s
2026-04-25 22:35:05,586 INFO residuals workbook written: sim_20260425_223353_a693086a_residuals.xlsx
