2026-04-23 18:52:57,656 INFO simulation sim_20260423_185257_33191dd6 started; log=sim_20260423_185257_33191dd6.log  residuals=sim_20260423_185257_33191dd6_residuals.csv
2026-04-23 18:52:57,662 INFO solve start: grid=480x240 (20.000x10.000) mode=transient Re=40.0  polygon=15 pts, solid_cells=1273 / 115200
2026-04-23 18:52:57,662 INFO   polygon bbox: x=[6.263,16.024] y=[4.701,7.395]
2026-04-23 18:52:57,665 INFO warm-start: steady phase
2026-04-23 18:52:58,114 INFO [steady      0] dt=1.736e-02  R_mom=1.929e+00  div*=1.17e+01  mg=3
2026-04-23 18:53:08,188 INFO [steady    100] dt=1.000e-02  R_mom=2.780e+00  div*=3.73e+00  mg=2
2026-04-23 18:53:15,706 INFO [steady    200] dt=9.013e-03  R_mom=2.537e+00  div*=2.53e+01  mg=2
2026-04-23 18:53:27,548 INFO [steady    300] dt=8.911e-03  R_mom=2.581e+00  div*=2.69e+01  mg=2
2026-04-23 18:53:38,840 INFO [steady    400] dt=9.083e-03  R_mom=2.485e+00  div*=2.71e+01  mg=2
2026-04-23 18:53:44,942 INFO [steady    500] dt=1.031e-02  R_mom=2.173e+00  div*=2.91e+01  mg=2
2026-04-23 18:53:51,255 INFO [steady    600] dt=9.402e-03  R_mom=2.353e+00  div*=2.81e+01  mg=2
2026-04-23 18:53:59,402 INFO [steady    700] dt=9.585e-03  R_mom=2.928e+00  div*=6.64e+00  mg=2
2026-04-23 18:54:11,320 INFO [steady    800] dt=9.061e-03  R_mom=2.082e+00  div*=8.89e+00  mg=2
2026-04-23 18:54:18,524 INFO [steady    900] dt=9.173e-03  R_mom=2.344e+00  div*=2.28e+01  mg=2
2026-04-23 18:54:24,967 INFO [steady   1000] dt=8.372e-03  R_mom=2.727e+00  div*=2.58e+01  mg=2
2026-04-23 18:54:30,720 INFO [steady   1100] dt=9.307e-03  R_mom=2.316e+00  div*=2.60e+01  mg=2
2026-04-23 18:54:37,327 INFO [steady   1200] dt=9.125e-03  R_mom=2.386e+00  div*=2.48e+01  mg=2
2026-04-23 18:54:45,622 INFO [steady   1300] dt=9.689e-03  R_mom=2.166e+00  div*=2.93e+01  mg=2
2026-04-23 18:54:51,394 INFO [steady   1400] dt=9.898e-03  R_mom=2.222e+00  div*=2.57e+01  mg=2
2026-04-23 18:54:59,774 INFO [steady   1500] dt=9.561e-03  R_mom=2.263e+00  div*=2.79e+01  mg=2
2026-04-23 18:55:10,128 INFO [steady   1600] dt=9.727e-03  R_mom=2.865e+00  div*=2.76e+01  mg=2
2026-04-23 18:55:20,593 INFO [steady   1700] dt=9.141e-03  R_mom=1.906e+00  div*=9.06e+00  mg=2
2026-04-23 18:55:32,234 INFO [steady   1800] dt=8.641e-03  R_mom=2.340e+00  div*=1.95e+01  mg=2
2026-04-23 18:55:39,413 INFO [steady   1900] dt=8.692e-03  R_mom=2.392e+00  div*=2.37e+01  mg=2
2026-04-23 18:55:47,807 INFO [steady   2000] dt=8.766e-03  R_mom=2.406e+00  div*=2.46e+01  mg=2
2026-04-23 18:55:57,003 INFO [steady   2100] dt=8.112e-03  R_mom=2.652e+00  div*=2.38e+01  mg=2
2026-04-23 18:56:05,284 INFO [steady   2200] dt=8.644e-03  R_mom=2.400e+00  div*=2.03e+01  mg=2
2026-04-23 18:56:17,182 INFO [steady   2300] dt=8.215e-03  R_mom=2.537e+00  div*=2.25e+01  mg=2
2026-04-23 18:56:24,073 INFO [steady   2400] dt=8.487e-03  R_mom=2.568e+00  div*=2.55e+01  mg=2
2026-04-23 18:56:34,968 INFO [steady   2500] dt=1.082e-02  R_mom=1.240e+00  div*=1.15e+01  mg=3
2026-04-23 18:56:46,800 INFO [steady   2600] dt=8.936e-03  R_mom=2.428e+00  div*=2.61e+01  mg=2
2026-04-23 18:56:58,293 INFO [steady   2700] dt=9.921e-03  R_mom=2.264e+00  div*=2.65e+01  mg=2
2026-04-23 18:57:07,239 INFO [steady   2800] dt=9.455e-03  R_mom=2.666e+00  div*=2.18e+01  mg=2
2026-04-23 18:57:14,821 INFO [steady   2900] dt=1.040e-02  R_mom=2.301e+00  div*=2.18e+01  mg=2
2026-04-23 18:57:23,233 INFO [steady   3000] dt=1.135e-02  R_mom=2.335e+00  div*=2.24e+01  mg=2
2026-04-23 18:57:31,651 INFO [steady   3100] dt=1.017e-02  R_mom=2.316e+00  div*=2.38e+01  mg=2
2026-04-23 18:57:44,310 INFO [steady   3200] dt=1.023e-02  R_mom=2.196e+00  div*=2.21e+01  mg=2
2026-04-23 18:57:56,423 INFO [steady   3300] dt=9.121e-03  R_mom=2.361e+00  div*=1.62e+01  mg=2
2026-04-23 18:58:03,554 INFO [steady   3400] dt=8.234e-03  R_mom=2.693e+00  div*=2.59e+01  mg=2
2026-04-23 18:58:11,201 INFO [steady   3500] dt=8.841e-03  R_mom=2.371e+00  div*=2.45e+01  mg=2
2026-04-23 18:58:17,757 INFO [steady   3600] dt=8.660e-03  R_mom=2.529e+00  div*=2.71e+01  mg=2
2026-04-23 18:58:26,658 INFO [steady   3700] dt=9.073e-03  R_mom=2.377e+00  div*=2.64e+01  mg=2
2026-04-23 18:58:36,455 INFO [steady   3800] dt=9.675e-03  R_mom=2.230e+00  div*=2.54e+01  mg=2
2026-04-23 18:58:45,381 INFO [steady   3900] dt=8.974e-03  R_mom=2.456e+00  div*=2.44e+01  mg=2
2026-04-23 18:58:55,436 INFO [steady   4000] dt=9.635e-03  R_mom=2.330e+00  div*=2.43e+01  mg=2
2026-04-23 18:59:02,068 INFO [steady   4100] dt=1.017e-02  R_mom=2.252e+00  div*=2.49e+01  mg=2
2026-04-23 18:59:12,312 INFO [steady   4200] dt=1.012e-02  R_mom=2.252e+00  div*=2.60e+01  mg=2
2026-04-23 18:59:19,927 INFO [steady   4300] dt=8.807e-03  R_mom=2.646e+00  div*=2.77e+01  mg=2
2026-04-23 18:59:29,104 INFO [steady   4400] dt=9.609e-03  R_mom=2.324e+00  div*=2.45e+01  mg=2
2026-04-23 18:59:40,356 INFO [steady   4500] dt=1.053e-02  R_mom=2.404e+00  div*=2.61e+01  mg=2
2026-04-23 18:59:48,313 INFO [steady   4600] dt=9.531e-03  R_mom=2.582e+00  div*=2.03e+01  mg=2
2026-04-23 19:00:00,907 INFO [steady   4700] dt=1.026e-02  R_mom=2.526e+00  div*=1.98e+01  mg=2
2026-04-23 19:00:10,873 INFO [steady   4800] dt=9.200e-03  R_mom=2.167e+00  div*=1.32e+01  mg=2
2026-04-23 19:00:18,463 INFO [steady   4900] dt=8.705e-03  R_mom=2.488e+00  div*=2.24e+01  mg=2
2026-04-23 19:00:28,073 INFO [steady   5000] dt=8.715e-03  R_mom=2.550e+00  div*=2.59e+01  mg=2
2026-04-23 19:00:34,701 INFO [steady   5100] dt=8.903e-03  R_mom=2.375e+00  div*=2.37e+01  mg=2
2026-04-23 19:00:42,826 INFO [steady   5200] dt=8.681e-03  R_mom=2.492e+00  div*=2.57e+01  mg=2
2026-04-23 19:00:51,510 INFO [steady   5300] dt=8.617e-03  R_mom=2.531e+00  div*=2.62e+01  mg=2
2026-04-23 19:00:57,856 INFO [steady   5400] dt=8.645e-03  R_mom=2.529e+00  div*=2.69e+01  mg=2
2026-04-23 19:01:06,350 INFO [steady   5500] dt=9.603e-03  R_mom=2.210e+00  div*=2.83e+01  mg=2
2026-04-23 19:01:14,848 INFO [steady   5600] dt=9.652e-03  R_mom=2.315e+00  div*=2.96e+01  mg=2
2026-04-23 19:01:25,326 INFO [steady   5700] dt=1.076e-02  R_mom=1.345e+00  div*=1.35e+01  mg=3
2026-04-23 19:01:34,783 INFO [steady   5800] dt=8.845e-03  R_mom=2.369e+00  div*=1.76e+01  mg=2
2026-04-23 19:01:41,957 INFO [steady   5900] dt=9.160e-03  R_mom=2.463e+00  div*=2.77e+01  mg=2
2026-04-23 19:01:50,188 INFO [steady   6000] dt=8.645e-03  R_mom=2.477e+00  div*=2.44e+01  mg=2
2026-04-23 19:01:58,425 INFO [steady   6100] dt=8.516e-03  R_mom=2.570e+00  div*=2.36e+01  mg=2
2026-04-23 19:02:05,940 INFO [steady   6200] dt=9.182e-03  R_mom=2.415e+00  div*=2.32e+01  mg=2
2026-04-23 19:02:13,331 INFO [steady   6300] dt=9.686e-03  R_mom=2.354e+00  div*=2.17e+01  mg=2
2026-04-23 19:02:24,318 INFO [steady   6400] dt=9.366e-03  R_mom=2.250e+00  div*=1.25e+01  mg=2
2026-04-23 19:02:31,967 INFO [steady   6500] dt=8.341e-03  R_mom=2.575e+00  div*=2.31e+01  mg=2
2026-04-23 19:02:39,784 INFO [steady   6600] dt=8.665e-03  R_mom=2.436e+00  div*=2.57e+01  mg=2
2026-04-23 19:02:47,626 INFO [steady   6700] dt=8.870e-03  R_mom=2.371e+00  div*=2.38e+01  mg=2
2026-04-23 19:02:55,276 INFO [steady   6800] dt=8.549e-03  R_mom=2.545e+00  div*=2.66e+01  mg=2
2026-04-23 19:03:03,759 INFO [steady   6900] dt=9.705e-03  R_mom=2.184e+00  div*=2.35e+01  mg=2
2026-04-23 19:03:12,337 INFO [steady   7000] dt=9.244e-03  R_mom=2.583e+00  div*=2.47e+01  mg=2
2026-04-23 19:03:21,767 INFO [steady   7100] dt=1.122e-02  R_mom=2.171e+00  div*=2.74e+01  mg=2
2026-04-23 19:03:31,961 INFO [steady   7200] dt=9.338e-03  R_mom=2.248e+00  div*=1.45e+01  mg=2
2026-04-23 19:03:38,764 INFO [steady   7300] dt=9.234e-03  R_mom=2.216e+00  div*=2.49e+01  mg=2
2026-04-23 19:03:48,270 INFO [steady   7400] dt=8.616e-03  R_mom=2.548e+00  div*=2.55e+01  mg=2
2026-04-23 19:03:57,650 INFO [steady   7500] dt=8.749e-03  R_mom=2.652e+00  div*=2.87e+01  mg=2
2026-04-23 19:04:04,575 INFO [steady   7600] dt=9.148e-03  R_mom=2.252e+00  div*=2.31e+01  mg=2
2026-04-23 19:04:13,203 INFO [steady   7700] dt=8.514e-03  R_mom=2.581e+00  div*=2.62e+01  mg=2
2026-04-23 19:04:23,444 INFO [steady   7800] dt=9.093e-03  R_mom=2.486e+00  div*=2.48e+01  mg=2
2026-04-23 19:04:34,375 INFO [steady   7900] dt=8.986e-03  R_mom=2.560e+00  div*=2.54e+01  mg=2
2026-04-23 19:04:44,786 INFO [steady   8000] dt=1.002e-02  R_mom=2.307e+00  div*=2.47e+01  mg=2
2026-04-23 19:04:55,543 INFO [steady   8100] dt=9.454e-03  R_mom=2.471e+00  div*=1.92e+01  mg=2
2026-04-23 19:05:05,771 INFO [steady   8200] dt=9.316e-03  R_mom=2.267e+00  div*=2.43e+01  mg=2
2026-04-23 19:05:13,701 INFO [steady   8300] dt=1.020e-02  R_mom=2.405e+00  div*=2.15e+01  mg=2
2026-04-23 19:05:23,644 INFO [steady   8400] dt=1.148e-02  R_mom=1.998e+00  div*=2.35e+01  mg=2
2026-04-23 19:05:32,177 INFO [steady   8500] dt=9.372e-03  R_mom=2.615e+00  div*=2.24e+01  mg=2
2026-04-23 19:05:39,570 INFO [steady   8600] dt=9.862e-03  R_mom=2.137e+00  div*=4.20e+00  mg=2
2026-04-23 19:05:47,054 INFO [steady   8700] dt=9.191e-03  R_mom=2.271e+00  div*=1.71e+01  mg=2
2026-04-23 19:05:56,209 INFO [steady   8800] dt=9.117e-03  R_mom=2.220e+00  div*=2.29e+01  mg=2
2026-04-23 19:06:07,336 INFO [steady   8900] dt=9.208e-03  R_mom=2.398e+00  div*=2.54e+01  mg=2
2026-04-23 19:06:16,981 INFO [steady   9000] dt=8.263e-03  R_mom=2.737e+00  div*=2.64e+01  mg=2
2026-04-23 19:06:25,584 INFO [steady   9100] dt=8.765e-03  R_mom=2.445e+00  div*=2.47e+01  mg=2
2026-04-23 19:06:34,435 INFO [steady   9200] dt=9.093e-03  R_mom=2.368e+00  div*=2.67e+01  mg=2
2026-04-23 19:06:41,953 INFO [steady   9300] dt=9.075e-03  R_mom=2.358e+00  div*=2.48e+01  mg=2
2026-04-23 19:06:49,902 INFO [steady   9400] dt=8.547e-03  R_mom=2.485e+00  div*=2.53e+01  mg=2
2026-04-23 19:07:00,153 INFO [steady   9500] dt=9.130e-03  R_mom=2.301e+00  div*=2.36e+01  mg=2
2026-04-23 19:07:08,354 INFO [steady   9600] dt=1.026e-02  R_mom=1.431e+00  div*=1.17e+01  mg=3
2026-04-23 19:07:17,873 INFO [steady   9700] dt=9.309e-03  R_mom=2.383e+00  div*=2.56e+01  mg=2
2026-04-23 19:07:24,390 INFO [steady   9800] dt=1.113e-02  R_mom=2.531e+00  div*=2.13e+01  mg=2
2026-04-23 19:07:32,879 INFO [steady   9900] dt=9.845e-03  R_mom=2.341e+00  div*=1.11e+01  mg=2
2026-04-23 19:07:40,349 INFO steady did not converge within 10000 iters (last R_mom=2.281e+00)
2026-04-23 19:07:40,353 INFO switching to physical-time integration
2026-04-23 19:07:51,756 INFO [trans  t=  0.730] dt=7.511e-03  R_mom=2.692e-02  div*=7.33e-04
2026-04-23 19:08:03,128 INFO [trans  t=  1.488] dt=7.605e-03  R_mom=1.738e-02  div*=4.87e-04
2026-04-23 19:08:17,841 INFO [trans  t=  2.248] dt=7.588e-03  R_mom=1.295e-02  div*=3.25e-04
2026-04-23 19:08:29,414 INFO [trans  t=  3.006] dt=7.575e-03  R_mom=1.054e-02  div*=3.65e-04
2026-04-23 19:08:42,508 INFO [trans  t=  3.763] dt=7.567e-03  R_mom=9.083e-03  div*=4.86e-04
2026-04-23 19:08:55,264 INFO [trans  t=  4.519] dt=7.564e-03  R_mom=8.052e-03  div*=4.63e-04
2026-04-23 19:09:05,140 INFO [trans  t=  5.276] dt=7.564e-03  R_mom=7.051e-03  div*=3.20e-04
2026-04-23 19:09:19,293 INFO [trans  t=  6.032] dt=7.566e-03  R_mom=6.064e-03  div*=3.06e-04
2026-04-23 19:09:32,177 INFO [trans  t=  6.789] dt=7.570e-03  R_mom=5.203e-03  div*=1.73e-04
2026-04-23 19:09:43,939 INFO [trans  t=  7.546] dt=7.575e-03  R_mom=4.523e-03  div*=2.55e-04
2026-04-23 19:09:57,341 INFO [trans  t=  8.304] dt=7.579e-03  R_mom=3.988e-03  div*=3.24e-04
2026-04-23 19:10:11,952 INFO [trans  t=  9.062] dt=7.583e-03  R_mom=3.716e-03  div*=3.12e-04
2026-04-23 19:10:24,797 INFO [trans  t=  9.820] dt=7.586e-03  R_mom=3.710e-03  div*=2.34e-04
2026-04-23 19:10:37,678 INFO [trans  t= 10.579] dt=7.589e-03  R_mom=3.766e-03  div*=1.13e-04
2026-04-23 19:10:51,186 INFO [trans  t= 11.338] dt=7.592e-03  R_mom=3.686e-03  div*=1.37e-04
2026-04-23 19:11:05,222 INFO [trans  t= 12.098] dt=7.596e-03  R_mom=3.440e-03  div*=1.97e-04
2026-04-23 19:11:22,126 INFO [trans  t= 12.857] dt=7.601e-03  R_mom=3.151e-03  div*=2.56e-04
2026-04-23 19:11:38,467 INFO [trans  t= 13.618] dt=7.608e-03  R_mom=2.981e-03  div*=3.01e-04
2026-04-23 19:11:49,733 INFO [trans  t= 14.379] dt=7.617e-03  R_mom=2.975e-03  div*=3.22e-04
2026-04-23 19:11:59,129 INFO [trans  t= 15.141] dt=7.626e-03  R_mom=3.036e-03  div*=3.16e-04
2026-04-23 19:12:11,538 INFO [trans  t= 15.904] dt=7.637e-03  R_mom=3.037e-03  div*=2.88e-04
2026-04-23 19:12:24,321 INFO [trans  t= 16.669] dt=7.647e-03  R_mom=2.919e-03  div*=2.44e-04
2026-04-23 19:12:35,404 INFO [trans  t= 17.434] dt=7.656e-03  R_mom=2.706e-03  div*=1.86e-04
2026-04-23 19:12:50,465 INFO [trans  t= 18.200] dt=7.663e-03  R_mom=2.479e-03  div*=1.22e-04
2026-04-23 19:13:02,360 INFO [trans  t= 18.966] dt=7.669e-03  R_mom=2.321e-03  div*=1.04e-04
2026-04-23 19:13:17,393 INFO [trans  t= 19.733] dt=7.673e-03  R_mom=2.246e-03  div*=1.10e-04
2026-04-23 19:13:29,995 INFO [trans  t= 20.501] dt=7.675e-03  R_mom=2.192e-03  div*=9.26e-05
2026-04-23 19:13:44,130 INFO [trans  t= 21.268] dt=7.675e-03  R_mom=2.080e-03  div*=7.34e-05
2026-04-23 19:13:57,104 INFO [trans  t= 22.036] dt=7.674e-03  R_mom=1.874e-03  div*=7.95e-05
2026-04-23 19:14:16,295 INFO [trans  t= 22.803] dt=7.672e-03  R_mom=1.603e-03  div*=7.61e-05
2026-04-23 19:14:28,464 INFO [trans  t= 23.570] dt=7.670e-03  R_mom=1.338e-03  div*=6.86e-05
2026-04-23 19:14:43,152 INFO [trans  t= 24.337] dt=7.668e-03  R_mom=1.154e-03  div*=6.17e-05
2026-04-23 19:15:00,159 INFO [trans  t= 25.104] dt=7.666e-03  R_mom=1.077e-03  div*=5.91e-05
2026-04-23 19:15:09,300 INFO [trans  t= 25.870] dt=7.664e-03  R_mom=1.065e-03  div*=6.15e-05
2026-04-23 19:15:20,502 INFO [trans  t= 26.637] dt=7.662e-03  R_mom=1.055e-03  div*=6.98e-05
2026-04-23 19:15:30,467 INFO [trans  t= 27.403] dt=7.660e-03  R_mom=1.017e-03  div*=8.19e-05
2026-04-23 19:15:41,439 INFO [trans  t= 28.169] dt=7.657e-03  R_mom=9.568e-04  div*=9.54e-05
2026-04-23 19:15:53,777 INFO [trans  t= 28.934] dt=7.654e-03  R_mom=9.003e-04  div*=1.07e-04
2026-04-23 19:16:01,124 INFO [trans  t= 29.699] dt=7.651e-03  R_mom=8.707e-04  div*=1.16e-04
2026-04-23 19:16:19,081 INFO [trans  t= 30.464] dt=7.647e-03  R_mom=8.694e-04  div*=1.18e-04
2026-04-23 19:16:26,721 INFO [trans  t= 31.229] dt=7.643e-03  R_mom=8.773e-04  div*=1.14e-04
2026-04-23 19:16:34,388 INFO [trans  t= 31.993] dt=7.639e-03  R_mom=8.734e-04  div*=1.05e-04
2026-04-23 19:16:42,102 INFO [trans  t= 32.757] dt=7.636e-03  R_mom=8.485e-04  div*=9.10e-05
2026-04-23 19:16:52,934 INFO [trans  t= 33.520] dt=7.632e-03  R_mom=8.072e-04  div*=7.31e-05
2026-04-23 19:17:04,862 INFO [trans  t= 34.283] dt=7.629e-03  R_mom=7.608e-04  div*=5.31e-05
2026-04-23 19:17:14,486 INFO [trans  t= 35.046] dt=7.627e-03  R_mom=7.194e-04  div*=3.29e-05
2026-04-23 19:17:27,607 INFO [trans  t= 35.809] dt=7.626e-03  R_mom=6.854e-04  div*=2.23e-05
2026-04-23 19:17:45,469 INFO [trans  t= 36.571] dt=7.624e-03  R_mom=6.536e-04  div*=2.04e-05
2026-04-23 19:18:02,939 INFO [trans  t= 37.333] dt=7.624e-03  R_mom=6.165e-04  div*=2.09e-05
2026-04-23 19:18:12,447 INFO [trans  t= 38.096] dt=7.624e-03  R_mom=5.697e-04  div*=2.87e-05
2026-04-23 19:18:24,905 INFO [trans  t= 38.858] dt=7.625e-03  R_mom=5.145e-04  div*=3.35e-05
2026-04-23 19:18:39,095 INFO [trans  t= 39.621] dt=7.625e-03  R_mom=4.581e-04  div*=3.61e-05
2026-04-23 19:18:49,419 INFO [trans  t= 40.383] dt=7.626e-03  R_mom=4.105e-04  div*=3.73e-05
2026-04-23 19:18:57,160 INFO [trans  t= 41.146] dt=7.627e-03  R_mom=3.790e-04  div*=3.81e-05
2026-04-23 19:19:07,085 INFO [trans  t= 41.909] dt=7.629e-03  R_mom=3.633e-04  div*=3.89e-05
2026-04-23 19:19:14,623 INFO [trans  t= 42.672] dt=7.630e-03  R_mom=3.562e-04  div*=4.02e-05
2026-04-23 19:19:28,522 INFO [trans  t= 43.435] dt=7.631e-03  R_mom=3.497e-04  div*=4.20e-05
2026-04-23 19:19:45,573 INFO [trans  t= 44.198] dt=7.632e-03  R_mom=3.401e-04  div*=4.38e-05
2026-04-23 19:20:06,328 INFO [trans  t= 44.961] dt=7.634e-03  R_mom=3.280e-04  div*=4.54e-05
2026-04-23 19:20:17,910 INFO [trans  t= 45.725] dt=7.635e-03  R_mom=3.166e-04  div*=4.61e-05
2026-04-23 19:20:29,608 INFO [trans  t= 46.488] dt=7.637e-03  R_mom=3.083e-04  div*=4.57e-05
2026-04-23 19:20:41,975 INFO [trans  t= 47.252] dt=7.639e-03  R_mom=3.030e-04  div*=4.40e-05
2026-04-23 19:20:50,294 INFO [trans  t= 48.016] dt=7.640e-03  R_mom=2.984e-04  div*=4.07e-05
2026-04-23 19:20:57,835 INFO [trans  t= 48.780] dt=7.642e-03  R_mom=2.920e-04  div*=3.58e-05
2026-04-23 19:21:05,567 INFO [trans  t= 49.544] dt=7.643e-03  R_mom=2.827e-04  div*=2.97e-05
2026-04-23 19:21:12,957 INFO [trans  t= 50.309] dt=7.644e-03  R_mom=2.714e-04  div*=2.27e-05
2026-04-23 19:21:20,722 INFO [trans  t= 51.073] dt=7.645e-03  R_mom=2.597e-04  div*=1.52e-05
2026-04-23 19:21:28,530 INFO [trans  t= 51.838] dt=7.646e-03  R_mom=2.489e-04  div*=9.60e-06
2026-04-23 19:21:45,745 INFO [trans  t= 52.602] dt=7.646e-03  R_mom=2.391e-04  div*=6.54e-06
2026-04-23 19:22:07,489 INFO [trans  t= 53.367] dt=7.646e-03  R_mom=2.292e-04  div*=7.56e-06
2026-04-23 19:22:19,591 INFO [trans  t= 54.132] dt=7.647e-03  R_mom=2.180e-04  div*=1.19e-05
2026-04-23 19:22:27,702 INFO [trans  t= 54.896] dt=7.646e-03  R_mom=2.052e-04  div*=1.52e-05
2026-04-23 19:22:35,381 INFO [trans  t= 55.661] dt=7.646e-03  R_mom=1.915e-04  div*=1.74e-05
2026-04-23 19:22:48,160 INFO [trans  t= 56.426] dt=7.646e-03  R_mom=1.787e-04  div*=1.89e-05
2026-04-23 19:23:04,510 INFO [trans  t= 57.190] dt=7.645e-03  R_mom=1.683e-04  div*=1.97e-05
2026-04-23 19:23:17,373 INFO [trans  t= 57.955] dt=7.644e-03  R_mom=1.608e-04  div*=2.02e-05
2026-04-23 19:23:25,528 INFO [trans  t= 58.719] dt=7.644e-03  R_mom=1.556e-04  div*=2.05e-05
2026-04-23 19:23:33,298 INFO [trans  t= 59.483] dt=7.643e-03  R_mom=1.512e-04  div*=2.06e-05
2026-04-23 19:23:42,340 INFO [trans  t= 60.248] dt=7.642e-03  R_mom=1.465e-04  div*=2.05e-05
2026-04-23 19:23:58,117 INFO [trans  t= 61.012] dt=7.642e-03  R_mom=1.410e-04  div*=2.03e-05
2026-04-23 19:24:06,409 INFO [trans  t= 61.776] dt=7.641e-03  R_mom=1.350e-04  div*=1.99e-05
2026-04-23 19:24:14,746 INFO [trans  t= 62.540] dt=7.640e-03  R_mom=1.290e-04  div*=1.92e-05
2026-04-23 19:24:26,504 INFO [trans  t= 63.304] dt=7.640e-03  R_mom=1.235e-04  div*=1.80e-05
2026-04-23 19:24:34,173 INFO [trans  t= 64.068] dt=7.639e-03  R_mom=1.184e-04  div*=1.63e-05
2026-04-23 19:24:45,232 INFO [trans  t= 64.832] dt=7.638e-03  R_mom=1.137e-04  div*=1.42e-05
2026-04-23 19:24:56,056 INFO [trans  t= 65.596] dt=7.638e-03  R_mom=1.091e-04  div*=1.18e-05
2026-04-23 19:25:11,190 INFO [trans  t= 66.359] dt=7.637e-03  R_mom=1.047e-04  div*=9.04e-06
2026-04-23 19:25:24,625 INFO [trans  t= 67.123] dt=7.637e-03  R_mom=1.004e-04  div*=6.18e-06
2026-04-23 19:25:34,584 INFO [trans  t= 67.887] dt=7.637e-03  R_mom=9.661e-05  div*=3.91e-06
2026-04-23 19:25:45,788 INFO [trans  t= 68.651] dt=7.637e-03  R_mom=9.323e-05  div*=2.68e-06
2026-04-23 19:25:56,388 INFO [trans  t= 69.414] dt=7.636e-03  R_mom=9.019e-05  div*=3.09e-06
2026-04-23 19:26:08,167 INFO [trans  t= 70.178] dt=7.636e-03  R_mom=8.727e-05  div*=5.07e-06
2026-04-23 19:26:23,678 INFO [trans  t= 70.941] dt=7.637e-03  R_mom=8.429e-05  div*=6.69e-06
2026-04-23 19:26:36,096 INFO [trans  t= 71.705] dt=7.637e-03  R_mom=8.123e-05  div*=7.93e-06
2026-04-23 19:26:44,838 INFO [trans  t= 72.469] dt=7.637e-03  R_mom=7.819e-05  div*=8.80e-06
2026-04-23 19:26:58,462 INFO [trans  t= 73.232] dt=7.637e-03  R_mom=7.536e-05  div*=9.36e-06
2026-04-23 19:27:09,482 INFO [trans  t= 73.996] dt=7.637e-03  R_mom=7.283e-05  div*=9.66e-06
2026-04-23 19:27:17,336 INFO [trans  t= 74.760] dt=7.638e-03  R_mom=7.055e-05  div*=9.76e-06
2026-04-23 19:27:31,029 INFO [trans  t= 75.524] dt=7.638e-03  R_mom=6.835e-05  div*=9.69e-06
2026-04-23 19:27:44,306 INFO [trans  t= 76.288] dt=7.638e-03  R_mom=6.604e-05  div*=9.51e-06
2026-04-23 19:27:52,632 INFO [trans  t= 77.051] dt=7.639e-03  R_mom=6.348e-05  div*=9.24e-06
2026-04-23 19:28:06,051 INFO [trans  t= 77.815] dt=7.639e-03  R_mom=6.063e-05  div*=8.83e-06
2026-04-23 19:28:16,127 INFO [trans  t= 78.579] dt=7.639e-03  R_mom=5.760e-05  div*=8.28e-06
2026-04-23 19:28:28,675 INFO [trans  t= 79.343] dt=7.640e-03  R_mom=5.451e-05  div*=7.59e-06
2026-04-23 19:28:41,978 INFO [trans  t= 80.107] dt=7.640e-03  R_mom=5.150e-05  div*=6.76e-06
2026-04-23 19:28:57,351 INFO [trans  t= 80.871] dt=7.640e-03  R_mom=4.868e-05  div*=5.80e-06
2026-04-23 19:29:07,721 INFO [trans  t= 81.635] dt=7.640e-03  R_mom=4.610e-05  div*=4.73e-06
2026-04-23 19:29:15,491 INFO [trans  t= 82.399] dt=7.641e-03  R_mom=4.381e-05  div*=3.59e-06
2026-04-23 19:29:23,578 INFO [trans  t= 83.163] dt=7.641e-03  R_mom=4.183e-05  div*=2.41e-06
2026-04-23 19:29:32,197 INFO [trans  t= 83.927] dt=7.641e-03  R_mom=4.017e-05  div*=1.58e-06
2026-04-23 19:29:44,298 INFO [trans  t= 84.691] dt=7.641e-03  R_mom=3.882e-05  div*=1.06e-06
2026-04-23 19:29:54,159 INFO [trans  t= 85.456] dt=7.641e-03  R_mom=3.773e-05  div*=1.43e-06
2026-04-23 19:30:05,666 INFO [trans  t= 86.220] dt=7.641e-03  R_mom=3.683e-05  div*=2.31e-06
2026-04-23 19:30:15,313 INFO [trans  t= 86.984] dt=7.641e-03  R_mom=3.602e-05  div*=3.05e-06
2026-04-23 19:30:24,425 INFO [trans  t= 87.748] dt=7.641e-03  R_mom=3.524e-05  div*=3.62e-06
2026-04-23 19:30:38,160 INFO [trans  t= 88.512] dt=7.641e-03  R_mom=3.445e-05  div*=4.05e-06
2026-04-23 19:30:51,432 INFO [trans  t= 89.276] dt=7.641e-03  R_mom=3.364e-05  div*=4.33e-06
2026-04-23 19:30:59,274 INFO [trans  t= 90.040] dt=7.640e-03  R_mom=3.279e-05  div*=4.48e-06
2026-04-23 19:31:09,028 INFO [trans  t= 90.804] dt=7.640e-03  R_mom=3.189e-05  div*=4.51e-06
2026-04-23 19:31:20,877 INFO [trans  t= 91.568] dt=7.640e-03  R_mom=3.090e-05  div*=4.45e-06
2026-04-23 19:31:30,115 INFO [trans  t= 92.332] dt=7.640e-03  R_mom=2.980e-05  div*=4.34e-06
2026-04-23 19:31:41,183 INFO [trans  t= 93.096] dt=7.640e-03  R_mom=2.858e-05  div*=4.16e-06
2026-04-23 19:31:48,945 INFO [trans  t= 93.860] dt=7.640e-03  R_mom=2.723e-05  div*=3.92e-06
2026-04-23 19:31:56,797 INFO [trans  t= 94.624] dt=7.640e-03  R_mom=2.578e-05  div*=3.61e-06
2026-04-23 19:32:04,657 INFO [trans  t= 95.388] dt=7.639e-03  R_mom=2.428e-05  div*=3.25e-06
2026-04-23 19:32:18,540 INFO [trans  t= 96.152] dt=7.639e-03  R_mom=2.280e-05  div*=2.84e-06
2026-04-23 19:32:28,863 INFO [trans  t= 96.916] dt=7.639e-03  R_mom=2.138e-05  div*=2.39e-06
2026-04-23 19:32:39,939 INFO [trans  t= 97.680] dt=7.639e-03  R_mom=2.008e-05  div*=1.91e-06
2026-04-23 19:32:50,379 INFO [trans  t= 98.444] dt=7.639e-03  R_mom=1.894e-05  div*=1.41e-06
2026-04-23 19:32:58,366 INFO [trans  t= 99.208] dt=7.639e-03  R_mom=1.799e-05  div*=9.09e-07
2026-04-23 19:33:07,415 INFO [trans  t= 99.972] dt=7.639e-03  R_mom=1.723e-05  div*=6.29e-07
2026-04-23 19:33:19,327 INFO [trans  t=100.735] dt=7.639e-03  R_mom=1.664e-05  div*=4.05e-07
2026-04-23 19:33:29,571 INFO [trans  t=101.499] dt=7.639e-03  R_mom=1.621e-05  div*=7.12e-07
2026-04-23 19:33:37,386 INFO [trans  t=102.263] dt=7.639e-03  R_mom=1.589e-05  div*=1.09e-06
2026-04-23 19:33:47,649 INFO [trans  t=103.027] dt=7.639e-03  R_mom=1.565e-05  div*=1.40e-06
2026-04-23 19:33:55,347 INFO [trans  t=103.791] dt=7.639e-03  R_mom=1.543e-05  div*=1.66e-06
2026-04-23 19:34:07,302 INFO [trans  t=104.555] dt=7.639e-03  R_mom=1.520e-05  div*=1.84e-06
2026-04-23 19:34:21,764 INFO [trans  t=105.319] dt=7.639e-03  R_mom=1.495e-05  div*=1.97e-06
2026-04-23 19:34:31,996 INFO [trans  t=106.083] dt=7.639e-03  R_mom=1.464e-05  div*=2.04e-06
2026-04-23 19:34:43,492 INFO [trans  t=106.847] dt=7.639e-03  R_mom=1.428e-05  div*=2.05e-06
2026-04-23 19:34:55,926 INFO [trans  t=107.611] dt=7.639e-03  R_mom=1.386e-05  div*=2.01e-06
2026-04-23 19:35:07,323 INFO [trans  t=108.374] dt=7.639e-03  R_mom=1.336e-05  div*=1.95e-06
2026-04-23 19:35:15,548 INFO [trans  t=109.138] dt=7.639e-03  R_mom=1.280e-05  div*=1.86e-06
2026-04-23 19:35:25,779 INFO [trans  t=109.902] dt=7.639e-03  R_mom=1.219e-05  div*=1.74e-06
2026-04-23 19:35:36,199 INFO [trans  t=110.666] dt=7.640e-03  R_mom=1.153e-05  div*=1.58e-06
2026-04-23 19:35:48,365 INFO [trans  t=111.430] dt=7.640e-03  R_mom=1.084e-05  div*=1.40e-06
2026-04-23 19:35:56,201 INFO [trans  t=112.194] dt=7.640e-03  R_mom=1.015e-05  div*=1.21e-06
2026-04-23 19:36:06,820 INFO [trans  t=112.958] dt=7.640e-03  R_mom=9.493e-06  div*=9.98e-07
2026-04-23 19:36:17,993 INFO [trans  t=113.722] dt=7.640e-03  R_mom=8.886e-06  div*=7.79e-07
2026-04-23 19:36:28,052 INFO [trans  t=114.486] dt=7.640e-03  R_mom=8.352e-06  div*=5.56e-07
2026-04-23 19:36:37,883 INFO [trans  t=115.250] dt=7.640e-03  R_mom=7.906e-06  div*=3.49e-07
2026-04-23 19:36:46,982 INFO [trans  t=116.014] dt=7.640e-03  R_mom=7.554e-06  div*=2.50e-07
2026-04-23 19:36:58,158 INFO [trans  t=116.778] dt=7.640e-03  R_mom=7.292e-06  div*=1.98e-07
2026-04-23 19:37:13,019 INFO [trans  t=117.542] dt=7.640e-03  R_mom=7.107e-06  div*=3.61e-07
2026-04-23 19:37:25,171 INFO [trans  t=118.306] dt=7.640e-03  R_mom=6.980e-06  div*=5.20e-07
2026-04-23 19:37:32,891 INFO [trans  t=119.070] dt=7.640e-03  R_mom=6.889e-06  div*=6.54e-07
2026-04-23 19:37:46,679 INFO [trans  t=119.834] dt=7.640e-03  R_mom=6.813e-06  div*=7.61e-07
2026-04-23 19:37:49,603 INFO solve done: iters=25722 converged=True elapsed=2691.9s
