2026-04-23 21:48:41,957 INFO simulation sim_20260423_214841_fc9e3fa1 started; log=sim_20260423_214841_fc9e3fa1.log  residuals=sim_20260423_214841_fc9e3fa1_residuals.csv
2026-04-23 21:48:41,966 INFO solve start: grid=480x240 (20.000x10.000) mode=transient Re=40.0  polygon=23 pts, solid_cells=3513 / 115200
2026-04-23 21:48:41,967 INFO   polygon bbox: x=[6.287,10.234] y=[2.768,7.735]
2026-04-23 21:48:41,974 INFO warm-start: steady phase
2026-04-23 21:48:42,373 INFO [steady      0] dt=1.736e-02  R_mom=4.034e+00  div*=1.18e+01  mg=3
2026-04-23 21:48:58,104 INFO [steady    100] dt=7.317e-03  R_mom=1.806e-01  div*=1.60e-01  mg=3
2026-04-23 21:49:15,313 INFO [steady    200] dt=7.631e-03  R_mom=1.396e-01  div*=5.71e-02  mg=3
2026-04-23 21:49:33,659 INFO [steady    300] dt=7.676e-03  R_mom=1.309e-01  div*=3.78e-02  mg=3
2026-04-23 21:49:48,380 INFO [steady    400] dt=7.625e-03  R_mom=1.327e-01  div*=3.11e-02  mg=3
2026-04-23 21:49:59,732 INFO [steady    500] dt=7.517e-03  R_mom=1.405e-01  div*=2.76e-02  mg=3
2026-04-23 21:50:07,382 INFO [steady    600] dt=7.369e-03  R_mom=1.523e-01  div*=2.35e-02  mg=3
2026-04-23 21:50:18,430 INFO [steady    700] dt=7.191e-03  R_mom=1.650e-01  div*=2.43e-02  mg=3
2026-04-23 21:50:26,737 INFO [steady    800] dt=7.002e-03  R_mom=1.753e-01  div*=2.36e-02  mg=3
2026-04-23 21:50:42,288 INFO [steady    900] dt=6.831e-03  R_mom=1.806e-01  div*=1.66e-02  mg=3
2026-04-23 21:50:55,846 INFO [steady   1000] dt=6.713e-03  R_mom=1.808e-01  div*=1.71e-02  mg=3
2026-04-23 21:51:08,916 INFO [steady   1100] dt=6.665e-03  R_mom=1.768e-01  div*=1.26e-02  mg=3
2026-04-23 21:51:21,721 INFO [steady   1200] dt=6.635e-03  R_mom=1.705e-01  div*=7.88e-03  mg=3
2026-04-23 21:51:36,627 INFO [steady   1300] dt=6.516e-03  R_mom=1.639e-01  div*=6.90e-03  mg=3
2026-04-23 21:51:45,705 INFO [steady   1400] dt=6.385e-03  R_mom=1.584e-01  div*=7.90e-03  mg=3
2026-04-23 21:51:53,436 INFO [steady   1500] dt=6.255e-03  R_mom=1.541e-01  div*=8.01e-03  mg=3
2026-04-23 21:52:03,445 INFO [steady   1600] dt=6.138e-03  R_mom=1.504e-01  div*=7.44e-03  mg=3
2026-04-23 21:52:17,385 INFO [steady   1700] dt=6.039e-03  R_mom=1.467e-01  div*=6.49e-03  mg=4
2026-04-23 21:52:28,981 INFO [steady   1800] dt=5.958e-03  R_mom=1.438e-01  div*=7.32e-03  mg=4
2026-04-23 21:52:43,805 INFO [steady   1900] dt=5.892e-03  R_mom=1.420e-01  div*=8.40e-03  mg=3
2026-04-23 21:52:57,519 INFO [steady   2000] dt=5.839e-03  R_mom=1.409e-01  div*=8.53e-03  mg=4
2026-04-23 21:53:11,132 INFO [steady   2100] dt=5.799e-03  R_mom=1.389e-01  div*=7.28e-03  mg=4
2026-04-23 21:53:22,784 INFO [steady   2200] dt=5.778e-03  R_mom=1.358e-01  div*=5.21e-03  mg=4
2026-04-23 21:53:32,834 INFO [steady   2300] dt=5.785e-03  R_mom=1.320e-01  div*=4.05e-03  mg=4
2026-04-23 21:53:45,243 INFO [steady   2400] dt=5.838e-03  R_mom=1.305e-01  div*=6.01e-03  mg=4
2026-04-23 21:54:01,977 INFO [steady   2500] dt=5.946e-03  R_mom=1.327e-01  div*=8.28e-03  mg=4
2026-04-23 21:54:19,464 INFO [steady   2600] dt=5.784e-03  R_mom=1.338e-01  div*=7.62e-03  mg=3
2026-04-23 21:54:31,467 INFO [steady   2700] dt=5.635e-03  R_mom=1.313e-01  div*=6.51e-03  mg=3
2026-04-23 21:54:46,746 INFO [steady   2800] dt=5.519e-03  R_mom=1.262e-01  div*=5.64e-03  mg=4
2026-04-23 21:55:03,946 INFO [steady   2900] dt=5.431e-03  R_mom=1.184e-01  div*=5.02e-03  mg=4
2026-04-23 21:55:18,396 INFO [steady   3000] dt=5.376e-03  R_mom=1.077e-01  div*=4.28e-03  mg=4
2026-04-23 21:55:37,094 INFO [steady   3100] dt=5.352e-03  R_mom=9.761e-02  div*=3.02e-03  mg=4
2026-04-23 21:55:50,605 INFO [steady   3200] dt=5.343e-03  R_mom=9.680e-02  div*=4.48e-03  mg=4
2026-04-23 21:56:08,467 INFO [steady   3300] dt=5.349e-03  R_mom=9.808e-02  div*=5.55e-03  mg=3
2026-04-23 21:56:18,307 INFO [steady   3400] dt=5.438e-03  R_mom=9.748e-02  div*=6.55e-03  mg=3
2026-04-23 21:56:30,615 INFO [steady   3500] dt=5.595e-03  R_mom=9.515e-02  div*=7.46e-03  mg=3
2026-04-23 21:56:39,095 INFO [steady   3600] dt=5.813e-03  R_mom=9.234e-02  div*=7.49e-03  mg=4
2026-04-23 21:56:50,459 INFO [steady   3700] dt=5.682e-03  R_mom=9.011e-02  div*=6.52e-03  mg=4
2026-04-23 21:57:03,436 INFO [steady   3800] dt=5.492e-03  R_mom=8.726e-02  div*=4.15e-03  mg=4
2026-04-23 21:57:25,825 INFO [steady   3900] dt=5.377e-03  R_mom=8.035e-02  div*=3.02e-03  mg=4
2026-04-23 21:57:45,171 INFO [steady   4000] dt=5.316e-03  R_mom=7.240e-02  div*=3.96e-03  mg=4
2026-04-23 21:57:57,873 INFO [steady   4100] dt=5.502e-03  R_mom=6.543e-02  div*=9.36e-03  mg=3
2026-04-23 21:58:08,161 INFO [steady   4200] dt=5.822e-03  R_mom=5.891e-02  div*=1.04e-02  mg=3
2026-04-23 21:58:16,868 INFO [steady   4300] dt=6.138e-03  R_mom=5.505e-02  div*=9.32e-03  mg=3
2026-04-23 21:58:25,855 INFO [steady   4400] dt=6.324e-03  R_mom=5.336e-02  div*=4.95e-03  mg=4
2026-04-23 21:58:37,643 INFO [steady   4500] dt=6.180e-03  R_mom=5.326e-02  div*=3.05e-03  mg=4
2026-04-23 21:58:53,430 INFO [steady   4600] dt=6.056e-03  R_mom=5.393e-02  div*=2.36e-03  mg=4
2026-04-23 21:59:11,072 INFO [steady   4700] dt=5.946e-03  R_mom=5.388e-02  div*=3.73e-03  mg=4
2026-04-23 21:59:28,328 INFO [steady   4800] dt=5.846e-03  R_mom=5.202e-02  div*=4.17e-03  mg=4
2026-04-23 21:59:42,346 INFO [steady   4900] dt=5.941e-03  R_mom=4.809e-02  div*=6.78e-03  mg=3
2026-04-23 21:59:50,154 INFO [steady   5000] dt=6.236e-03  R_mom=4.338e-02  div*=8.70e-03  mg=3
2026-04-23 21:59:58,632 INFO [steady   5100] dt=6.596e-03  R_mom=4.142e-02  div*=8.00e-03  mg=3
2026-04-23 22:00:06,672 INFO [steady   5200] dt=6.632e-03  R_mom=4.347e-02  div*=3.52e-03  mg=4
2026-04-23 22:00:18,783 INFO [steady   5300] dt=6.496e-03  R_mom=4.776e-02  div*=2.90e-03  mg=4
2026-04-23 22:00:30,267 INFO [steady   5400] dt=6.377e-03  R_mom=5.179e-02  div*=3.59e-03  mg=4
2026-04-23 22:00:41,715 INFO [steady   5500] dt=6.294e-03  R_mom=5.320e-02  div*=3.83e-03  mg=3
2026-04-23 22:00:53,842 INFO [steady   5600] dt=6.242e-03  R_mom=5.058e-02  div*=3.85e-03  mg=4
2026-04-23 22:01:05,277 INFO [steady   5700] dt=6.295e-03  R_mom=4.571e-02  div*=6.24e-03  mg=4
2026-04-23 22:01:20,249 INFO [steady   5800] dt=6.574e-03  R_mom=4.109e-02  div*=7.67e-03  mg=3
2026-04-23 22:01:32,774 INFO [steady   5900] dt=6.534e-03  R_mom=3.928e-02  div*=2.19e-03  mg=4
2026-04-23 22:01:43,838 INFO [steady   6000] dt=6.473e-03  R_mom=3.956e-02  div*=2.27e-03  mg=3
2026-04-23 22:02:01,342 INFO [steady   6100] dt=6.434e-03  R_mom=3.939e-02  div*=3.15e-03  mg=4
2026-04-23 22:02:14,394 INFO [steady   6200] dt=6.441e-03  R_mom=3.755e-02  div*=3.83e-03  mg=4
2026-04-23 22:02:26,827 INFO [steady   6300] dt=6.598e-03  R_mom=3.464e-02  div*=6.02e-03  mg=3
2026-04-23 22:02:40,468 INFO [steady   6400] dt=6.854e-03  R_mom=3.265e-02  div*=6.30e-03  mg=3
2026-04-23 22:02:51,681 INFO [steady   6500] dt=6.799e-03  R_mom=3.313e-02  div*=2.67e-03  mg=4
2026-04-23 22:03:01,508 INFO [steady   6600] dt=6.707e-03  R_mom=3.520e-02  div*=1.88e-03  mg=4
2026-04-23 22:03:10,836 INFO [steady   6700] dt=6.635e-03  R_mom=3.676e-02  div*=2.55e-03  mg=3
2026-04-23 22:03:25,374 INFO [steady   6800] dt=6.591e-03  R_mom=3.613e-02  div*=3.16e-03  mg=4
2026-04-23 22:03:37,099 INFO [steady   6900] dt=6.557e-03  R_mom=3.347e-02  div*=3.09e-03  mg=4
2026-04-23 22:03:55,180 INFO [steady   7000] dt=6.642e-03  R_mom=3.036e-02  div*=4.89e-03  mg=4
2026-04-23 22:04:04,731 INFO [steady   7100] dt=6.765e-03  R_mom=2.853e-02  div*=2.12e-03  mg=3
2026-04-23 22:04:18,042 INFO [steady   7200] dt=6.705e-03  R_mom=2.866e-02  div*=1.54e-03  mg=3
2026-04-23 22:04:26,864 INFO [steady   7300] dt=6.667e-03  R_mom=2.950e-02  div*=1.96e-03  mg=3
2026-04-23 22:04:34,994 INFO [steady   7400] dt=6.652e-03  R_mom=2.950e-02  div*=2.64e-03  mg=4
2026-04-23 22:04:52,449 INFO [steady   7500] dt=6.680e-03  R_mom=2.815e-02  div*=3.30e-03  mg=4
2026-04-23 22:05:00,848 INFO [steady   7600] dt=6.818e-03  R_mom=2.610e-02  div*=4.66e-03  mg=3
2026-04-23 22:05:09,214 INFO [steady   7700] dt=6.972e-03  R_mom=2.494e-02  div*=2.77e-03  mg=4
2026-04-23 22:05:23,111 INFO [steady   7800] dt=6.899e-03  R_mom=2.561e-02  div*=1.57e-03  mg=4
2026-04-23 22:05:33,294 INFO [steady   7900] dt=6.838e-03  R_mom=2.715e-02  div*=1.61e-03  mg=4
2026-04-23 22:05:49,093 INFO [steady   8000] dt=6.797e-03  R_mom=2.789e-02  div*=2.31e-03  mg=4
2026-04-23 22:06:08,633 INFO [steady   8100] dt=6.774e-03  R_mom=2.695e-02  div*=2.54e-03  mg=4
2026-04-23 22:06:22,398 INFO [steady   8200] dt=6.771e-03  R_mom=2.490e-02  div*=2.90e-03  mg=4
2026-04-23 22:06:34,976 INFO [steady   8300] dt=6.877e-03  R_mom=2.314e-02  div*=3.23e-03  mg=4
2026-04-23 22:06:49,782 INFO [steady   8400] dt=6.819e-03  R_mom=2.276e-02  div*=1.34e-03  mg=4
2026-04-23 22:07:01,931 INFO [steady   8500] dt=6.781e-03  R_mom=2.339e-02  div*=1.29e-03  mg=3
2026-04-23 22:07:16,853 INFO [steady   8600] dt=6.768e-03  R_mom=2.369e-02  div*=1.91e-03  mg=4
2026-04-23 22:07:28,510 INFO [steady   8700] dt=6.776e-03  R_mom=2.285e-02  div*=2.24e-03  mg=4
2026-04-23 22:07:38,572 INFO [steady   8800] dt=6.866e-03  R_mom=2.112e-02  div*=3.52e-03  mg=4
2026-04-23 22:07:47,405 INFO [steady   8900] dt=7.022e-03  R_mom=1.968e-02  div*=3.78e-03  mg=4
2026-04-23 22:08:03,096 INFO [steady   9000] dt=7.004e-03  R_mom=1.964e-02  div*=1.34e-03  mg=4
2026-04-23 22:08:16,903 INFO [steady   9100] dt=6.956e-03  R_mom=2.063e-02  div*=1.12e-03  mg=4
2026-04-23 22:08:26,824 INFO [steady   9200] dt=6.925e-03  R_mom=2.132e-02  div*=1.73e-03  mg=4
2026-04-23 22:08:40,053 INFO [steady   9300] dt=6.908e-03  R_mom=2.076e-02  div*=2.01e-03  mg=4
2026-04-23 22:08:52,214 INFO [steady   9400] dt=6.900e-03  R_mom=1.920e-02  div*=2.03e-03  mg=4
2026-04-23 22:09:05,563 INFO [steady   9500] dt=6.954e-03  R_mom=1.770e-02  div*=1.82e-03  mg=4
2026-04-23 22:09:23,343 INFO [steady   9600] dt=6.905e-03  R_mom=1.727e-02  div*=1.08e-03  mg=4
2026-04-23 22:09:33,849 INFO [steady   9700] dt=6.875e-03  R_mom=1.774e-02  div*=9.26e-04  mg=3
2026-04-23 22:09:48,247 INFO [steady   9800] dt=6.865e-03  R_mom=1.807e-02  div*=1.44e-03  mg=4
2026-04-23 22:10:01,651 INFO [steady   9900] dt=6.871e-03  R_mom=1.754e-02  div*=1.74e-03  mg=4
2026-04-23 22:10:15,477 INFO steady did not converge within 10000 iters (last R_mom=1.629e-02)
2026-04-23 22:10:15,477 INFO switching to physical-time integration
2026-04-23 22:10:24,367 INFO [trans  t=  0.418] dt=4.198e-03  R_mom=1.550e-02  div*=9.62e-04
2026-04-23 22:10:35,674 INFO [trans  t=  0.840] dt=4.245e-03  R_mom=1.499e-02  div*=8.60e-04
2026-04-23 22:10:48,199 INFO [trans  t=  1.265] dt=4.249e-03  R_mom=1.490e-02  div*=3.74e-04
2026-04-23 22:10:59,881 INFO [trans  t=  1.689] dt=4.234e-03  R_mom=1.520e-02  div*=2.74e-04
2026-04-23 22:11:16,416 INFO [trans  t=  2.112] dt=4.222e-03  R_mom=1.568e-02  div*=2.52e-04
2026-04-23 22:11:25,257 INFO [trans  t=  2.534] dt=4.212e-03  R_mom=1.611e-02  div*=3.12e-04
2026-04-23 22:11:33,894 INFO [trans  t=  2.955] dt=4.206e-03  R_mom=1.628e-02  div*=3.49e-04
2026-04-23 22:11:44,550 INFO [trans  t=  3.375] dt=4.202e-03  R_mom=1.609e-02  div*=3.82e-04
2026-04-23 22:11:59,427 INFO [trans  t=  3.795] dt=4.198e-03  R_mom=1.555e-02  div*=3.92e-04
2026-04-23 22:12:12,119 INFO [trans  t=  4.215] dt=4.196e-03  R_mom=1.481e-02  div*=4.70e-04
2026-04-23 22:12:30,119 INFO [trans  t=  4.635] dt=4.209e-03  R_mom=1.408e-02  div*=5.93e-04
2026-04-23 22:12:45,012 INFO [trans  t=  5.055] dt=4.197e-03  R_mom=1.356e-02  div*=3.86e-04
2026-04-23 22:12:55,531 INFO [trans  t=  5.474] dt=4.183e-03  R_mom=1.338e-02  div*=2.72e-04
2026-04-23 22:13:14,094 INFO [trans  t=  5.892] dt=4.172e-03  R_mom=1.352e-02  div*=2.33e-04
2026-04-23 22:13:24,448 INFO [trans  t=  6.309] dt=4.165e-03  R_mom=1.381e-02  div*=1.86e-04
2026-04-23 22:13:36,510 INFO [trans  t=  6.725] dt=4.162e-03  R_mom=1.404e-02  div*=2.44e-04
2026-04-23 22:13:46,669 INFO [trans  t=  7.141] dt=4.162e-03  R_mom=1.408e-02  div*=3.03e-04
2026-04-23 22:14:06,019 INFO [trans  t=  7.557] dt=4.164e-03  R_mom=1.385e-02  div*=3.32e-04
2026-04-23 22:14:21,341 INFO [trans  t=  7.974] dt=4.174e-03  R_mom=1.338e-02  div*=4.93e-04
2026-04-23 22:14:31,860 INFO [trans  t=  8.393] dt=4.195e-03  R_mom=1.278e-02  div*=6.06e-04
2026-04-23 22:14:44,053 INFO [trans  t=  8.814] dt=4.225e-03  R_mom=1.220e-02  div*=6.59e-04
2026-04-23 22:14:55,158 INFO [trans  t=  9.238] dt=4.260e-03  R_mom=1.182e-02  div*=6.44e-04
2026-04-23 22:15:10,276 INFO [trans  t=  9.665] dt=4.272e-03  R_mom=1.177e-02  div*=2.76e-04
2026-04-23 22:15:22,949 INFO [trans  t= 10.092] dt=4.261e-03  R_mom=1.199e-02  div*=2.03e-04
2026-04-23 22:15:37,356 INFO [trans  t= 10.517] dt=4.252e-03  R_mom=1.234e-02  div*=1.98e-04
2026-04-23 22:15:51,709 INFO [trans  t= 10.942] dt=4.245e-03  R_mom=1.262e-02  div*=2.43e-04
2026-04-23 22:16:07,835 INFO [trans  t= 11.366] dt=4.241e-03  R_mom=1.267e-02  div*=2.81e-04
2026-04-23 22:16:21,798 INFO [trans  t= 11.790] dt=4.239e-03  R_mom=1.243e-02  div*=3.01e-04
2026-04-23 22:16:35,778 INFO [trans  t= 12.214] dt=4.236e-03  R_mom=1.193e-02  div*=3.17e-04
2026-04-23 22:16:46,030 INFO [trans  t= 12.638] dt=4.238e-03  R_mom=1.130e-02  div*=3.98e-04
2026-04-23 22:16:59,105 INFO [trans  t= 13.061] dt=4.227e-03  R_mom=1.073e-02  div*=3.70e-04
2026-04-23 22:17:15,077 INFO [trans  t= 13.483] dt=4.214e-03  R_mom=1.038e-02  div*=2.77e-04
2026-04-23 22:17:31,090 INFO [trans  t= 13.904] dt=4.204e-03  R_mom=1.030e-02  div*=2.00e-04
2026-04-23 22:17:41,603 INFO [trans  t= 14.324] dt=4.196e-03  R_mom=1.044e-02  div*=1.69e-04
2026-04-23 22:17:51,330 INFO [trans  t= 14.743] dt=4.192e-03  R_mom=1.065e-02  div*=1.57e-04
2026-04-23 22:18:01,003 INFO [trans  t= 15.162] dt=4.191e-03  R_mom=1.077e-02  div*=2.05e-04
2026-04-23 22:18:17,980 INFO [trans  t= 15.581] dt=4.192e-03  R_mom=1.070e-02  div*=2.44e-04
2026-04-23 22:18:30,693 INFO [trans  t= 16.001] dt=4.196e-03  R_mom=1.041e-02  div*=3.20e-04
2026-04-23 22:18:42,041 INFO [trans  t= 16.421] dt=4.208e-03  R_mom=9.950e-03  div*=4.38e-04
2026-04-23 22:18:58,298 INFO [trans  t= 16.843] dt=4.229e-03  R_mom=9.430e-03  div*=5.06e-04
2026-04-23 22:19:07,882 INFO [trans  t= 17.267] dt=4.255e-03  R_mom=8.998e-03  div*=5.19e-04
2026-04-23 22:19:19,349 INFO [trans  t= 17.694] dt=4.283e-03  R_mom=8.783e-03  div*=4.74e-04
2026-04-23 22:19:29,552 INFO [trans  t= 18.123] dt=4.290e-03  R_mom=8.826e-03  div*=1.77e-04
2026-04-23 22:19:42,197 INFO [trans  t= 18.551] dt=4.282e-03  R_mom=9.055e-03  div*=1.44e-04
2026-04-23 22:19:51,102 INFO [trans  t= 18.979] dt=4.276e-03  R_mom=9.325e-03  div*=1.65e-04
2026-04-23 22:20:03,037 INFO [trans  t= 19.407] dt=4.271e-03  R_mom=9.495e-03  div*=1.96e-04
2026-04-23 22:20:20,645 INFO [trans  t= 19.834] dt=4.269e-03  R_mom=9.472e-03  div*=2.23e-04
2026-04-23 22:20:33,282 INFO [trans  t= 20.260] dt=4.267e-03  R_mom=9.233e-03  div*=2.30e-04
2026-04-23 22:20:44,337 INFO [trans  t= 20.687] dt=4.263e-03  R_mom=8.834e-03  div*=3.57e-04
2026-04-23 22:21:06,753 INFO [trans  t= 21.113] dt=4.251e-03  R_mom=8.386e-03  div*=3.21e-04
2026-04-23 22:21:16,583 INFO [trans  t= 21.537] dt=4.240e-03  R_mom=8.024e-03  div*=2.62e-04
2026-04-23 22:21:32,278 INFO [trans  t= 21.961] dt=4.231e-03  R_mom=7.848e-03  div*=1.86e-04
2026-04-23 22:21:45,649 INFO [trans  t= 22.383] dt=4.223e-03  R_mom=7.878e-03  div*=1.46e-04
2026-04-23 22:21:53,766 INFO [trans  t= 22.805] dt=4.218e-03  R_mom=8.039e-03  div*=1.17e-04
2026-04-23 22:22:03,466 INFO [trans  t= 23.227] dt=4.216e-03  R_mom=8.211e-03  div*=1.33e-04
2026-04-23 22:22:15,056 INFO [trans  t= 23.649] dt=4.217e-03  R_mom=8.285e-03  div*=1.72e-04
2026-04-23 22:22:30,613 INFO [trans  t= 24.071] dt=4.219e-03  R_mom=8.200e-03  div*=1.98e-04
2026-04-23 22:22:46,486 INFO [trans  t= 24.493] dt=4.224e-03  R_mom=7.952e-03  div*=2.75e-04
2026-04-23 22:23:03,410 INFO [trans  t= 24.916] dt=4.235e-03  R_mom=7.591e-03  div*=3.54e-04
2026-04-23 22:23:15,054 INFO [trans  t= 25.340] dt=4.252e-03  R_mom=7.217e-03  div*=3.94e-04
2026-04-23 22:23:27,683 INFO [trans  t= 25.766] dt=4.273e-03  R_mom=6.946e-03  div*=3.90e-04
2026-04-23 22:23:42,451 INFO [trans  t= 26.195] dt=4.295e-03  R_mom=6.859e-03  div*=3.43e-04
2026-04-23 22:23:54,919 INFO [trans  t= 26.625] dt=4.302e-03  R_mom=6.959e-03  div*=1.25e-04
2026-04-23 22:24:05,428 INFO [trans  t= 27.055] dt=4.296e-03  R_mom=7.162e-03  div*=1.15e-04
2026-04-23 22:24:20,280 INFO [trans  t= 27.484] dt=4.292e-03  R_mom=7.348e-03  div*=1.41e-04
2026-04-23 22:24:36,427 INFO [trans  t= 27.913] dt=4.289e-03  R_mom=7.418e-03  div*=1.62e-04
2026-04-23 22:24:47,260 INFO [trans  t= 28.342] dt=4.287e-03  R_mom=7.319e-03  div*=2.91e-04
2026-04-23 22:24:59,610 INFO [trans  t= 28.770] dt=4.276e-03  R_mom=7.061e-03  div*=2.88e-04
2026-04-23 22:25:15,437 INFO [trans  t= 29.197] dt=4.266e-03  R_mom=6.711e-03  div*=2.70e-04
2026-04-23 22:25:33,628 INFO [trans  t= 29.623] dt=4.257e-03  R_mom=6.368e-03  div*=2.34e-04
2026-04-23 22:25:50,114 INFO [trans  t= 30.048] dt=4.249e-03  R_mom=6.135e-03  div*=1.79e-04
2026-04-23 22:26:03,841 INFO [trans  t= 30.473] dt=4.242e-03  R_mom=6.067e-03  div*=1.19e-04
2026-04-23 22:26:17,290 INFO [trans  t= 30.897] dt=4.237e-03  R_mom=6.142e-03  div*=1.02e-04
2026-04-23 22:26:29,774 INFO [trans  t= 31.320] dt=4.234e-03  R_mom=6.276e-03  div*=8.89e-05
2026-04-23 22:26:43,546 INFO [trans  t= 31.744] dt=4.234e-03  R_mom=6.372e-03  div*=1.18e-04
2026-04-23 22:27:00,383 INFO [trans  t= 32.167] dt=4.236e-03  R_mom=6.360e-03  div*=1.50e-04
2026-04-23 22:27:18,867 INFO [trans  t= 32.591] dt=4.239e-03  R_mom=6.215e-03  div*=1.79e-04
2026-04-23 22:27:32,232 INFO [trans  t= 33.015] dt=4.246e-03  R_mom=5.958e-03  div*=2.50e-04
2026-04-23 22:27:43,483 INFO [trans  t= 33.440] dt=4.257e-03  R_mom=5.652e-03  div*=2.94e-04
2026-04-23 22:28:00,326 INFO [trans  t= 33.867] dt=4.272e-03  R_mom=5.386e-03  div*=3.05e-04
2026-04-23 22:28:18,272 INFO [trans  t= 34.295] dt=4.288e-03  R_mom=5.240e-03  div*=2.82e-04
2026-04-23 22:28:31,632 INFO [trans  t= 34.724] dt=4.305e-03  R_mom=5.247e-03  div*=2.31e-04
2026-04-23 22:28:43,573 INFO [trans  t= 35.156] dt=4.312e-03  R_mom=5.368e-03  div*=8.63e-05
2026-04-23 22:28:56,093 INFO [trans  t= 35.587] dt=4.308e-03  R_mom=5.519e-03  div*=9.90e-05
2026-04-23 22:29:04,466 INFO [trans  t= 36.017] dt=4.303e-03  R_mom=5.613e-03  div*=1.93e-04
2026-04-23 22:29:18,503 INFO [trans  t= 36.447] dt=4.294e-03  R_mom=5.591e-03  div*=2.18e-04
2026-04-23 22:29:33,902 INFO [trans  t= 36.876] dt=4.286e-03  R_mom=5.442e-03  div*=2.28e-04
2026-04-23 22:29:46,690 INFO [trans  t= 37.304] dt=4.278e-03  R_mom=5.199e-03  div*=2.22e-04
2026-04-23 22:30:02,161 INFO [trans  t= 37.731] dt=4.270e-03  R_mom=4.928e-03  div*=1.98e-04
2026-04-23 22:30:19,261 INFO [trans  t= 38.158] dt=4.262e-03  R_mom=4.710e-03  div*=1.62e-04
2026-04-23 22:30:33,222 INFO [trans  t= 38.584] dt=4.256e-03  R_mom=4.605e-03  div*=1.13e-04
2026-04-23 22:30:49,402 INFO [trans  t= 39.009] dt=4.252e-03  R_mom=4.625e-03  div*=8.48e-05
2026-04-23 22:31:03,122 INFO [trans  t= 39.434] dt=4.249e-03  R_mom=4.723e-03  div*=6.80e-05
2026-04-23 22:31:14,977 INFO [trans  t= 39.859] dt=4.248e-03  R_mom=4.827e-03  div*=7.91e-05
2026-04-23 22:31:26,420 INFO [trans  t= 40.284] dt=4.249e-03  R_mom=4.870e-03  div*=1.07e-04
2026-04-23 22:31:43,705 INFO [trans  t= 40.709] dt=4.252e-03  R_mom=4.815e-03  div*=1.35e-04
2026-04-23 22:32:00,514 INFO [trans  t= 41.135] dt=4.256e-03  R_mom=4.663e-03  div*=1.67e-04
2026-04-23 22:32:14,136 INFO [trans  t= 41.561] dt=4.262e-03  R_mom=4.447e-03  div*=2.10e-04
2026-04-23 22:32:30,299 INFO [trans  t= 41.987] dt=4.273e-03  R_mom=4.228e-03  div*=2.30e-04
2026-04-23 22:32:44,336 INFO [trans  t= 42.415] dt=4.285e-03  R_mom=4.072e-03  div*=2.25e-04
2026-04-23 22:32:56,329 INFO [trans  t= 42.844] dt=4.298e-03  R_mom=4.025e-03  div*=1.97e-04
2026-04-23 22:33:09,650 INFO [trans  t= 43.275] dt=4.310e-03  R_mom=4.085e-03  div*=1.49e-04
2026-04-23 22:33:25,374 INFO [trans  t= 43.706] dt=4.312e-03  R_mom=4.199e-03  div*=1.07e-04
2026-04-23 22:33:33,927 INFO [trans  t= 44.137] dt=4.306e-03  R_mom=4.298e-03  div*=1.42e-04
2026-04-23 22:33:42,512 INFO [trans  t= 44.567] dt=4.299e-03  R_mom=4.326e-03  div*=1.67e-04
2026-04-23 22:33:53,372 INFO [trans  t= 44.997] dt=4.292e-03  R_mom=4.255e-03  div*=1.80e-04
2026-04-23 22:34:13,987 INFO [trans  t= 45.425] dt=4.285e-03  R_mom=4.096e-03  div*=1.80e-04
2026-04-23 22:34:29,028 INFO [trans  t= 45.854] dt=4.278e-03  R_mom=3.891e-03  div*=1.67e-04
2026-04-23 22:34:41,528 INFO [trans  t= 46.281] dt=4.272e-03  R_mom=3.699e-03  div*=1.42e-04
2026-04-23 22:34:52,319 INFO [trans  t= 46.708] dt=4.267e-03  R_mom=3.578e-03  div*=1.07e-04
2026-04-23 22:35:07,027 INFO [trans  t= 47.134] dt=4.263e-03  R_mom=3.555e-03  div*=6.86e-05
2026-04-23 22:35:20,535 INFO [trans  t= 47.561] dt=4.260e-03  R_mom=3.613e-03  div*=5.83e-05
2026-04-23 22:35:29,738 INFO [trans  t= 47.986] dt=4.259e-03  R_mom=3.700e-03  div*=5.43e-05
2026-04-23 22:35:43,007 INFO [trans  t= 48.412] dt=4.259e-03  R_mom=3.758e-03  div*=7.34e-05
2026-04-23 22:35:55,897 INFO [trans  t= 48.838] dt=4.261e-03  R_mom=3.749e-03  div*=1.03e-04
2026-04-23 22:36:16,159 INFO [trans  t= 49.265] dt=4.264e-03  R_mom=3.659e-03  div*=1.21e-04
2026-04-23 22:36:27,512 INFO [trans  t= 49.691] dt=4.268e-03  R_mom=3.504e-03  div*=1.51e-04
2026-04-23 22:36:45,435 INFO [trans  t= 50.118] dt=4.275e-03  R_mom=3.325e-03  div*=1.74e-04
2026-04-23 22:36:59,471 INFO [trans  t= 50.546] dt=4.284e-03  R_mom=3.175e-03  div*=1.78e-04
2026-04-23 22:37:09,234 INFO [trans  t= 50.975] dt=4.294e-03  R_mom=3.100e-03  div*=1.63e-04
2026-04-23 22:37:20,749 INFO [trans  t= 51.405] dt=4.303e-03  R_mom=3.112e-03  div*=1.31e-04
2026-04-23 22:37:28,586 INFO [trans  t= 51.836] dt=4.312e-03  R_mom=3.185e-03  div*=8.55e-05
2026-04-23 22:37:39,011 INFO [trans  t= 52.267] dt=4.307e-03  R_mom=3.268e-03  div*=1.02e-04
2026-04-23 22:37:46,521 INFO [trans  t= 52.697] dt=4.302e-03  R_mom=3.311e-03  div*=1.26e-04
2026-04-23 22:38:00,378 INFO [trans  t= 53.127] dt=4.296e-03  R_mom=3.283e-03  div*=1.41e-04
2026-04-23 22:38:11,877 INFO [trans  t= 53.556] dt=4.290e-03  R_mom=3.183e-03  div*=1.44e-04
2026-04-23 22:38:25,747 INFO [trans  t= 53.985] dt=4.284e-03  R_mom=3.033e-03  div*=1.38e-04
2026-04-23 22:38:39,783 INFO [trans  t= 54.413] dt=4.279e-03  R_mom=2.875e-03  div*=1.22e-04
2026-04-23 22:38:49,388 INFO [trans  t= 54.841] dt=4.275e-03  R_mom=2.756e-03  div*=9.59e-05
2026-04-23 22:39:03,583 INFO [trans  t= 55.268] dt=4.271e-03  R_mom=2.710e-03  div*=6.45e-05
2026-04-23 22:39:14,262 INFO [trans  t= 55.695] dt=4.268e-03  R_mom=2.735e-03  div*=4.84e-05
2026-04-23 22:39:28,102 INFO [trans  t= 56.122] dt=4.267e-03  R_mom=2.799e-03  div*=3.79e-05
2026-04-23 22:39:40,507 INFO [trans  t= 56.548] dt=4.267e-03  R_mom=2.858e-03  div*=4.96e-05
2026-04-23 22:39:50,576 INFO [trans  t= 56.975] dt=4.268e-03  R_mom=2.875e-03  div*=7.47e-05
2026-04-23 22:40:01,119 INFO [trans  t= 57.402] dt=4.270e-03  R_mom=2.831e-03  div*=9.52e-05
2026-04-23 22:40:16,305 INFO [trans  t= 57.829] dt=4.274e-03  R_mom=2.730e-03  div*=1.06e-04
2026-04-23 22:40:28,515 INFO [trans  t= 58.257] dt=4.278e-03  R_mom=2.596e-03  div*=1.27e-04
2026-04-23 22:40:42,626 INFO [trans  t= 58.685] dt=4.284e-03  R_mom=2.469e-03  div*=1.36e-04
2026-04-23 22:40:56,801 INFO [trans  t= 59.114] dt=4.292e-03  R_mom=2.386e-03  div*=1.30e-04
2026-04-23 22:41:08,786 INFO [trans  t= 59.543] dt=4.299e-03  R_mom=2.370e-03  div*=1.11e-04
2026-04-23 22:41:19,377 INFO [trans  t= 59.974] dt=4.306e-03  R_mom=2.412e-03  div*=8.07e-05
2026-04-23 22:41:29,409 INFO [trans  t= 60.404] dt=4.307e-03  R_mom=2.477e-03  div*=7.06e-05
2026-04-23 22:41:43,076 INFO [trans  t= 60.835] dt=4.303e-03  R_mom=2.526e-03  div*=9.32e-05
2026-04-23 22:41:56,131 INFO [trans  t= 61.265] dt=4.298e-03  R_mom=2.528e-03  div*=1.08e-04
2026-04-23 22:42:09,832 INFO [trans  t= 61.695] dt=4.293e-03  R_mom=2.474e-03  div*=1.15e-04
2026-04-23 22:42:26,679 INFO [trans  t= 62.124] dt=4.289e-03  R_mom=2.372e-03  div*=1.13e-04
2026-04-23 22:42:41,110 INFO [trans  t= 62.552] dt=4.284e-03  R_mom=2.251e-03  div*=1.03e-04
2026-04-23 22:43:00,233 INFO [trans  t= 62.980] dt=4.280e-03  R_mom=2.146e-03  div*=8.50e-05
2026-04-23 22:43:17,737 INFO [trans  t= 63.408] dt=4.277e-03  R_mom=2.088e-03  div*=6.08e-05
2026-04-23 22:43:32,785 INFO [trans  t= 63.836] dt=4.274e-03  R_mom=2.089e-03  div*=3.92e-05
2026-04-23 22:43:48,774 INFO [trans  t= 64.263] dt=4.273e-03  R_mom=2.132e-03  div*=3.25e-05
2026-04-23 22:44:00,279 INFO [trans  t= 64.690] dt=4.273e-03  R_mom=2.184e-03  div*=3.39e-05
2026-04-23 22:44:16,289 INFO [trans  t= 65.118] dt=4.273e-03  R_mom=2.212e-03  div*=5.22e-05
2026-04-23 22:44:29,565 INFO [trans  t= 65.545] dt=4.275e-03  R_mom=2.197e-03  div*=7.24e-05
2026-04-23 22:44:40,641 INFO [trans  t= 65.973] dt=4.278e-03  R_mom=2.135e-03  div*=8.53e-05
2026-04-23 22:44:53,058 INFO [trans  t= 66.401] dt=4.281e-03  R_mom=2.039e-03  div*=9.23e-05
2026-04-23 22:45:06,307 INFO [trans  t= 66.829] dt=4.285e-03  R_mom=1.935e-03  div*=1.03e-04
2026-04-23 22:45:20,075 INFO [trans  t= 67.258] dt=4.291e-03  R_mom=1.854e-03  div*=1.03e-04
2026-04-23 22:45:30,391 INFO [trans  t= 67.687] dt=4.297e-03  R_mom=1.821e-03  div*=9.19e-05
2026-04-23 22:45:41,406 INFO [trans  t= 68.117] dt=4.302e-03  R_mom=1.838e-03  div*=7.17e-05
2026-04-23 22:45:50,757 INFO [trans  t= 68.548] dt=4.305e-03  R_mom=1.884e-03  div*=4.40e-05
2026-04-23 22:46:00,693 INFO [trans  t= 68.978] dt=4.303e-03  R_mom=1.929e-03  div*=6.64e-05
2026-04-23 22:46:15,743 INFO [trans  t= 69.408] dt=4.299e-03  R_mom=1.945e-03  div*=8.17e-05
2026-04-23 22:46:35,630 INFO [trans  t= 69.838] dt=4.295e-03  R_mom=1.918e-03  div*=8.98e-05
2026-04-23 22:46:48,458 INFO [trans  t= 70.267] dt=4.291e-03  R_mom=1.851e-03  div*=9.09e-05
2026-04-23 22:47:03,214 INFO [trans  t= 70.696] dt=4.288e-03  R_mom=1.760e-03  div*=8.50e-05
2026-04-23 22:47:15,542 INFO [trans  t= 71.125] dt=4.284e-03  R_mom=1.671e-03  div*=7.31e-05
2026-04-23 22:47:31,301 INFO [trans  t= 71.553] dt=4.281e-03  R_mom=1.611e-03  div*=5.56e-05
2026-04-23 22:47:45,575 INFO [trans  t= 71.981] dt=4.279e-03  R_mom=1.596e-03  div*=3.47e-05
2026-04-23 22:47:59,547 INFO [trans  t= 72.409] dt=4.278e-03  R_mom=1.619e-03  div*=2.71e-05
2026-04-23 22:48:12,248 INFO [trans  t= 72.837] dt=4.277e-03  R_mom=1.660e-03  div*=2.32e-05
2026-04-23 22:48:26,057 INFO [trans  t= 73.264] dt=4.278e-03  R_mom=1.691e-03  div*=3.53e-05
2026-04-23 22:48:42,827 INFO [trans  t= 73.692] dt=4.279e-03  R_mom=1.692e-03  div*=5.31e-05
2026-04-23 22:48:58,642 INFO [trans  t= 74.120] dt=4.281e-03  R_mom=1.657e-03  div*=6.71e-05
2026-04-23 22:49:13,338 INFO [trans  t= 74.548] dt=4.284e-03  R_mom=1.590e-03  div*=7.45e-05
2026-04-23 22:49:30,862 INFO [trans  t= 74.977] dt=4.287e-03  R_mom=1.509e-03  div*=7.78e-05
2026-04-23 22:49:47,517 INFO [trans  t= 75.406] dt=4.291e-03  R_mom=1.438e-03  div*=7.98e-05
2026-04-23 22:50:01,330 INFO [trans  t= 75.835] dt=4.295e-03  R_mom=1.398e-03  div*=7.42e-05
2026-04-23 22:50:11,964 INFO [trans  t= 76.265] dt=4.300e-03  R_mom=1.398e-03  div*=6.11e-05
2026-04-23 22:50:28,434 INFO [trans  t= 76.695] dt=4.303e-03  R_mom=1.428e-03  div*=2.57e-05
2026-04-23 22:50:41,234 INFO [trans  t= 77.125] dt=4.302e-03  R_mom=1.465e-03  div*=4.34e-05
2026-04-23 22:50:52,795 INFO [trans  t= 77.555] dt=4.299e-03  R_mom=1.487e-03  div*=5.94e-05
2026-04-23 22:51:01,282 INFO [trans  t= 77.985] dt=4.296e-03  R_mom=1.479e-03  div*=6.88e-05
2026-04-23 22:51:19,475 INFO [trans  t= 78.415] dt=4.293e-03  R_mom=1.438e-03  div*=7.20e-05
2026-04-23 22:51:29,782 INFO [trans  t= 78.844] dt=4.290e-03  R_mom=1.373e-03  div*=6.98e-05
2026-04-23 22:51:49,788 INFO [trans  t= 79.273] dt=4.287e-03  R_mom=1.302e-03  div*=6.20e-05
2026-04-23 22:51:59,318 INFO [trans  t= 79.701] dt=4.285e-03  R_mom=1.247e-03  div*=4.97e-05
2026-04-23 22:52:09,986 INFO [trans  t= 80.130] dt=4.283e-03  R_mom=1.223e-03  div*=3.36e-05
2026-04-23 22:52:23,811 INFO [trans  t= 80.558] dt=4.281e-03  R_mom=1.232e-03  div*=2.22e-05
2026-04-23 22:52:33,154 INFO [trans  t= 80.986] dt=4.281e-03  R_mom=1.261e-03  div*=1.77e-05
2026-04-23 22:52:40,960 INFO [trans  t= 81.414] dt=4.281e-03  R_mom=1.290e-03  div*=2.28e-05
2026-04-23 22:52:50,915 INFO [trans  t= 81.842] dt=4.282e-03  R_mom=1.301e-03  div*=3.82e-05
2026-04-23 22:53:04,191 INFO [trans  t= 82.270] dt=4.283e-03  R_mom=1.284e-03  div*=5.07e-05
2026-04-23 22:53:19,441 INFO [trans  t= 82.699] dt=4.285e-03  R_mom=1.241e-03  div*=5.92e-05
2026-04-23 22:53:35,091 INFO [trans  t= 83.127] dt=4.288e-03  R_mom=1.181e-03  div*=6.29e-05
2026-04-23 22:53:51,381 INFO [trans  t= 83.556] dt=4.291e-03  R_mom=1.122e-03  div*=6.30e-05
2026-04-23 22:54:07,797 INFO [trans  t= 83.986] dt=4.294e-03  R_mom=1.081e-03  div*=5.94e-05
2026-04-23 22:54:26,674 INFO [trans  t= 84.415] dt=4.298e-03  R_mom=1.070e-03  div*=5.06e-05
2026-04-23 22:54:38,428 INFO [trans  t= 84.845] dt=4.301e-03  R_mom=1.086e-03  div*=1.81e-05
2026-04-23 22:54:53,078 INFO [trans  t= 85.275] dt=4.300e-03  R_mom=1.114e-03  div*=2.38e-05
2026-04-23 22:55:10,713 INFO [trans  t= 85.705] dt=4.299e-03  R_mom=1.137e-03  div*=4.09e-05
2026-04-23 22:55:18,914 INFO [trans  t= 86.135] dt=4.297e-03  R_mom=1.139e-03  div*=5.13e-05
2026-04-23 22:55:33,711 INFO [trans  t= 86.564] dt=4.294e-03  R_mom=1.117e-03  div*=5.61e-05
2026-04-23 22:55:47,273 INFO [trans  t= 86.994] dt=4.292e-03  R_mom=1.072e-03  div*=5.62e-05
2026-04-23 22:56:04,582 INFO [trans  t= 87.423] dt=4.289e-03  R_mom=1.018e-03  div*=5.17e-05
2026-04-23 22:56:22,315 INFO [trans  t= 87.852] dt=4.287e-03  R_mom=9.693e-04  div*=4.29e-05
2026-04-23 22:56:36,655 INFO [trans  t= 88.280] dt=4.285e-03  R_mom=9.414e-04  div*=3.11e-05
2026-04-23 22:56:52,510 INFO [trans  t= 88.709] dt=4.284e-03  R_mom=9.402e-04  div*=1.78e-05
2026-04-23 22:57:05,171 INFO [trans  t= 89.137] dt=4.283e-03  R_mom=9.589e-04  div*=1.50e-05
2026-04-23 22:57:15,610 INFO [trans  t= 89.565] dt=4.283e-03  R_mom=9.830e-04  div*=1.48e-05
2026-04-23 22:57:27,134 INFO [trans  t= 89.994] dt=4.284e-03  R_mom=9.974e-04  div*=2.63e-05
2026-04-23 22:57:38,167 INFO [trans  t= 90.422] dt=4.285e-03  R_mom=9.923e-04  div*=3.77e-05
2026-04-23 22:57:57,065 INFO [trans  t= 90.851] dt=4.287e-03  R_mom=9.655e-04  div*=4.55e-05
2026-04-23 22:58:12,101 INFO [trans  t= 91.279] dt=4.289e-03  R_mom=9.225e-04  div*=5.00e-05
2026-04-23 22:58:22,884 INFO [trans  t= 91.708] dt=4.291e-03  R_mom=8.747e-04  div*=5.08e-05
2026-04-23 22:58:34,912 INFO [trans  t= 92.138] dt=4.294e-03  R_mom=8.368e-04  div*=4.78e-05
2026-04-23 22:58:44,245 INFO [trans  t= 92.567] dt=4.296e-03  R_mom=8.198e-04  div*=3.94e-05
2026-04-23 22:58:53,584 INFO [trans  t= 92.997] dt=4.298e-03  R_mom=8.256e-04  div*=1.80e-05
2026-04-23 22:59:05,416 INFO [trans  t= 93.427] dt=4.299e-03  R_mom=8.455e-04  div*=1.21e-05
2026-04-23 22:59:16,509 INFO [trans  t= 93.857] dt=4.298e-03  R_mom=8.657e-04  div*=2.58e-05
2026-04-23 22:59:26,121 INFO [trans  t= 94.286] dt=4.296e-03  R_mom=8.739e-04  div*=3.67e-05
2026-04-23 22:59:40,346 INFO [trans  t= 94.716] dt=4.295e-03  R_mom=8.634e-04  div*=4.26e-05
2026-04-23 22:59:52,468 INFO [trans  t= 95.145] dt=4.293e-03  R_mom=8.345e-04  div*=4.44e-05
2026-04-23 23:00:03,461 INFO [trans  t= 95.574] dt=4.291e-03  R_mom=7.942e-04  div*=4.21e-05
2026-04-23 23:00:17,724 INFO [trans  t= 96.003] dt=4.289e-03  R_mom=7.540e-04  div*=3.64e-05
2026-04-23 23:00:31,800 INFO [trans  t= 96.432] dt=4.287e-03  R_mom=7.263e-04  div*=2.80e-05
2026-04-23 23:00:41,966 INFO [trans  t= 96.861] dt=4.286e-03  R_mom=7.184e-04  div*=1.74e-05
2026-04-23 23:00:59,423 INFO [trans  t= 97.289] dt=4.285e-03  R_mom=7.286e-04  div*=1.24e-05
2026-04-23 23:01:10,422 INFO [trans  t= 97.718] dt=4.285e-03  R_mom=7.471e-04  div*=1.02e-05
2026-04-23 23:01:28,375 INFO [trans  t= 98.146] dt=4.285e-03  R_mom=7.620e-04  div*=1.73e-05
2026-04-23 23:01:44,895 INFO [trans  t= 98.575] dt=4.286e-03  R_mom=7.639e-04  div*=2.70e-05
2026-04-23 23:01:57,112 INFO [trans  t= 99.004] dt=4.287e-03  R_mom=7.491e-04  div*=3.43e-05
2026-04-23 23:02:09,091 INFO [trans  t= 99.433] dt=4.289e-03  R_mom=7.197e-04  div*=3.89e-05
2026-04-23 23:02:30,406 INFO [trans  t= 99.862] dt=4.291e-03  R_mom=6.832e-04  div*=4.01e-05
2026-04-23 23:02:46,552 INFO [trans  t=100.291] dt=4.293e-03  R_mom=6.502e-04  div*=3.78e-05
2026-04-23 23:03:02,902 INFO [trans  t=100.720] dt=4.295e-03  R_mom=6.310e-04  div*=3.08e-05
2026-04-23 23:03:16,011 INFO [trans  t=101.150] dt=4.296e-03  R_mom=6.297e-04  div*=1.76e-05
2026-04-23 23:03:28,540 INFO [trans  t=101.579] dt=4.297e-03  R_mom=6.422e-04  div*=1.01e-05
2026-04-23 23:03:37,810 INFO [trans  t=102.009] dt=4.297e-03  R_mom=6.588e-04  div*=1.44e-05
2026-04-23 23:03:46,379 INFO [trans  t=102.439] dt=4.296e-03  R_mom=6.692e-04  div*=2.50e-05
2026-04-23 23:03:54,888 INFO [trans  t=102.868] dt=4.295e-03  R_mom=6.664e-04  div*=3.14e-05
2026-04-23 23:04:06,684 INFO [trans  t=103.298] dt=4.293e-03  R_mom=6.489e-04  div*=3.43e-05
2026-04-23 23:04:21,810 INFO [trans  t=103.727] dt=4.292e-03  R_mom=6.203e-04  div*=3.39e-05
2026-04-23 23:04:32,441 INFO [trans  t=104.156] dt=4.290e-03  R_mom=5.884e-04  div*=3.05e-05
2026-04-23 23:04:46,473 INFO [trans  t=104.585] dt=4.289e-03  R_mom=5.629e-04  div*=2.47e-05
2026-04-23 23:04:58,682 INFO [trans  t=105.014] dt=4.288e-03  R_mom=5.513e-04  div*=1.68e-05
2026-04-23 23:05:12,304 INFO [trans  t=105.442] dt=4.287e-03  R_mom=5.549e-04  div*=1.01e-05
2026-04-23 23:05:22,513 INFO [trans  t=105.871] dt=4.287e-03  R_mom=5.680e-04  div*=8.13e-06
2026-04-23 23:05:30,147 INFO [trans  t=106.300] dt=4.287e-03  R_mom=5.814e-04  div*=1.10e-05
2026-04-23 23:05:42,386 INFO [trans  t=106.729] dt=4.287e-03  R_mom=5.869e-04  div*=1.89e-05
2026-04-23 23:05:56,875 INFO [trans  t=107.157] dt=4.288e-03  R_mom=5.800e-04  div*=2.53e-05
2026-04-23 23:06:07,131 INFO [trans  t=107.586] dt=4.289e-03  R_mom=5.609e-04  div*=2.96e-05
2026-04-23 23:06:16,516 INFO [trans  t=108.015] dt=4.291e-03  R_mom=5.338e-04  div*=3.12e-05
2026-04-23 23:06:27,825 INFO [trans  t=108.444] dt=4.292e-03  R_mom=5.065e-04  div*=2.98e-05
2026-04-23 23:06:42,236 INFO [trans  t=108.874] dt=4.294e-03  R_mom=4.874e-04  div*=2.49e-05
2026-04-23 23:06:56,643 INFO [trans  t=109.303] dt=4.295e-03  R_mom=4.816e-04  div*=1.61e-05
2026-04-23 23:07:08,483 INFO [trans  t=109.733] dt=4.296e-03  R_mom=4.882e-04  div*=8.28e-06
2026-04-23 23:07:26,509 INFO [trans  t=110.162] dt=4.296e-03  R_mom=5.007e-04  div*=7.07e-06
2026-04-23 23:07:43,323 INFO [trans  t=110.592] dt=4.295e-03  R_mom=5.110e-04  div*=1.61e-05
2026-04-23 23:07:54,309 INFO [trans  t=111.021] dt=4.294e-03  R_mom=5.127e-04  div*=2.24e-05
2026-04-23 23:08:08,000 INFO [trans  t=111.451] dt=4.293e-03  R_mom=5.031e-04  div*=2.59e-05
2026-04-23 23:08:20,766 INFO [trans  t=111.880] dt=4.292e-03  R_mom=4.836e-04  div*=2.67e-05
2026-04-23 23:08:37,050 INFO [trans  t=112.309] dt=4.291e-03  R_mom=4.592e-04  div*=2.49e-05
2026-04-23 23:09:00,064 INFO [trans  t=112.738] dt=4.290e-03  R_mom=4.371e-04  div*=2.11e-05
2026-04-23 23:09:17,894 INFO [trans  t=113.167] dt=4.289e-03  R_mom=4.242e-04  div*=1.54e-05
2026-04-23 23:09:35,834 INFO [trans  t=113.596] dt=4.288e-03  R_mom=4.232e-04  div*=8.47e-06
2026-04-23 23:09:47,155 INFO [trans  t=114.025] dt=4.288e-03  R_mom=4.314e-04  div*=6.83e-06
2026-04-23 23:09:58,572 INFO [trans  t=114.453] dt=4.288e-03  R_mom=4.425e-04  div*=6.56e-06
2026-04-23 23:10:09,305 INFO [trans  t=114.882] dt=4.288e-03  R_mom=4.494e-04  div*=1.29e-05
2026-04-23 23:10:24,417 INFO [trans  t=115.311] dt=4.289e-03  R_mom=4.476e-04  div*=1.83e-05
2026-04-23 23:10:34,299 INFO [trans  t=115.740] dt=4.290e-03  R_mom=4.359e-04  div*=2.22e-05
2026-04-23 23:10:45,800 INFO [trans  t=116.169] dt=4.291e-03  R_mom=4.167e-04  div*=2.39e-05
2026-04-23 23:10:56,237 INFO [trans  t=116.598] dt=4.292e-03  R_mom=3.951e-04  div*=2.33e-05
2026-04-23 23:11:05,920 INFO [trans  t=117.027] dt=4.293e-03  R_mom=3.776e-04  div*=2.01e-05
2026-04-23 23:11:17,221 INFO [trans  t=117.457] dt=4.294e-03  R_mom=3.694e-04  div*=1.42e-05
2026-04-23 23:11:28,925 INFO [trans  t=117.886] dt=4.295e-03  R_mom=3.715e-04  div*=6.70e-06
2026-04-23 23:11:40,658 INFO [trans  t=118.316] dt=4.295e-03  R_mom=3.803e-04  div*=5.47e-06
2026-04-23 23:11:52,383 INFO [trans  t=118.745] dt=4.295e-03  R_mom=3.894e-04  div*=9.62e-06
2026-04-23 23:12:02,173 INFO [trans  t=119.175] dt=4.294e-03  R_mom=3.934e-04  div*=1.54e-05
2026-04-23 23:12:12,915 INFO [trans  t=119.604] dt=4.293e-03  R_mom=3.891e-04  div*=1.91e-05
2026-04-23 23:12:25,089 INFO solve done: iters=38093 converged=True elapsed=5023.1s
2026-04-23 23:12:25,499 INFO payload: shipping 101/201 frames (stride=2), u+v only
2026-04-23 23:12:29,006 INFO residuals workbook written: sim_20260423_214841_fc9e3fa1_residuals.xlsx
