2026-04-23 00:58:38,426 INFO simulation sim_20260423_005838_31709cc0 started; log=sim_20260423_005838_31709cc0.log  residuals=sim_20260423_005838_31709cc0_residuals.csv
2026-04-23 00:58:38,433 INFO solve start: grid=200x100 (20.000x10.000) mode=steady Re=40.0  polygon=18 pts, solid_cells=595 / 20000
2026-04-23 00:58:38,433 INFO   polygon bbox: x=[8.623,12.371] y=[3.994,6.246]
2026-04-23 00:58:38,563 INFO [steady      0] dt=5.000e-02  R_mom=1.697e+00  div*=4.99e+00  mg=3
2026-04-23 00:58:41,010 INFO [steady    100] dt=3.348e-02  R_mom=3.524e-02  div*=1.44e-02  mg=3
2026-04-23 00:58:46,612 INFO [steady    200] dt=3.409e-02  R_mom=2.696e-02  div*=5.15e-03  mg=3
2026-04-23 00:58:50,978 INFO [steady    300] dt=3.440e-02  R_mom=2.084e-02  div*=2.95e-03  mg=3
2026-04-23 00:58:53,535 INFO [steady    400] dt=3.433e-02  R_mom=1.650e-02  div*=2.17e-03  mg=3
2026-04-23 00:58:55,819 INFO [steady    500] dt=3.448e-02  R_mom=1.414e-02  div*=2.53e-03  mg=3
2026-04-23 00:58:58,664 INFO [steady    600] dt=3.435e-02  R_mom=1.477e-02  div*=1.77e-03  mg=3
2026-04-23 00:59:02,183 INFO [steady    700] dt=3.428e-02  R_mom=1.426e-02  div*=2.25e-03  mg=4
2026-04-23 00:59:07,387 INFO [steady    800] dt=3.439e-02  R_mom=1.621e-02  div*=2.59e-03  mg=3
2026-04-23 00:59:10,125 INFO [steady    900] dt=3.439e-02  R_mom=1.625e-02  div*=1.74e-03  mg=4
2026-04-23 00:59:13,544 INFO [steady   1000] dt=3.424e-02  R_mom=1.930e-02  div*=3.49e-03  mg=3
2026-04-23 00:59:17,083 INFO [steady   1100] dt=3.426e-02  R_mom=1.883e-02  div*=1.02e-03  mg=4
2026-04-23 00:59:21,074 INFO [steady   1200] dt=3.429e-02  R_mom=2.200e-02  div*=4.41e-03  mg=3
2026-04-23 00:59:28,825 INFO [steady   1300] dt=3.438e-02  R_mom=2.196e-02  div*=9.20e-04  mg=4
2026-04-23 00:59:31,532 INFO [steady   1400] dt=3.411e-02  R_mom=2.418e-02  div*=4.66e-03  mg=4
2026-04-23 00:59:34,933 INFO [steady   1500] dt=3.431e-02  R_mom=2.561e-02  div*=2.87e-03  mg=3
2026-04-23 00:59:37,847 INFO [steady   1600] dt=3.420e-02  R_mom=2.610e-02  div*=4.12e-03  mg=4
2026-04-23 00:59:41,074 INFO [steady   1700] dt=3.422e-02  R_mom=2.919e-02  div*=4.80e-03  mg=3
2026-04-23 00:59:43,885 INFO [steady   1800] dt=3.403e-02  R_mom=2.806e-02  div*=3.04e-03  mg=4
2026-04-23 00:59:47,242 INFO [steady   1900] dt=3.424e-02  R_mom=3.224e-02  div*=6.40e-03  mg=3
2026-04-23 00:59:50,181 INFO [steady   2000] dt=3.421e-02  R_mom=3.054e-02  div*=1.56e-03  mg=4
2026-04-23 00:59:53,041 INFO [steady   2100] dt=3.404e-02  R_mom=3.417e-02  div*=6.85e-03  mg=3
2026-04-23 00:59:56,265 INFO [steady   2200] dt=3.410e-02  R_mom=3.357e-02  div*=1.86e-03  mg=3
2026-04-23 00:59:59,701 INFO [steady   2300] dt=3.412e-02  R_mom=3.521e-02  div*=6.56e-03  mg=4
2026-04-23 01:00:06,429 INFO [steady   2400] dt=3.425e-02  R_mom=3.663e-02  div*=4.83e-03  mg=3
2026-04-23 01:00:10,934 INFO [steady   2500] dt=3.393e-02  R_mom=3.563e-02  div*=5.66e-03  mg=4
2026-04-23 01:00:14,469 INFO [steady   2600] dt=3.424e-02  R_mom=3.917e-02  div*=7.10e-03  mg=3
2026-04-23 01:00:18,925 INFO [steady   2700] dt=3.410e-02  R_mom=3.637e-02  div*=3.43e-03  mg=4
2026-04-23 01:00:23,580 INFO [steady   2800] dt=3.407e-02  R_mom=4.046e-02  div*=8.06e-03  mg=3
2026-04-23 01:00:27,333 INFO [steady   2900] dt=3.397e-02  R_mom=3.775e-02  div*=1.72e-03  mg=4
2026-04-23 01:00:30,530 INFO [steady   3000] dt=3.413e-02  R_mom=4.070e-02  div*=8.43e-03  mg=4
2026-04-23 01:00:34,085 INFO [steady   3100] dt=3.426e-02  R_mom=3.965e-02  div*=3.10e-03  mg=3
2026-04-23 01:00:37,217 INFO [steady   3200] dt=3.393e-02  R_mom=3.994e-02  div*=7.64e-03  mg=4
2026-04-23 01:00:41,078 INFO [steady   3300] dt=3.419e-02  R_mom=4.162e-02  div*=6.03e-03  mg=3
2026-04-23 01:00:45,829 INFO [steady   3400] dt=3.407e-02  R_mom=3.930e-02  div*=5.76e-03  mg=4
2026-04-23 01:00:50,197 INFO [steady   3500] dt=3.413e-02  R_mom=4.280e-02  div*=8.12e-03  mg=3
2026-04-23 01:00:57,000 INFO [steady   3600] dt=3.392e-02  R_mom=3.920e-02  div*=3.15e-03  mg=4
2026-04-23 01:01:02,468 INFO [steady   3700] dt=3.417e-02  R_mom=4.311e-02  div*=9.15e-03  mg=3
2026-04-23 01:01:07,663 INFO [steady   3800] dt=3.417e-02  R_mom=4.008e-02  div*=1.59e-03  mg=4
2026-04-23 01:01:10,830 INFO [steady   3900] dt=3.397e-02  R_mom=4.222e-02  div*=8.65e-03  mg=4
2026-04-23 01:01:13,940 INFO [steady   4000] dt=3.408e-02  R_mom=4.159e-02  div*=3.81e-03  mg=3
2026-04-23 01:01:16,467 INFO [steady   4100] dt=3.408e-02  R_mom=4.106e-02  div*=7.36e-03  mg=4
2026-04-23 01:01:19,840 INFO [steady   4200] dt=3.419e-02  R_mom=4.296e-02  div*=6.89e-03  mg=3
2026-04-23 01:01:23,002 INFO [steady   4300] dt=3.390e-02  R_mom=3.999e-02  div*=5.54e-03  mg=4
2026-04-23 01:01:27,044 INFO [steady   4400] dt=3.422e-02  R_mom=4.380e-02  div*=8.72e-03  mg=3
2026-04-23 01:01:35,439 INFO [steady   4500] dt=3.411e-02  R_mom=3.994e-02  div*=2.49e-03  mg=4
2026-04-23 01:01:38,139 INFO [steady   4600] dt=3.402e-02  R_mom=4.345e-02  div*=8.87e-03  mg=3
2026-04-23 01:01:42,820 INFO [steady   4700] dt=3.399e-02  R_mom=4.081e-02  div*=1.52e-03  mg=3
2026-04-23 01:01:47,067 INFO [steady   4800] dt=3.411e-02  R_mom=4.246e-02  div*=8.53e-03  mg=4
2026-04-23 01:01:51,353 INFO [steady   4900] dt=3.422e-02  R_mom=4.218e-02  div*=4.67e-03  mg=3
2026-04-23 01:01:57,368 INFO [steady   5000] dt=3.391e-02  R_mom=4.098e-02  div*=7.36e-03  mg=4
2026-04-23 01:02:05,081 INFO [steady   5100] dt=3.419e-02  R_mom=4.349e-02  div*=7.30e-03  mg=3
2026-04-23 01:02:11,271 INFO [steady   5200] dt=3.408e-02  R_mom=4.013e-02  div*=4.98e-03  mg=4
2026-04-23 01:02:17,097 INFO [steady   5300] dt=3.410e-02  R_mom=4.389e-02  div*=8.75e-03  mg=3
2026-04-23 01:02:24,280 INFO [steady   5400] dt=3.394e-02  R_mom=4.015e-02  div*=2.26e-03  mg=4
2026-04-23 01:02:27,665 INFO [steady   5500] dt=3.414e-02  R_mom=4.351e-02  div*=9.28e-03  mg=3
2026-04-23 01:02:31,092 INFO [steady   5600] dt=3.421e-02  R_mom=4.113e-02  div*=1.87e-03  mg=3
2026-04-23 01:02:35,768 INFO [steady   5700] dt=3.395e-02  R_mom=4.216e-02  div*=8.49e-03  mg=4
2026-04-23 01:02:40,428 INFO [steady   5800] dt=3.414e-02  R_mom=4.258e-02  div*=5.14e-03  mg=3
2026-04-23 01:02:44,850 INFO [steady   5900] dt=3.407e-02  R_mom=4.088e-02  div*=6.78e-03  mg=4
2026-04-23 01:02:48,602 INFO [steady   6000] dt=3.416e-02  R_mom=4.362e-02  div*=7.78e-03  mg=3
2026-04-23 01:02:51,772 INFO [steady   6100] dt=3.391e-02  R_mom=4.004e-02  div*=4.49e-03  mg=4
2026-04-23 01:02:54,939 INFO [steady   6200] dt=3.419e-02  R_mom=4.401e-02  div*=9.18e-03  mg=3
2026-04-23 01:03:00,365 INFO [steady   6300] dt=3.413e-02  R_mom=4.032e-02  div*=2.05e-03  mg=4
2026-04-23 01:03:03,623 INFO [steady   6400] dt=3.399e-02  R_mom=4.322e-02  div*=8.91e-03  mg=3
2026-04-23 01:03:10,456 INFO [steady   6500] dt=3.403e-02  R_mom=4.145e-02  div*=2.46e-03  mg=3
2026-04-23 01:03:14,571 INFO [steady   6600] dt=3.409e-02  R_mom=4.199e-02  div*=8.00e-03  mg=4
2026-04-23 01:03:17,345 INFO [steady   6700] dt=3.421e-02  R_mom=4.280e-02  div*=5.89e-03  mg=3
2026-04-23 01:03:20,328 INFO [steady   6800] dt=3.390e-02  R_mom=4.059e-02  div*=6.57e-03  mg=4
2026-04-23 01:03:23,506 INFO [steady   6900] dt=3.420e-02  R_mom=4.385e-02  div*=8.13e-03  mg=3
2026-04-23 01:03:26,608 INFO [steady   7000] dt=3.409e-02  R_mom=4.006e-02  div*=3.86e-03  mg=4
2026-04-23 01:03:29,893 INFO [steady   7100] dt=3.406e-02  R_mom=4.385e-02  div*=8.88e-03  mg=3
2026-04-23 01:03:36,222 INFO [steady   7200] dt=3.396e-02  R_mom=4.048e-02  div*=1.86e-03  mg=4
2026-04-23 01:03:40,117 INFO [steady   7300] dt=3.412e-02  R_mom=4.311e-02  div*=9.03e-03  mg=3
2026-04-23 01:03:43,711 INFO [steady   7400] dt=3.424e-02  R_mom=4.169e-02  div*=3.29e-03  mg=3
2026-04-23 01:03:46,811 INFO [steady   7500] dt=3.393e-02  R_mom=4.161e-02  div*=8.03e-03  mg=4
2026-04-23 01:03:50,001 INFO [steady   7600] dt=3.418e-02  R_mom=4.311e-02  div*=6.29e-03  mg=3
2026-04-23 01:03:53,014 INFO [steady   7700] dt=3.407e-02  R_mom=4.047e-02  div*=5.99e-03  mg=4
2026-04-23 01:03:57,999 INFO [steady   7800] dt=3.413e-02  R_mom=4.386e-02  div*=8.38e-03  mg=3
2026-04-23 01:04:02,292 INFO [steady   7900] dt=3.392e-02  R_mom=4.003e-02  div*=3.26e-03  mg=4
2026-04-23 01:04:04,889 INFO [steady   8000] dt=3.417e-02  R_mom=4.386e-02  div*=9.34e-03  mg=3
2026-04-23 01:04:08,506 INFO [steady   8100] dt=3.417e-02  R_mom=4.068e-02  div*=1.63e-03  mg=4
2026-04-23 01:04:11,375 INFO [steady   8200] dt=3.397e-02  R_mom=4.275e-02  div*=8.78e-03  mg=4
2026-04-23 01:04:17,843 INFO [steady   8300] dt=3.408e-02  R_mom=4.201e-02  div*=3.81e-03  mg=3
2026-04-23 01:04:20,967 INFO [steady   8400] dt=3.408e-02  R_mom=4.143e-02  div*=7.46e-03  mg=4
2026-04-23 01:04:25,769 INFO [steady   8500] dt=3.419e-02  R_mom=4.326e-02  div*=6.92e-03  mg=3
2026-04-23 01:04:29,767 INFO [steady   8600] dt=3.390e-02  R_mom=4.025e-02  div*=5.62e-03  mg=4
2026-04-23 01:04:34,630 INFO [steady   8700] dt=3.422e-02  R_mom=4.402e-02  div*=8.76e-03  mg=3
2026-04-23 01:04:40,432 INFO [steady   8800] dt=3.411e-02  R_mom=4.010e-02  div*=2.56e-03  mg=4
2026-04-23 01:04:46,774 INFO [steady   8900] dt=3.403e-02  R_mom=4.362e-02  div*=8.91e-03  mg=3
2026-04-23 01:04:54,798 INFO [steady   9000] dt=3.399e-02  R_mom=4.091e-02  div*=1.52e-03  mg=3
2026-04-23 01:04:59,180 INFO [steady   9100] dt=3.411e-02  R_mom=4.259e-02  div*=8.58e-03  mg=4
2026-04-23 01:05:02,673 INFO [steady   9200] dt=3.422e-02  R_mom=4.225e-02  div*=4.63e-03  mg=3
2026-04-23 01:05:07,026 INFO [steady   9300] dt=3.391e-02  R_mom=4.107e-02  div*=7.40e-03  mg=4
2026-04-23 01:05:11,091 INFO [steady   9400] dt=3.419e-02  R_mom=4.354e-02  div*=7.27e-03  mg=3
2026-04-23 01:05:16,035 INFO [steady   9500] dt=3.408e-02  R_mom=4.019e-02  div*=5.04e-03  mg=4
2026-04-23 01:05:19,576 INFO [steady   9600] dt=3.410e-02  R_mom=4.394e-02  div*=8.75e-03  mg=3
2026-04-23 01:05:22,871 INFO [steady   9700] dt=3.394e-02  R_mom=4.017e-02  div*=2.28e-03  mg=4
2026-04-23 01:05:25,701 INFO [steady   9800] dt=3.415e-02  R_mom=4.356e-02  div*=9.30e-03  mg=3
2026-04-23 01:05:28,857 INFO [steady   9900] dt=3.421e-02  R_mom=4.114e-02  div*=1.80e-03  mg=3
2026-04-23 01:05:32,837 INFO [steady  10000] dt=3.395e-02  R_mom=4.220e-02  div*=8.51e-03  mg=4
2026-04-23 01:05:37,962 INFO [steady  10100] dt=3.413e-02  R_mom=4.257e-02  div*=5.09e-03  mg=3
2026-04-23 01:05:41,024 INFO [steady  10200] dt=3.407e-02  R_mom=4.091e-02  div*=6.81e-03  mg=4
2026-04-23 01:05:45,247 INFO [steady  10300] dt=3.416e-02  R_mom=4.362e-02  div*=7.75e-03  mg=3
2026-04-23 01:05:48,027 INFO [steady  10400] dt=3.391e-02  R_mom=4.006e-02  div*=4.54e-03  mg=4
2026-04-23 01:05:51,002 INFO [steady  10500] dt=3.420e-02  R_mom=4.402e-02  div*=9.17e-03  mg=3
2026-04-23 01:05:54,086 INFO [steady  10600] dt=3.413e-02  R_mom=4.031e-02  div*=2.07e-03  mg=4
2026-04-23 01:05:56,822 INFO [steady  10700] dt=3.400e-02  R_mom=4.325e-02  div*=8.91e-03  mg=3
2026-04-23 01:05:59,852 INFO [steady  10800] dt=3.403e-02  R_mom=4.143e-02  div*=2.39e-03  mg=3
2026-04-23 01:06:02,421 INFO [steady  10900] dt=3.409e-02  R_mom=4.202e-02  div*=8.02e-03  mg=4
2026-04-23 01:06:05,563 INFO [steady  11000] dt=3.421e-02  R_mom=4.278e-02  div*=5.84e-03  mg=3
2026-04-23 01:06:09,693 INFO [steady  11100] dt=3.390e-02  R_mom=4.061e-02  div*=6.61e-03  mg=4
2026-04-23 01:06:12,379 INFO [steady  11200] dt=3.420e-02  R_mom=4.385e-02  div*=8.10e-03  mg=3
2026-04-23 01:06:15,298 INFO [steady  11300] dt=3.409e-02  R_mom=4.006e-02  div*=3.92e-03  mg=4
2026-04-23 01:06:18,137 INFO [steady  11400] dt=3.406e-02  R_mom=4.386e-02  div*=8.88e-03  mg=3
2026-04-23 01:06:21,338 INFO [steady  11500] dt=3.396e-02  R_mom=4.047e-02  div*=1.88e-03  mg=4
2026-04-23 01:06:24,957 INFO [steady  11600] dt=3.413e-02  R_mom=4.314e-02  div*=9.05e-03  mg=3
2026-04-23 01:06:28,282 INFO [steady  11700] dt=3.424e-02  R_mom=4.167e-02  div*=3.23e-03  mg=3
2026-04-23 01:06:31,844 INFO [steady  11800] dt=3.393e-02  R_mom=4.164e-02  div*=8.06e-03  mg=4
2026-04-23 01:06:36,349 INFO [steady  11900] dt=3.418e-02  R_mom=4.309e-02  div*=6.24e-03  mg=3
2026-04-23 01:06:42,893 INFO [steady  12000] dt=3.407e-02  R_mom=4.049e-02  div*=6.03e-03  mg=4
2026-04-23 01:06:46,224 INFO [steady  12100] dt=3.413e-02  R_mom=4.385e-02  div*=8.35e-03  mg=3
2026-04-23 01:06:49,076 INFO [steady  12200] dt=3.392e-02  R_mom=4.003e-02  div*=3.32e-03  mg=4
2026-04-23 01:06:53,140 INFO [steady  12300] dt=3.417e-02  R_mom=4.387e-02  div*=9.34e-03  mg=3
2026-04-23 01:06:57,787 INFO [steady  12400] dt=3.417e-02  R_mom=4.066e-02  div*=1.65e-03  mg=4
2026-04-23 01:07:01,510 INFO [steady  12500] dt=3.397e-02  R_mom=4.277e-02  div*=8.79e-03  mg=4
2026-04-23 01:07:04,522 INFO [steady  12600] dt=3.408e-02  R_mom=4.199e-02  div*=3.75e-03  mg=3
2026-04-23 01:07:09,337 INFO [steady  12700] dt=3.408e-02  R_mom=4.145e-02  div*=7.50e-03  mg=4
2026-04-23 01:07:12,149 INFO [steady  12800] dt=3.419e-02  R_mom=4.324e-02  div*=6.88e-03  mg=3
2026-04-23 01:07:14,840 INFO [steady  12900] dt=3.390e-02  R_mom=4.026e-02  div*=5.67e-03  mg=4
2026-04-23 01:07:17,584 INFO [steady  13000] dt=3.422e-02  R_mom=4.401e-02  div*=8.73e-03  mg=3
2026-04-23 01:07:20,549 INFO [steady  13100] dt=3.411e-02  R_mom=4.010e-02  div*=2.62e-03  mg=4
2026-04-23 01:07:23,984 INFO [steady  13200] dt=3.403e-02  R_mom=4.363e-02  div*=8.91e-03  mg=3
2026-04-23 01:07:28,829 INFO [steady  13300] dt=3.399e-02  R_mom=4.089e-02  div*=1.51e-03  mg=3
2026-04-23 01:07:33,287 INFO [steady  13400] dt=3.411e-02  R_mom=4.262e-02  div*=8.60e-03  mg=4
2026-04-23 01:07:37,938 INFO [steady  13500] dt=3.423e-02  R_mom=4.222e-02  div*=4.57e-03  mg=3
2026-04-23 01:07:40,668 INFO [steady  13600] dt=3.391e-02  R_mom=4.109e-02  div*=7.44e-03  mg=4
2026-04-23 01:07:44,614 INFO [steady  13700] dt=3.418e-02  R_mom=4.352e-02  div*=7.23e-03  mg=3
2026-04-23 01:07:50,379 INFO [steady  13800] dt=3.408e-02  R_mom=4.020e-02  div*=5.09e-03  mg=4
2026-04-23 01:07:55,438 INFO [steady  13900] dt=3.410e-02  R_mom=4.394e-02  div*=8.73e-03  mg=3
2026-04-23 01:07:58,845 INFO [steady  14000] dt=3.394e-02  R_mom=4.016e-02  div*=2.30e-03  mg=4
2026-04-23 01:08:01,603 INFO [steady  14100] dt=3.415e-02  R_mom=4.358e-02  div*=9.30e-03  mg=3
2026-04-23 01:08:04,737 INFO [steady  14200] dt=3.420e-02  R_mom=4.111e-02  div*=1.74e-03  mg=3
2026-04-23 01:08:10,782 INFO [steady  14300] dt=3.395e-02  R_mom=4.223e-02  div*=8.53e-03  mg=4
2026-04-23 01:08:15,622 INFO [steady  14400] dt=3.413e-02  R_mom=4.255e-02  div*=5.03e-03  mg=3
2026-04-23 01:08:18,992 INFO [steady  14500] dt=3.407e-02  R_mom=4.093e-02  div*=6.85e-03  mg=4
2026-04-23 01:08:22,698 INFO [steady  14600] dt=3.417e-02  R_mom=4.361e-02  div*=7.72e-03  mg=3
2026-04-23 01:08:26,805 INFO [steady  14700] dt=3.391e-02  R_mom=4.006e-02  div*=4.60e-03  mg=4
2026-04-23 01:08:29,785 INFO [steady  14800] dt=3.420e-02  R_mom=4.403e-02  div*=9.15e-03  mg=3
2026-04-23 01:08:32,770 INFO [steady  14900] dt=3.413e-02  R_mom=4.030e-02  div*=2.09e-03  mg=4
2026-04-23 01:08:35,352 INFO [steady  15000] dt=3.400e-02  R_mom=4.327e-02  div*=8.91e-03  mg=3
2026-04-23 01:08:38,416 INFO [steady  15100] dt=3.403e-02  R_mom=4.140e-02  div*=2.33e-03  mg=3
2026-04-23 01:08:41,769 INFO [steady  15200] dt=3.409e-02  R_mom=4.205e-02  div*=8.04e-03  mg=4
2026-04-23 01:08:44,532 INFO [steady  15300] dt=3.421e-02  R_mom=4.275e-02  div*=5.79e-03  mg=3
2026-04-23 01:08:47,245 INFO [steady  15400] dt=3.390e-02  R_mom=4.063e-02  div*=6.65e-03  mg=4
2026-04-23 01:08:50,593 INFO [steady  15500] dt=3.420e-02  R_mom=4.383e-02  div*=8.07e-03  mg=3
2026-04-23 01:08:53,356 INFO [steady  15600] dt=3.409e-02  R_mom=4.006e-02  div*=3.97e-03  mg=4
2026-04-23 01:08:56,140 INFO [steady  15700] dt=3.406e-02  R_mom=4.387e-02  div*=8.88e-03  mg=3
2026-04-23 01:08:59,289 INFO [steady  15800] dt=3.396e-02  R_mom=4.045e-02  div*=1.90e-03  mg=4
2026-04-23 01:09:01,739 INFO [steady  15900] dt=3.413e-02  R_mom=4.316e-02  div*=9.06e-03  mg=3
2026-04-23 01:09:05,706 INFO [steady  16000] dt=3.424e-02  R_mom=4.164e-02  div*=3.17e-03  mg=3
2026-04-23 01:09:08,359 INFO [steady  16100] dt=3.393e-02  R_mom=4.166e-02  div*=8.08e-03  mg=4
2026-04-23 01:09:11,515 INFO [steady  16200] dt=3.418e-02  R_mom=4.307e-02  div*=6.19e-03  mg=3
2026-04-23 01:09:14,831 INFO [steady  16300] dt=3.407e-02  R_mom=4.051e-02  div*=6.07e-03  mg=4
2026-04-23 01:09:17,619 INFO [steady  16400] dt=3.413e-02  R_mom=4.385e-02  div*=8.33e-03  mg=3
2026-04-23 01:09:21,395 INFO [steady  16500] dt=3.392e-02  R_mom=4.002e-02  div*=3.38e-03  mg=4
2026-04-23 01:09:25,420 INFO [steady  16600] dt=3.417e-02  R_mom=4.388e-02  div*=9.34e-03  mg=3
2026-04-23 01:09:31,291 INFO [steady  16700] dt=3.416e-02  R_mom=4.064e-02  div*=1.67e-03  mg=4
2026-04-23 01:09:36,410 INFO [steady  16800] dt=3.397e-02  R_mom=4.280e-02  div*=8.80e-03  mg=4
2026-04-23 01:09:42,108 INFO [steady  16900] dt=3.408e-02  R_mom=4.196e-02  div*=3.69e-03  mg=3
2026-04-23 01:09:46,192 INFO [steady  17000] dt=3.408e-02  R_mom=4.148e-02  div*=7.53e-03  mg=4
2026-04-23 01:09:49,166 INFO [steady  17100] dt=3.420e-02  R_mom=4.323e-02  div*=6.83e-03  mg=3
2026-04-23 01:09:52,045 INFO [steady  17200] dt=3.390e-02  R_mom=4.027e-02  div*=5.71e-03  mg=4
2026-04-23 01:09:54,652 INFO [steady  17300] dt=3.422e-02  R_mom=4.401e-02  div*=8.71e-03  mg=3
2026-04-23 01:09:59,063 INFO [steady  17400] dt=3.411e-02  R_mom=4.009e-02  div*=2.69e-03  mg=4
2026-04-23 01:10:03,953 INFO [steady  17500] dt=3.403e-02  R_mom=4.364e-02  div*=8.91e-03  mg=3
2026-04-23 01:10:07,560 INFO [steady  17600] dt=3.399e-02  R_mom=4.087e-02  div*=1.51e-03  mg=3
2026-04-23 01:10:10,280 INFO [steady  17700] dt=3.411e-02  R_mom=4.264e-02  div*=8.63e-03  mg=4
2026-04-23 01:10:13,324 INFO [steady  17800] dt=3.423e-02  R_mom=4.220e-02  div*=4.51e-03  mg=3
2026-04-23 01:10:16,051 INFO [steady  17900] dt=3.391e-02  R_mom=4.112e-02  div*=7.47e-03  mg=4
2026-04-23 01:10:21,575 INFO [steady  18000] dt=3.418e-02  R_mom=4.350e-02  div*=7.19e-03  mg=3
2026-04-23 01:10:26,758 INFO [steady  18100] dt=3.408e-02  R_mom=4.021e-02  div*=5.13e-03  mg=4
2026-04-23 01:10:30,509 INFO [steady  18200] dt=3.410e-02  R_mom=4.394e-02  div*=8.72e-03  mg=3
2026-04-23 01:10:33,385 INFO [steady  18300] dt=3.393e-02  R_mom=4.015e-02  div*=2.31e-03  mg=4
2026-04-23 01:10:35,849 INFO [steady  18400] dt=3.415e-02  R_mom=4.359e-02  div*=9.31e-03  mg=3
2026-04-23 01:10:38,943 INFO [steady  18500] dt=3.420e-02  R_mom=4.109e-02  div*=1.67e-03  mg=3
2026-04-23 01:10:43,008 INFO [steady  18600] dt=3.395e-02  R_mom=4.226e-02  div*=8.55e-03  mg=4
2026-04-23 01:10:47,703 INFO [steady  18700] dt=3.413e-02  R_mom=4.252e-02  div*=4.98e-03  mg=3
2026-04-23 01:10:50,904 INFO [steady  18800] dt=3.407e-02  R_mom=4.096e-02  div*=6.88e-03  mg=4
2026-04-23 01:10:54,840 INFO [steady  18900] dt=3.417e-02  R_mom=4.360e-02  div*=7.68e-03  mg=3
2026-04-23 01:11:00,084 INFO [steady  19000] dt=3.391e-02  R_mom=4.007e-02  div*=4.65e-03  mg=4
2026-04-23 01:11:03,063 INFO [steady  19100] dt=3.420e-02  R_mom=4.403e-02  div*=9.14e-03  mg=3
2026-04-23 01:11:05,972 INFO [steady  19200] dt=3.413e-02  R_mom=4.029e-02  div*=2.10e-03  mg=4
2026-04-23 01:11:08,443 INFO [steady  19300] dt=3.400e-02  R_mom=4.329e-02  div*=8.91e-03  mg=3
2026-04-23 01:11:11,926 INFO [steady  19400] dt=3.403e-02  R_mom=4.138e-02  div*=2.27e-03  mg=3
2026-04-23 01:11:15,698 INFO [steady  19500] dt=3.409e-02  R_mom=4.208e-02  div*=8.06e-03  mg=4
2026-04-23 01:11:20,523 INFO [steady  19600] dt=3.421e-02  R_mom=4.273e-02  div*=5.73e-03  mg=3
2026-04-23 01:11:23,351 INFO [steady  19700] dt=3.390e-02  R_mom=4.065e-02  div*=6.69e-03  mg=4
2026-04-23 01:11:26,161 INFO [steady  19800] dt=3.420e-02  R_mom=4.382e-02  div*=8.03e-03  mg=3
2026-04-23 01:11:29,277 INFO [steady  19900] dt=3.409e-02  R_mom=4.007e-02  div*=4.03e-03  mg=4
2026-04-23 01:11:33,459 INFO steady did not converge within 20000 iters (last R_mom=4.389e-02)
2026-04-23 01:11:33,463 INFO solve done: iters=20000 converged=False elapsed=775.0s
