2026-04-25 22:00:03,993 INFO simulation sim_20260425_220003_9d0b5c97 started; log=sim_20260425_220003_9d0b5c97.log  residuals=sim_20260425_220003_9d0b5c97_residuals.csv
2026-04-25 22:00:04,008 INFO solve start: grid=200x100 (20.000x10.000) mode=steady Re=200.0  polygon=16 pts, solid_cells=436 / 20000
2026-04-25 22:00:04,009 INFO   polygon bbox: x=[6.534,12.191] y=[4.402,6.789]
2026-04-25 22:00:04,491 INFO [steady      0] dt=5.000e-02  R_mom=1.038e+00  div*=5.00e+00  mg=1
2026-04-25 22:00:04,750 INFO [steady    100] dt=3.041e-02  R_mom=7.493e-02  div*=2.83e-02  mg=2
2026-04-25 22:00:04,999 INFO [steady    200] dt=2.946e-02  R_mom=6.908e-02  div*=9.06e-03  mg=2
2026-04-25 22:00:05,300 INFO [steady    300] dt=2.940e-02  R_mom=6.386e-02  div*=9.41e-03  mg=2
2026-04-25 22:00:05,564 INFO [steady    400] dt=2.918e-02  R_mom=4.873e-02  div*=1.31e-02  mg=2
2026-04-25 22:00:05,821 INFO [steady    500] dt=2.849e-02  R_mom=5.490e-02  div*=1.39e-02  mg=2
2026-04-25 22:00:06,086 INFO [steady    600] dt=2.959e-02  R_mom=6.357e-02  div*=9.50e-03  mg=2
2026-04-25 22:00:06,342 INFO [steady    700] dt=3.077e-02  R_mom=7.866e-02  div*=1.91e-02  mg=2
2026-04-25 22:00:06,650 INFO [steady    800] dt=3.024e-02  R_mom=1.030e-01  div*=1.08e-02  mg=2
2026-04-25 22:00:06,932 INFO [steady    900] dt=2.994e-02  R_mom=1.200e-01  div*=1.13e-02  mg=2
2026-04-25 22:00:07,193 INFO [steady   1000] dt=2.988e-02  R_mom=1.258e-01  div*=9.32e-03  mg=2
2026-04-25 22:00:07,451 INFO [steady   1100] dt=3.236e-02  R_mom=1.070e-01  div*=1.11e-02  mg=2
2026-04-25 22:00:07,737 INFO [steady   1200] dt=3.235e-02  R_mom=9.699e-02  div*=1.73e-02  mg=2
2026-04-25 22:00:08,009 INFO [steady   1300] dt=3.225e-02  R_mom=1.145e-01  div*=5.64e-03  mg=2
2026-04-25 22:00:08,261 INFO [steady   1400] dt=3.219e-02  R_mom=1.039e-01  div*=1.45e-02  mg=2
2026-04-25 22:00:08,515 INFO [steady   1500] dt=3.198e-02  R_mom=1.154e-01  div*=9.04e-03  mg=2
2026-04-25 22:00:08,762 INFO [steady   1600] dt=3.178e-02  R_mom=1.127e-01  div*=1.18e-02  mg=2
2026-04-25 22:00:09,038 INFO [steady   1700] dt=3.189e-02  R_mom=1.196e-01  div*=1.20e-02  mg=2
2026-04-25 22:00:09,317 INFO [steady   1800] dt=3.220e-02  R_mom=1.082e-01  div*=1.21e-02  mg=2
2026-04-25 22:00:09,580 INFO [steady   1900] dt=3.237e-02  R_mom=1.031e-01  div*=1.89e-02  mg=2
2026-04-25 22:00:09,835 INFO [steady   2000] dt=3.233e-02  R_mom=1.196e-01  div*=5.97e-03  mg=2
2026-04-25 22:00:10,092 INFO [steady   2100] dt=3.226e-02  R_mom=1.045e-01  div*=1.45e-02  mg=2
2026-04-25 22:00:10,362 INFO [steady   2200] dt=3.216e-02  R_mom=1.137e-01  div*=9.86e-03  mg=2
2026-04-25 22:00:10,617 INFO [steady   2300] dt=3.202e-02  R_mom=1.119e-01  div*=1.06e-02  mg=2
2026-04-25 22:00:10,877 INFO [steady   2400] dt=3.219e-02  R_mom=1.169e-01  div*=1.27e-02  mg=2
2026-04-25 22:00:11,155 INFO [steady   2500] dt=3.214e-02  R_mom=1.098e-01  div*=1.14e-02  mg=2
2026-04-25 22:00:11,416 INFO [steady   2600] dt=3.225e-02  R_mom=1.043e-01  div*=1.87e-02  mg=2
2026-04-25 22:00:11,714 INFO [steady   2700] dt=3.223e-02  R_mom=1.213e-01  div*=5.25e-03  mg=2
2026-04-25 22:00:12,002 INFO [steady   2800] dt=3.226e-02  R_mom=1.045e-01  div*=1.47e-02  mg=2
2026-04-25 22:00:12,262 INFO [steady   2900] dt=3.221e-02  R_mom=1.125e-01  div*=1.09e-02  mg=2
2026-04-25 22:00:12,515 INFO [steady   3000] dt=3.207e-02  R_mom=1.125e-01  div*=9.41e-03  mg=2
2026-04-25 22:00:12,786 INFO [steady   3100] dt=3.221e-02  R_mom=1.148e-01  div*=1.33e-02  mg=2
2026-04-25 22:00:13,036 INFO [steady   3200] dt=3.214e-02  R_mom=1.108e-01  div*=1.02e-02  mg=2
2026-04-25 22:00:13,294 INFO [steady   3300] dt=3.221e-02  R_mom=1.048e-01  div*=1.83e-02  mg=2
2026-04-25 22:00:13,550 INFO [steady   3400] dt=3.222e-02  R_mom=1.220e-01  div*=4.80e-03  mg=2
2026-04-25 22:00:13,797 INFO [steady   3500] dt=3.225e-02  R_mom=1.046e-01  div*=1.49e-02  mg=2
2026-04-25 22:00:14,085 INFO [steady   3600] dt=3.222e-02  R_mom=1.114e-01  div*=1.18e-02  mg=2
2026-04-25 22:00:14,413 INFO [steady   3700] dt=3.208e-02  R_mom=1.135e-01  div*=8.23e-03  mg=2
2026-04-25 22:00:14,674 INFO [steady   3800] dt=3.215e-02  R_mom=1.129e-01  div*=1.29e-02  mg=2
2026-04-25 22:00:14,929 INFO [steady   3900] dt=3.215e-02  R_mom=1.116e-01  div*=8.78e-03  mg=2
2026-04-25 22:00:15,192 INFO [steady   4000] dt=3.219e-02  R_mom=1.052e-01  div*=1.82e-02  mg=2
2026-04-25 22:00:15,453 INFO [steady   4100] dt=3.222e-02  R_mom=1.224e-01  div*=5.17e-03  mg=2
2026-04-25 22:00:15,712 INFO [steady   4200] dt=3.222e-02  R_mom=1.050e-01  div*=1.50e-02  mg=2
2026-04-25 22:00:15,969 INFO [steady   4300] dt=3.223e-02  R_mom=1.104e-01  div*=1.25e-02  mg=2
2026-04-25 22:00:16,233 INFO [steady   4400] dt=3.209e-02  R_mom=1.146e-01  div*=7.76e-03  mg=2
2026-04-25 22:00:16,493 INFO [steady   4500] dt=3.213e-02  R_mom=1.111e-01  div*=1.18e-02  mg=2
2026-04-25 22:00:16,810 INFO [steady   4600] dt=3.214e-02  R_mom=1.123e-01  div*=7.27e-03  mg=2
2026-04-25 22:00:17,089 INFO [steady   4700] dt=3.218e-02  R_mom=1.056e-01  div*=1.78e-02  mg=2
2026-04-25 22:00:17,362 INFO [steady   4800] dt=3.226e-02  R_mom=1.225e-01  div*=5.84e-03  mg=2
2026-04-25 22:00:17,629 INFO [steady   4900] dt=3.219e-02  R_mom=1.054e-01  div*=1.50e-02  mg=2
2026-04-25 22:00:17,928 INFO [steady   5000] dt=3.223e-02  R_mom=1.092e-01  div*=1.42e-02  mg=2
2026-04-25 22:00:18,206 INFO [steady   5100] dt=3.211e-02  R_mom=1.157e-01  div*=7.07e-03  mg=2
2026-04-25 22:00:18,497 INFO [steady   5200] dt=3.220e-02  R_mom=1.094e-01  div*=1.21e-02  mg=2
2026-04-25 22:00:18,771 INFO [steady   5300] dt=3.214e-02  R_mom=1.129e-01  div*=5.71e-03  mg=2
2026-04-25 22:00:19,057 INFO [steady   5400] dt=3.218e-02  R_mom=1.062e-01  div*=1.72e-02  mg=2
2026-04-25 22:00:19,385 INFO [steady   5500] dt=3.228e-02  R_mom=1.223e-01  div*=6.66e-03  mg=2
2026-04-25 22:00:19,670 INFO [steady   5600] dt=3.217e-02  R_mom=1.060e-01  div*=1.49e-02  mg=2
2026-04-25 22:00:19,939 INFO [steady   5700] dt=3.223e-02  R_mom=1.081e-01  div*=1.59e-02  mg=2
2026-04-25 22:00:20,265 INFO [steady   5800] dt=3.210e-02  R_mom=1.169e-01  div*=6.88e-03  mg=2
2026-04-25 22:00:20,569 INFO [steady   5900] dt=3.237e-02  R_mom=1.078e-01  div*=1.27e-02  mg=2
2026-04-25 22:00:20,833 INFO [steady   6000] dt=3.214e-02  R_mom=1.133e-01  div*=5.97e-03  mg=2
2026-04-25 22:00:21,094 INFO [steady   6100] dt=3.215e-02  R_mom=1.070e-01  div*=1.62e-02  mg=2
2026-04-25 22:00:21,349 INFO [steady   6200] dt=3.230e-02  R_mom=1.218e-01  div*=7.80e-03  mg=2
2026-04-25 22:00:21,626 INFO [steady   6300] dt=3.215e-02  R_mom=1.067e-01  div*=1.46e-02  mg=2
2026-04-25 22:00:21,946 INFO [steady   6400] dt=3.223e-02  R_mom=1.071e-01  div*=1.72e-02  mg=2
2026-04-25 22:00:22,211 INFO [steady   6500] dt=3.210e-02  R_mom=1.180e-01  div*=7.09e-03  mg=2
2026-04-25 22:00:22,461 INFO [steady   6600] dt=3.242e-02  R_mom=1.066e-01  div*=1.30e-02  mg=2
2026-04-25 22:00:22,718 INFO [steady   6700] dt=3.215e-02  R_mom=1.136e-01  div*=6.78e-03  mg=2
2026-04-25 22:00:22,982 INFO [steady   6800] dt=3.213e-02  R_mom=1.078e-01  div*=1.49e-02  mg=2
2026-04-25 22:00:23,227 INFO [steady   6900] dt=3.233e-02  R_mom=1.211e-01  div*=9.12e-03  mg=2
2026-04-25 22:00:23,472 INFO [steady   7000] dt=3.213e-02  R_mom=1.074e-01  div*=1.42e-02  mg=2
2026-04-25 22:00:23,743 INFO [steady   7100] dt=3.224e-02  R_mom=1.062e-01  div*=1.82e-02  mg=2
2026-04-25 22:00:24,013 INFO [steady   7200] dt=3.212e-02  R_mom=1.190e-01  div*=6.35e-03  mg=2
2026-04-25 22:00:24,317 INFO [steady   7300] dt=3.238e-02  R_mom=1.056e-01  div*=1.34e-02  mg=2
2026-04-25 22:00:24,621 INFO [steady   7400] dt=3.216e-02  R_mom=1.136e-01  div*=7.77e-03  mg=2
2026-04-25 22:00:24,876 INFO [steady   7500] dt=3.212e-02  R_mom=1.087e-01  div*=1.36e-02  mg=2
2026-04-25 22:00:25,130 INFO [steady   7600] dt=3.233e-02  R_mom=1.201e-01  div*=1.04e-02  mg=2
2026-04-25 22:00:25,399 INFO [steady   7700] dt=3.212e-02  R_mom=1.082e-01  div*=1.36e-02  mg=2
2026-04-25 22:00:25,665 INFO [steady   7800] dt=3.225e-02  R_mom=1.055e-01  div*=1.89e-02  mg=2
2026-04-25 22:00:25,936 INFO [steady   7900] dt=3.214e-02  R_mom=1.199e-01  div*=5.95e-03  mg=2
2026-04-25 22:00:26,210 INFO [steady   8000] dt=3.234e-02  R_mom=1.050e-01  div*=1.38e-02  mg=2
2026-04-25 22:00:26,476 INFO [steady   8100] dt=3.218e-02  R_mom=1.135e-01  div*=8.33e-03  mg=2
2026-04-25 22:00:26,796 INFO [steady   8200] dt=3.212e-02  R_mom=1.097e-01  div*=1.22e-02  mg=2
2026-04-25 22:00:27,142 INFO [steady   8300] dt=3.235e-02  R_mom=1.187e-01  div*=1.16e-02  mg=2
2026-04-25 22:00:27,397 INFO [steady   8400] dt=3.212e-02  R_mom=1.090e-01  div*=1.28e-02  mg=2
2026-04-25 22:00:27,652 INFO [steady   8500] dt=3.223e-02  R_mom=1.051e-01  div*=1.93e-02  mg=2
2026-04-25 22:00:27,924 INFO [steady   8600] dt=3.215e-02  R_mom=1.207e-01  div*=6.10e-03  mg=2
2026-04-25 22:00:28,182 INFO [steady   8700] dt=3.231e-02  R_mom=1.046e-01  div*=1.42e-02  mg=2
2026-04-25 22:00:28,443 INFO [steady   8800] dt=3.220e-02  R_mom=1.131e-01  div*=9.34e-03  mg=2
2026-04-25 22:00:28,701 INFO [steady   8900] dt=3.213e-02  R_mom=1.107e-01  div*=1.09e-02  mg=2
2026-04-25 22:00:28,969 INFO [steady   9000] dt=3.231e-02  R_mom=1.171e-01  div*=1.27e-02  mg=2
2026-04-25 22:00:29,266 INFO [steady   9100] dt=3.212e-02  R_mom=1.098e-01  div*=1.19e-02  mg=2
2026-04-25 22:00:29,584 INFO [steady   9200] dt=3.221e-02  R_mom=1.049e-01  div*=1.90e-02  mg=2
2026-04-25 22:00:29,861 INFO [steady   9300] dt=3.217e-02  R_mom=1.214e-01  div*=5.51e-03  mg=2
2026-04-25 22:00:30,170 INFO [steady   9400] dt=3.228e-02  R_mom=1.045e-01  div*=1.46e-02  mg=2
2026-04-25 22:00:30,499 INFO [steady   9500] dt=3.222e-02  R_mom=1.125e-01  div*=1.04e-02  mg=2
2026-04-25 22:00:30,781 INFO [steady   9600] dt=3.210e-02  R_mom=1.119e-01  div*=9.80e-03  mg=2
2026-04-25 22:00:31,053 INFO [steady   9700] dt=3.228e-02  R_mom=1.154e-01  div*=1.32e-02  mg=2
2026-04-25 22:00:31,325 INFO [steady   9800] dt=3.213e-02  R_mom=1.107e-01  div*=1.07e-02  mg=2
2026-04-25 22:00:31,585 INFO [steady   9900] dt=3.220e-02  R_mom=1.049e-01  div*=1.84e-02  mg=2
2026-04-25 22:00:31,893 INFO [steady  10000] dt=3.220e-02  R_mom=1.220e-01  div*=4.97e-03  mg=2
2026-04-25 22:00:32,191 INFO [steady  10100] dt=3.226e-02  R_mom=1.046e-01  div*=1.48e-02  mg=2
2026-04-25 22:00:32,453 INFO [steady  10200] dt=3.222e-02  R_mom=1.117e-01  div*=1.14e-02  mg=2
2026-04-25 22:00:32,712 INFO [steady  10300] dt=3.209e-02  R_mom=1.130e-01  div*=8.65e-03  mg=2
2026-04-25 22:00:32,993 INFO [steady  10400] dt=3.218e-02  R_mom=1.135e-01  div*=1.30e-02  mg=2
2026-04-25 22:00:33,249 INFO [steady  10500] dt=3.214e-02  R_mom=1.114e-01  div*=9.30e-03  mg=2
2026-04-25 22:00:33,539 INFO [steady  10600] dt=3.219e-02  R_mom=1.051e-01  div*=1.83e-02  mg=2
2026-04-25 22:00:33,808 INFO [steady  10700] dt=3.222e-02  R_mom=1.223e-01  div*=5.14e-03  mg=2
2026-04-25 22:00:34,086 INFO [steady  10800] dt=3.223e-02  R_mom=1.048e-01  div*=1.50e-02  mg=2
2026-04-25 22:00:34,421 INFO [steady  10900] dt=3.223e-02  R_mom=1.107e-01  div*=1.23e-02  mg=2
2026-04-25 22:00:34,731 INFO [steady  11000] dt=3.209e-02  R_mom=1.142e-01  div*=7.56e-03  mg=2
2026-04-25 22:00:35,008 INFO [steady  11100] dt=3.213e-02  R_mom=1.117e-01  div*=1.22e-02  mg=2
2026-04-25 22:00:35,262 INFO [steady  11200] dt=3.214e-02  R_mom=1.121e-01  div*=7.79e-03  mg=2
2026-04-25 22:00:35,548 INFO [steady  11300] dt=3.218e-02  R_mom=1.055e-01  div*=1.80e-02  mg=2
2026-04-25 22:00:35,810 INFO [steady  11400] dt=3.224e-02  R_mom=1.225e-01  div*=5.55e-03  mg=2
2026-04-25 22:00:36,064 INFO [steady  11500] dt=3.220e-02  R_mom=1.052e-01  div*=1.50e-02  mg=2
2026-04-25 22:00:36,326 INFO [steady  11600] dt=3.223e-02  R_mom=1.096e-01  div*=1.36e-02  mg=2
2026-04-25 22:00:36,604 INFO [steady  11700] dt=3.211e-02  R_mom=1.153e-01  div*=7.18e-03  mg=2
2026-04-25 22:00:36,928 INFO [steady  11800] dt=3.217e-02  R_mom=1.099e-01  div*=1.19e-02  mg=2
2026-04-25 22:00:37,221 INFO [steady  11900] dt=3.214e-02  R_mom=1.127e-01  div*=6.26e-03  mg=2
2026-04-25 22:00:37,483 INFO [steady  12000] dt=3.218e-02  R_mom=1.060e-01  div*=1.74e-02  mg=2
2026-04-25 22:00:37,739 INFO [steady  12100] dt=3.227e-02  R_mom=1.224e-01  div*=6.30e-03  mg=2
2026-04-25 22:00:38,014 INFO [steady  12200] dt=3.218e-02  R_mom=1.058e-01  div*=1.49e-02  mg=2
2026-04-25 22:00:38,267 INFO [steady  12300] dt=3.223e-02  R_mom=1.085e-01  div*=1.53e-02  mg=2
2026-04-25 22:00:38,523 INFO [steady  12400] dt=3.210e-02  R_mom=1.165e-01  div*=6.95e-03  mg=2
2026-04-25 22:00:38,775 INFO [steady  12500] dt=3.231e-02  R_mom=1.083e-01  div*=1.25e-02  mg=2
2026-04-25 22:00:39,041 INFO [steady  12600] dt=3.214e-02  R_mom=1.132e-01  div*=5.58e-03  mg=2
2026-04-25 22:00:39,339 INFO [steady  12700] dt=3.216e-02  R_mom=1.067e-01  div*=1.65e-02  mg=2
2026-04-25 22:00:39,641 INFO [steady  12800] dt=3.229e-02  R_mom=1.220e-01  div*=7.41e-03  mg=2
2026-04-25 22:00:39,930 INFO [steady  12900] dt=3.215e-02  R_mom=1.064e-01  div*=1.47e-02  mg=2
2026-04-25 22:00:40,194 INFO [steady  13000] dt=3.223e-02  R_mom=1.074e-01  div*=1.68e-02  mg=2
2026-04-25 22:00:40,471 INFO [steady  13100] dt=3.210e-02  R_mom=1.176e-01  div*=6.80e-03  mg=2
2026-04-25 22:00:40,735 INFO [steady  13200] dt=3.244e-02  R_mom=1.070e-01  div*=1.30e-02  mg=2
2026-04-25 22:00:40,982 INFO [steady  13300] dt=3.215e-02  R_mom=1.135e-01  div*=6.45e-03  mg=2
2026-04-25 22:00:41,227 INFO [steady  13400] dt=3.214e-02  R_mom=1.075e-01  div*=1.53e-02  mg=2
2026-04-25 22:00:41,485 INFO [steady  13500] dt=3.233e-02  R_mom=1.214e-01  div*=8.61e-03  mg=2
2026-04-25 22:00:41,792 INFO [steady  13600] dt=3.214e-02  R_mom=1.071e-01  div*=1.44e-02  mg=2
2026-04-25 22:00:42,134 INFO [steady  13700] dt=3.223e-02  R_mom=1.065e-01  div*=1.79e-02  mg=2
2026-04-25 22:00:42,435 INFO [steady  13800] dt=3.211e-02  R_mom=1.186e-01  div*=6.60e-03  mg=2
2026-04-25 22:00:42,721 INFO [steady  13900] dt=3.239e-02  R_mom=1.059e-01  div*=1.32e-02  mg=2
2026-04-25 22:00:43,019 INFO [steady  14000] dt=3.216e-02  R_mom=1.136e-01  div*=7.48e-03  mg=2
2026-04-25 22:00:43,301 INFO [steady  14100] dt=3.212e-02  R_mom=1.084e-01  div*=1.40e-02  mg=2
2026-04-25 22:00:43,566 INFO [steady  14200] dt=3.233e-02  R_mom=1.204e-01  div*=9.97e-03  mg=2
2026-04-25 22:00:43,824 INFO [steady  14300] dt=3.213e-02  R_mom=1.079e-01  div*=1.38e-02  mg=2
2026-04-25 22:00:44,091 INFO [steady  14400] dt=3.224e-02  R_mom=1.057e-01  div*=1.87e-02  mg=2
2026-04-25 22:00:44,395 INFO [steady  14500] dt=3.215e-02  R_mom=1.196e-01  div*=6.08e-03  mg=2
2026-04-25 22:00:44,698 INFO [steady  14600] dt=3.235e-02  R_mom=1.052e-01  div*=1.37e-02  mg=2
2026-04-25 22:00:44,961 INFO [steady  14700] dt=3.218e-02  R_mom=1.135e-01  div*=8.18e-03  mg=2
2026-04-25 22:00:45,223 INFO [steady  14800] dt=3.212e-02  R_mom=1.093e-01  div*=1.26e-02  mg=2
2026-04-25 22:00:45,500 INFO [steady  14900] dt=3.234e-02  R_mom=1.192e-01  div*=1.13e-02  mg=2
2026-04-25 22:00:45,797 INFO [steady  15000] dt=3.212e-02  R_mom=1.087e-01  div*=1.31e-02  mg=2
2026-04-25 22:00:46,080 INFO [steady  15100] dt=3.223e-02  R_mom=1.052e-01  div*=1.92e-02  mg=2
2026-04-25 22:00:46,366 INFO [steady  15200] dt=3.214e-02  R_mom=1.205e-01  div*=5.66e-03  mg=2
2026-04-25 22:00:46,637 INFO [steady  15300] dt=3.232e-02  R_mom=1.047e-01  div*=1.41e-02  mg=2
2026-04-25 22:00:46,947 INFO [steady  15400] dt=3.219e-02  R_mom=1.132e-01  div*=9.01e-03  mg=2
2026-04-25 22:00:47,255 INFO [steady  15500] dt=3.212e-02  R_mom=1.104e-01  div*=1.14e-02  mg=2
2026-04-25 22:00:47,521 INFO [steady  15600] dt=3.233e-02  R_mom=1.177e-01  div*=1.24e-02  mg=2
2026-04-25 22:00:47,780 INFO [steady  15700] dt=3.212e-02  R_mom=1.095e-01  div*=1.22e-02  mg=2
2026-04-25 22:00:48,061 INFO [steady  15800] dt=3.222e-02  R_mom=1.049e-01  div*=1.91e-02  mg=2
2026-04-25 22:00:48,322 INFO [steady  15900] dt=3.216e-02  R_mom=1.212e-01  div*=5.86e-03  mg=2
2026-04-25 22:00:48,584 INFO [steady  16000] dt=3.229e-02  R_mom=1.045e-01  div*=1.44e-02  mg=2
2026-04-25 22:00:48,846 INFO [steady  16100] dt=3.221e-02  R_mom=1.127e-01  div*=1.01e-02  mg=2
2026-04-25 22:00:49,106 INFO [steady  16200] dt=3.211e-02  R_mom=1.115e-01  div*=1.02e-02  mg=2
2026-04-25 22:00:49,409 INFO [steady  16300] dt=3.229e-02  R_mom=1.160e-01  div*=1.28e-02  mg=2
2026-04-25 22:00:49,772 INFO [steady  16400] dt=3.212e-02  R_mom=1.104e-01  div*=1.11e-02  mg=2
2026-04-25 22:00:50,056 INFO [steady  16500] dt=3.220e-02  R_mom=1.048e-01  div*=1.86e-02  mg=2
2026-04-25 22:00:50,348 INFO [steady  16600] dt=3.219e-02  R_mom=1.218e-01  div*=5.13e-03  mg=2
2026-04-25 22:00:50,663 INFO [steady  16700] dt=3.226e-02  R_mom=1.045e-01  div*=1.47e-02  mg=2
2026-04-25 22:00:50,954 INFO [steady  16800] dt=3.223e-02  R_mom=1.120e-01  div*=1.11e-02  mg=2
2026-04-25 22:00:51,214 INFO [steady  16900] dt=3.209e-02  R_mom=1.126e-01  div*=9.04e-03  mg=2
2026-04-25 22:00:51,470 INFO [steady  17000] dt=3.222e-02  R_mom=1.142e-01  div*=1.33e-02  mg=2
2026-04-25 22:00:51,726 INFO [steady  17100] dt=3.213e-02  R_mom=1.112e-01  div*=9.81e-03  mg=2
2026-04-25 22:00:52,062 INFO [steady  17200] dt=3.219e-02  R_mom=1.050e-01  div*=1.83e-02  mg=2
2026-04-25 22:00:52,372 INFO [steady  17300] dt=3.221e-02  R_mom=1.222e-01  div*=4.66e-03  mg=2
2026-04-25 22:00:52,647 INFO [steady  17400] dt=3.225e-02  R_mom=1.047e-01  div*=1.49e-02  mg=2
2026-04-25 22:00:52,958 INFO [steady  17500] dt=3.222e-02  R_mom=1.110e-01  div*=1.20e-02  mg=2
2026-04-25 22:00:53,237 INFO [steady  17600] dt=3.209e-02  R_mom=1.138e-01  div*=7.87e-03  mg=2
2026-04-25 22:00:53,503 INFO [steady  17700] dt=3.214e-02  R_mom=1.123e-01  div*=1.25e-02  mg=2
2026-04-25 22:00:53,769 INFO [steady  17800] dt=3.214e-02  R_mom=1.119e-01  div*=8.31e-03  mg=2
2026-04-25 22:00:54,047 INFO [steady  17900] dt=3.218e-02  R_mom=1.053e-01  div*=1.81e-02  mg=2
2026-04-25 22:00:54,320 INFO [steady  18000] dt=3.223e-02  R_mom=1.225e-01  div*=5.46e-03  mg=2
2026-04-25 22:00:54,647 INFO [steady  18100] dt=3.221e-02  R_mom=1.051e-01  div*=1.50e-02  mg=2
2026-04-25 22:00:54,922 INFO [steady  18200] dt=3.223e-02  R_mom=1.100e-01  div*=1.30e-02  mg=2
2026-04-25 22:00:55,192 INFO [steady  18300] dt=3.210e-02  R_mom=1.149e-01  div*=7.40e-03  mg=2
2026-04-25 22:00:55,470 INFO [steady  18400] dt=3.216e-02  R_mom=1.105e-01  div*=1.17e-02  mg=2
2026-04-25 22:00:55,737 INFO [steady  18500] dt=3.214e-02  R_mom=1.125e-01  div*=6.80e-03  mg=2
2026-04-25 22:00:56,055 INFO [steady  18600] dt=3.218e-02  R_mom=1.058e-01  div*=1.76e-02  mg=2
2026-04-25 22:00:56,422 INFO [steady  18700] dt=3.227e-02  R_mom=1.224e-01  div*=6.10e-03  mg=2
2026-04-25 22:00:56,727 INFO [steady  18800] dt=3.218e-02  R_mom=1.056e-01  div*=1.50e-02  mg=2
2026-04-25 22:00:57,059 INFO [steady  18900] dt=3.223e-02  R_mom=1.089e-01  div*=1.48e-02  mg=2
2026-04-25 22:00:57,377 INFO [steady  19000] dt=3.211e-02  R_mom=1.161e-01  div*=7.01e-03  mg=2
2026-04-25 22:00:57,647 INFO [steady  19100] dt=3.226e-02  R_mom=1.089e-01  div*=1.23e-02  mg=2
2026-04-25 22:00:57,912 INFO [steady  19200] dt=3.215e-02  R_mom=1.131e-01  div*=5.19e-03  mg=2
2026-04-25 22:00:58,224 INFO [steady  19300] dt=3.217e-02  R_mom=1.064e-01  div*=1.69e-02  mg=2
2026-04-25 22:00:58,494 INFO [steady  19400] dt=3.228e-02  R_mom=1.222e-01  div*=7.00e-03  mg=2
2026-04-25 22:00:58,768 INFO [steady  19500] dt=3.216e-02  R_mom=1.062e-01  div*=1.48e-02  mg=2
2026-04-25 22:00:59,054 INFO [steady  19600] dt=3.223e-02  R_mom=1.078e-01  div*=1.63e-02  mg=2
2026-04-25 22:00:59,372 INFO [steady  19700] dt=3.210e-02  R_mom=1.172e-01  div*=6.73e-03  mg=2
2026-04-25 22:00:59,750 INFO [steady  19800] dt=3.244e-02  R_mom=1.074e-01  div*=1.29e-02  mg=2
2026-04-25 22:01:00,083 INFO [steady  19900] dt=3.215e-02  R_mom=1.134e-01  div*=6.16e-03  mg=2
2026-04-25 22:01:00,386 INFO steady did not converge within 20000 iters (last R_mom=1.070e-01)
2026-04-25 22:01:00,387 INFO solve done: iters=20000 converged=False elapsed=56.4s
2026-04-25 22:01:01,453 INFO residuals workbook written: sim_20260425_220003_9d0b5c97_residuals.xlsx
