2026-04-23 00:17:03,627 INFO simulation sim_20260423_001703_34881c59 started; log=sim_20260423_001703_34881c59.log  residuals=sim_20260423_001703_34881c59_residuals.csv
2026-04-23 00:17:03,643 INFO solve start: grid=200x100 (20.000x10.000) mode=steady Re=40.0  polygon=19 pts, solid_cells=569 / 20000
2026-04-23 00:17:03,643 INFO   polygon bbox: x=[7.856,13.665] y=[4.749,7.263]
2026-04-23 00:17:05,054 INFO [steady      0] dt=5.000e-02  R_mom=1.363e+00  div*=4.99e+00  mg=3
2026-04-23 00:17:08,601 INFO [steady    100] dt=3.189e-02  R_mom=7.350e-02  div*=3.14e-02  mg=3
2026-04-23 00:17:11,261 INFO [steady    200] dt=3.071e-02  R_mom=6.656e-02  div*=1.21e-02  mg=3
2026-04-23 00:17:14,112 INFO [steady    300] dt=3.035e-02  R_mom=3.681e-02  div*=6.72e-03  mg=3
2026-04-23 00:17:16,620 INFO [steady    400] dt=3.087e-02  R_mom=2.407e-02  div*=5.60e-03  mg=3
2026-04-23 00:17:19,567 INFO [steady    500] dt=3.156e-02  R_mom=1.900e-02  div*=6.14e-03  mg=3
2026-04-23 00:17:22,491 INFO [steady    600] dt=3.223e-02  R_mom=1.708e-02  div*=4.96e-03  mg=3
2026-04-23 00:17:25,596 INFO [steady    700] dt=3.271e-02  R_mom=1.558e-02  div*=2.15e-03  mg=3
2026-04-23 00:17:29,079 INFO [steady    800] dt=3.234e-02  R_mom=1.315e-02  div*=1.42e-03  mg=4
2026-04-23 00:17:32,194 INFO [steady    900] dt=3.236e-02  R_mom=1.181e-02  div*=8.94e-04  mg=3
2026-04-23 00:17:36,764 INFO [steady   1000] dt=3.257e-02  R_mom=8.192e-03  div*=7.09e-04  mg=4
2026-04-23 00:17:40,859 INFO [steady   1100] dt=3.257e-02  R_mom=7.969e-03  div*=1.16e-03  mg=3
2026-04-23 00:17:45,514 INFO [steady   1200] dt=3.252e-02  R_mom=7.374e-03  div*=9.11e-04  mg=4
2026-04-23 00:17:50,491 INFO [steady   1300] dt=3.251e-02  R_mom=7.131e-03  div*=1.22e-03  mg=4
2026-04-23 00:17:56,174 INFO [steady   1400] dt=3.258e-02  R_mom=7.126e-03  div*=1.01e-03  mg=3
2026-04-23 00:18:01,977 INFO [steady   1500] dt=3.257e-02  R_mom=6.589e-03  div*=9.34e-04  mg=4
2026-04-23 00:18:04,960 INFO [steady   1600] dt=3.252e-02  R_mom=7.093e-03  div*=8.98e-04  mg=3
2026-04-23 00:18:10,793 INFO [steady   1700] dt=3.256e-02  R_mom=6.055e-03  div*=5.77e-04  mg=4
2026-04-23 00:18:14,985 INFO [steady   1800] dt=3.258e-02  R_mom=6.279e-03  div*=9.18e-04  mg=3
2026-04-23 00:18:18,676 INFO [steady   1900] dt=3.254e-02  R_mom=6.195e-03  div*=7.31e-04  mg=4
2026-04-23 00:18:25,574 INFO [steady   2000] dt=3.253e-02  R_mom=5.680e-03  div*=9.11e-04  mg=4
2026-04-23 00:18:29,518 INFO [steady   2100] dt=3.258e-02  R_mom=5.843e-03  div*=8.10e-04  mg=3
2026-04-23 00:18:32,621 INFO [steady   2200] dt=3.256e-02  R_mom=5.315e-03  div*=6.84e-04  mg=4
2026-04-23 00:18:35,415 INFO [steady   2300] dt=3.253e-02  R_mom=5.683e-03  div*=6.89e-04  mg=3
2026-04-23 00:18:40,273 INFO [steady   2400] dt=3.256e-02  R_mom=5.011e-03  div*=4.71e-04  mg=4
2026-04-23 00:18:45,114 INFO [steady   2500] dt=3.258e-02  R_mom=5.073e-03  div*=7.74e-04  mg=4
2026-04-23 00:18:50,170 INFO [steady   2600] dt=3.254e-02  R_mom=5.135e-03  div*=6.44e-04  mg=3
2026-04-23 00:18:53,332 INFO [steady   2700] dt=3.254e-02  R_mom=4.579e-03  div*=7.15e-04  mg=4
2026-04-23 00:18:57,307 INFO [steady   2800] dt=3.258e-02  R_mom=4.831e-03  div*=6.56e-04  mg=3
2026-04-23 00:19:01,274 INFO [steady   2900] dt=3.256e-02  R_mom=4.378e-03  div*=4.83e-04  mg=4
2026-04-23 00:19:06,708 INFO [steady   3000] dt=3.253e-02  R_mom=4.605e-03  div*=5.88e-04  mg=4
2026-04-23 00:19:13,513 INFO [steady   3100] dt=3.256e-02  R_mom=4.204e-03  div*=4.60e-04  mg=4
2026-04-23 00:19:18,425 INFO [steady   3200] dt=3.257e-02  R_mom=4.125e-03  div*=6.45e-04  mg=4
2026-04-23 00:19:26,147 INFO [steady   3300] dt=3.254e-02  R_mom=4.286e-03  div*=5.59e-04  mg=3
2026-04-23 00:19:31,060 INFO [steady   3400] dt=3.255e-02  R_mom=3.751e-03  div*=5.49e-04  mg=4
2026-04-23 00:19:34,440 INFO [steady   3500] dt=3.257e-02  R_mom=4.012e-03  div*=5.21e-04  mg=3
2026-04-23 00:19:37,838 INFO [steady   3600] dt=3.255e-02  R_mom=3.665e-03  div*=3.22e-04  mg=4
2026-04-23 00:19:40,584 INFO [steady   3700] dt=3.254e-02  R_mom=3.755e-03  div*=5.25e-04  mg=4
2026-04-23 00:19:44,992 INFO [steady   3800] dt=3.257e-02  R_mom=3.566e-03  div*=4.33e-04  mg=3
2026-04-23 00:19:48,566 INFO [steady   3900] dt=3.257e-02  R_mom=3.385e-03  div*=5.27e-04  mg=4
2026-04-23 00:19:52,145 INFO [steady   4000] dt=3.254e-02  R_mom=3.597e-03  div*=4.75e-04  mg=3
2026-04-23 00:19:57,144 INFO [steady   4100] dt=3.255e-02  R_mom=3.123e-03  div*=4.08e-04  mg=4
2026-04-23 00:20:02,122 INFO [steady   4200] dt=3.257e-02  R_mom=3.340e-03  div*=4.03e-04  mg=3
2026-04-23 00:20:06,870 INFO [steady   4300] dt=3.255e-02  R_mom=3.112e-03  div*=2.91e-04  mg=4
2026-04-23 00:20:11,876 INFO [steady   4400] dt=3.254e-02  R_mom=3.080e-03  div*=4.61e-04  mg=4
2026-04-23 00:20:15,098 INFO [steady   4500] dt=3.257e-02  R_mom=3.047e-03  div*=3.95e-04  mg=3
2026-04-23 00:20:17,761 INFO [steady   4600] dt=3.256e-02  R_mom=2.809e-03  div*=4.20e-04  mg=4
2026-04-23 00:20:22,354 INFO [steady   4700] dt=3.254e-02  R_mom=3.027e-03  div*=3.93e-04  mg=3
2026-04-23 00:20:27,425 INFO [steady   4800] dt=3.255e-02  R_mom=2.643e-03  div*=2.88e-04  mg=4
2026-04-23 00:20:30,269 INFO [steady   4900] dt=3.257e-02  R_mom=2.786e-03  div*=3.69e-04  mg=3
2026-04-23 00:20:33,680 INFO [steady   5000] dt=3.255e-02  R_mom=2.670e-03  div*=2.92e-04  mg=4
2026-04-23 00:20:36,622 INFO [steady   5100] dt=3.254e-02  R_mom=2.546e-03  div*=3.94e-04  mg=4
2026-04-23 00:20:39,595 INFO [steady   5200] dt=3.257e-02  R_mom=2.613e-03  div*=3.49e-04  mg=3
2026-04-23 00:20:43,392 INFO [steady   5300] dt=3.256e-02  R_mom=2.360e-03  div*=3.24e-04  mg=4
2026-04-23 00:20:46,721 INFO [steady   5400] dt=3.254e-02  R_mom=2.550e-03  div*=3.16e-04  mg=3
2026-04-23 00:20:51,390 INFO [steady   5500] dt=3.256e-02  R_mom=2.268e-03  div*=1.89e-04  mg=4
2026-04-23 00:20:55,810 INFO [steady   5600] dt=3.257e-02  R_mom=2.328e-03  div*=3.37e-04  mg=4
2026-04-23 00:20:59,097 INFO [steady   5700] dt=3.255e-02  R_mom=2.307e-03  div*=2.79e-04  mg=3
2026-04-23 00:21:02,854 INFO [steady   5800] dt=3.255e-02  R_mom=2.122e-03  div*=3.28e-04  mg=4
2026-04-23 00:21:07,692 INFO [steady   5900] dt=3.257e-02  R_mom=2.243e-03  div*=2.99e-04  mg=3
2026-04-23 00:21:11,652 INFO [steady   6000] dt=3.256e-02  R_mom=2.010e-03  div*=2.40e-04  mg=4
2026-04-23 00:21:14,396 INFO [steady   6100] dt=3.255e-02  R_mom=2.147e-03  div*=2.61e-04  mg=3
2026-04-23 00:21:17,934 INFO [steady   6200] dt=3.256e-02  R_mom=1.967e-03  div*=1.99e-04  mg=4
2026-04-23 00:21:20,811 INFO [steady   6300] dt=3.256e-02  R_mom=1.950e-03  div*=2.97e-04  mg=4
2026-04-23 00:21:25,133 INFO [steady   6400] dt=3.255e-02  R_mom=1.998e-03  div*=2.57e-04  mg=3
2026-04-23 00:21:30,126 INFO [steady   6500] dt=3.255e-02  R_mom=1.788e-03  div*=2.63e-04  mg=4
2026-04-23 00:21:35,115 INFO [steady   6600] dt=3.257e-02  R_mom=1.921e-03  div*=2.49e-04  mg=3
2026-04-23 00:21:38,903 INFO [steady   6700] dt=3.256e-02  R_mom=1.733e-03  div*=1.66e-04  mg=4
2026-04-23 00:21:41,548 INFO [steady   6800] dt=3.255e-02  R_mom=1.806e-03  div*=2.43e-04  mg=4
2026-04-23 00:21:49,076 INFO [steady   6900] dt=3.256e-02  R_mom=1.718e-03  div*=1.99e-04  mg=4
2026-04-23 00:21:55,876 INFO [steady   7000] dt=3.256e-02  R_mom=1.641e-03  div*=2.54e-04  mg=4
2026-04-23 00:22:00,201 INFO [steady   7100] dt=3.255e-02  R_mom=1.730e-03  div*=2.27e-04  mg=3
2026-04-23 00:22:03,984 INFO [steady   7200] dt=3.255e-02  R_mom=1.525e-03  div*=2.02e-04  mg=4
2026-04-23 00:22:07,212 INFO [steady   7300] dt=3.256e-02  R_mom=1.641e-03  div*=1.99e-04  mg=3
2026-04-23 00:22:10,809 INFO [steady   7400] dt=3.255e-02  R_mom=1.509e-03  div*=1.34e-04  mg=4
2026-04-23 00:22:15,467 INFO [steady   7500] dt=3.255e-02  R_mom=1.519e-03  div*=2.23e-04  mg=4
2026-04-23 00:22:19,996 INFO [steady   7600] dt=3.256e-02  R_mom=1.504e-03  div*=1.90e-04  mg=3
2026-04-23 00:22:24,760 INFO [steady   7700] dt=3.256e-02  R_mom=1.389e-03  div*=2.09e-04  mg=4
2026-04-23 00:22:29,683 INFO [steady   7800] dt=3.255e-02  R_mom=1.494e-03  div*=1.95e-04  mg=3
2026-04-23 00:22:33,708 INFO [steady   7900] dt=3.256e-02  R_mom=1.316e-03  div*=1.48e-04  mg=4
2026-04-23 00:22:38,621 INFO [steady   8000] dt=3.256e-02  R_mom=1.396e-03  div*=1.78e-04  mg=3
2026-04-23 00:22:44,546 INFO [steady   8100] dt=3.255e-02  R_mom=1.323e-03  div*=1.41e-04  mg=4
2026-04-23 00:22:48,868 INFO [steady   8200] dt=3.255e-02  R_mom=1.280e-03  div*=1.96e-04  mg=4
2026-04-23 00:22:55,200 INFO [steady   8300] dt=3.256e-02  R_mom=1.315e-03  div*=1.73e-04  mg=3
2026-04-23 00:22:59,120 INFO [steady   8400] dt=3.256e-02  R_mom=1.186e-03  div*=1.66e-04  mg=4
2026-04-23 00:23:03,697 INFO [steady   8500] dt=3.255e-02  R_mom=1.284e-03  div*=1.60e-04  mg=3
2026-04-23 00:23:07,495 INFO [steady   8600] dt=3.256e-02  R_mom=1.148e-03  div*=9.94e-05  mg=4
2026-04-23 00:23:10,930 INFO [steady   8700] dt=3.256e-02  R_mom=1.185e-03  div*=1.68e-04  mg=4
2026-04-23 00:23:16,430 INFO [steady   8800] dt=3.255e-02  R_mom=1.163e-03  div*=1.39e-04  mg=4
2026-04-23 00:23:20,438 INFO [steady   8900] dt=3.255e-02  R_mom=1.083e-03  div*=1.67e-04  mg=4
2026-04-23 00:23:25,277 INFO [steady   9000] dt=3.256e-02  R_mom=1.146e-03  div*=1.52e-04  mg=3
2026-04-23 00:23:29,183 INFO [steady   9100] dt=3.256e-02  R_mom=1.023e-03  div*=1.25e-04  mg=4
2026-04-23 00:23:33,637 INFO [steady   9200] dt=3.255e-02  R_mom=1.098e-03  div*=1.31e-04  mg=3
2026-04-23 00:23:39,131 INFO [steady   9300] dt=3.256e-02  R_mom=1.008e-03  div*=9.85e-05  mg=4
2026-04-23 00:23:43,881 INFO [steady   9400] dt=3.256e-02  R_mom=1.004e-03  div*=1.51e-04  mg=4
2026-04-23 00:23:47,357 INFO [steady   9500] dt=3.255e-02  R_mom=1.022e-03  div*=1.30e-04  mg=3
2026-04-23 00:23:50,384 INFO [steady   9600] dt=3.255e-02  R_mom=9.231e-04  div*=1.36e-04  mg=4
2026-04-23 00:23:55,109 INFO [steady   9700] dt=3.256e-02  R_mom=9.934e-04  div*=1.28e-04  mg=3
2026-04-23 00:23:58,899 INFO [steady   9800] dt=3.256e-02  R_mom=8.911e-04  div*=8.89e-05  mg=4
2026-04-23 00:24:03,065 INFO [steady   9900] dt=3.255e-02  R_mom=9.347e-04  div*=1.24e-04  mg=4
2026-04-23 00:24:06,839 INFO [steady  10000] dt=3.256e-02  R_mom=8.893e-04  div*=1.01e-04  mg=4
2026-04-23 00:24:11,742 INFO [steady  10100] dt=3.256e-02  R_mom=8.523e-04  div*=1.31e-04  mg=4
2026-04-23 00:24:15,748 INFO [steady  10200] dt=3.255e-02  R_mom=8.944e-04  div*=1.17e-04  mg=3
2026-04-23 00:24:20,158 INFO [steady  10300] dt=3.255e-02  R_mom=7.936e-04  div*=1.06e-04  mg=4
2026-04-23 00:24:25,810 INFO [steady  10400] dt=3.256e-02  R_mom=8.561e-04  div*=1.04e-04  mg=3
2026-04-23 00:24:30,824 INFO [steady  10500] dt=3.256e-02  R_mom=7.822e-04  div*=6.74e-05  mg=4
2026-04-23 00:24:34,999 INFO [steady  10600] dt=3.255e-02  R_mom=7.934e-04  div*=1.15e-04  mg=4
2026-04-23 00:24:38,732 INFO [steady  10700] dt=3.256e-02  R_mom=7.847e-04  div*=9.76e-05  mg=3
2026-04-23 00:24:41,917 INFO [steady  10800] dt=3.256e-02  R_mom=7.261e-04  div*=1.10e-04  mg=4
2026-04-23 00:24:44,813 INFO [steady  10900] dt=3.255e-02  R_mom=7.789e-04  div*=1.02e-04  mg=3
2026-04-23 00:24:48,016 INFO [steady  11000] dt=3.256e-02  R_mom=6.890e-04  div*=7.87e-05  mg=4
2026-04-23 00:24:52,796 INFO [steady  11100] dt=3.256e-02  R_mom=7.336e-04  div*=9.23e-05  mg=3
2026-04-23 00:24:57,677 INFO [steady  11200] dt=3.255e-02  R_mom=6.902e-04  div*=7.22e-05  mg=4
2026-04-23 00:25:02,463 INFO [steady  11300] dt=3.255e-02  R_mom=6.731e-04  div*=1.03e-04  mg=4
2026-04-23 00:25:06,922 INFO [steady  11400] dt=3.256e-02  R_mom=6.906e-04  div*=9.01e-05  mg=3
2026-04-23 00:25:09,433 INFO [steady  11500] dt=3.256e-02  R_mom=6.229e-04  div*=8.81e-05  mg=4
2026-04-23 00:25:14,432 INFO [steady  11600] dt=3.255e-02  R_mom=6.740e-04  div*=8.48e-05  mg=3
2026-04-23 00:25:19,179 INFO [steady  11700] dt=3.256e-02  R_mom=6.035e-04  div*=5.39e-05  mg=4
2026-04-23 00:25:23,171 INFO [steady  11800] dt=3.256e-02  R_mom=6.257e-04  div*=8.72e-05  mg=4
2026-04-23 00:25:28,610 INFO [steady  11900] dt=3.255e-02  R_mom=6.100e-04  div*=7.21e-05  mg=4
2026-04-23 00:25:34,711 INFO [steady  12000] dt=3.255e-02  R_mom=5.723e-04  div*=8.80e-05  mg=4
2026-04-23 00:25:39,814 INFO [steady  12100] dt=3.256e-02  R_mom=6.049e-04  div*=7.99e-05  mg=3
2026-04-23 00:25:43,080 INFO [steady  12200] dt=3.256e-02  R_mom=5.391e-04  div*=6.74e-05  mg=4
2026-04-23 00:25:47,294 INFO [steady  12300] dt=3.255e-02  R_mom=5.796e-04  div*=6.84e-05  mg=3
2026-04-23 00:25:50,412 INFO [steady  12400] dt=3.256e-02  R_mom=5.322e-04  div*=5.07e-05  mg=4
2026-04-23 00:25:52,999 INFO [steady  12500] dt=3.256e-02  R_mom=5.322e-04  div*=7.95e-05  mg=4
2026-04-23 00:25:56,761 INFO [steady  12600] dt=3.255e-02  R_mom=5.383e-04  div*=6.84e-05  mg=3
2026-04-23 00:25:59,571 INFO [steady  12700] dt=3.255e-02  R_mom=4.892e-04  div*=7.25e-05  mg=4
2026-04-23 00:26:02,422 INFO [steady  12800] dt=3.256e-02  R_mom=5.265e-04  div*=6.82e-05  mg=3
2026-04-23 00:26:05,462 INFO [steady  12900] dt=3.256e-02  R_mom=4.706e-04  div*=4.84e-05  mg=4
2026-04-23 00:26:08,303 INFO [steady  13000] dt=3.255e-02  R_mom=4.956e-04  div*=6.49e-05  mg=4
2026-04-23 00:26:11,935 INFO [steady  13100] dt=3.256e-02  R_mom=4.708e-04  div*=5.26e-05  mg=4
2026-04-23 00:26:14,618 INFO [steady  13200] dt=3.256e-02  R_mom=4.527e-04  div*=6.96e-05  mg=4
2026-04-23 00:26:17,362 INFO [steady  13300] dt=3.255e-02  R_mom=4.731e-04  div*=6.21e-05  mg=3
2026-04-23 00:26:20,415 INFO [steady  13400] dt=3.256e-02  R_mom=4.214e-04  div*=5.71e-05  mg=4
2026-04-23 00:26:23,855 INFO [steady  13500] dt=3.256e-02  R_mom=4.551e-04  div*=5.58e-05  mg=3
2026-04-23 00:26:28,546 INFO [steady  13600] dt=3.256e-02  R_mom=4.140e-04  div*=3.47e-05  mg=4
2026-04-23 00:26:34,241 INFO [steady  13700] dt=3.255e-02  R_mom=4.221e-04  div*=6.07e-05  mg=4
2026-04-23 00:26:37,243 INFO [steady  13800] dt=3.256e-02  R_mom=4.164e-04  div*=5.13e-05  mg=3
2026-04-23 00:26:42,657 INFO [steady  13900] dt=3.256e-02  R_mom=3.863e-04  div*=5.86e-05  mg=4
2026-04-23 00:26:48,557 INFO [steady  14000] dt=3.255e-02  R_mom=4.133e-04  div*=5.41e-05  mg=3
2026-04-23 00:26:52,819 INFO [steady  14100] dt=3.256e-02  R_mom=3.663e-04  div*=4.26e-05  mg=4
2026-04-23 00:26:55,987 INFO [steady  14200] dt=3.256e-02  R_mom=3.909e-04  div*=4.86e-05  mg=3
2026-04-23 00:26:59,045 INFO [steady  14300] dt=3.256e-02  R_mom=3.659e-04  div*=3.76e-05  mg=4
2026-04-23 00:27:01,444 INFO [steady  14400] dt=3.255e-02  R_mom=3.588e-04  div*=5.45e-05  mg=4
2026-04-23 00:27:04,372 INFO [steady  14500] dt=3.256e-02  R_mom=3.673e-04  div*=4.77e-05  mg=3
2026-04-23 00:27:07,209 INFO [steady  14600] dt=3.256e-02  R_mom=3.317e-04  div*=4.74e-05  mg=4
2026-04-23 00:27:10,517 INFO [steady  14700] dt=3.255e-02  R_mom=3.587e-04  div*=4.54e-05  mg=3
2026-04-23 00:27:16,020 INFO [steady  14800] dt=3.256e-02  R_mom=3.211e-04  div*=2.95e-05  mg=4
2026-04-23 00:27:21,425 INFO [steady  14900] dt=3.256e-02  R_mom=3.341e-04  div*=4.60e-05  mg=4
2026-04-23 00:27:28,291 INFO [steady  15000] dt=3.256e-02  R_mom=3.240e-04  div*=3.79e-05  mg=4
2026-04-23 00:27:33,039 INFO [steady  15100] dt=3.255e-02  R_mom=3.055e-04  div*=4.70e-05  mg=4
2026-04-23 00:27:36,589 INFO [steady  15200] dt=3.256e-02  R_mom=3.224e-04  div*=4.25e-05  mg=3
2026-04-23 00:27:42,254 INFO [steady  15300] dt=3.256e-02  R_mom=2.871e-04  div*=3.65e-05  mg=4
2026-04-23 00:27:46,438 INFO [steady  15400] dt=3.255e-02  R_mom=3.092e-04  div*=3.65e-05  mg=3
2026-04-23 00:27:50,850 INFO [steady  15500] dt=3.256e-02  R_mom=2.834e-04  div*=2.64e-05  mg=4
2026-04-23 00:27:55,866 INFO [steady  15600] dt=3.256e-02  R_mom=2.845e-04  div*=4.22e-05  mg=4
2026-04-23 00:27:59,733 INFO [steady  15700] dt=3.256e-02  R_mom=2.864e-04  div*=3.62e-05  mg=3
2026-04-23 00:28:04,600 INFO [steady  15800] dt=3.256e-02  R_mom=2.614e-04  div*=3.89e-05  mg=4
2026-04-23 00:28:08,692 INFO [steady  15900] dt=3.256e-02  R_mom=2.811e-04  div*=3.65e-05  mg=3
2026-04-23 00:28:13,211 INFO [steady  16000] dt=3.256e-02  R_mom=2.507e-04  div*=2.65e-05  mg=4
2026-04-23 00:28:17,364 INFO [steady  16100] dt=3.255e-02  R_mom=2.649e-04  div*=3.43e-05  mg=4
2026-04-23 00:28:21,672 INFO [steady  16200] dt=3.256e-02  R_mom=2.509e-04  div*=2.76e-05  mg=4
2026-04-23 00:28:26,503 INFO [steady  16300] dt=3.256e-02  R_mom=2.422e-04  div*=3.72e-05  mg=4
2026-04-23 00:28:32,139 INFO [steady  16400] dt=3.256e-02  R_mom=2.521e-04  div*=3.30e-05  mg=3
2026-04-23 00:28:35,975 INFO [steady  16500] dt=3.256e-02  R_mom=2.252e-04  div*=3.08e-05  mg=4
2026-04-23 00:28:40,667 INFO [steady  16600] dt=3.256e-02  R_mom=2.434e-04  div*=3.01e-05  mg=3
2026-04-23 00:28:44,416 INFO [steady  16700] dt=3.256e-02  R_mom=2.206e-04  div*=1.80e-05  mg=4
2026-04-23 00:28:47,355 INFO [steady  16800] dt=3.255e-02  R_mom=2.259e-04  div*=3.22e-05  mg=4
2026-04-23 00:28:52,364 INFO [steady  16900] dt=3.256e-02  R_mom=2.222e-04  div*=2.71e-05  mg=3
2026-04-23 00:28:55,269 INFO [steady  17000] dt=3.256e-02  R_mom=2.067e-04  div*=3.15e-05  mg=4
2026-04-23 00:28:58,713 INFO [steady  17100] dt=3.256e-02  R_mom=2.206e-04  div*=2.90e-05  mg=3
2026-04-23 00:29:02,715 INFO [steady  17200] dt=3.256e-02  R_mom=1.957e-04  div*=2.32e-05  mg=4
2026-04-23 00:29:07,885 INFO [steady  17300] dt=3.256e-02  R_mom=2.093e-04  div*=2.57e-05  mg=3
2026-04-23 00:29:11,183 INFO [steady  17400] dt=3.256e-02  R_mom=1.951e-04  div*=1.97e-05  mg=4
2026-04-23 00:29:13,879 INFO [steady  17500] dt=3.256e-02  R_mom=1.922e-04  div*=2.91e-05  mg=4
2026-04-23 00:29:19,769 INFO [steady  17600] dt=3.256e-02  R_mom=1.962e-04  div*=2.54e-05  mg=3
2026-04-23 00:29:22,858 INFO [steady  17700] dt=3.256e-02  R_mom=1.774e-04  div*=2.56e-05  mg=4
2026-04-23 00:29:25,789 INFO [steady  17800] dt=3.256e-02  R_mom=1.918e-04  div*=2.44e-05  mg=3
2026-04-23 00:29:28,764 INFO [steady  17900] dt=3.256e-02  R_mom=1.715e-04  div*=1.62e-05  mg=4
2026-04-23 00:29:31,451 INFO [steady  18000] dt=3.256e-02  R_mom=1.790e-04  div*=2.44e-05  mg=4
2026-04-23 00:29:34,826 INFO [steady  18100] dt=3.256e-02  R_mom=1.728e-04  div*=2.00e-05  mg=4
2026-04-23 00:29:37,582 INFO [steady  18200] dt=3.256e-02  R_mom=1.637e-04  div*=2.52e-05  mg=4
2026-04-23 00:29:40,737 INFO [steady  18300] dt=3.256e-02  R_mom=1.723e-04  div*=2.27e-05  mg=3
2026-04-23 00:29:44,005 INFO [steady  18400] dt=3.256e-02  R_mom=1.535e-04  div*=1.98e-05  mg=4
2026-04-23 00:29:48,880 INFO [steady  18500] dt=3.256e-02  R_mom=1.655e-04  div*=1.97e-05  mg=3
2026-04-23 00:29:54,235 INFO [steady  18600] dt=3.256e-02  R_mom=1.514e-04  div*=1.38e-05  mg=4
2026-04-23 00:29:57,416 INFO [steady  18700] dt=3.256e-02  R_mom=1.525e-04  div*=2.25e-05  mg=4
2026-04-23 00:30:02,058 INFO [steady  18800] dt=3.256e-02  R_mom=1.529e-04  div*=1.92e-05  mg=3
2026-04-23 00:30:08,636 INFO [steady  18900] dt=3.256e-02  R_mom=1.400e-04  div*=2.10e-05  mg=4
2026-04-23 00:30:12,355 INFO [steady  19000] dt=3.256e-02  R_mom=1.504e-04  div*=1.96e-05  mg=3
2026-04-23 00:30:17,501 INFO [steady  19100] dt=3.256e-02  R_mom=1.340e-04  div*=1.45e-05  mg=4
2026-04-23 00:30:23,327 INFO [steady  19200] dt=3.256e-02  R_mom=1.419e-04  div*=1.82e-05  mg=3
2026-04-23 00:30:26,842 INFO [steady  19300] dt=3.256e-02  R_mom=1.340e-04  div*=1.45e-05  mg=4
2026-04-23 00:30:29,618 INFO [steady  19400] dt=3.256e-02  R_mom=1.298e-04  div*=1.99e-05  mg=4
2026-04-23 00:30:32,819 INFO [steady  19500] dt=3.256e-02  R_mom=1.347e-04  div*=1.76e-05  mg=3
2026-04-23 00:30:35,864 INFO [steady  19600] dt=3.256e-02  R_mom=1.205e-04  div*=1.67e-05  mg=4
2026-04-23 00:30:39,001 INFO [steady  19700] dt=3.256e-02  R_mom=1.303e-04  div*=1.62e-05  mg=3
2026-04-23 00:30:42,335 INFO [steady  19800] dt=3.256e-02  R_mom=1.178e-04  div*=9.69e-06  mg=4
2026-04-23 00:30:45,381 INFO [steady  19900] dt=3.256e-02  R_mom=1.211e-04  div*=1.71e-05  mg=4
2026-04-23 00:30:50,368 INFO steady did not converge within 20000 iters (last R_mom=1.185e-04)
2026-04-23 00:30:50,370 INFO solve done: iters=20000 converged=False elapsed=826.7s
