2026-04-23 20:50:56,401 INFO simulation sim_20260423_205056_07373799 started; log=sim_20260423_205056_07373799.log  residuals=sim_20260423_205056_07373799_residuals.csv
2026-04-23 20:50:56,411 INFO solve start: grid=320x160 (20.000x10.000) mode=transient Re=40.0  polygon=24 pts, solid_cells=2270 / 51200
2026-04-23 20:50:56,411 INFO   polygon bbox: x=[8.754,12.359] y=[3.383,6.701]
2026-04-23 20:50:56,412 INFO warm-start: steady phase
2026-04-23 20:50:56,986 INFO [steady      0] dt=3.125e-02  R_mom=3.372e+00  div*=7.95e+00  mg=4
2026-04-23 20:51:02,735 INFO [steady    100] dt=1.698e-02  R_mom=6.092e-02  div*=4.65e-02  mg=3
2026-04-23 20:51:08,606 INFO [steady    200] dt=1.765e-02  R_mom=5.582e-02  div*=1.68e-02  mg=3
2026-04-23 20:51:14,153 INFO [steady    300] dt=1.799e-02  R_mom=5.202e-02  div*=1.04e-02  mg=3
2026-04-23 20:51:23,151 INFO [steady    400] dt=1.799e-02  R_mom=4.764e-02  div*=7.35e-03  mg=3
2026-04-23 20:51:29,301 INFO [steady    500] dt=1.785e-02  R_mom=4.353e-02  div*=6.72e-03  mg=3
2026-04-23 20:51:36,025 INFO [steady    600] dt=1.772e-02  R_mom=4.026e-02  div*=4.77e-03  mg=3
2026-04-23 20:51:43,069 INFO [steady    700] dt=1.751e-02  R_mom=3.780e-02  div*=1.62e-03  mg=4
2026-04-23 20:51:51,495 INFO [steady    800] dt=1.718e-02  R_mom=3.600e-02  div*=3.37e-03  mg=4
2026-04-23 20:51:58,550 INFO [steady    900] dt=1.688e-02  R_mom=3.480e-02  div*=5.56e-03  mg=4
2026-04-23 20:52:06,801 INFO [steady   1000] dt=1.668e-02  R_mom=3.523e-02  div*=5.39e-03  mg=4
2026-04-23 20:52:13,605 INFO [steady   1100] dt=1.663e-02  R_mom=3.828e-02  div*=2.99e-03  mg=4
2026-04-23 20:52:21,611 INFO [steady   1200] dt=1.679e-02  R_mom=3.958e-02  div*=2.98e-03  mg=4
2026-04-23 20:52:27,676 INFO [steady   1300] dt=1.662e-02  R_mom=3.666e-02  div*=4.72e-03  mg=4
2026-04-23 20:52:35,158 INFO [steady   1400] dt=1.620e-02  R_mom=3.507e-02  div*=5.65e-03  mg=4
2026-04-23 20:52:42,491 INFO [steady   1500] dt=1.595e-02  R_mom=3.796e-02  div*=4.01e-03  mg=4
2026-04-23 20:52:50,864 INFO [steady   1600] dt=1.592e-02  R_mom=3.938e-02  div*=2.85e-03  mg=4
2026-04-23 20:52:58,425 INFO [steady   1700] dt=1.602e-02  R_mom=3.700e-02  div*=4.08e-03  mg=4
2026-04-23 20:53:06,184 INFO [steady   1800] dt=1.637e-02  R_mom=3.546e-02  div*=5.78e-03  mg=4
2026-04-23 20:53:16,275 INFO [steady   1900] dt=1.608e-02  R_mom=3.897e-02  div*=3.52e-03  mg=4
2026-04-23 20:53:23,141 INFO [steady   2000] dt=1.603e-02  R_mom=4.162e-02  div*=3.20e-03  mg=4
2026-04-23 20:53:32,139 INFO [steady   2100] dt=1.618e-02  R_mom=4.002e-02  div*=4.30e-03  mg=4
2026-04-23 20:53:38,325 INFO [steady   2200] dt=1.638e-02  R_mom=3.947e-02  div*=5.29e-03  mg=4
2026-04-23 20:53:44,757 INFO [steady   2300] dt=1.615e-02  R_mom=4.333e-02  div*=2.90e-03  mg=4
2026-04-23 20:53:55,555 INFO [steady   2400] dt=1.617e-02  R_mom=4.458e-02  div*=3.63e-03  mg=4
2026-04-23 20:54:02,944 INFO [steady   2500] dt=1.646e-02  R_mom=4.168e-02  div*=5.48e-03  mg=4
2026-04-23 20:54:13,387 INFO [steady   2600] dt=1.650e-02  R_mom=4.181e-02  div*=5.55e-03  mg=4
2026-04-23 20:54:25,269 INFO [steady   2700] dt=1.636e-02  R_mom=4.641e-02  div*=1.91e-03  mg=4
2026-04-23 20:54:35,922 INFO [steady   2800] dt=1.648e-02  R_mom=4.717e-02  div*=4.45e-03  mg=4
2026-04-23 20:54:42,350 INFO [steady   2900] dt=1.660e-02  R_mom=4.529e-02  div*=6.11e-03  mg=4
2026-04-23 20:54:51,054 INFO [steady   3000] dt=1.624e-02  R_mom=4.744e-02  div*=5.10e-03  mg=4
2026-04-23 20:54:57,124 INFO [steady   3100] dt=1.616e-02  R_mom=5.180e-02  div*=2.60e-03  mg=4
2026-04-23 20:55:04,914 INFO [steady   3200] dt=1.629e-02  R_mom=5.047e-02  div*=4.88e-03  mg=4
2026-04-23 20:55:11,309 INFO [steady   3300] dt=1.657e-02  R_mom=4.807e-02  div*=7.20e-03  mg=4
2026-04-23 20:55:19,718 INFO [steady   3400] dt=1.626e-02  R_mom=5.102e-02  div*=4.96e-03  mg=4
2026-04-23 20:55:27,684 INFO [steady   3500] dt=1.624e-02  R_mom=5.516e-02  div*=3.69e-03  mg=4
2026-04-23 20:55:35,479 INFO [steady   3600] dt=1.641e-02  R_mom=5.401e-02  div*=5.46e-03  mg=4
2026-04-23 20:55:43,430 INFO [steady   3700] dt=1.629e-02  R_mom=5.316e-02  div*=7.26e-03  mg=4
2026-04-23 20:55:50,272 INFO [steady   3800] dt=1.600e-02  R_mom=5.726e-02  div*=4.90e-03  mg=4
2026-04-23 20:55:59,978 INFO [steady   3900] dt=1.602e-02  R_mom=6.045e-02  div*=4.09e-03  mg=4
2026-04-23 20:56:10,486 INFO [steady   4000] dt=1.620e-02  R_mom=5.820e-02  div*=6.60e-03  mg=4
2026-04-23 20:56:20,317 INFO [steady   4100] dt=1.632e-02  R_mom=5.714e-02  div*=8.57e-03  mg=4
2026-04-23 20:56:30,167 INFO [steady   4200] dt=1.605e-02  R_mom=6.161e-02  div*=4.79e-03  mg=4
2026-04-23 20:56:41,476 INFO [steady   4300] dt=1.609e-02  R_mom=6.494e-02  div*=5.04e-03  mg=4
2026-04-23 20:56:49,861 INFO [steady   4400] dt=1.632e-02  R_mom=6.376e-02  div*=7.67e-03  mg=4
2026-04-23 20:56:57,602 INFO [steady   4500] dt=1.607e-02  R_mom=6.408e-02  div*=8.94e-03  mg=4
2026-04-23 20:57:05,690 INFO [steady   4600] dt=1.581e-02  R_mom=6.895e-02  div*=5.72e-03  mg=4
2026-04-23 20:57:15,905 INFO [steady   4700] dt=1.585e-02  R_mom=7.176e-02  div*=5.20e-03  mg=4
2026-04-23 20:57:24,719 INFO [steady   4800] dt=1.604e-02  R_mom=7.008e-02  div*=8.65e-03  mg=4
2026-04-23 20:57:31,170 INFO [steady   4900] dt=1.619e-02  R_mom=6.999e-02  div*=1.11e-02  mg=4
2026-04-23 20:57:37,905 INFO [steady   5000] dt=1.590e-02  R_mom=7.453e-02  div*=6.10e-03  mg=4
2026-04-23 20:57:47,564 INFO [steady   5100] dt=1.590e-02  R_mom=7.805e-02  div*=5.98e-03  mg=4
2026-04-23 20:57:55,886 INFO [steady   5200] dt=1.604e-02  R_mom=7.804e-02  div*=1.00e-02  mg=4
2026-04-23 20:58:07,188 INFO [steady   5300] dt=1.600e-02  R_mom=7.962e-02  div*=1.20e-02  mg=4
2026-04-23 20:58:15,641 INFO [steady   5400] dt=1.569e-02  R_mom=8.415e-02  div*=8.50e-03  mg=4
2026-04-23 20:58:22,722 INFO [steady   5500] dt=1.564e-02  R_mom=8.774e-02  div*=5.77e-03  mg=4
2026-04-23 20:58:32,211 INFO [steady   5600] dt=1.567e-02  R_mom=8.751e-02  div*=1.01e-02  mg=4
2026-04-23 20:58:41,697 INFO [steady   5700] dt=1.627e-02  R_mom=8.889e-02  div*=1.59e-02  mg=4
2026-04-23 20:58:50,768 INFO [steady   5800] dt=1.589e-02  R_mom=9.179e-02  div*=9.90e-03  mg=4
2026-04-23 20:59:00,739 INFO [steady   5900] dt=1.575e-02  R_mom=9.542e-02  div*=6.24e-03  mg=4
2026-04-23 20:59:10,420 INFO [steady   6000] dt=1.570e-02  R_mom=9.671e-02  div*=1.17e-02  mg=4
2026-04-23 20:59:18,838 INFO [steady   6100] dt=1.620e-02  R_mom=1.008e-01  div*=1.67e-02  mg=4
2026-04-23 20:59:29,836 INFO [steady   6200] dt=1.578e-02  R_mom=1.042e-01  div*=1.31e-02  mg=4
2026-04-23 20:59:37,633 INFO [steady   6300] dt=1.560e-02  R_mom=1.077e-01  div*=5.59e-03  mg=4
2026-04-23 20:59:44,151 INFO [steady   6400] dt=1.550e-02  R_mom=1.080e-01  div*=1.11e-02  mg=4
2026-04-23 20:59:51,030 INFO [steady   6500] dt=1.569e-02  R_mom=1.104e-01  div*=1.91e-02  mg=4
2026-04-23 20:59:57,502 INFO [steady   6600] dt=1.621e-02  R_mom=1.104e-01  div*=1.59e-02  mg=4
2026-04-23 21:00:03,785 INFO [steady   6700] dt=1.596e-02  R_mom=1.117e-01  div*=6.34e-03  mg=4
2026-04-23 21:00:10,272 INFO [steady   6800] dt=1.581e-02  R_mom=1.125e-01  div*=1.16e-02  mg=4
2026-04-23 21:00:16,643 INFO [steady   6900] dt=1.569e-02  R_mom=1.152e-01  div*=1.81e-02  mg=4
2026-04-23 21:00:23,335 INFO [steady   7000] dt=1.610e-02  R_mom=1.167e-01  div*=1.70e-02  mg=4
2026-04-23 21:00:29,511 INFO [steady   7100] dt=1.587e-02  R_mom=1.188e-01  div*=7.14e-03  mg=4
2026-04-23 21:00:36,316 INFO [steady   7200] dt=1.574e-02  R_mom=1.196e-01  div*=1.13e-02  mg=4
2026-04-23 21:00:42,935 INFO [steady   7300] dt=1.543e-02  R_mom=1.193e-01  div*=1.99e-02  mg=4
2026-04-23 21:00:51,662 INFO [steady   7400] dt=1.651e-02  R_mom=1.172e-01  div*=2.08e-02  mg=4
2026-04-23 21:00:59,637 INFO [steady   7500] dt=1.623e-02  R_mom=1.163e-01  div*=9.84e-03  mg=4
2026-04-23 21:01:09,713 INFO [steady   7600] dt=1.607e-02  R_mom=1.174e-01  div*=1.17e-02  mg=4
2026-04-23 21:01:18,623 INFO [steady   7700] dt=1.569e-02  R_mom=1.177e-01  div*=1.95e-02  mg=4
2026-04-23 21:01:25,651 INFO [steady   7800] dt=1.627e-02  R_mom=1.184e-01  div*=1.94e-02  mg=3
2026-04-23 21:01:30,916 INFO [steady   7900] dt=1.600e-02  R_mom=1.199e-01  div*=1.03e-02  mg=4
2026-04-23 21:01:38,525 INFO [steady   8000] dt=1.588e-02  R_mom=1.219e-01  div*=9.60e-03  mg=4
2026-04-23 21:01:44,910 INFO [steady   8100] dt=1.555e-02  R_mom=1.207e-01  div*=1.84e-02  mg=4
2026-04-23 21:01:50,972 INFO [steady   8200] dt=1.655e-02  R_mom=1.189e-01  div*=2.28e-02  mg=4
2026-04-23 21:01:57,865 INFO [steady   8300] dt=1.631e-02  R_mom=1.167e-01  div*=1.29e-02  mg=4
2026-04-23 21:02:05,404 INFO [steady   8400] dt=1.614e-02  R_mom=1.182e-01  div*=1.04e-02  mg=4
2026-04-23 21:02:11,378 INFO [steady   8500] dt=1.584e-02  R_mom=1.178e-01  div*=1.89e-02  mg=4
2026-04-23 21:02:17,978 INFO [steady   8600] dt=1.638e-02  R_mom=1.187e-01  div*=2.07e-02  mg=4
2026-04-23 21:02:25,406 INFO [steady   8700] dt=1.606e-02  R_mom=1.196e-01  div*=1.35e-02  mg=4
2026-04-23 21:02:33,349 INFO [steady   8800] dt=1.592e-02  R_mom=1.221e-01  div*=8.19e-03  mg=4
2026-04-23 21:02:40,792 INFO [steady   8900] dt=1.572e-02  R_mom=1.211e-01  div*=1.53e-02  mg=4
2026-04-23 21:02:46,974 INFO [steady   9000] dt=1.596e-02  R_mom=1.200e-01  div*=2.23e-02  mg=4
2026-04-23 21:02:52,555 INFO [steady   9100] dt=1.637e-02  R_mom=1.169e-01  div*=1.51e-02  mg=4
2026-04-23 21:03:00,665 INFO [steady   9200] dt=1.618e-02  R_mom=1.180e-01  div*=8.45e-03  mg=4
2026-04-23 21:03:09,011 INFO [steady   9300] dt=1.597e-02  R_mom=1.178e-01  div*=1.61e-02  mg=4
2026-04-23 21:03:18,609 INFO [steady   9400] dt=1.604e-02  R_mom=1.187e-01  div*=2.01e-02  mg=4
2026-04-23 21:03:25,528 INFO [steady   9500] dt=1.612e-02  R_mom=1.192e-01  div*=1.61e-02  mg=4
2026-04-23 21:03:35,112 INFO [steady   9600] dt=1.595e-02  R_mom=1.216e-01  div*=6.41e-03  mg=4
2026-04-23 21:03:42,243 INFO [steady   9700] dt=1.581e-02  R_mom=1.215e-01  div*=1.38e-02  mg=4
2026-04-23 21:03:49,086 INFO [steady   9800] dt=1.561e-02  R_mom=1.206e-01  div*=2.13e-02  mg=4
2026-04-23 21:03:55,182 INFO [steady   9900] dt=1.645e-02  R_mom=1.174e-01  div*=1.78e-02  mg=4
2026-04-23 21:04:05,355 INFO steady did not converge within 10000 iters (last R_mom=1.175e-01)
2026-04-23 21:04:05,361 INFO switching to physical-time integration
2026-04-23 21:04:13,718 INFO [trans  t=  0.971] dt=9.680e-03  R_mom=1.182e-01  div*=2.93e-03
2026-04-23 21:04:23,167 INFO [trans  t=  1.935] dt=9.603e-03  R_mom=1.176e-01  div*=3.94e-03
2026-04-23 21:04:31,986 INFO [trans  t=  2.887] dt=9.434e-03  R_mom=1.179e-01  div*=4.94e-03
2026-04-23 21:04:40,240 INFO [trans  t=  3.841] dt=9.782e-03  R_mom=1.183e-01  div*=5.18e-03
2026-04-23 21:04:47,465 INFO [trans  t=  4.820] dt=9.722e-03  R_mom=1.184e-01  div*=4.73e-03
2026-04-23 21:04:56,118 INFO [trans  t=  5.787] dt=9.635e-03  R_mom=1.193e-01  div*=3.17e-03
2026-04-23 21:05:06,385 INFO [trans  t=  6.748] dt=9.584e-03  R_mom=1.208e-01  div*=1.62e-03
2026-04-23 21:05:14,782 INFO [trans  t=  7.705] dt=9.544e-03  R_mom=1.215e-01  div*=2.57e-03
2026-04-23 21:05:23,262 INFO [trans  t=  8.656] dt=9.478e-03  R_mom=1.205e-01  div*=3.79e-03
2026-04-23 21:05:30,276 INFO [trans  t=  9.595] dt=9.318e-03  R_mom=1.200e-01  div*=5.51e-03
2026-04-23 21:05:41,114 INFO [trans  t= 10.540] dt=9.699e-03  R_mom=1.189e-01  div*=5.63e-03
2026-04-23 21:05:49,220 INFO [trans  t= 11.530] dt=9.886e-03  R_mom=1.168e-01  div*=4.55e-03
2026-04-23 21:05:56,638 INFO [trans  t= 12.514] dt=9.790e-03  R_mom=1.161e-01  div*=3.03e-03
2026-04-23 21:06:03,197 INFO [trans  t= 13.489] dt=9.729e-03  R_mom=1.170e-01  div*=2.01e-03
2026-04-23 21:06:12,208 INFO [trans  t= 14.460] dt=9.675e-03  R_mom=1.174e-01  div*=3.04e-03
2026-04-23 21:06:19,635 INFO [trans  t= 15.423] dt=9.584e-03  R_mom=1.169e-01  div*=4.39e-03
2026-04-23 21:06:29,013 INFO [trans  t= 16.373] dt=9.467e-03  R_mom=1.175e-01  div*=4.85e-03
2026-04-23 21:06:35,018 INFO [trans  t= 17.338] dt=9.823e-03  R_mom=1.178e-01  div*=5.19e-03
2026-04-23 21:06:43,988 INFO [trans  t= 18.313] dt=9.692e-03  R_mom=1.182e-01  div*=4.44e-03
2026-04-23 21:06:53,031 INFO [trans  t= 19.278] dt=9.616e-03  R_mom=1.193e-01  div*=2.66e-03
2026-04-23 21:07:00,978 INFO [trans  t= 20.238] dt=9.572e-03  R_mom=1.208e-01  div*=1.88e-03
2026-04-23 21:07:11,074 INFO [trans  t= 21.193] dt=9.531e-03  R_mom=1.210e-01  div*=3.00e-03
2026-04-23 21:07:20,947 INFO [trans  t= 22.142] dt=9.445e-03  R_mom=1.200e-01  div*=4.33e-03
2026-04-23 21:07:30,706 INFO [trans  t= 23.078] dt=9.345e-03  R_mom=1.197e-01  div*=5.66e-03
2026-04-23 21:07:41,315 INFO [trans  t= 24.035] dt=9.916e-03  R_mom=1.182e-01  div*=5.73e-03
2026-04-23 21:07:50,452 INFO [trans  t= 25.027] dt=9.854e-03  R_mom=1.164e-01  div*=3.97e-03
2026-04-23 21:07:57,113 INFO [trans  t= 26.007] dt=9.768e-03  R_mom=1.161e-01  div*=2.57e-03
2026-04-23 21:08:06,649 INFO [trans  t= 26.981] dt=9.713e-03  R_mom=1.172e-01  div*=2.32e-03
2026-04-23 21:08:17,514 INFO [trans  t= 27.950] dt=9.656e-03  R_mom=1.172e-01  div*=3.18e-03
2026-04-23 21:08:28,941 INFO [trans  t= 28.910] dt=9.532e-03  R_mom=1.169e-01  div*=4.72e-03
2026-04-23 21:08:37,541 INFO [trans  t= 29.858] dt=9.526e-03  R_mom=1.176e-01  div*=4.95e-03
2026-04-23 21:08:47,274 INFO [trans  t= 30.831] dt=9.784e-03  R_mom=1.178e-01  div*=4.99e-03
2026-04-23 21:08:55,331 INFO [trans  t= 31.803] dt=9.669e-03  R_mom=1.183e-01  div*=4.08e-03
2026-04-23 21:09:07,574 INFO [trans  t= 32.766] dt=9.603e-03  R_mom=1.196e-01  div*=2.14e-03
2026-04-23 21:09:16,823 INFO [trans  t= 33.724] dt=9.561e-03  R_mom=1.211e-01  div*=2.13e-03
2026-04-23 21:09:24,956 INFO [trans  t= 34.678] dt=9.516e-03  R_mom=1.207e-01  div*=3.38e-03
2026-04-23 21:09:33,954 INFO [trans  t= 35.625] dt=9.393e-03  R_mom=1.199e-01  div*=4.80e-03
2026-04-23 21:09:44,122 INFO [trans  t= 36.560] dt=9.414e-03  R_mom=1.194e-01  div*=5.71e-03
2026-04-23 21:09:52,835 INFO [trans  t= 37.531] dt=9.952e-03  R_mom=1.177e-01  div*=5.54e-03
2026-04-23 21:09:59,925 INFO [trans  t= 38.519] dt=9.829e-03  R_mom=1.161e-01  div*=3.74e-03
2026-04-23 21:10:07,442 INFO [trans  t= 39.498] dt=9.753e-03  R_mom=1.163e-01  div*=2.19e-03
2026-04-23 21:10:15,699 INFO [trans  t= 40.471] dt=9.699e-03  R_mom=1.173e-01  div*=2.60e-03
2026-04-23 21:10:23,164 INFO [trans  t= 41.438] dt=9.636e-03  R_mom=1.170e-01  div*=3.46e-03
2026-04-23 21:10:34,674 INFO [trans  t= 42.395] dt=9.472e-03  R_mom=1.170e-01  div*=4.88e-03
2026-04-23 21:10:44,246 INFO [trans  t= 43.344] dt=9.631e-03  R_mom=1.177e-01  div*=5.10e-03
2026-04-23 21:10:50,527 INFO [trans  t= 44.322] dt=9.750e-03  R_mom=1.179e-01  div*=4.88e-03
2026-04-23 21:11:01,668 INFO [trans  t= 45.291] dt=9.648e-03  R_mom=1.186e-01  div*=3.66e-03
2026-04-23 21:11:10,405 INFO [trans  t= 46.253] dt=9.591e-03  R_mom=1.200e-01  div*=1.62e-03
2026-04-23 21:11:22,328 INFO [trans  t= 47.210] dt=9.551e-03  R_mom=1.212e-01  div*=2.35e-03
2026-04-23 21:11:35,149 INFO [trans  t= 48.162] dt=9.499e-03  R_mom=1.204e-01  div*=3.64e-03
2026-04-23 21:11:43,847 INFO [trans  t= 49.106] dt=9.336e-03  R_mom=1.198e-01  div*=5.18e-03
2026-04-23 21:11:51,239 INFO [trans  t= 50.043] dt=9.528e-03  R_mom=1.191e-01  div*=5.67e-03
2026-04-23 21:11:57,816 INFO [trans  t= 51.026] dt=9.916e-03  R_mom=1.172e-01  div*=5.11e-03
2026-04-23 21:12:05,348 INFO [trans  t= 52.011] dt=9.806e-03  R_mom=1.160e-01  div*=3.43e-03
2026-04-23 21:12:12,402 INFO [trans  t= 52.988] dt=9.739e-03  R_mom=1.166e-01  div*=1.71e-03
2026-04-23 21:12:20,070 INFO [trans  t= 53.960] dt=9.686e-03  R_mom=1.174e-01  div*=2.83e-03
2026-04-23 21:12:28,330 INFO [trans  t= 54.925] dt=9.613e-03  R_mom=1.168e-01  div*=3.86e-03
2026-04-23 21:12:36,653 INFO [trans  t= 55.878] dt=9.447e-03  R_mom=1.172e-01  div*=4.92e-03
2026-04-23 21:12:46,756 INFO [trans  t= 56.833] dt=9.783e-03  R_mom=1.177e-01  div*=5.16e-03
2026-04-23 21:12:54,141 INFO [trans  t= 57.812] dt=9.719e-03  R_mom=1.180e-01  div*=4.71e-03
2026-04-23 21:13:00,203 INFO [trans  t= 58.779] dt=9.632e-03  R_mom=1.189e-01  div*=3.19e-03
2026-04-23 21:13:07,180 INFO [trans  t= 59.739] dt=9.580e-03  R_mom=1.204e-01  div*=1.60e-03
2026-04-23 21:13:15,910 INFO [trans  t= 60.695] dt=9.541e-03  R_mom=1.212e-01  div*=2.54e-03
2026-04-23 21:13:25,085 INFO [trans  t= 61.646] dt=9.477e-03  R_mom=1.201e-01  div*=3.77e-03
2026-04-23 21:13:34,052 INFO [trans  t= 62.586] dt=9.318e-03  R_mom=1.197e-01  div*=5.47e-03
2026-04-23 21:13:41,951 INFO [trans  t= 63.530] dt=9.690e-03  R_mom=1.187e-01  div*=5.61e-03
2026-04-23 21:13:50,628 INFO [trans  t= 64.520] dt=9.884e-03  R_mom=1.167e-01  div*=4.57e-03
2026-04-23 21:14:02,229 INFO [trans  t= 65.503] dt=9.787e-03  R_mom=1.160e-01  div*=3.05e-03
2026-04-23 21:14:11,378 INFO [trans  t= 66.478] dt=9.725e-03  R_mom=1.169e-01  div*=1.98e-03
2026-04-23 21:14:22,653 INFO [trans  t= 67.448] dt=9.672e-03  R_mom=1.173e-01  div*=3.02e-03
2026-04-23 21:14:32,013 INFO [trans  t= 68.411] dt=9.582e-03  R_mom=1.168e-01  div*=4.35e-03
2026-04-23 21:14:41,367 INFO [trans  t= 69.361] dt=9.463e-03  R_mom=1.174e-01  div*=4.85e-03
2026-04-23 21:14:50,952 INFO [trans  t= 70.325] dt=9.824e-03  R_mom=1.178e-01  div*=5.20e-03
2026-04-23 21:14:57,031 INFO [trans  t= 71.301] dt=9.693e-03  R_mom=1.181e-01  div*=4.45e-03
2026-04-23 21:15:07,240 INFO [trans  t= 72.266] dt=9.616e-03  R_mom=1.192e-01  div*=2.69e-03
2026-04-23 21:15:15,562 INFO [trans  t= 73.225] dt=9.572e-03  R_mom=1.208e-01  div*=1.87e-03
2026-04-23 21:15:25,377 INFO [trans  t= 74.180] dt=9.530e-03  R_mom=1.210e-01  div*=2.97e-03
2026-04-23 21:15:35,436 INFO [trans  t= 75.130] dt=9.446e-03  R_mom=1.200e-01  div*=4.30e-03
2026-04-23 21:15:44,296 INFO [trans  t= 76.065] dt=9.342e-03  R_mom=1.196e-01  div*=5.65e-03
2026-04-23 21:15:54,459 INFO [trans  t= 77.021] dt=9.903e-03  R_mom=1.182e-01  div*=5.72e-03
2026-04-23 21:16:05,723 INFO [trans  t= 78.013] dt=9.855e-03  R_mom=1.164e-01  div*=3.97e-03
2026-04-23 21:16:14,092 INFO [trans  t= 78.994] dt=9.769e-03  R_mom=1.161e-01  div*=2.60e-03
2026-04-23 21:16:22,635 INFO [trans  t= 79.968] dt=9.713e-03  R_mom=1.171e-01  div*=2.31e-03
2026-04-23 21:16:29,750 INFO [trans  t= 80.936] dt=9.656e-03  R_mom=1.171e-01  div*=3.17e-03
2026-04-23 21:16:38,129 INFO [trans  t= 81.897] dt=9.535e-03  R_mom=1.169e-01  div*=4.70e-03
2026-04-23 21:16:45,891 INFO [trans  t= 82.844] dt=9.521e-03  R_mom=1.175e-01  div*=4.94e-03
2026-04-23 21:16:53,896 INFO [trans  t= 83.817] dt=9.786e-03  R_mom=1.178e-01  div*=5.00e-03
2026-04-23 21:17:05,146 INFO [trans  t= 84.789] dt=9.670e-03  R_mom=1.183e-01  div*=4.10e-03
2026-04-23 21:17:13,034 INFO [trans  t= 85.753] dt=9.603e-03  R_mom=1.196e-01  div*=2.17e-03
2026-04-23 21:17:22,807 INFO [trans  t= 86.711] dt=9.561e-03  R_mom=1.210e-01  div*=2.11e-03
2026-04-23 21:17:30,974 INFO [trans  t= 87.665] dt=9.516e-03  R_mom=1.207e-01  div*=3.36e-03
2026-04-23 21:17:39,667 INFO [trans  t= 88.612] dt=9.396e-03  R_mom=1.199e-01  div*=4.78e-03
2026-04-23 21:17:47,056 INFO [trans  t= 89.546] dt=9.409e-03  R_mom=1.194e-01  div*=5.71e-03
2026-04-23 21:17:53,492 INFO [trans  t= 90.517] dt=9.954e-03  R_mom=1.177e-01  div*=5.56e-03
2026-04-23 21:18:01,745 INFO [trans  t= 91.506] dt=9.830e-03  R_mom=1.161e-01  div*=3.75e-03
2026-04-23 21:18:08,315 INFO [trans  t= 92.484] dt=9.754e-03  R_mom=1.163e-01  div*=2.21e-03
2026-04-23 21:18:15,126 INFO [trans  t= 93.457] dt=9.700e-03  R_mom=1.173e-01  div*=2.59e-03
2026-04-23 21:18:21,215 INFO [trans  t= 94.424] dt=9.637e-03  R_mom=1.170e-01  div*=3.45e-03
2026-04-23 21:18:31,334 INFO [trans  t= 95.381] dt=9.474e-03  R_mom=1.170e-01  div*=4.88e-03
2026-04-23 21:18:38,959 INFO [trans  t= 96.330] dt=9.624e-03  R_mom=1.176e-01  div*=5.10e-03
2026-04-23 21:18:45,837 INFO [trans  t= 97.308] dt=9.752e-03  R_mom=1.179e-01  div*=4.89e-03
2026-04-23 21:18:55,303 INFO [trans  t= 98.277] dt=9.649e-03  R_mom=1.186e-01  div*=3.69e-03
2026-04-23 21:19:03,194 INFO [trans  t= 99.239] dt=9.591e-03  R_mom=1.200e-01  div*=1.65e-03
2026-04-23 21:19:10,829 INFO [trans  t=100.196] dt=9.552e-03  R_mom=1.212e-01  div*=2.34e-03
2026-04-23 21:19:22,900 INFO [trans  t=101.149] dt=9.500e-03  R_mom=1.204e-01  div*=3.63e-03
2026-04-23 21:19:34,935 INFO [trans  t=102.093] dt=9.338e-03  R_mom=1.198e-01  div*=5.16e-03
2026-04-23 21:19:43,724 INFO [trans  t=103.030] dt=9.521e-03  R_mom=1.191e-01  div*=5.67e-03
2026-04-23 21:19:50,588 INFO [trans  t=104.012] dt=9.918e-03  R_mom=1.172e-01  div*=5.14e-03
2026-04-23 21:19:59,272 INFO [trans  t=104.998] dt=9.807e-03  R_mom=1.160e-01  div*=3.45e-03
2026-04-23 21:20:10,200 INFO [trans  t=105.975] dt=9.739e-03  R_mom=1.165e-01  div*=1.74e-03
2026-04-23 21:20:18,176 INFO [trans  t=106.946] dt=9.686e-03  R_mom=1.174e-01  div*=2.82e-03
2026-04-23 21:20:25,264 INFO [trans  t=107.911] dt=9.614e-03  R_mom=1.168e-01  div*=3.83e-03
2026-04-23 21:20:35,084 INFO [trans  t=108.864] dt=9.447e-03  R_mom=1.172e-01  div*=4.92e-03
2026-04-23 21:20:43,606 INFO [trans  t=109.819] dt=9.774e-03  R_mom=1.177e-01  div*=5.16e-03
2026-04-23 21:20:50,833 INFO [trans  t=110.798] dt=9.721e-03  R_mom=1.179e-01  div*=4.72e-03
2026-04-23 21:20:59,541 INFO [trans  t=111.765] dt=9.632e-03  R_mom=1.189e-01  div*=3.22e-03
2026-04-23 21:21:07,469 INFO [trans  t=112.725] dt=9.581e-03  R_mom=1.204e-01  div*=1.58e-03
2026-04-23 21:21:17,245 INFO [trans  t=113.682] dt=9.542e-03  R_mom=1.212e-01  div*=2.53e-03
2026-04-23 21:21:26,371 INFO [trans  t=114.633] dt=9.478e-03  R_mom=1.201e-01  div*=3.76e-03
2026-04-23 21:21:33,999 INFO [trans  t=115.572] dt=9.318e-03  R_mom=1.197e-01  div*=5.46e-03
2026-04-23 21:21:45,458 INFO [trans  t=116.516] dt=9.681e-03  R_mom=1.187e-01  div*=5.61e-03
2026-04-23 21:21:54,444 INFO [trans  t=117.506] dt=9.885e-03  R_mom=1.167e-01  div*=4.60e-03
2026-04-23 21:22:02,105 INFO [trans  t=118.489] dt=9.788e-03  R_mom=1.160e-01  div*=3.07e-03
2026-04-23 21:22:13,934 INFO [trans  t=119.465] dt=9.726e-03  R_mom=1.168e-01  div*=1.96e-03
2026-04-23 21:22:18,519 INFO solve done: iters=22456 converged=True elapsed=1882.1s
2026-04-23 21:22:18,726 INFO payload: shipping 101/201 frames (stride=2), u+v only
2026-04-23 21:22:19,837 INFO residuals workbook written: sim_20260423_205056_07373799_residuals.xlsx
