2026-04-25 23:40:30,810 INFO simulation sim_20260425_234030_e91a4c3f started; log=sim_20260425_234030_e91a4c3f.log  residuals=sim_20260425_234030_e91a4c3f_residuals.csv
2026-04-25 23:40:30,815 INFO solve start: grid=200x100 (20.000x10.000) mode=steady Re=40.0  polygon=16 pts, solid_cells=575 / 20000
2026-04-25 23:40:30,816 INFO   polygon bbox: x=[6.270,12.391] y=[3.437,7.153]
2026-04-25 23:40:31,804 INFO [steady      0] dt=5.000e-02  R_mom=9.177e-01  div*=4.99e+00  mg=1
2026-04-25 23:40:32,326 INFO [steady    100] dt=2.479e-02  R_mom=8.154e-02  div*=4.24e-02  mg=2
2026-04-25 23:40:32,827 INFO [steady    200] dt=2.429e-02  R_mom=7.503e-02  div*=1.88e-02  mg=2
2026-04-25 23:40:33,326 INFO [steady    300] dt=2.378e-02  R_mom=7.266e-02  div*=1.62e-02  mg=2
2026-04-25 23:40:33,846 INFO [steady    400] dt=2.332e-02  R_mom=7.057e-02  div*=1.14e-02  mg=2
2026-04-25 23:40:34,304 INFO [steady    500] dt=2.284e-02  R_mom=6.490e-02  div*=1.31e-02  mg=2
2026-04-25 23:40:34,746 INFO [steady    600] dt=2.244e-02  R_mom=6.649e-02  div*=2.18e-02  mg=1
2026-04-25 23:40:35,157 INFO [steady    700] dt=2.231e-02  R_mom=7.212e-02  div*=1.73e-02  mg=2
2026-04-25 23:40:35,602 INFO [steady    800] dt=2.255e-02  R_mom=7.882e-02  div*=6.13e-03  mg=2
2026-04-25 23:40:36,044 INFO [steady    900] dt=2.311e-02  R_mom=8.193e-02  div*=6.67e-03  mg=2
2026-04-25 23:40:36,524 INFO [steady   1000] dt=2.394e-02  R_mom=8.203e-02  div*=1.50e-02  mg=2
2026-04-25 23:40:37,059 INFO [steady   1100] dt=2.403e-02  R_mom=8.339e-02  div*=1.60e-02  mg=2
2026-04-25 23:40:37,580 INFO [steady   1200] dt=2.343e-02  R_mom=8.524e-02  div*=8.06e-03  mg=2
2026-04-25 23:40:38,096 INFO [steady   1300] dt=2.314e-02  R_mom=8.567e-02  div*=1.13e-02  mg=2
2026-04-25 23:40:38,581 INFO [steady   1400] dt=2.294e-02  R_mom=8.619e-02  div*=1.42e-02  mg=2
2026-04-25 23:40:39,104 INFO [steady   1500] dt=2.470e-02  R_mom=8.351e-02  div*=8.57e-03  mg=2
2026-04-25 23:40:39,563 INFO [steady   1600] dt=2.459e-02  R_mom=8.227e-02  div*=7.53e-03  mg=2
2026-04-25 23:40:40,089 INFO [steady   1700] dt=2.468e-02  R_mom=8.241e-02  div*=1.28e-02  mg=2
2026-04-25 23:40:40,631 INFO [steady   1800] dt=2.477e-02  R_mom=8.230e-02  div*=1.48e-02  mg=2
2026-04-25 23:40:41,169 INFO [steady   1900] dt=2.425e-02  R_mom=8.268e-02  div*=7.76e-03  mg=2
2026-04-25 23:40:41,654 INFO [steady   2000] dt=2.407e-02  R_mom=8.306e-02  div*=1.20e-02  mg=2
2026-04-25 23:40:42,083 INFO [steady   2100] dt=2.384e-02  R_mom=8.471e-02  div*=1.49e-02  mg=2
2026-04-25 23:40:42,602 INFO [steady   2200] dt=2.448e-02  R_mom=8.396e-02  div*=7.18e-03  mg=2
2026-04-25 23:40:43,139 INFO [steady   2300] dt=2.431e-02  R_mom=8.308e-02  div*=7.38e-03  mg=2
2026-04-25 23:40:43,656 INFO [steady   2400] dt=2.439e-02  R_mom=8.284e-02  div*=1.34e-02  mg=2
2026-04-25 23:40:44,181 INFO [steady   2500] dt=2.467e-02  R_mom=8.266e-02  div*=1.46e-02  mg=2
2026-04-25 23:40:44,701 INFO [steady   2600] dt=2.416e-02  R_mom=8.270e-02  div*=8.15e-03  mg=2
2026-04-25 23:40:45,223 INFO [steady   2700] dt=2.398e-02  R_mom=8.306e-02  div*=1.27e-02  mg=2
2026-04-25 23:40:45,699 INFO [steady   2800] dt=2.385e-02  R_mom=8.517e-02  div*=1.47e-02  mg=2
2026-04-25 23:40:46,195 INFO [steady   2900] dt=2.446e-02  R_mom=8.400e-02  div*=6.63e-03  mg=2
2026-04-25 23:40:46,770 INFO [steady   3000] dt=2.432e-02  R_mom=8.324e-02  div*=7.55e-03  mg=2
2026-04-25 23:40:47,207 INFO [steady   3100] dt=2.439e-02  R_mom=8.307e-02  div*=1.40e-02  mg=2
2026-04-25 23:40:47,737 INFO [steady   3200] dt=2.462e-02  R_mom=8.280e-02  div*=1.41e-02  mg=2
2026-04-25 23:40:48,287 INFO [steady   3300] dt=2.414e-02  R_mom=8.300e-02  div*=8.94e-03  mg=2
2026-04-25 23:40:48,782 INFO [steady   3400] dt=2.397e-02  R_mom=8.334e-02  div*=1.35e-02  mg=2
2026-04-25 23:40:49,375 INFO [steady   3500] dt=2.397e-02  R_mom=8.547e-02  div*=1.44e-02  mg=2
2026-04-25 23:40:49,893 INFO [steady   3600] dt=2.444e-02  R_mom=8.404e-02  div*=6.25e-03  mg=2
2026-04-25 23:40:50,389 INFO [steady   3700] dt=2.432e-02  R_mom=8.342e-02  div*=7.66e-03  mg=2
2026-04-25 23:40:50,923 INFO [steady   3800] dt=2.436e-02  R_mom=8.331e-02  div*=1.45e-02  mg=2
2026-04-25 23:40:51,489 INFO [steady   3900] dt=2.457e-02  R_mom=8.292e-02  div*=1.34e-02  mg=2
2026-04-25 23:40:52,028 INFO [steady   4000] dt=2.412e-02  R_mom=8.324e-02  div*=9.59e-03  mg=2
2026-04-25 23:40:52,509 INFO [steady   4100] dt=2.397e-02  R_mom=8.358e-02  div*=1.42e-02  mg=2
2026-04-25 23:40:52,965 INFO [steady   4200] dt=2.411e-02  R_mom=8.563e-02  div*=1.41e-02  mg=2
2026-04-25 23:40:53,500 INFO [steady   4300] dt=2.442e-02  R_mom=8.401e-02  div*=5.85e-03  mg=2
2026-04-25 23:40:54,043 INFO [steady   4400] dt=2.433e-02  R_mom=8.351e-02  div*=7.75e-03  mg=2
2026-04-25 23:40:54,603 INFO [steady   4500] dt=2.435e-02  R_mom=8.347e-02  div*=1.49e-02  mg=2
2026-04-25 23:40:55,141 INFO [steady   4600] dt=2.452e-02  R_mom=8.296e-02  div*=1.27e-02  mg=2
2026-04-25 23:40:55,611 INFO [steady   4700] dt=2.410e-02  R_mom=8.341e-02  div*=1.01e-02  mg=2
2026-04-25 23:40:56,125 INFO [steady   4800] dt=2.395e-02  R_mom=8.379e-02  div*=1.49e-02  mg=2
2026-04-25 23:40:56,647 INFO [steady   4900] dt=2.430e-02  R_mom=8.566e-02  div*=1.37e-02  mg=2
2026-04-25 23:40:57,167 INFO [steady   5000] dt=2.440e-02  R_mom=8.394e-02  div*=6.05e-03  mg=2
2026-04-25 23:40:57,721 INFO [steady   5100] dt=2.433e-02  R_mom=8.355e-02  div*=7.83e-03  mg=2
2026-04-25 23:40:58,283 INFO [steady   5200] dt=2.438e-02  R_mom=8.355e-02  div*=1.53e-02  mg=2
2026-04-25 23:40:58,844 INFO [steady   5300] dt=2.448e-02  R_mom=8.296e-02  div*=1.18e-02  mg=2
2026-04-25 23:40:59,368 INFO [steady   5400] dt=2.409e-02  R_mom=8.352e-02  div*=1.05e-02  mg=2
2026-04-25 23:40:59,886 INFO [steady   5500] dt=2.393e-02  R_mom=8.400e-02  div*=1.53e-02  mg=2
2026-04-25 23:41:00,432 INFO [steady   5600] dt=2.453e-02  R_mom=8.558e-02  div*=1.33e-02  mg=2
2026-04-25 23:41:00,946 INFO [steady   5700] dt=2.439e-02  R_mom=8.386e-02  div*=6.34e-03  mg=2
2026-04-25 23:41:01,426 INFO [steady   5800] dt=2.434e-02  R_mom=8.355e-02  div*=8.60e-03  mg=2
2026-04-25 23:41:01,891 INFO [steady   5900] dt=2.445e-02  R_mom=8.358e-02  div*=1.56e-02  mg=2
2026-04-25 23:41:02,317 INFO [steady   6000] dt=2.443e-02  R_mom=8.295e-02  div*=1.08e-02  mg=2
2026-04-25 23:41:02,808 INFO [steady   6100] dt=2.407e-02  R_mom=8.359e-02  div*=1.08e-02  mg=2
2026-04-25 23:41:03,314 INFO [steady   6200] dt=2.390e-02  R_mom=8.422e-02  div*=1.57e-02  mg=2
2026-04-25 23:41:03,856 INFO [steady   6300] dt=2.472e-02  R_mom=8.545e-02  div*=1.28e-02  mg=2
2026-04-25 23:41:04,316 INFO [steady   6400] dt=2.438e-02  R_mom=8.379e-02  div*=6.59e-03  mg=2
2026-04-25 23:41:04,755 INFO [steady   6500] dt=2.435e-02  R_mom=8.353e-02  div*=9.38e-03  mg=2
2026-04-25 23:41:05,295 INFO [steady   6600] dt=2.457e-02  R_mom=8.355e-02  div*=1.58e-02  mg=2
2026-04-25 23:41:05,755 INFO [steady   6700] dt=2.439e-02  R_mom=8.294e-02  div*=9.74e-03  mg=2
2026-04-25 23:41:06,209 INFO [steady   6800] dt=2.405e-02  R_mom=8.363e-02  div*=1.09e-02  mg=2
2026-04-25 23:41:06,653 INFO [steady   6900] dt=2.386e-02  R_mom=8.446e-02  div*=1.59e-02  mg=2
2026-04-25 23:41:07,153 INFO [steady   7000] dt=2.468e-02  R_mom=8.543e-02  div*=1.21e-02  mg=2
2026-04-25 23:41:07,657 INFO [steady   7100] dt=2.436e-02  R_mom=8.373e-02  div*=6.80e-03  mg=2
2026-04-25 23:41:08,157 INFO [steady   7200] dt=2.436e-02  R_mom=8.349e-02  div*=1.01e-02  mg=2
2026-04-25 23:41:08,651 INFO [steady   7300] dt=2.472e-02  R_mom=8.347e-02  div*=1.58e-02  mg=2
2026-04-25 23:41:09,196 INFO [steady   7400] dt=2.435e-02  R_mom=8.294e-02  div*=8.60e-03  mg=2
2026-04-25 23:41:09,673 INFO [steady   7500] dt=2.404e-02  R_mom=8.364e-02  div*=1.09e-02  mg=2
2026-04-25 23:41:10,207 INFO [steady   7600] dt=2.379e-02  R_mom=8.473e-02  div*=1.59e-02  mg=2
2026-04-25 23:41:10,729 INFO [steady   7700] dt=2.464e-02  R_mom=8.536e-02  div*=1.13e-02  mg=2
2026-04-25 23:41:11,286 INFO [steady   7800] dt=2.435e-02  R_mom=8.370e-02  div*=6.98e-03  mg=2
2026-04-25 23:41:11,805 INFO [steady   7900] dt=2.437e-02  R_mom=8.346e-02  div*=1.09e-02  mg=2
2026-04-25 23:41:12,302 INFO [steady   8000] dt=2.491e-02  R_mom=8.334e-02  div*=1.59e-02  mg=2
2026-04-25 23:41:12,796 INFO [steady   8100] dt=2.431e-02  R_mom=8.296e-02  div*=7.40e-03  mg=2
2026-04-25 23:41:13,316 INFO [steady   8200] dt=2.403e-02  R_mom=8.364e-02  div*=1.14e-02  mg=2
2026-04-25 23:41:13,841 INFO [steady   8300] dt=2.372e-02  R_mom=8.500e-02  div*=1.57e-02  mg=2
2026-04-25 23:41:14,313 INFO [steady   8400] dt=2.460e-02  R_mom=8.525e-02  div*=1.04e-02  mg=2
2026-04-25 23:41:14,774 INFO [steady   8500] dt=2.434e-02  R_mom=8.368e-02  div*=7.12e-03  mg=2
2026-04-25 23:41:15,236 INFO [steady   8600] dt=2.438e-02  R_mom=8.343e-02  div*=1.16e-02  mg=2
2026-04-25 23:41:15,792 INFO [steady   8700] dt=2.489e-02  R_mom=8.333e-02  div*=1.61e-02  mg=2
2026-04-25 23:41:16,213 INFO [steady   8800] dt=2.428e-02  R_mom=8.300e-02  div*=7.26e-03  mg=2
2026-04-25 23:41:16,603 INFO [steady   8900] dt=2.402e-02  R_mom=8.363e-02  div*=1.20e-02  mg=2
2026-04-25 23:41:17,106 INFO [steady   9000] dt=2.370e-02  R_mom=8.524e-02  div*=1.55e-02  mg=2
2026-04-25 23:41:17,612 INFO [steady   9100] dt=2.456e-02  R_mom=8.511e-02  div*=9.48e-03  mg=2
2026-04-25 23:41:18,134 INFO [steady   9200] dt=2.434e-02  R_mom=8.367e-02  div*=7.24e-03  mg=2
2026-04-25 23:41:18,596 INFO [steady   9300] dt=2.439e-02  R_mom=8.342e-02  div*=1.23e-02  mg=2
2026-04-25 23:41:19,121 INFO [steady   9400] dt=2.482e-02  R_mom=8.333e-02  div*=1.59e-02  mg=2
2026-04-25 23:41:19,646 INFO [steady   9500] dt=2.424e-02  R_mom=8.307e-02  div*=7.65e-03  mg=2
2026-04-25 23:41:20,106 INFO [steady   9600] dt=2.401e-02  R_mom=8.362e-02  div*=1.21e-02  mg=2
2026-04-25 23:41:20,589 INFO [steady   9700] dt=2.370e-02  R_mom=8.546e-02  div*=1.53e-02  mg=2
2026-04-25 23:41:21,102 INFO [steady   9800] dt=2.453e-02  R_mom=8.494e-02  div*=8.51e-03  mg=2
2026-04-25 23:41:21,565 INFO [steady   9900] dt=2.433e-02  R_mom=8.367e-02  div*=7.36e-03  mg=2
2026-04-25 23:41:21,960 INFO [steady  10000] dt=2.440e-02  R_mom=8.342e-02  div*=1.29e-02  mg=2
2026-04-25 23:41:22,367 INFO [steady  10100] dt=2.476e-02  R_mom=8.331e-02  div*=1.54e-02  mg=2
2026-04-25 23:41:22,815 INFO [steady  10200] dt=2.421e-02  R_mom=8.315e-02  div*=7.96e-03  mg=2
2026-04-25 23:41:23,329 INFO [steady  10300] dt=2.400e-02  R_mom=8.362e-02  div*=1.19e-02  mg=2
2026-04-25 23:41:23,807 INFO [steady  10400] dt=2.374e-02  R_mom=8.563e-02  div*=1.51e-02  mg=2
2026-04-25 23:41:24,184 INFO [steady  10500] dt=2.450e-02  R_mom=8.477e-02  div*=7.53e-03  mg=2
2026-04-25 23:41:24,687 INFO [steady  10600] dt=2.433e-02  R_mom=8.368e-02  div*=7.48e-03  mg=2
2026-04-25 23:41:25,194 INFO [steady  10700] dt=2.440e-02  R_mom=8.343e-02  div*=1.34e-02  mg=2
2026-04-25 23:41:25,685 INFO [steady  10800] dt=2.470e-02  R_mom=8.327e-02  div*=1.50e-02  mg=2
2026-04-25 23:41:26,190 INFO [steady  10900] dt=2.418e-02  R_mom=8.323e-02  div*=8.17e-03  mg=2
2026-04-25 23:41:26,666 INFO [steady  11000] dt=2.399e-02  R_mom=8.364e-02  div*=1.25e-02  mg=2
2026-04-25 23:41:27,170 INFO [steady  11100] dt=2.381e-02  R_mom=8.576e-02  div*=1.49e-02  mg=2
2026-04-25 23:41:27,717 INFO [steady  11200] dt=2.447e-02  R_mom=8.458e-02  div*=6.80e-03  mg=2
2026-04-25 23:41:28,249 INFO [steady  11300] dt=2.433e-02  R_mom=8.368e-02  div*=7.58e-03  mg=2
2026-04-25 23:41:28,730 INFO [steady  11400] dt=2.440e-02  R_mom=8.347e-02  div*=1.40e-02  mg=2
2026-04-25 23:41:29,267 INFO [steady  11500] dt=2.465e-02  R_mom=8.322e-02  div*=1.44e-02  mg=2
2026-04-25 23:41:29,777 INFO [steady  11600] dt=2.416e-02  R_mom=8.333e-02  div*=8.76e-03  mg=2
2026-04-25 23:41:30,285 INFO [steady  11700] dt=2.398e-02  R_mom=8.369e-02  div*=1.33e-02  mg=2
2026-04-25 23:41:30,767 INFO [steady  11800] dt=2.391e-02  R_mom=8.584e-02  div*=1.46e-02  mg=2
2026-04-25 23:41:31,200 INFO [steady  11900] dt=2.445e-02  R_mom=8.440e-02  div*=6.41e-03  mg=2
2026-04-25 23:41:31,655 INFO [steady  12000] dt=2.433e-02  R_mom=8.368e-02  div*=7.67e-03  mg=2
2026-04-25 23:41:32,164 INFO [steady  12100] dt=2.437e-02  R_mom=8.353e-02  div*=1.44e-02  mg=2
2026-04-25 23:41:32,686 INFO [steady  12200] dt=2.459e-02  R_mom=8.317e-02  div*=1.38e-02  mg=2
2026-04-25 23:41:33,209 INFO [steady  12300] dt=2.413e-02  R_mom=8.342e-02  div*=9.44e-03  mg=2
2026-04-25 23:41:33,699 INFO [steady  12400] dt=2.397e-02  R_mom=8.376e-02  div*=1.41e-02  mg=2
2026-04-25 23:41:34,193 INFO [steady  12500] dt=2.405e-02  R_mom=8.586e-02  div*=1.42e-02  mg=2
2026-04-25 23:41:34,672 INFO [steady  12600] dt=2.443e-02  R_mom=8.424e-02  div*=6.00e-03  mg=2
2026-04-25 23:41:35,090 INFO [steady  12700] dt=2.433e-02  R_mom=8.367e-02  div*=7.75e-03  mg=2
2026-04-25 23:41:35,572 INFO [steady  12800] dt=2.435e-02  R_mom=8.360e-02  div*=1.48e-02  mg=2
2026-04-25 23:41:36,094 INFO [steady  12900] dt=2.454e-02  R_mom=8.311e-02  div*=1.30e-02  mg=2
2026-04-25 23:41:36,620 INFO [steady  13000] dt=2.411e-02  R_mom=8.351e-02  div*=1.00e-02  mg=2
2026-04-25 23:41:37,114 INFO [steady  13100] dt=2.396e-02  R_mom=8.387e-02  div*=1.47e-02  mg=2
2026-04-25 23:41:37,649 INFO [steady  13200] dt=2.423e-02  R_mom=8.581e-02  div*=1.38e-02  mg=2
2026-04-25 23:41:38,183 INFO [steady  13300] dt=2.441e-02  R_mom=8.408e-02  div*=5.96e-03  mg=2
2026-04-25 23:41:38,700 INFO [steady  13400] dt=2.433e-02  R_mom=8.365e-02  div*=7.82e-03  mg=2
2026-04-25 23:41:39,181 INFO [steady  13500] dt=2.437e-02  R_mom=8.363e-02  div*=1.52e-02  mg=2
2026-04-25 23:41:39,720 INFO [steady  13600] dt=2.449e-02  R_mom=8.305e-02  div*=1.21e-02  mg=2
2026-04-25 23:41:40,200 INFO [steady  13700] dt=2.409e-02  R_mom=8.357e-02  div*=1.04e-02  mg=2
2026-04-25 23:41:40,693 INFO [steady  13800] dt=2.394e-02  R_mom=8.402e-02  div*=1.52e-02  mg=2
2026-04-25 23:41:41,201 INFO [steady  13900] dt=2.445e-02  R_mom=8.570e-02  div*=1.34e-02  mg=2
2026-04-25 23:41:41,664 INFO [steady  14000] dt=2.439e-02  R_mom=8.396e-02  div*=6.26e-03  mg=2
2026-04-25 23:41:42,160 INFO [steady  14100] dt=2.434e-02  R_mom=8.361e-02  div*=8.34e-03  mg=2
2026-04-25 23:41:42,569 INFO [steady  14200] dt=2.442e-02  R_mom=8.364e-02  div*=1.55e-02  mg=2
2026-04-25 23:41:43,073 INFO [steady  14300] dt=2.445e-02  R_mom=8.300e-02  div*=1.12e-02  mg=2
2026-04-25 23:41:43,522 INFO [steady  14400] dt=2.408e-02  R_mom=8.362e-02  div*=1.08e-02  mg=2
2026-04-25 23:41:44,015 INFO [steady  14500] dt=2.391e-02  R_mom=8.420e-02  div*=1.56e-02  mg=2
2026-04-25 23:41:44,488 INFO [steady  14600] dt=2.470e-02  R_mom=8.552e-02  div*=1.29e-02  mg=2
2026-04-25 23:41:44,978 INFO [steady  14700] dt=2.438e-02  R_mom=8.385e-02  div*=6.52e-03  mg=2
2026-04-25 23:41:45,525 INFO [steady  14800] dt=2.435e-02  R_mom=8.357e-02  div*=9.13e-03  mg=2
2026-04-25 23:41:46,023 INFO [steady  14900] dt=2.452e-02  R_mom=8.360e-02  div*=1.57e-02  mg=2
2026-04-25 23:41:46,533 INFO [steady  15000] dt=2.440e-02  R_mom=8.297e-02  div*=1.01e-02  mg=2
2026-04-25 23:41:46,995 INFO [steady  15100] dt=2.406e-02  R_mom=8.365e-02  div*=1.09e-02  mg=2
2026-04-25 23:41:47,480 INFO [steady  15200] dt=2.387e-02  R_mom=8.441e-02  div*=1.59e-02  mg=2
2026-04-25 23:41:47,974 INFO [steady  15300] dt=2.469e-02  R_mom=8.547e-02  div*=1.24e-02  mg=2
2026-04-25 23:41:48,494 INFO [steady  15400] dt=2.437e-02  R_mom=8.377e-02  div*=6.74e-03  mg=2
2026-04-25 23:41:48,984 INFO [steady  15500] dt=2.436e-02  R_mom=8.353e-02  div*=9.90e-03  mg=2
2026-04-25 23:41:49,464 INFO [steady  15600] dt=2.466e-02  R_mom=8.352e-02  div*=1.58e-02  mg=2
2026-04-25 23:41:49,951 INFO [steady  15700] dt=2.436e-02  R_mom=8.296e-02  div*=8.98e-03  mg=2
2026-04-25 23:41:50,414 INFO [steady  15800] dt=2.404e-02  R_mom=8.366e-02  div*=1.10e-02  mg=2
2026-04-25 23:41:50,933 INFO [steady  15900] dt=2.381e-02  R_mom=8.466e-02  div*=1.59e-02  mg=2
2026-04-25 23:41:51,440 INFO [steady  16000] dt=2.465e-02  R_mom=8.540e-02  div*=1.16e-02  mg=2
2026-04-25 23:41:51,951 INFO [steady  16100] dt=2.436e-02  R_mom=8.372e-02  div*=6.92e-03  mg=2
2026-04-25 23:41:52,396 INFO [steady  16200] dt=2.437e-02  R_mom=8.348e-02  div*=1.07e-02  mg=2
2026-04-25 23:41:52,892 INFO [steady  16300] dt=2.484e-02  R_mom=8.340e-02  div*=1.59e-02  mg=2
2026-04-25 23:41:53,465 INFO [steady  16400] dt=2.432e-02  R_mom=8.297e-02  div*=7.80e-03  mg=2
2026-04-25 23:41:53,968 INFO [steady  16500] dt=2.403e-02  R_mom=8.365e-02  div*=1.11e-02  mg=2
2026-04-25 23:41:54,445 INFO [steady  16600] dt=2.374e-02  R_mom=8.492e-02  div*=1.58e-02  mg=2
2026-04-25 23:41:54,945 INFO [steady  16700] dt=2.461e-02  R_mom=8.530e-02  div*=1.07e-02  mg=2
2026-04-25 23:41:55,454 INFO [steady  16800] dt=2.435e-02  R_mom=8.369e-02  div*=7.08e-03  mg=2
2026-04-25 23:41:55,936 INFO [steady  16900] dt=2.438e-02  R_mom=8.345e-02  div*=1.14e-02  mg=2
2026-04-25 23:41:56,431 INFO [steady  17000] dt=2.491e-02  R_mom=8.334e-02  div*=1.60e-02  mg=2
2026-04-25 23:41:56,938 INFO [steady  17100] dt=2.429e-02  R_mom=8.299e-02  div*=7.14e-03  mg=2
2026-04-25 23:41:57,404 INFO [steady  17200] dt=2.403e-02  R_mom=8.363e-02  div*=1.19e-02  mg=2
2026-04-25 23:41:57,901 INFO [steady  17300] dt=2.370e-02  R_mom=8.517e-02  div*=1.56e-02  mg=2
2026-04-25 23:41:58,381 INFO [steady  17400] dt=2.457e-02  R_mom=8.516e-02  div*=9.79e-03  mg=2
2026-04-25 23:41:58,887 INFO [steady  17500] dt=2.434e-02  R_mom=8.368e-02  div*=7.20e-03  mg=2
2026-04-25 23:41:59,352 INFO [steady  17600] dt=2.439e-02  R_mom=8.342e-02  div*=1.21e-02  mg=2
2026-04-25 23:41:59,795 INFO [steady  17700] dt=2.484e-02  R_mom=8.334e-02  div*=1.60e-02  mg=2
2026-04-25 23:42:00,290 INFO [steady  17800] dt=2.425e-02  R_mom=8.305e-02  div*=7.53e-03  mg=2
2026-04-25 23:42:00,808 INFO [steady  17900] dt=2.401e-02  R_mom=8.362e-02  div*=1.21e-02  mg=2
2026-04-25 23:42:01,342 INFO [steady  18000] dt=2.370e-02  R_mom=8.539e-02  div*=1.54e-02  mg=2
2026-04-25 23:42:01,829 INFO [steady  18100] dt=2.454e-02  R_mom=8.500e-02  div*=8.82e-03  mg=2
2026-04-25 23:42:02,251 INFO [steady  18200] dt=2.433e-02  R_mom=8.367e-02  div*=7.32e-03  mg=2
2026-04-25 23:42:02,733 INFO [steady  18300] dt=2.440e-02  R_mom=8.341e-02  div*=1.27e-02  mg=2
2026-04-25 23:42:03,250 INFO [steady  18400] dt=2.478e-02  R_mom=8.332e-02  div*=1.56e-02  mg=2
2026-04-25 23:42:03,758 INFO [steady  18500] dt=2.422e-02  R_mom=8.312e-02  div*=7.87e-03  mg=2
2026-04-25 23:42:04,240 INFO [steady  18600] dt=2.400e-02  R_mom=8.362e-02  div*=1.19e-02  mg=2
2026-04-25 23:42:04,733 INFO [steady  18700] dt=2.372e-02  R_mom=8.558e-02  div*=1.52e-02  mg=2
2026-04-25 23:42:05,255 INFO [steady  18800] dt=2.451e-02  R_mom=8.482e-02  div*=7.85e-03  mg=2
2026-04-25 23:42:05,754 INFO [steady  18900] dt=2.433e-02  R_mom=8.368e-02  div*=7.44e-03  mg=2
2026-04-25 23:42:06,209 INFO [steady  19000] dt=2.440e-02  R_mom=8.343e-02  div*=1.33e-02  mg=2
2026-04-25 23:42:06,605 INFO [steady  19100] dt=2.472e-02  R_mom=8.329e-02  div*=1.51e-02  mg=2
2026-04-25 23:42:07,117 INFO [steady  19200] dt=2.419e-02  R_mom=8.321e-02  div*=8.11e-03  mg=2
2026-04-25 23:42:07,628 INFO [steady  19300] dt=2.400e-02  R_mom=8.363e-02  div*=1.23e-02  mg=2
2026-04-25 23:42:08,094 INFO [steady  19400] dt=2.378e-02  R_mom=8.573e-02  div*=1.50e-02  mg=2
2026-04-25 23:42:08,614 INFO [steady  19500] dt=2.448e-02  R_mom=8.464e-02  div*=6.91e-03  mg=2
2026-04-25 23:42:09,127 INFO [steady  19600] dt=2.433e-02  R_mom=8.368e-02  div*=7.55e-03  mg=2
2026-04-25 23:42:09,610 INFO [steady  19700] dt=2.440e-02  R_mom=8.346e-02  div*=1.38e-02  mg=2
2026-04-25 23:42:10,043 INFO [steady  19800] dt=2.467e-02  R_mom=8.324e-02  div*=1.46e-02  mg=2
2026-04-25 23:42:10,522 INFO [steady  19900] dt=2.417e-02  R_mom=8.330e-02  div*=8.51e-03  mg=2
2026-04-25 23:42:11,015 INFO steady did not converge within 20000 iters (last R_mom=8.366e-02)
2026-04-25 23:42:11,017 INFO solve done: iters=20000 converged=False elapsed=100.2s
2026-04-25 23:42:12,718 INFO residuals workbook written: sim_20260425_234030_e91a4c3f_residuals.xlsx
