2026-04-23 18:22:29,713 INFO simulation sim_20260423_182229_5e28907c started; log=sim_20260423_182229_5e28907c.log  residuals=sim_20260423_182229_5e28907c_residuals.csv
2026-04-23 18:22:29,753 INFO solve start: grid=320x160 (20.000x10.000) mode=transient Re=40.0  polygon=18 pts, solid_cells=1531 / 51200
2026-04-23 18:22:29,753 INFO   polygon bbox: x=[8.623,12.371] y=[3.994,6.246]
2026-04-23 18:22:29,773 INFO warm-start: steady phase
2026-04-23 18:22:29,947 INFO [steady      0] dt=3.125e-02  R_mom=2.743e+00  div*=7.95e+00  mg=3
2026-04-23 18:22:35,178 INFO [steady    100] dt=1.971e-02  R_mom=1.227e-01  div*=8.73e-02  mg=2
2026-04-23 18:22:39,469 INFO [steady    200] dt=1.986e-02  R_mom=3.467e-01  div*=2.26e-01  mg=2
2026-04-23 18:22:43,771 INFO [steady    300] dt=2.014e-02  R_mom=7.098e-01  div*=4.01e-01  mg=2
2026-04-23 18:22:48,285 INFO [steady    400] dt=2.030e-02  R_mom=9.746e-01  div*=4.54e-01  mg=2
2026-04-23 18:22:52,626 INFO [steady    500] dt=2.050e-02  R_mom=1.262e+00  div*=4.67e-01  mg=2
2026-04-23 18:22:56,298 INFO [steady    600] dt=1.938e-02  R_mom=9.389e-01  div*=5.54e+00  mg=2
2026-04-23 18:23:00,558 INFO [steady    700] dt=1.891e-02  R_mom=1.109e+00  div*=9.49e+00  mg=2
2026-04-23 18:23:08,066 INFO [steady    800] dt=2.128e-02  R_mom=2.481e-02  div*=7.43e-03  mg=3
2026-04-23 18:23:11,982 INFO [steady    900] dt=2.008e-02  R_mom=6.611e-01  div*=3.11e-01  mg=2
2026-04-23 18:23:15,198 INFO [steady   1000] dt=2.014e-02  R_mom=7.780e-01  div*=2.97e-01  mg=2
2026-04-23 18:23:19,433 INFO [steady   1100] dt=2.022e-02  R_mom=8.503e-01  div*=2.89e-01  mg=2
2026-04-23 18:23:24,322 INFO [steady   1200] dt=1.930e-02  R_mom=8.204e-01  div*=3.24e+00  mg=2
2026-04-23 18:23:27,303 INFO [steady   1300] dt=2.114e-02  R_mom=4.621e-02  div*=1.19e-02  mg=3
2026-04-23 18:23:31,235 INFO [steady   1400] dt=2.014e-02  R_mom=6.627e-01  div*=2.79e-01  mg=2
2026-04-23 18:23:37,892 INFO [steady   1500] dt=2.021e-02  R_mom=1.006e+00  div*=4.16e-01  mg=2
2026-04-23 18:23:42,917 INFO [steady   1600] dt=2.019e-02  R_mom=9.464e-01  div*=3.31e-01  mg=2
2026-04-23 18:23:45,953 INFO [steady   1700] dt=1.996e-02  R_mom=6.581e-01  div*=7.90e-01  mg=2
2026-04-23 18:23:53,213 INFO [steady   1800] dt=1.892e-02  R_mom=9.559e-01  div*=5.99e+00  mg=2
2026-04-23 18:23:59,086 INFO [steady   1900] dt=2.115e-02  R_mom=5.979e-02  div*=8.81e-03  mg=4
2026-04-23 18:24:03,276 INFO [steady   2000] dt=2.015e-02  R_mom=8.430e-01  div*=3.72e-01  mg=2
2026-04-23 18:24:07,028 INFO [steady   2100] dt=2.018e-02  R_mom=9.927e-01  div*=3.96e-01  mg=2
2026-04-23 18:24:11,983 INFO [steady   2200] dt=2.021e-02  R_mom=9.861e-01  div*=3.22e-01  mg=2
2026-04-23 18:24:15,358 INFO [steady   2300] dt=1.952e-02  R_mom=7.745e-01  div*=2.45e+00  mg=2
2026-04-23 18:24:18,281 INFO [steady   2400] dt=1.822e-02  R_mom=1.125e+00  div*=7.69e+00  mg=2
2026-04-23 18:24:22,530 INFO [steady   2500] dt=2.114e-02  R_mom=6.452e-02  div*=1.56e-02  mg=3
2026-04-23 18:24:25,656 INFO [steady   2600] dt=2.015e-02  R_mom=7.918e-01  div*=3.74e-01  mg=2
2026-04-23 18:24:29,554 INFO [steady   2700] dt=2.019e-02  R_mom=1.000e+00  div*=3.86e-01  mg=2
2026-04-23 18:24:34,098 INFO [steady   2800] dt=2.018e-02  R_mom=8.924e-01  div*=3.90e-01  mg=2
2026-04-23 18:24:39,870 INFO [steady   2900] dt=1.924e-02  R_mom=8.215e-01  div*=3.20e+00  mg=2
2026-04-23 18:24:43,931 INFO [steady   3000] dt=2.058e-02  R_mom=5.431e-01  div*=4.17e+00  mg=2
2026-04-23 18:24:48,375 INFO [steady   3100] dt=2.072e-02  R_mom=1.589e-01  div*=1.32e-01  mg=2
2026-04-23 18:24:52,474 INFO [steady   3200] dt=2.015e-02  R_mom=8.504e-01  div*=3.94e-01  mg=2
2026-04-23 18:24:56,976 INFO [steady   3300] dt=2.023e-02  R_mom=1.020e+00  div*=3.75e-01  mg=2
2026-04-23 18:25:00,401 INFO [steady   3400] dt=2.011e-02  R_mom=7.592e-01  div*=5.40e-01  mg=2
2026-04-23 18:25:03,247 INFO [steady   3500] dt=1.895e-02  R_mom=8.954e-01  div*=4.33e+00  mg=2
2026-04-23 18:25:06,096 INFO [steady   3600] dt=2.114e-02  R_mom=6.571e-02  div*=1.24e-02  mg=3
2026-04-23 18:25:13,686 INFO [steady   3700] dt=2.008e-02  R_mom=4.858e-01  div*=2.35e-01  mg=2
2026-04-23 18:25:17,953 INFO [steady   3800] dt=2.017e-02  R_mom=9.301e-01  div*=4.09e-01  mg=2
2026-04-23 18:25:21,606 INFO [steady   3900] dt=2.024e-02  R_mom=1.017e+00  div*=3.55e-01  mg=2
2026-04-23 18:25:27,130 INFO [steady   4000] dt=1.996e-02  R_mom=6.774e-01  div*=9.06e-01  mg=2
2026-04-23 18:25:30,259 INFO [steady   4100] dt=1.855e-02  R_mom=1.002e+00  div*=5.88e+00  mg=2
2026-04-23 18:25:34,190 INFO [steady   4200] dt=2.111e-02  R_mom=6.545e-02  div*=9.72e-03  mg=4
2026-04-23 18:25:40,979 INFO [steady   4300] dt=2.010e-02  R_mom=6.812e-01  div*=3.43e-01  mg=2
2026-04-23 18:25:47,415 INFO [steady   4400] dt=2.017e-02  R_mom=9.629e-01  div*=4.01e-01  mg=2
2026-04-23 18:25:50,102 INFO [steady   4500] dt=2.023e-02  R_mom=9.649e-01  div*=3.16e-01  mg=2
2026-04-23 18:25:53,126 INFO [steady   4600] dt=1.964e-02  R_mom=7.179e-01  div*=1.72e+00  mg=2
2026-04-23 18:25:56,179 INFO [steady   4700] dt=1.927e-02  R_mom=1.020e+00  div*=8.10e+00  mg=2
2026-04-23 18:26:01,435 INFO [steady   4800] dt=2.109e-02  R_mom=6.603e-02  div*=2.11e-02  mg=3
2026-04-23 18:26:04,944 INFO [steady   4900] dt=2.013e-02  R_mom=7.822e-01  div*=3.74e-01  mg=2
2026-04-23 18:26:13,511 INFO [steady   5000] dt=2.020e-02  R_mom=1.004e+00  div*=3.79e-01  mg=2
2026-04-23 18:26:19,837 INFO [steady   5100] dt=2.018e-02  R_mom=8.465e-01  div*=4.07e-01  mg=2
2026-04-23 18:26:25,072 INFO [steady   5200] dt=1.923e-02  R_mom=8.329e-01  div*=3.41e+00  mg=2
2026-04-23 18:26:28,932 INFO [steady   5300] dt=2.115e-02  R_mom=1.655e-01  div*=7.53e-01  mg=3
2026-04-23 18:26:36,200 INFO [steady   5400] dt=2.038e-02  R_mom=2.632e-01  div*=1.92e-01  mg=2
2026-04-23 18:26:39,335 INFO [steady   5500] dt=2.016e-02  R_mom=8.854e-01  div*=3.98e-01  mg=2
2026-04-23 18:26:45,236 INFO [steady   5600] dt=2.023e-02  R_mom=1.023e+00  div*=3.68e-01  mg=2
2026-04-23 18:26:48,877 INFO [steady   5700] dt=2.006e-02  R_mom=7.189e-01  div*=6.26e-01  mg=2
2026-04-23 18:26:53,018 INFO [steady   5800] dt=1.907e-02  R_mom=9.251e-01  div*=5.17e+00  mg=2
2026-04-23 18:26:57,304 INFO [steady   5900] dt=2.113e-02  R_mom=6.574e-02  div*=1.04e-02  mg=4
2026-04-23 18:27:02,849 INFO [steady   6000] dt=2.011e-02  R_mom=5.876e-01  div*=2.92e-01  mg=2
2026-04-23 18:27:08,869 INFO [steady   6100] dt=2.016e-02  R_mom=9.480e-01  div*=4.11e-01  mg=2
2026-04-23 18:27:13,882 INFO [steady   6200] dt=2.025e-02  R_mom=1.004e+00  div*=3.42e-01  mg=2
2026-04-23 18:27:20,327 INFO [steady   6300] dt=1.986e-02  R_mom=6.788e-01  div*=1.19e+00  mg=2
2026-04-23 18:27:26,023 INFO [steady   6400] dt=1.884e-02  R_mom=1.031e+00  div*=7.05e+00  mg=2
2026-04-23 18:27:35,782 INFO [steady   6500] dt=2.110e-02  R_mom=6.518e-02  div*=9.03e-03  mg=4
2026-04-23 18:27:44,117 INFO [steady   6600] dt=2.009e-02  R_mom=7.168e-01  div*=3.57e-01  mg=2
2026-04-23 18:27:46,933 INFO [steady   6700] dt=2.017e-02  R_mom=9.762e-01  div*=3.90e-01  mg=2
2026-04-23 18:27:49,918 INFO [steady   6800] dt=2.022e-02  R_mom=9.250e-01  div*=3.27e-01  mg=2
2026-04-23 18:27:52,945 INFO [steady   6900] dt=1.956e-02  R_mom=7.595e-01  div*=2.34e+00  mg=2
2026-04-23 18:27:55,725 INFO [steady   7000] dt=1.912e-02  R_mom=1.021e+00  div*=7.95e+00  mg=2
2026-04-23 18:28:02,874 INFO [steady   7100] dt=2.105e-02  R_mom=7.768e-02  div*=5.88e-02  mg=3
2026-04-23 18:28:05,873 INFO [steady   7200] dt=2.013e-02  R_mom=8.172e-01  div*=3.80e-01  mg=2
2026-04-23 18:28:08,568 INFO [steady   7300] dt=2.021e-02  R_mom=1.014e+00  div*=3.73e-01  mg=2
2026-04-23 18:28:11,292 INFO [steady   7400] dt=2.015e-02  R_mom=7.896e-01  div*=4.70e-01  mg=2
2026-04-23 18:28:14,094 INFO [steady   7500] dt=1.915e-02  R_mom=8.568e-01  div*=4.04e+00  mg=2
2026-04-23 18:28:16,891 INFO [steady   7600] dt=2.114e-02  R_mom=6.656e-02  div*=4.29e-02  mg=3
2026-04-23 18:28:21,624 INFO [steady   7700] dt=2.011e-02  R_mom=4.360e-01  div*=2.38e-01  mg=2
2026-04-23 18:28:25,473 INFO [steady   7800] dt=2.017e-02  R_mom=9.206e-01  div*=4.06e-01  mg=2
2026-04-23 18:28:29,590 INFO [steady   7900] dt=2.024e-02  R_mom=1.020e+00  div*=3.60e-01  mg=2
2026-04-23 18:28:32,406 INFO [steady   8000] dt=2.001e-02  R_mom=6.853e-01  div*=7.95e-01  mg=2
2026-04-23 18:28:35,091 INFO [steady   8100] dt=1.907e-02  R_mom=9.363e-01  div*=5.84e+00  mg=2
2026-04-23 18:28:43,092 INFO [steady   8200] dt=2.112e-02  R_mom=6.555e-02  div*=9.97e-03  mg=4
2026-04-23 18:28:46,968 INFO [steady   8300] dt=2.011e-02  R_mom=6.626e-01  div*=3.36e-01  mg=2
2026-04-23 18:28:50,105 INFO [steady   8400] dt=2.017e-02  R_mom=9.597e-01  div*=4.05e-01  mg=2
2026-04-23 18:28:53,714 INFO [steady   8500] dt=2.023e-02  R_mom=9.795e-01  div*=3.24e-01  mg=2
2026-04-23 18:28:58,256 INFO [steady   8600] dt=1.976e-02  R_mom=7.052e-01  div*=1.62e+00  mg=2
2026-04-23 18:29:04,996 INFO [steady   8700] dt=1.825e-02  R_mom=1.089e+00  div*=7.58e+00  mg=2
2026-04-23 18:29:10,274 INFO [steady   8800] dt=2.110e-02  R_mom=6.522e-02  div*=1.30e-02  mg=3
2026-04-23 18:29:14,166 INFO [steady   8900] dt=2.011e-02  R_mom=7.658e-01  div*=3.73e-01  mg=2
2026-04-23 18:29:17,486 INFO [steady   9000] dt=2.019e-02  R_mom=9.980e-01  div*=3.81e-01  mg=2
2026-04-23 18:29:23,281 INFO [steady   9100] dt=2.018e-02  R_mom=8.709e-01  div*=3.82e-01  mg=2
2026-04-23 18:29:26,502 INFO [steady   9200] dt=1.947e-02  R_mom=8.032e-01  div*=3.08e+00  mg=2
2026-04-23 18:29:29,741 INFO [steady   9300] dt=2.100e-02  R_mom=4.480e-01  div*=3.22e+00  mg=2
2026-04-23 18:29:34,542 INFO [steady   9400] dt=2.055e-02  R_mom=2.056e-01  div*=1.76e-01  mg=2
2026-04-23 18:29:37,761 INFO [steady   9500] dt=2.015e-02  R_mom=8.711e-01  div*=3.96e-01  mg=2
2026-04-23 18:29:45,370 INFO [steady   9600] dt=2.023e-02  R_mom=1.023e+00  div*=3.71e-01  mg=2
2026-04-23 18:29:53,400 INFO [steady   9700] dt=2.009e-02  R_mom=7.359e-01  div*=5.81e-01  mg=2
2026-04-23 18:29:58,469 INFO [steady   9800] dt=1.915e-02  R_mom=9.107e-01  div*=4.71e+00  mg=2
2026-04-23 18:30:02,698 INFO [steady   9900] dt=2.113e-02  R_mom=6.572e-02  div*=1.05e-02  mg=4
2026-04-23 18:30:10,581 INFO steady did not converge within 10000 iters (last R_mom=5.598e-01)
2026-04-23 18:30:10,587 INFO switching to physical-time integration
2026-04-23 18:30:17,850 INFO [trans  t=  1.264] dt=1.262e-02  R_mom=6.422e-02  div*=1.06e-03
2026-04-23 18:30:28,200 INFO [trans  t=  2.526] dt=1.264e-02  R_mom=6.711e-02  div*=2.13e-03
2026-04-23 18:30:38,579 INFO [trans  t=  3.794] dt=1.271e-02  R_mom=6.712e-02  div*=2.27e-03
2026-04-23 18:30:45,684 INFO [trans  t=  5.063] dt=1.267e-02  R_mom=6.319e-02  div*=1.78e-03
2026-04-23 18:30:53,918 INFO [trans  t=  6.330] dt=1.266e-02  R_mom=6.104e-02  div*=7.12e-04
2026-04-23 18:31:05,734 INFO [trans  t=  7.594] dt=1.263e-02  R_mom=6.232e-02  div*=1.09e-03
2026-04-23 18:31:15,025 INFO [trans  t=  8.859] dt=1.268e-02  R_mom=6.357e-02  div*=2.01e-03
2026-04-23 18:31:23,968 INFO [trans  t= 10.131] dt=1.274e-02  R_mom=6.149e-02  div*=2.09e-03
2026-04-23 18:31:30,829 INFO [trans  t= 11.403] dt=1.272e-02  R_mom=5.780e-02  div*=1.30e-03
2026-04-23 18:31:38,439 INFO [trans  t= 12.674] dt=1.268e-02  R_mom=5.724e-02  div*=5.04e-04
2026-04-23 18:31:44,383 INFO [trans  t= 13.942] dt=1.267e-02  R_mom=5.943e-02  div*=1.25e-03
2026-04-23 18:31:54,441 INFO [trans  t= 15.211] dt=1.271e-02  R_mom=6.027e-02  div*=1.89e-03
2026-04-23 18:31:59,595 INFO [trans  t= 16.479] dt=1.265e-02  R_mom=5.757e-02  div*=1.72e-03
2026-04-23 18:32:06,693 INFO [trans  t= 17.743] dt=1.263e-02  R_mom=5.466e-02  div*=1.11e-03
2026-04-23 18:32:13,625 INFO [trans  t= 19.007] dt=1.266e-02  R_mom=5.546e-02  div*=4.54e-04
2026-04-23 18:32:24,489 INFO [trans  t= 20.274] dt=1.268e-02  R_mom=5.815e-02  div*=1.41e-03
2026-04-23 18:32:34,230 INFO [trans  t= 21.545] dt=1.274e-02  R_mom=5.832e-02  div*=1.90e-03
2026-04-23 18:32:43,753 INFO [trans  t= 22.817] dt=1.270e-02  R_mom=5.523e-02  div*=1.56e-03
2026-04-23 18:32:51,836 INFO [trans  t= 24.087] dt=1.270e-02  R_mom=5.322e-02  div*=5.51e-04
2026-04-23 18:32:57,369 INFO [trans  t= 25.357] dt=1.269e-02  R_mom=5.488e-02  div*=6.61e-04
2026-04-23 18:33:03,058 INFO [trans  t= 26.627] dt=1.271e-02  R_mom=5.725e-02  div*=1.55e-03
2026-04-23 18:33:08,174 INFO [trans  t= 27.897] dt=1.267e-02  R_mom=5.638e-02  div*=1.74e-03
2026-04-23 18:33:15,233 INFO [trans  t= 29.161] dt=1.263e-02  R_mom=5.324e-02  div*=1.31e-03
2026-04-23 18:33:23,108 INFO [trans  t= 30.424] dt=1.263e-02  R_mom=5.248e-02  div*=4.30e-04
2026-04-23 18:33:33,032 INFO [trans  t= 31.689] dt=1.268e-02  R_mom=5.502e-02  div*=9.47e-04
2026-04-23 18:33:41,006 INFO [trans  t= 32.958] dt=1.272e-02  R_mom=5.686e-02  div*=1.70e-03
2026-04-23 18:33:51,125 INFO [trans  t= 34.231] dt=1.271e-02  R_mom=5.502e-02  div*=1.71e-03
2026-04-23 18:33:57,109 INFO [trans  t= 35.501] dt=1.269e-02  R_mom=5.213e-02  div*=9.94e-04
2026-04-23 18:34:03,002 INFO [trans  t= 36.771] dt=1.271e-02  R_mom=5.243e-02  div*=4.16e-04
2026-04-23 18:34:10,986 INFO [trans  t= 38.041] dt=1.270e-02  R_mom=5.517e-02  div*=1.21e-03
2026-04-23 18:34:22,025 INFO [trans  t= 39.312] dt=1.270e-02  R_mom=5.599e-02  div*=1.72e-03
2026-04-23 18:34:30,415 INFO [trans  t= 40.579] dt=1.264e-02  R_mom=5.342e-02  div*=1.48e-03
2026-04-23 18:34:37,360 INFO [trans  t= 41.841] dt=1.262e-02  R_mom=5.132e-02  div*=8.54e-04
2026-04-23 18:34:43,877 INFO [trans  t= 43.104] dt=1.265e-02  R_mom=5.285e-02  div*=5.34e-04
2026-04-23 18:34:52,589 INFO [trans  t= 44.372] dt=1.270e-02  R_mom=5.561e-02  div*=1.43e-03
2026-04-23 18:34:59,703 INFO [trans  t= 45.644] dt=1.273e-02  R_mom=5.538e-02  div*=1.76e-03
2026-04-23 18:35:10,815 INFO [trans  t= 46.915] dt=1.269e-02  R_mom=5.239e-02  div*=1.34e-03
2026-04-23 18:35:23,781 INFO [trans  t= 48.184] dt=1.270e-02  R_mom=5.118e-02  div*=4.19e-04
2026-04-23 18:35:33,774 INFO [trans  t= 49.454] dt=1.270e-02  R_mom=5.341e-02  div*=8.13e-04
2026-04-23 18:35:42,672 INFO [trans  t= 50.725] dt=1.273e-02  R_mom=5.554e-02  div*=1.58e-03
2026-04-23 18:35:50,333 INFO [trans  t= 51.995] dt=1.266e-02  R_mom=5.419e-02  div*=1.62e-03
2026-04-23 18:35:58,315 INFO [trans  t= 53.258] dt=1.262e-02  R_mom=5.134e-02  div*=1.15e-03
2026-04-23 18:36:03,426 INFO [trans  t= 54.520] dt=1.263e-02  R_mom=5.140e-02  div*=3.85e-04
2026-04-23 18:36:10,050 INFO [trans  t= 55.786] dt=1.269e-02  R_mom=5.425e-02  div*=1.08e-03
2026-04-23 18:36:19,850 INFO [trans  t= 57.056] dt=1.274e-02  R_mom=5.559e-02  div*=1.71e-03
2026-04-23 18:36:28,234 INFO [trans  t= 58.329] dt=1.271e-02  R_mom=5.333e-02  div*=1.59e-03
2026-04-23 18:36:37,473 INFO [trans  t= 59.598] dt=1.269e-02  R_mom=5.091e-02  div*=7.79e-04
2026-04-23 18:36:45,352 INFO [trans  t= 60.868] dt=1.270e-02  R_mom=5.196e-02  div*=4.97e-04
2026-04-23 18:36:57,247 INFO [trans  t= 62.138] dt=1.271e-02  R_mom=5.473e-02  div*=1.33e-03
2026-04-23 18:37:08,101 INFO [trans  t= 63.410] dt=1.269e-02  R_mom=5.492e-02  div*=1.69e-03
2026-04-23 18:37:16,038 INFO [trans  t= 64.675] dt=1.263e-02  R_mom=5.214e-02  div*=1.37e-03
2026-04-23 18:37:24,630 INFO [trans  t= 65.937] dt=1.262e-02  R_mom=5.070e-02  div*=6.50e-04
2026-04-23 18:37:32,225 INFO [trans  t= 67.200] dt=1.266e-02  R_mom=5.283e-02  div*=7.09e-04
2026-04-23 18:37:41,910 INFO [trans  t= 68.469] dt=1.271e-02  R_mom=5.531e-02  div*=1.53e-03
2026-04-23 18:37:47,134 INFO [trans  t= 69.742] dt=1.272e-02  R_mom=5.439e-02  div*=1.71e-03
2026-04-23 18:37:53,764 INFO [trans  t= 71.013] dt=1.269e-02  R_mom=5.144e-02  div*=1.17e-03
2026-04-23 18:37:59,089 INFO [trans  t= 72.282] dt=1.270e-02  R_mom=5.097e-02  div*=3.89e-04
2026-04-23 18:38:08,804 INFO [trans  t= 73.552] dt=1.270e-02  R_mom=5.358e-02  div*=9.90e-04
2026-04-23 18:38:18,269 INFO [trans  t= 74.823] dt=1.271e-02  R_mom=5.521e-02  div*=1.63e-03
2026-04-23 18:38:24,515 INFO [trans  t= 76.091] dt=1.265e-02  R_mom=5.329e-02  div*=1.55e-03
2026-04-23 18:38:33,330 INFO [trans  t= 77.354] dt=1.262e-02  R_mom=5.075e-02  div*=1.01e-03
2026-04-23 18:38:45,217 INFO [trans  t= 78.616] dt=1.263e-02  R_mom=5.157e-02  div*=3.92e-04
2026-04-23 18:38:52,096 INFO [trans  t= 79.883] dt=1.269e-02  R_mom=5.450e-02  div*=1.24e-03
2026-04-23 18:39:04,426 INFO [trans  t= 81.155] dt=1.274e-02  R_mom=5.515e-02  div*=1.74e-03
2026-04-23 18:39:09,117 INFO [trans  t= 82.427] dt=1.270e-02  R_mom=5.250e-02  div*=1.47e-03
2026-04-23 18:39:13,978 INFO [trans  t= 83.696] dt=1.269e-02  R_mom=5.062e-02  div*=5.63e-04
2026-04-23 18:39:18,903 INFO [trans  t= 84.966] dt=1.270e-02  R_mom=5.232e-02  div*=5.87e-04
2026-04-23 18:39:23,871 INFO [trans  t= 86.236] dt=1.272e-02  R_mom=5.490e-02  div*=1.45e-03
2026-04-23 18:39:33,932 INFO [trans  t= 87.507] dt=1.267e-02  R_mom=5.437e-02  div*=1.65e-03
2026-04-23 18:39:39,362 INFO [trans  t= 88.771] dt=1.263e-02  R_mom=5.147e-02  div*=1.25e-03
2026-04-23 18:39:44,241 INFO [trans  t= 90.033] dt=1.262e-02  R_mom=5.074e-02  div*=4.36e-04
2026-04-23 18:39:49,258 INFO [trans  t= 91.297] dt=1.267e-02  R_mom=5.332e-02  div*=8.80e-04
2026-04-23 18:39:53,712 INFO [trans  t= 92.567] dt=1.272e-02  R_mom=5.534e-02  div*=1.62e-03
2026-04-23 18:39:59,374 INFO [trans  t= 93.840] dt=1.271e-02  R_mom=5.374e-02  div*=1.66e-03
2026-04-23 18:40:04,655 INFO [trans  t= 95.110] dt=1.269e-02  R_mom=5.096e-02  div*=9.87e-04
2026-04-23 18:40:10,856 INFO [trans  t= 96.379] dt=1.271e-02  R_mom=5.124e-02  div*=3.94e-04
2026-04-23 18:40:16,151 INFO [trans  t= 97.649] dt=1.270e-02  R_mom=5.404e-02  div*=1.16e-03
2026-04-23 18:40:24,200 INFO [trans  t= 98.921] dt=1.270e-02  R_mom=5.503e-02  div*=1.67e-03
2026-04-23 18:40:36,750 INFO [trans  t=100.188] dt=1.264e-02  R_mom=5.262e-02  div*=1.46e-03
2026-04-23 18:40:44,231 INFO [trans  t=101.450] dt=1.262e-02  R_mom=5.054e-02  div*=8.51e-04
2026-04-23 18:40:54,573 INFO [trans  t=102.712] dt=1.264e-02  R_mom=5.205e-02  div*=5.05e-04
2026-04-23 18:41:00,564 INFO [trans  t=103.980] dt=1.270e-02  R_mom=5.487e-02  div*=1.39e-03
2026-04-23 18:41:06,138 INFO [trans  t=105.253] dt=1.273e-02  R_mom=5.477e-02  div*=1.73e-03
2026-04-23 18:41:13,145 INFO [trans  t=106.524] dt=1.269e-02  R_mom=5.188e-02  div*=1.34e-03
2026-04-23 18:41:19,072 INFO [trans  t=107.793] dt=1.269e-02  R_mom=5.065e-02  div*=4.19e-04
2026-04-23 18:41:25,746 INFO [trans  t=109.063] dt=1.270e-02  R_mom=5.286e-02  div*=7.85e-04
2026-04-23 18:41:31,589 INFO [trans  t=110.334] dt=1.273e-02  R_mom=5.507e-02  div*=1.55e-03
2026-04-23 18:41:36,998 INFO [trans  t=111.603] dt=1.266e-02  R_mom=5.383e-02  div*=1.61e-03
2026-04-23 18:41:43,444 INFO [trans  t=112.867] dt=1.262e-02  R_mom=5.101e-02  div*=1.15e-03
2026-04-23 18:41:49,457 INFO [trans  t=114.129] dt=1.263e-02  R_mom=5.103e-02  div*=3.78e-04
2026-04-23 18:41:55,701 INFO [trans  t=115.394] dt=1.269e-02  R_mom=5.388e-02  div*=1.05e-03
2026-04-23 18:42:04,375 INFO [trans  t=116.665] dt=1.274e-02  R_mom=5.530e-02  div*=1.69e-03
2026-04-23 18:42:10,887 INFO [trans  t=117.937] dt=1.271e-02  R_mom=5.311e-02  div*=1.58e-03
2026-04-23 18:42:16,698 INFO [trans  t=119.207] dt=1.269e-02  R_mom=5.069e-02  div*=7.90e-04
2026-04-23 18:42:20,127 INFO solve done: iters=19463 converged=True elapsed=1190.4s
