2026-04-25 23:21:08,295 INFO simulation sim_20260425_232108_1fdd3d1f started; log=sim_20260425_232108_1fdd3d1f.log  residuals=sim_20260425_232108_1fdd3d1f_residuals.csv
2026-04-25 23:21:08,330 INFO solve start: grid=480x240 (20.000x10.000) mode=transient Re=2000.0  polygon=31 pts, solid_cells=14545 / 115200
2026-04-25 23:21:08,331 INFO   polygon bbox: x=[6.161,12.965] y=[1.843,8.319]
2026-04-25 23:21:08,334 INFO warm-start: steady phase
2026-04-25 23:21:08,372 INFO [steady      0] dt=2.083e-02  R_mom=7.769e+00  div*=1.20e+01  mg=1
2026-04-25 23:21:10,105 INFO [steady    100] dt=5.801e-03  R_mom=2.293e-01  div*=1.78e-01  mg=2
2026-04-25 23:21:11,592 INFO [steady    200] dt=5.934e-03  R_mom=2.400e-01  div*=1.73e-01  mg=2
2026-04-25 23:21:13,410 INFO [steady    300] dt=5.899e-03  R_mom=2.712e-01  div*=1.24e-01  mg=2
2026-04-25 23:21:15,227 INFO [steady    400] dt=5.792e-03  R_mom=2.802e-01  div*=1.09e-01  mg=2
2026-04-25 23:21:17,020 INFO [steady    500] dt=5.670e-03  R_mom=2.575e-01  div*=7.98e-02  mg=2
2026-04-25 23:21:18,889 INFO [steady    600] dt=5.551e-03  R_mom=2.421e-01  div*=9.83e-02  mg=2
2026-04-25 23:21:20,583 INFO [steady    700] dt=5.435e-03  R_mom=2.430e-01  div*=5.49e-02  mg=2
2026-04-25 23:21:22,377 INFO [steady    800] dt=5.319e-03  R_mom=2.545e-01  div*=5.37e-02  mg=2
2026-04-25 23:21:24,233 INFO [steady    900] dt=5.199e-03  R_mom=2.784e-01  div*=8.44e-02  mg=2
2026-04-25 23:21:25,979 INFO [steady   1000] dt=5.085e-03  R_mom=3.053e-01  div*=5.32e-02  mg=2
2026-04-25 23:21:27,593 INFO [steady   1100] dt=4.951e-03  R_mom=3.287e-01  div*=4.40e-02  mg=2
2026-04-25 23:21:29,548 INFO [steady   1200] dt=4.718e-03  R_mom=3.482e-01  div*=2.39e-02  mg=2
2026-04-25 23:21:31,353 INFO [steady   1300] dt=4.582e-03  R_mom=3.652e-01  div*=2.18e-02  mg=2
2026-04-25 23:21:33,067 INFO [steady   1400] dt=4.572e-03  R_mom=3.673e-01  div*=2.65e-02  mg=2
2026-04-25 23:21:34,891 INFO [steady   1500] dt=4.674e-03  R_mom=3.489e-01  div*=2.11e-02  mg=2
2026-04-25 23:21:36,570 INFO [steady   1600] dt=4.772e-03  R_mom=3.248e-01  div*=1.25e-02  mg=2
2026-04-25 23:21:38,342 INFO [steady   1700] dt=4.661e-03  R_mom=3.074e-01  div*=1.35e-02  mg=2
2026-04-25 23:21:40,170 INFO [steady   1800] dt=4.510e-03  R_mom=3.004e-01  div*=1.20e-02  mg=2
2026-04-25 23:21:42,000 INFO [steady   1900] dt=4.388e-03  R_mom=3.083e-01  div*=5.76e-03  mg=2
2026-04-25 23:21:43,734 INFO [steady   2000] dt=4.351e-03  R_mom=3.258e-01  div*=7.27e-03  mg=2
2026-04-25 23:21:45,562 INFO [steady   2100] dt=4.369e-03  R_mom=3.418e-01  div*=7.45e-03  mg=2
2026-04-25 23:21:47,439 INFO [steady   2200] dt=4.378e-03  R_mom=3.494e-01  div*=6.81e-03  mg=2
2026-04-25 23:21:49,366 INFO [steady   2300] dt=4.168e-03  R_mom=3.604e-01  div*=6.22e-03  mg=2
2026-04-25 23:21:51,208 INFO [steady   2400] dt=3.938e-03  R_mom=3.862e-01  div*=3.00e-02  mg=2
2026-04-25 23:21:53,209 INFO [steady   2500] dt=3.741e-03  R_mom=3.986e-01  div*=1.33e-02  mg=2
2026-04-25 23:21:55,245 INFO [steady   2600] dt=3.664e-03  R_mom=3.831e-01  div*=1.35e-02  mg=3
2026-04-25 23:21:57,487 INFO [steady   2700] dt=3.873e-03  R_mom=3.680e-01  div*=1.22e-02  mg=3
2026-04-25 23:21:59,432 INFO [steady   2800] dt=3.749e-03  R_mom=3.861e-01  div*=1.83e-02  mg=2
2026-04-25 23:22:01,620 INFO [steady   2900] dt=3.777e-03  R_mom=3.500e-01  div*=1.20e-02  mg=2
2026-04-25 23:22:03,397 INFO [steady   3000] dt=4.479e-03  R_mom=3.668e-01  div*=7.69e-03  mg=2
2026-04-25 23:22:05,204 INFO [steady   3100] dt=4.395e-03  R_mom=3.993e-01  div*=7.06e-03  mg=2
2026-04-25 23:22:06,928 INFO [steady   3200] dt=4.144e-03  R_mom=4.344e-01  div*=9.40e-03  mg=2
2026-04-25 23:22:08,789 INFO [steady   3300] dt=3.955e-03  R_mom=4.621e-01  div*=6.56e-03  mg=2
2026-04-25 23:22:10,937 INFO [steady   3400] dt=3.865e-03  R_mom=4.591e-01  div*=2.15e-02  mg=2
2026-04-25 23:22:13,082 INFO [steady   3500] dt=4.471e-03  R_mom=4.610e-01  div*=1.11e-02  mg=2
2026-04-25 23:22:14,963 INFO [steady   3600] dt=4.094e-03  R_mom=4.904e-01  div*=8.69e-03  mg=2
2026-04-25 23:22:17,369 INFO [steady   3700] dt=3.755e-03  R_mom=4.901e-01  div*=1.47e-02  mg=3
2026-04-25 23:22:19,693 INFO [steady   3800] dt=3.779e-03  R_mom=4.032e-01  div*=1.26e-02  mg=3
2026-04-25 23:22:21,534 INFO [steady   3900] dt=4.965e-03  R_mom=3.550e-01  div*=6.89e-03  mg=2
2026-04-25 23:22:23,309 INFO [steady   4000] dt=4.859e-03  R_mom=3.593e-01  div*=6.22e-03  mg=2
2026-04-25 23:22:25,174 INFO [steady   4100] dt=4.775e-03  R_mom=3.801e-01  div*=9.48e-03  mg=2
2026-04-25 23:22:26,909 INFO [steady   4200] dt=4.734e-03  R_mom=4.212e-01  div*=8.33e-03  mg=3
2026-04-25 23:22:29,053 INFO [steady   4300] dt=4.300e-03  R_mom=4.699e-01  div*=1.12e-02  mg=2
2026-04-25 23:22:30,902 INFO [steady   4400] dt=4.160e-03  R_mom=4.968e-01  div*=7.28e-03  mg=2
2026-04-25 23:22:32,915 INFO [steady   4500] dt=4.188e-03  R_mom=4.802e-01  div*=1.21e-02  mg=2
2026-04-25 23:22:34,793 INFO [steady   4600] dt=4.251e-03  R_mom=4.190e-01  div*=1.38e-02  mg=2
2026-04-25 23:22:37,051 INFO [steady   4700] dt=4.375e-03  R_mom=3.831e-01  div*=1.90e-02  mg=2
2026-04-25 23:22:39,203 INFO [steady   4800] dt=4.945e-03  R_mom=3.651e-01  div*=1.43e-02  mg=2
2026-04-25 23:22:41,108 INFO [steady   4900] dt=4.828e-03  R_mom=3.753e-01  div*=7.39e-03  mg=2
2026-04-25 23:22:42,881 INFO [steady   5000] dt=4.748e-03  R_mom=3.819e-01  div*=9.12e-03  mg=2
2026-04-25 23:22:44,898 INFO [steady   5100] dt=4.736e-03  R_mom=3.794e-01  div*=1.37e-02  mg=3
2026-04-25 23:22:46,710 INFO [steady   5200] dt=4.718e-03  R_mom=3.754e-01  div*=6.30e-03  mg=2
2026-04-25 23:22:48,568 INFO [steady   5300] dt=4.641e-03  R_mom=3.964e-01  div*=1.08e-02  mg=2
2026-04-25 23:22:50,520 INFO [steady   5400] dt=4.533e-03  R_mom=4.235e-01  div*=1.32e-02  mg=3
2026-04-25 23:22:52,654 INFO [steady   5500] dt=4.612e-03  R_mom=4.277e-01  div*=9.91e-03  mg=3
2026-04-25 23:22:54,614 INFO [steady   5600] dt=4.799e-03  R_mom=4.334e-01  div*=1.08e-02  mg=2
2026-04-25 23:22:56,456 INFO [steady   5700] dt=4.737e-03  R_mom=4.368e-01  div*=1.43e-02  mg=3
2026-04-25 23:22:58,473 INFO [steady   5800] dt=4.680e-03  R_mom=4.206e-01  div*=1.17e-02  mg=3
2026-04-25 23:23:00,692 INFO [steady   5900] dt=4.701e-03  R_mom=4.176e-01  div*=1.47e-02  mg=2
2026-04-25 23:23:02,618 INFO [steady   6000] dt=4.648e-03  R_mom=4.148e-01  div*=1.13e-02  mg=2
2026-04-25 23:23:04,607 INFO [steady   6100] dt=4.661e-03  R_mom=3.932e-01  div*=2.24e-02  mg=2
2026-04-25 23:23:06,689 INFO [steady   6200] dt=4.761e-03  R_mom=3.951e-01  div*=1.28e-02  mg=3
2026-04-25 23:23:08,858 INFO [steady   6300] dt=4.444e-03  R_mom=4.304e-01  div*=1.35e-02  mg=3
2026-04-25 23:23:10,768 INFO [steady   6400] dt=4.063e-03  R_mom=4.765e-01  div*=1.79e-02  mg=3
2026-04-25 23:23:12,999 INFO [steady   6500] dt=3.836e-03  R_mom=4.646e-01  div*=3.71e-02  mg=3
2026-04-25 23:23:15,037 INFO [steady   6600] dt=4.549e-03  R_mom=3.854e-01  div*=1.79e-02  mg=2
2026-04-25 23:23:16,779 INFO [steady   6700] dt=4.467e-03  R_mom=4.022e-01  div*=1.03e-02  mg=2
2026-04-25 23:23:18,500 INFO [steady   6800] dt=4.527e-03  R_mom=4.181e-01  div*=9.61e-03  mg=3
2026-04-25 23:23:20,569 INFO [steady   6900] dt=4.358e-03  R_mom=4.324e-01  div*=1.12e-02  mg=3
2026-04-25 23:23:22,495 INFO [steady   7000] dt=4.237e-03  R_mom=4.679e-01  div*=1.17e-02  mg=2
2026-04-25 23:23:24,641 INFO [steady   7100] dt=4.236e-03  R_mom=4.705e-01  div*=2.44e-02  mg=3
2026-04-25 23:23:26,623 INFO [steady   7200] dt=4.395e-03  R_mom=4.687e-01  div*=9.50e-03  mg=3
2026-04-25 23:23:28,495 INFO [steady   7300] dt=4.346e-03  R_mom=4.920e-01  div*=1.36e-02  mg=2
2026-04-25 23:23:30,283 INFO [steady   7400] dt=4.457e-03  R_mom=4.928e-01  div*=2.86e-02  mg=3
2026-04-25 23:23:32,357 INFO [steady   7500] dt=4.523e-03  R_mom=4.810e-01  div*=1.33e-02  mg=2
2026-04-25 23:23:34,385 INFO [steady   7600] dt=4.483e-03  R_mom=4.727e-01  div*=3.51e-02  mg=2
2026-04-25 23:23:36,144 INFO [steady   7700] dt=4.485e-03  R_mom=4.606e-01  div*=1.94e-02  mg=2
2026-04-25 23:23:38,009 INFO [steady   7800] dt=4.544e-03  R_mom=4.161e-01  div*=1.52e-02  mg=3
2026-04-25 23:23:39,947 INFO [steady   7900] dt=4.675e-03  R_mom=3.508e-01  div*=1.39e-02  mg=3
2026-04-25 23:23:41,767 INFO [steady   8000] dt=4.798e-03  R_mom=3.297e-01  div*=2.26e-02  mg=2
2026-04-25 23:23:43,514 INFO [steady   8100] dt=4.495e-03  R_mom=3.731e-01  div*=2.63e-02  mg=2
2026-04-25 23:23:45,361 INFO [steady   8200] dt=4.324e-03  R_mom=4.271e-01  div*=1.28e-02  mg=2
2026-04-25 23:23:47,303 INFO [steady   8300] dt=4.270e-03  R_mom=4.559e-01  div*=2.46e-02  mg=3
2026-04-25 23:23:49,425 INFO [steady   8400] dt=4.452e-03  R_mom=4.086e-01  div*=2.64e-02  mg=2
2026-04-25 23:23:51,366 INFO [steady   8500] dt=4.398e-03  R_mom=4.092e-01  div*=1.47e-02  mg=2
2026-04-25 23:23:53,264 INFO [steady   8600] dt=4.397e-03  R_mom=4.353e-01  div*=8.84e-03  mg=2
2026-04-25 23:23:55,066 INFO [steady   8700] dt=4.360e-03  R_mom=4.519e-01  div*=1.38e-02  mg=2
2026-04-25 23:23:57,070 INFO [steady   8800] dt=4.274e-03  R_mom=4.398e-01  div*=1.51e-02  mg=2
2026-04-25 23:23:58,838 INFO [steady   8900] dt=4.317e-03  R_mom=4.460e-01  div*=1.36e-02  mg=2
2026-04-25 23:24:00,817 INFO [steady   9000] dt=4.265e-03  R_mom=4.421e-01  div*=1.61e-02  mg=2
2026-04-25 23:24:02,726 INFO [steady   9100] dt=4.277e-03  R_mom=4.488e-01  div*=1.13e-02  mg=2
2026-04-25 23:24:04,661 INFO [steady   9200] dt=4.405e-03  R_mom=4.491e-01  div*=1.15e-02  mg=3
2026-04-25 23:24:06,675 INFO [steady   9300] dt=4.406e-03  R_mom=4.428e-01  div*=1.41e-02  mg=2
2026-04-25 23:24:08,591 INFO [steady   9400] dt=4.351e-03  R_mom=4.601e-01  div*=7.93e-03  mg=2
2026-04-25 23:24:10,432 INFO [steady   9500] dt=4.215e-03  R_mom=4.598e-01  div*=1.44e-02  mg=3
2026-04-25 23:24:12,300 INFO [steady   9600] dt=4.237e-03  R_mom=4.611e-01  div*=1.36e-02  mg=2
2026-04-25 23:24:14,015 INFO [steady   9700] dt=4.360e-03  R_mom=4.428e-01  div*=1.76e-02  mg=3
2026-04-25 23:24:16,005 INFO [steady   9800] dt=4.412e-03  R_mom=4.225e-01  div*=1.35e-02  mg=2
2026-04-25 23:24:17,872 INFO [steady   9900] dt=4.458e-03  R_mom=4.493e-01  div*=9.03e-03  mg=2
2026-04-25 23:24:19,655 INFO steady did not converge within 10000 iters (last R_mom=4.684e-01)
2026-04-25 23:24:19,656 INFO switching to physical-time integration
2026-04-25 23:24:21,561 INFO [trans  t=  0.253] dt=2.502e-03  R_mom=4.759e-01  div*=3.07e-03
2026-04-25 23:24:23,302 INFO [trans  t=  0.501] dt=2.479e-03  R_mom=4.828e-01  div*=3.61e-03
2026-04-25 23:24:25,167 INFO [trans  t=  0.749] dt=2.484e-03  R_mom=4.825e-01  div*=3.53e-03
2026-04-25 23:24:26,934 INFO [trans  t=  0.999] dt=2.514e-03  R_mom=4.641e-01  div*=3.29e-03
2026-04-25 23:24:28,713 INFO [trans  t=  1.253] dt=2.564e-03  R_mom=4.370e-01  div*=7.51e-03
2026-04-25 23:24:30,430 INFO [trans  t=  1.511] dt=2.578e-03  R_mom=4.284e-01  div*=4.07e-03
2026-04-25 23:24:32,081 INFO [trans  t=  1.767] dt=2.558e-03  R_mom=4.416e-01  div*=2.94e-03
2026-04-25 23:24:33,717 INFO [trans  t=  2.023] dt=2.546e-03  R_mom=4.558e-01  div*=4.11e-03
2026-04-25 23:24:35,491 INFO [trans  t=  2.277] dt=2.548e-03  R_mom=4.644e-01  div*=3.47e-03
2026-04-25 23:24:37,130 INFO [trans  t=  2.533] dt=2.567e-03  R_mom=4.761e-01  div*=4.79e-03
2026-04-25 23:24:38,873 INFO [trans  t=  2.789] dt=2.546e-03  R_mom=4.852e-01  div*=2.93e-03
2026-04-25 23:24:40,607 INFO [trans  t=  3.042] dt=2.521e-03  R_mom=4.881e-01  div*=2.31e-03
2026-04-25 23:24:42,181 INFO [trans  t=  3.294] dt=2.520e-03  R_mom=4.807e-01  div*=2.73e-03
2026-04-25 23:24:43,882 INFO [trans  t=  3.547] dt=2.537e-03  R_mom=4.605e-01  div*=2.41e-03
2026-04-25 23:24:45,469 INFO [trans  t=  3.802] dt=2.573e-03  R_mom=4.441e-01  div*=5.82e-03
2026-04-25 23:24:47,254 INFO [trans  t=  4.061] dt=2.619e-03  R_mom=4.454e-01  div*=4.40e-03
2026-04-25 23:24:48,971 INFO [trans  t=  4.328] dt=2.671e-03  R_mom=4.637e-01  div*=3.80e-03
2026-04-25 23:24:50,701 INFO [trans  t=  4.594] dt=2.648e-03  R_mom=4.836e-01  div*=3.01e-03
2026-04-25 23:24:52,367 INFO [trans  t=  4.858] dt=2.643e-03  R_mom=5.058e-01  div*=2.77e-03
2026-04-25 23:24:54,072 INFO [trans  t=  5.121] dt=2.607e-03  R_mom=5.153e-01  div*=4.75e-03
2026-04-25 23:24:55,780 INFO [trans  t=  5.380] dt=2.576e-03  R_mom=5.086e-01  div*=1.71e-03
2026-04-25 23:24:57,646 INFO [trans  t=  5.637] dt=2.569e-03  R_mom=4.956e-01  div*=2.95e-03
2026-04-25 23:24:59,273 INFO [trans  t=  5.894] dt=2.583e-03  R_mom=4.773e-01  div*=2.44e-03
2026-04-25 23:25:01,188 INFO [trans  t=  6.154] dt=2.616e-03  R_mom=4.668e-01  div*=5.89e-03
2026-04-25 23:25:02,936 INFO [trans  t=  6.417] dt=2.663e-03  R_mom=4.673e-01  div*=4.44e-03
2026-04-25 23:25:04,868 INFO [trans  t=  6.690] dt=2.746e-03  R_mom=4.800e-01  div*=3.44e-03
2026-04-25 23:25:06,512 INFO [trans  t=  6.964] dt=2.718e-03  R_mom=4.999e-01  div*=2.88e-03
2026-04-25 23:25:08,220 INFO [trans  t=  7.233] dt=2.660e-03  R_mom=5.114e-01  div*=4.04e-03
2026-04-25 23:25:09,800 INFO [trans  t=  7.498] dt=2.644e-03  R_mom=5.042e-01  div*=2.31e-03
2026-04-25 23:25:11,588 INFO [trans  t=  7.762] dt=2.639e-03  R_mom=4.868e-01  div*=2.33e-03
2026-04-25 23:25:13,424 INFO [trans  t=  8.026] dt=2.654e-03  R_mom=4.657e-01  div*=3.44e-03
2026-04-25 23:25:15,301 INFO [trans  t=  8.293] dt=2.688e-03  R_mom=4.476e-01  div*=3.70e-03
2026-04-25 23:25:17,188 INFO [trans  t=  8.564] dt=2.719e-03  R_mom=4.402e-01  div*=5.24e-03
2026-04-25 23:25:19,124 INFO [trans  t=  8.840] dt=2.775e-03  R_mom=4.488e-01  div*=4.77e-03
2026-04-25 23:25:21,012 INFO [trans  t=  9.114] dt=2.707e-03  R_mom=4.743e-01  div*=2.47e-03
2026-04-25 23:25:22,969 INFO [trans  t=  9.380] dt=2.614e-03  R_mom=4.950e-01  div*=2.35e-03
2026-04-25 23:25:24,846 INFO [trans  t=  9.639] dt=2.577e-03  R_mom=4.998e-01  div*=1.85e-03
2026-04-25 23:25:26,799 INFO [trans  t=  9.896] dt=2.581e-03  R_mom=4.908e-01  div*=2.05e-03
2026-04-25 23:25:28,664 INFO [trans  t= 10.156] dt=2.609e-03  R_mom=4.738e-01  div*=3.32e-03
2026-04-25 23:25:30,619 INFO [trans  t= 10.419] dt=2.643e-03  R_mom=4.513e-01  div*=4.02e-03
2026-04-25 23:25:32,555 INFO [trans  t= 10.684] dt=2.668e-03  R_mom=4.311e-01  div*=4.94e-03
2026-04-25 23:25:34,371 INFO [trans  t= 10.952] dt=2.696e-03  R_mom=4.286e-01  div*=4.51e-03
2026-04-25 23:25:36,313 INFO [trans  t= 11.220] dt=2.648e-03  R_mom=4.518e-01  div*=3.58e-03
2026-04-25 23:25:38,197 INFO [trans  t= 11.482] dt=2.603e-03  R_mom=4.771e-01  div*=1.95e-03
2026-04-25 23:25:40,094 INFO [trans  t= 11.742] dt=2.584e-03  R_mom=4.954e-01  div*=1.46e-03
2026-04-25 23:25:41,959 INFO [trans  t= 12.000] dt=2.587e-03  R_mom=5.031e-01  div*=2.03e-03
2026-04-25 23:25:43,905 INFO [trans  t= 12.259] dt=2.588e-03  R_mom=4.980e-01  div*=3.51e-03
2026-04-25 23:25:45,892 INFO [trans  t= 12.518] dt=2.591e-03  R_mom=4.808e-01  div*=3.43e-03
2026-04-25 23:25:47,619 INFO [trans  t= 12.778] dt=2.605e-03  R_mom=4.664e-01  div*=5.09e-03
2026-04-25 23:25:49,520 INFO [trans  t= 13.039] dt=2.620e-03  R_mom=4.502e-01  div*=3.76e-03
2026-04-25 23:25:51,459 INFO [trans  t= 13.301] dt=2.599e-03  R_mom=4.477e-01  div*=5.20e-03
2026-04-25 23:25:53,370 INFO [trans  t= 13.558] dt=2.544e-03  R_mom=4.599e-01  div*=3.68e-03
2026-04-25 23:25:55,199 INFO [trans  t= 13.811] dt=2.514e-03  R_mom=4.764e-01  div*=1.59e-03
2026-04-25 23:25:57,103 INFO [trans  t= 14.061] dt=2.508e-03  R_mom=4.886e-01  div*=2.56e-03
2026-04-25 23:25:58,959 INFO [trans  t= 14.313] dt=2.523e-03  R_mom=4.879e-01  div*=4.03e-03
2026-04-25 23:26:00,874 INFO [trans  t= 14.567] dt=2.555e-03  R_mom=4.716e-01  div*=4.39e-03
2026-04-25 23:26:02,742 INFO [trans  t= 14.824] dt=2.587e-03  R_mom=4.557e-01  div*=5.78e-03
2026-04-25 23:26:04,639 INFO [trans  t= 15.089] dt=2.708e-03  R_mom=4.532e-01  div*=3.18e-03
2026-04-25 23:26:06,508 INFO [trans  t= 15.359] dt=2.666e-03  R_mom=4.584e-01  div*=4.33e-03
2026-04-25 23:26:08,369 INFO [trans  t= 15.622] dt=2.595e-03  R_mom=4.652e-01  div*=4.83e-03
2026-04-25 23:26:10,144 INFO [trans  t= 15.878] dt=2.547e-03  R_mom=4.818e-01  div*=2.89e-03
2026-04-25 23:26:12,075 INFO [trans  t= 16.132] dt=2.520e-03  R_mom=4.953e-01  div*=3.23e-03
2026-04-25 23:26:13,900 INFO [trans  t= 16.383] dt=2.517e-03  R_mom=4.949e-01  div*=4.18e-03
2026-04-25 23:26:15,867 INFO [trans  t= 16.636] dt=2.537e-03  R_mom=4.757e-01  div*=4.04e-03
2026-04-25 23:26:17,809 INFO [trans  t= 16.891] dt=2.560e-03  R_mom=4.538e-01  div*=6.39e-03
2026-04-25 23:26:19,725 INFO [trans  t= 17.153] dt=2.669e-03  R_mom=4.504e-01  div*=3.10e-03
2026-04-25 23:26:21,738 INFO [trans  t= 17.421] dt=2.689e-03  R_mom=4.589e-01  div*=4.62e-03
2026-04-25 23:26:23,613 INFO [trans  t= 17.688] dt=2.635e-03  R_mom=4.714e-01  div*=4.64e-03
2026-04-25 23:26:25,582 INFO [trans  t= 17.948] dt=2.572e-03  R_mom=4.917e-01  div*=3.07e-03
2026-04-25 23:26:27,477 INFO [trans  t= 18.203] dt=2.530e-03  R_mom=5.044e-01  div*=2.97e-03
2026-04-25 23:26:29,336 INFO [trans  t= 18.455] dt=2.511e-03  R_mom=5.039e-01  div*=3.23e-03
2026-04-25 23:26:31,181 INFO [trans  t= 18.706] dt=2.513e-03  R_mom=4.856e-01  div*=3.88e-03
2026-04-25 23:26:33,027 INFO [trans  t= 18.958] dt=2.536e-03  R_mom=4.573e-01  div*=6.14e-03
2026-04-25 23:26:34,803 INFO [trans  t= 19.212] dt=2.563e-03  R_mom=4.367e-01  div*=5.57e-03
2026-04-25 23:26:36,644 INFO [trans  t= 19.474] dt=2.638e-03  R_mom=4.344e-01  div*=4.75e-03
2026-04-25 23:26:38,597 INFO [trans  t= 19.739] dt=2.649e-03  R_mom=4.448e-01  div*=4.17e-03
2026-04-25 23:26:40,507 INFO [trans  t= 20.004] dt=2.646e-03  R_mom=4.716e-01  div*=4.11e-03
2026-04-25 23:26:42,232 INFO [trans  t= 20.266] dt=2.591e-03  R_mom=4.954e-01  div*=2.02e-03
2026-04-25 23:26:44,069 INFO [trans  t= 20.523] dt=2.558e-03  R_mom=5.068e-01  div*=1.53e-03
2026-04-25 23:26:45,799 INFO [trans  t= 20.778] dt=2.546e-03  R_mom=5.039e-01  div*=2.52e-03
2026-04-25 23:26:47,385 INFO [trans  t= 21.033] dt=2.549e-03  R_mom=4.868e-01  div*=3.56e-03
2026-04-25 23:26:48,968 INFO [trans  t= 21.288] dt=2.568e-03  R_mom=4.615e-01  div*=3.73e-03
2026-04-25 23:26:50,554 INFO [trans  t= 21.546] dt=2.582e-03  R_mom=4.440e-01  div*=5.52e-03
2026-04-25 23:26:52,228 INFO [trans  t= 21.809] dt=2.665e-03  R_mom=4.344e-01  div*=3.49e-03
2026-04-25 23:26:53,871 INFO [trans  t= 22.076] dt=2.671e-03  R_mom=4.441e-01  div*=3.47e-03
2026-04-25 23:26:55,388 INFO [trans  t= 22.343] dt=2.670e-03  R_mom=4.687e-01  div*=3.81e-03
2026-04-25 23:26:57,169 INFO [trans  t= 22.609] dt=2.648e-03  R_mom=4.909e-01  div*=1.70e-03
2026-04-25 23:26:58,912 INFO [trans  t= 22.873] dt=2.624e-03  R_mom=5.031e-01  div*=1.44e-03
2026-04-25 23:27:00,623 INFO [trans  t= 23.135] dt=2.616e-03  R_mom=5.027e-01  div*=2.53e-03
2026-04-25 23:27:02,365 INFO [trans  t= 23.396] dt=2.622e-03  R_mom=4.886e-01  div*=3.42e-03
2026-04-25 23:27:04,156 INFO [trans  t= 23.660] dt=2.643e-03  R_mom=4.692e-01  div*=4.20e-03
2026-04-25 23:27:05,925 INFO [trans  t= 23.925] dt=2.655e-03  R_mom=4.545e-01  div*=5.46e-03
2026-04-25 23:27:07,599 INFO [trans  t= 24.198] dt=2.819e-03  R_mom=4.463e-01  div*=4.20e-03
2026-04-25 23:27:09,481 INFO [trans  t= 24.479] dt=2.799e-03  R_mom=4.524e-01  div*=3.90e-03
2026-04-25 23:27:11,185 INFO [trans  t= 24.757] dt=2.763e-03  R_mom=4.726e-01  div*=2.56e-03
2026-04-25 23:27:12,956 INFO [trans  t= 25.032] dt=2.734e-03  R_mom=4.892e-01  div*=2.98e-03
2026-04-25 23:27:14,809 INFO [trans  t= 25.304] dt=2.717e-03  R_mom=4.949e-01  div*=2.27e-03
2026-04-25 23:27:16,627 INFO [trans  t= 25.576] dt=2.713e-03  R_mom=4.894e-01  div*=3.31e-03
2026-04-25 23:27:18,231 INFO [trans  t= 25.847] dt=2.726e-03  R_mom=4.770e-01  div*=3.00e-03
2026-04-25 23:27:19,779 INFO [trans  t= 26.121] dt=2.738e-03  R_mom=4.642e-01  div*=5.35e-03
2026-04-25 23:27:21,468 INFO [trans  t= 26.397] dt=2.782e-03  R_mom=4.503e-01  div*=4.57e-03
2026-04-25 23:27:23,214 INFO [trans  t= 26.676] dt=2.791e-03  R_mom=4.461e-01  div*=3.64e-03
2026-04-25 23:27:25,044 INFO [trans  t= 26.955] dt=2.786e-03  R_mom=4.542e-01  div*=2.87e-03
2026-04-25 23:27:26,735 INFO [trans  t= 27.232] dt=2.756e-03  R_mom=4.629e-01  div*=3.13e-03
2026-04-25 23:27:28,525 INFO [trans  t= 27.506] dt=2.733e-03  R_mom=4.674e-01  div*=2.73e-03
2026-04-25 23:27:30,242 INFO [trans  t= 27.779] dt=2.722e-03  R_mom=4.647e-01  div*=2.89e-03
2026-04-25 23:27:31,970 INFO [trans  t= 28.051] dt=2.728e-03  R_mom=4.602e-01  div*=2.76e-03
2026-04-25 23:27:33,623 INFO [trans  t= 28.325] dt=2.728e-03  R_mom=4.527e-01  div*=5.42e-03
2026-04-25 23:27:35,562 INFO [trans  t= 28.600] dt=2.771e-03  R_mom=4.429e-01  div*=4.48e-03
2026-04-25 23:27:37,413 INFO [trans  t= 28.877] dt=2.766e-03  R_mom=4.366e-01  div*=3.05e-03
2026-04-25 23:27:39,235 INFO [trans  t= 29.154] dt=2.776e-03  R_mom=4.389e-01  div*=3.44e-03
2026-04-25 23:27:41,053 INFO [trans  t= 29.430] dt=2.745e-03  R_mom=4.447e-01  div*=3.73e-03
2026-04-25 23:27:42,995 INFO [trans  t= 29.703] dt=2.712e-03  R_mom=4.505e-01  div*=2.48e-03
2026-04-25 23:27:44,856 INFO [trans  t= 29.973] dt=2.689e-03  R_mom=4.537e-01  div*=3.21e-03
2026-04-25 23:27:46,745 INFO [trans  t= 30.241] dt=2.681e-03  R_mom=4.550e-01  div*=2.08e-03
2026-04-25 23:27:48,525 INFO [trans  t= 30.510] dt=2.690e-03  R_mom=4.568e-01  div*=4.78e-03
2026-04-25 23:27:50,346 INFO [trans  t= 30.779] dt=2.719e-03  R_mom=4.528e-01  div*=3.65e-03
2026-04-25 23:27:52,086 INFO [trans  t= 31.056] dt=2.778e-03  R_mom=4.513e-01  div*=3.31e-03
2026-04-25 23:27:53,751 INFO [trans  t= 31.333] dt=2.762e-03  R_mom=4.532e-01  div*=2.49e-03
2026-04-25 23:27:55,538 INFO [trans  t= 31.609] dt=2.755e-03  R_mom=4.583e-01  div*=4.53e-03
2026-04-25 23:27:57,327 INFO [trans  t= 31.883] dt=2.722e-03  R_mom=4.619e-01  div*=2.80e-03
2026-04-25 23:27:59,141 INFO [trans  t= 32.153] dt=2.684e-03  R_mom=4.653e-01  div*=3.25e-03
2026-04-25 23:28:00,981 INFO [trans  t= 32.420] dt=2.660e-03  R_mom=4.644e-01  div*=2.26e-03
2026-04-25 23:28:02,882 INFO [trans  t= 32.686] dt=2.656e-03  R_mom=4.633e-01  div*=2.78e-03
2026-04-25 23:28:04,731 INFO [trans  t= 32.952] dt=2.646e-03  R_mom=4.567e-01  div*=5.93e-03
2026-04-25 23:28:06,504 INFO [trans  t= 33.222] dt=2.826e-03  R_mom=4.503e-01  div*=3.64e-03
2026-04-25 23:28:08,308 INFO [trans  t= 33.506] dt=2.824e-03  R_mom=4.491e-01  div*=2.15e-03
2026-04-25 23:28:10,043 INFO [trans  t= 33.788] dt=2.811e-03  R_mom=4.546e-01  div*=2.35e-03
2026-04-25 23:28:11,869 INFO [trans  t= 34.068] dt=2.791e-03  R_mom=4.605e-01  div*=4.69e-03
2026-04-25 23:28:13,736 INFO [trans  t= 34.347] dt=2.782e-03  R_mom=4.625e-01  div*=2.51e-03
2026-04-25 23:28:15,528 INFO [trans  t= 34.624] dt=2.743e-03  R_mom=4.643e-01  div*=2.81e-03
2026-04-25 23:28:17,310 INFO [trans  t= 34.897] dt=2.720e-03  R_mom=4.634e-01  div*=2.09e-03
2026-04-25 23:28:19,129 INFO [trans  t= 35.168] dt=2.718e-03  R_mom=4.628e-01  div*=2.33e-03
2026-04-25 23:28:20,800 INFO [trans  t= 35.440] dt=2.710e-03  R_mom=4.564e-01  div*=5.74e-03
2026-04-25 23:28:22,539 INFO [trans  t= 35.715] dt=2.858e-03  R_mom=4.497e-01  div*=2.20e-03
2026-04-25 23:28:24,438 INFO [trans  t= 36.003] dt=2.866e-03  R_mom=4.530e-01  div*=2.58e-03
2026-04-25 23:28:26,154 INFO [trans  t= 36.289] dt=2.863e-03  R_mom=4.602e-01  div*=3.87e-03
2026-04-25 23:28:28,040 INFO [trans  t= 36.575] dt=2.853e-03  R_mom=4.623e-01  div*=3.48e-03
2026-04-25 23:28:29,808 INFO [trans  t= 36.858] dt=2.811e-03  R_mom=4.627e-01  div*=1.90e-03
2026-04-25 23:28:31,723 INFO [trans  t= 37.137] dt=2.782e-03  R_mom=4.607e-01  div*=2.54e-03
2026-04-25 23:28:33,502 INFO [trans  t= 37.415] dt=2.771e-03  R_mom=4.565e-01  div*=2.61e-03
2026-04-25 23:28:35,242 INFO [trans  t= 37.692] dt=2.779e-03  R_mom=4.503e-01  div*=4.40e-03
2026-04-25 23:28:37,078 INFO [trans  t= 37.970] dt=2.781e-03  R_mom=4.388e-01  div*=4.69e-03
2026-04-25 23:28:38,889 INFO [trans  t= 38.254] dt=2.866e-03  R_mom=4.413e-01  div*=2.50e-03
2026-04-25 23:28:40,701 INFO [trans  t= 38.540] dt=2.850e-03  R_mom=4.477e-01  div*=4.20e-03
2026-04-25 23:28:42,476 INFO [trans  t= 38.827] dt=2.872e-03  R_mom=4.480e-01  div*=2.15e-03
2026-04-25 23:28:44,357 INFO [trans  t= 39.112] dt=2.836e-03  R_mom=4.465e-01  div*=1.98e-03
2026-04-25 23:28:46,197 INFO [trans  t= 39.394] dt=2.812e-03  R_mom=4.431e-01  div*=2.53e-03
2026-04-25 23:28:48,079 INFO [trans  t= 39.675] dt=2.804e-03  R_mom=4.362e-01  div*=2.34e-03
2026-04-25 23:28:49,948 INFO [trans  t= 39.956] dt=2.815e-03  R_mom=4.269e-01  div*=3.77e-03
2026-04-25 23:28:51,853 INFO [trans  t= 40.237] dt=2.809e-03  R_mom=4.122e-01  div*=5.21e-03
2026-04-25 23:28:53,624 INFO [trans  t= 40.524] dt=2.905e-03  R_mom=4.177e-01  div*=2.64e-03
2026-04-25 23:28:55,485 INFO [trans  t= 40.814] dt=2.863e-03  R_mom=4.405e-01  div*=3.49e-03
2026-04-25 23:28:57,322 INFO [trans  t= 41.096] dt=2.801e-03  R_mom=4.591e-01  div*=2.18e-03
2026-04-25 23:28:59,251 INFO [trans  t= 41.375] dt=2.783e-03  R_mom=4.683e-01  div*=2.04e-03
2026-04-25 23:29:01,210 INFO [trans  t= 41.654] dt=2.791e-03  R_mom=4.680e-01  div*=2.74e-03
2026-04-25 23:29:03,106 INFO [trans  t= 41.934] dt=2.803e-03  R_mom=4.610e-01  div*=2.34e-03
2026-04-25 23:29:04,839 INFO [trans  t= 42.215] dt=2.811e-03  R_mom=4.528e-01  div*=5.11e-03
2026-04-25 23:29:06,496 INFO [trans  t= 42.495] dt=2.804e-03  R_mom=4.371e-01  div*=5.03e-03
2026-04-25 23:29:08,170 INFO [trans  t= 42.776] dt=2.807e-03  R_mom=4.382e-01  div*=3.88e-03
2026-04-25 23:29:09,807 INFO [trans  t= 43.056] dt=2.809e-03  R_mom=4.506e-01  div*=4.44e-03
2026-04-25 23:29:11,507 INFO [trans  t= 43.340] dt=2.838e-03  R_mom=4.587e-01  div*=1.98e-03
2026-04-25 23:29:13,158 INFO [trans  t= 43.624] dt=2.838e-03  R_mom=4.610e-01  div*=2.01e-03
2026-04-25 23:29:14,912 INFO [trans  t= 43.907] dt=2.821e-03  R_mom=4.590e-01  div*=2.99e-03
2026-04-25 23:29:16,759 INFO [trans  t= 44.188] dt=2.818e-03  R_mom=4.531e-01  div*=1.83e-03
2026-04-25 23:29:18,456 INFO [trans  t= 44.471] dt=2.835e-03  R_mom=4.486e-01  div*=3.50e-03
2026-04-25 23:29:20,086 INFO [trans  t= 44.755] dt=2.837e-03  R_mom=4.384e-01  div*=5.06e-03
2026-04-25 23:29:21,787 INFO [trans  t= 45.042] dt=2.888e-03  R_mom=4.374e-01  div*=3.19e-03
2026-04-25 23:29:23,427 INFO [trans  t= 45.331] dt=2.865e-03  R_mom=4.514e-01  div*=3.14e-03
2026-04-25 23:29:25,046 INFO [trans  t= 45.615] dt=2.826e-03  R_mom=4.625e-01  div*=3.70e-03
2026-04-25 23:29:26,831 INFO [trans  t= 45.897] dt=2.825e-03  R_mom=4.662e-01  div*=1.90e-03
2026-04-25 23:29:28,725 INFO [trans  t= 46.180] dt=2.832e-03  R_mom=4.655e-01  div*=2.89e-03
2026-04-25 23:29:30,479 INFO [trans  t= 46.463] dt=2.826e-03  R_mom=4.610e-01  div*=2.19e-03
2026-04-25 23:29:32,165 INFO [trans  t= 46.746] dt=2.842e-03  R_mom=4.579e-01  div*=2.72e-03
2026-04-25 23:29:33,894 INFO [trans  t= 47.032] dt=2.851e-03  R_mom=4.498e-01  div*=5.10e-03
2026-04-25 23:29:35,738 INFO [trans  t= 47.318] dt=2.869e-03  R_mom=4.447e-01  div*=3.14e-03
2026-04-25 23:29:37,563 INFO [trans  t= 47.605] dt=2.876e-03  R_mom=4.519e-01  div*=3.20e-03
2026-04-25 23:29:39,449 INFO [trans  t= 47.892] dt=2.865e-03  R_mom=4.562e-01  div*=4.19e-03
2026-04-25 23:29:41,306 INFO [trans  t= 48.179] dt=2.866e-03  R_mom=4.541e-01  div*=2.07e-03
2026-04-25 23:29:43,242 INFO [trans  t= 48.464] dt=2.847e-03  R_mom=4.491e-01  div*=2.97e-03
2026-04-25 23:29:45,010 INFO [trans  t= 48.749] dt=2.845e-03  R_mom=4.425e-01  div*=2.11e-03
2026-04-25 23:29:46,777 INFO [trans  t= 49.034] dt=2.867e-03  R_mom=4.399e-01  div*=3.24e-03
2026-04-25 23:29:48,621 INFO [trans  t= 49.322] dt=2.875e-03  R_mom=4.347e-01  div*=5.21e-03
2026-04-25 23:29:50,548 INFO [trans  t= 49.613] dt=2.926e-03  R_mom=4.355e-01  div*=2.84e-03
2026-04-25 23:29:52,437 INFO [trans  t= 49.905] dt=2.897e-03  R_mom=4.455e-01  div*=2.70e-03
2026-04-25 23:29:54,065 INFO [trans  t= 50.193] dt=2.860e-03  R_mom=4.523e-01  div*=3.71e-03
2026-04-25 23:29:55,839 INFO [trans  t= 50.477] dt=2.827e-03  R_mom=4.515e-01  div*=2.00e-03
2026-04-25 23:29:57,642 INFO [trans  t= 50.759] dt=2.808e-03  R_mom=4.469e-01  div*=2.83e-03
2026-04-25 23:29:59,460 INFO [trans  t= 51.039] dt=2.808e-03  R_mom=4.384e-01  div*=2.19e-03
2026-04-25 23:30:01,071 INFO [trans  t= 51.321] dt=2.831e-03  R_mom=4.326e-01  div*=3.29e-03
2026-04-25 23:30:02,951 INFO [trans  t= 51.605] dt=2.845e-03  R_mom=4.265e-01  div*=4.82e-03
2026-04-25 23:30:04,618 INFO [trans  t= 51.893] dt=2.910e-03  R_mom=4.294e-01  div*=2.93e-03
2026-04-25 23:30:06,444 INFO [trans  t= 52.184] dt=2.903e-03  R_mom=4.452e-01  div*=3.08e-03
2026-04-25 23:30:08,044 INFO [trans  t= 52.473] dt=2.867e-03  R_mom=4.564e-01  div*=3.90e-03
2026-04-25 23:30:09,712 INFO [trans  t= 52.758] dt=2.840e-03  R_mom=4.589e-01  div*=1.87e-03
2026-04-25 23:30:11,533 INFO [trans  t= 53.041] dt=2.824e-03  R_mom=4.561e-01  div*=2.76e-03
2026-04-25 23:30:13,237 INFO [trans  t= 53.323] dt=2.823e-03  R_mom=4.484e-01  div*=2.76e-03
2026-04-25 23:30:14,902 INFO [trans  t= 53.606] dt=2.843e-03  R_mom=4.409e-01  div*=2.53e-03
2026-04-25 23:30:16,795 INFO [trans  t= 53.892] dt=2.870e-03  R_mom=4.324e-01  div*=5.26e-03
2026-04-25 23:30:18,669 INFO [trans  t= 54.181] dt=2.920e-03  R_mom=4.282e-01  div*=3.49e-03
2026-04-25 23:30:20,521 INFO [trans  t= 54.473] dt=2.919e-03  R_mom=4.408e-01  div*=2.86e-03
2026-04-25 23:30:22,207 INFO [trans  t= 54.762] dt=2.875e-03  R_mom=4.526e-01  div*=3.84e-03
2026-04-25 23:30:24,003 INFO [trans  t= 55.049] dt=2.858e-03  R_mom=4.559e-01  div*=1.92e-03
2026-04-25 23:30:25,702 INFO [trans  t= 55.334] dt=2.842e-03  R_mom=4.543e-01  div*=2.33e-03
2026-04-25 23:30:27,428 INFO [trans  t= 55.618] dt=2.842e-03  R_mom=4.490e-01  div*=2.75e-03
2026-04-25 23:30:29,189 INFO [trans  t= 55.903] dt=2.861e-03  R_mom=4.443e-01  div*=2.29e-03
2026-04-25 23:30:30,882 INFO [trans  t= 56.191] dt=2.896e-03  R_mom=4.407e-01  div*=4.85e-03
2026-04-25 23:30:32,588 INFO [trans  t= 56.481] dt=2.950e-03  R_mom=4.367e-01  div*=3.24e-03
2026-04-25 23:30:34,196 INFO [trans  t= 56.775] dt=2.906e-03  R_mom=4.467e-01  div*=2.55e-03
2026-04-25 23:30:35,779 INFO [trans  t= 57.063] dt=2.867e-03  R_mom=4.574e-01  div*=3.24e-03
2026-04-25 23:30:37,579 INFO [trans  t= 57.350] dt=2.874e-03  R_mom=4.577e-01  div*=2.80e-03
2026-04-25 23:30:39,176 INFO [trans  t= 57.636] dt=2.857e-03  R_mom=4.515e-01  div*=2.38e-03
2026-04-25 23:30:40,945 INFO [trans  t= 57.922] dt=2.857e-03  R_mom=4.417e-01  div*=2.82e-03
2026-04-25 23:30:42,794 INFO [trans  t= 58.208] dt=2.878e-03  R_mom=4.351e-01  div*=2.54e-03
2026-04-25 23:30:44,585 INFO [trans  t= 58.498] dt=2.909e-03  R_mom=4.311e-01  div*=5.20e-03
2026-04-25 23:30:46,314 INFO [trans  t= 58.791] dt=2.956e-03  R_mom=4.301e-01  div*=2.95e-03
2026-04-25 23:30:48,238 INFO [trans  t= 59.084] dt=2.907e-03  R_mom=4.422e-01  div*=2.71e-03
2026-04-25 23:30:50,094 INFO [trans  t= 59.373] dt=2.876e-03  R_mom=4.515e-01  div*=3.08e-03
2026-04-25 23:30:51,956 INFO [trans  t= 59.661] dt=2.869e-03  R_mom=4.482e-01  div*=3.10e-03
2026-04-25 23:30:53,756 INFO [trans  t= 59.947] dt=2.854e-03  R_mom=4.380e-01  div*=2.39e-03
2026-04-25 23:30:55,562 INFO [trans  t= 60.232] dt=2.855e-03  R_mom=4.249e-01  div*=2.78e-03
2026-04-25 23:30:57,391 INFO [trans  t= 60.518] dt=2.879e-03  R_mom=4.158e-01  div*=2.68e-03
2026-04-25 23:30:59,168 INFO [trans  t= 60.808] dt=2.912e-03  R_mom=4.107e-01  div*=4.90e-03
2026-04-25 23:31:00,916 INFO [trans  t= 61.101] dt=2.940e-03  R_mom=4.122e-01  div*=3.22e-03
2026-04-25 23:31:02,775 INFO [trans  t= 61.393] dt=2.904e-03  R_mom=4.287e-01  div*=2.63e-03
2026-04-25 23:31:04,575 INFO [trans  t= 61.681] dt=2.871e-03  R_mom=4.435e-01  div*=2.68e-03
2026-04-25 23:31:06,240 INFO [trans  t= 61.967] dt=2.843e-03  R_mom=4.458e-01  div*=3.06e-03
2026-04-25 23:31:07,889 INFO [trans  t= 62.250] dt=2.826e-03  R_mom=4.398e-01  div*=2.54e-03
2026-04-25 23:31:09,714 INFO [trans  t= 62.533] dt=2.825e-03  R_mom=4.285e-01  div*=3.02e-03
2026-04-25 23:31:11,394 INFO [trans  t= 62.816] dt=2.846e-03  R_mom=4.174e-01  div*=2.81e-03
2026-04-25 23:31:13,198 INFO [trans  t= 63.102] dt=2.877e-03  R_mom=4.086e-01  div*=5.02e-03
2026-04-25 23:31:14,933 INFO [trans  t= 63.392] dt=2.942e-03  R_mom=4.067e-01  div*=3.88e-03
2026-04-25 23:31:16,718 INFO [trans  t= 63.684] dt=2.911e-03  R_mom=4.249e-01  div*=2.72e-03
2026-04-25 23:31:18,416 INFO [trans  t= 63.974] dt=2.880e-03  R_mom=4.449e-01  div*=2.97e-03
2026-04-25 23:31:20,111 INFO [trans  t= 64.260] dt=2.852e-03  R_mom=4.520e-01  div*=2.60e-03
2026-04-25 23:31:21,843 INFO [trans  t= 64.544] dt=2.835e-03  R_mom=4.491e-01  div*=2.47e-03
2026-04-25 23:31:23,584 INFO [trans  t= 64.828] dt=2.832e-03  R_mom=4.399e-01  div*=3.28e-03
2026-04-25 23:31:25,266 INFO [trans  t= 65.111] dt=2.848e-03  R_mom=4.284e-01  div*=2.20e-03
2026-04-25 23:31:26,963 INFO [trans  t= 65.398] dt=2.882e-03  R_mom=4.198e-01  div*=4.83e-03
2026-04-25 23:31:28,717 INFO [trans  t= 65.687] dt=2.919e-03  R_mom=4.121e-01  div*=3.75e-03
2026-04-25 23:31:30,375 INFO [trans  t= 65.980] dt=2.923e-03  R_mom=4.224e-01  div*=2.59e-03
2026-04-25 23:31:32,013 INFO [trans  t= 66.271] dt=2.895e-03  R_mom=4.392e-01  div*=2.56e-03
2026-04-25 23:31:33,708 INFO [trans  t= 66.559] dt=2.867e-03  R_mom=4.477e-01  div*=3.14e-03
2026-04-25 23:31:35,315 INFO [trans  t= 66.845] dt=2.846e-03  R_mom=4.466e-01  div*=2.04e-03
2026-04-25 23:31:36,981 INFO [trans  t= 67.129] dt=2.840e-03  R_mom=4.399e-01  div*=3.08e-03
2026-04-25 23:31:38,826 INFO [trans  t= 67.413] dt=2.853e-03  R_mom=4.315e-01  div*=2.20e-03
2026-04-25 23:31:40,505 INFO [trans  t= 67.700] dt=2.887e-03  R_mom=4.266e-01  div*=4.68e-03
2026-04-25 23:31:42,211 INFO [trans  t= 67.990] dt=2.920e-03  R_mom=4.215e-01  div*=3.87e-03
2026-04-25 23:31:44,020 INFO [trans  t= 68.283] dt=2.923e-03  R_mom=4.302e-01  div*=2.71e-03
2026-04-25 23:31:45,598 INFO [trans  t= 68.574] dt=2.897e-03  R_mom=4.435e-01  div*=2.67e-03
2026-04-25 23:31:47,211 INFO [trans  t= 68.862] dt=2.871e-03  R_mom=4.486e-01  div*=3.23e-03
2026-04-25 23:31:48,869 INFO [trans  t= 69.148] dt=2.850e-03  R_mom=4.432e-01  div*=2.21e-03
2026-04-25 23:31:50,574 INFO [trans  t= 69.433] dt=2.844e-03  R_mom=4.316e-01  div*=3.18e-03
2026-04-25 23:31:52,200 INFO [trans  t= 69.718] dt=2.858e-03  R_mom=4.190e-01  div*=2.30e-03
2026-04-25 23:31:53,938 INFO [trans  t= 70.005] dt=2.890e-03  R_mom=4.105e-01  div*=5.04e-03
2026-04-25 23:31:55,759 INFO [trans  t= 70.295] dt=2.945e-03  R_mom=4.047e-01  div*=4.00e-03
2026-04-25 23:31:57,758 INFO [trans  t= 70.589] dt=2.925e-03  R_mom=4.151e-01  div*=2.75e-03
2026-04-25 23:31:59,626 INFO [trans  t= 70.880] dt=2.896e-03  R_mom=4.313e-01  div*=2.32e-03
2026-04-25 23:32:01,522 INFO [trans  t= 71.168] dt=2.868e-03  R_mom=4.407e-01  div*=2.93e-03
2026-04-25 23:32:03,507 INFO [trans  t= 71.454] dt=2.847e-03  R_mom=4.386e-01  div*=2.44e-03
2026-04-25 23:32:05,434 INFO [trans  t= 71.738] dt=2.839e-03  R_mom=4.300e-01  div*=3.06e-03
2026-04-25 23:32:07,341 INFO [trans  t= 72.022] dt=2.850e-03  R_mom=4.179e-01  div*=2.28e-03
2026-04-25 23:32:09,265 INFO [trans  t= 72.309] dt=2.882e-03  R_mom=4.099e-01  div*=4.29e-03
2026-04-25 23:32:11,005 INFO [trans  t= 72.598] dt=2.900e-03  R_mom=4.039e-01  div*=4.19e-03
2026-04-25 23:32:12,882 INFO [trans  t= 72.890] dt=2.920e-03  R_mom=4.151e-01  div*=2.88e-03
2026-04-25 23:32:14,740 INFO [trans  t= 73.181] dt=2.893e-03  R_mom=4.363e-01  div*=2.76e-03
2026-04-25 23:32:16,608 INFO [trans  t= 73.469] dt=2.865e-03  R_mom=4.501e-01  div*=3.21e-03
2026-04-25 23:32:18,480 INFO [trans  t= 73.754] dt=2.843e-03  R_mom=4.507e-01  div*=2.02e-03
2026-04-25 23:32:20,341 INFO [trans  t= 74.038] dt=2.834e-03  R_mom=4.436e-01  div*=3.22e-03
2026-04-25 23:32:22,287 INFO [trans  t= 74.322] dt=2.841e-03  R_mom=4.311e-01  div*=1.95e-03
2026-04-25 23:32:24,233 INFO [trans  t= 74.607] dt=2.871e-03  R_mom=4.218e-01  div*=3.80e-03
2026-04-25 23:32:26,188 INFO [trans  t= 74.895] dt=2.883e-03  R_mom=4.123e-01  div*=4.72e-03
2026-04-25 23:32:28,037 INFO [trans  t= 75.188] dt=2.944e-03  R_mom=4.130e-01  div*=3.62e-03
2026-04-25 23:32:29,946 INFO [trans  t= 75.481] dt=2.923e-03  R_mom=4.254e-01  div*=2.71e-03
2026-04-25 23:32:31,900 INFO [trans  t= 75.773] dt=2.900e-03  R_mom=4.360e-01  div*=2.45e-03
2026-04-25 23:32:33,663 INFO [trans  t= 76.062] dt=2.879e-03  R_mom=4.374e-01  div*=2.92e-03
2026-04-25 23:32:35,483 INFO [trans  t= 76.349] dt=2.866e-03  R_mom=4.328e-01  div*=2.82e-03
2026-04-25 23:32:37,454 INFO [trans  t= 76.635] dt=2.869e-03  R_mom=4.244e-01  div*=2.24e-03
2026-04-25 23:32:39,191 INFO [trans  t= 76.923] dt=2.895e-03  R_mom=4.193e-01  div*=2.83e-03
2026-04-25 23:32:40,829 INFO [trans  t= 77.214] dt=2.914e-03  R_mom=4.147e-01  div*=4.82e-03
2026-04-25 23:32:42,583 INFO [trans  t= 77.507] dt=2.922e-03  R_mom=4.173e-01  div*=2.93e-03
2026-04-25 23:32:44,550 INFO [trans  t= 77.798] dt=2.904e-03  R_mom=4.319e-01  div*=2.72e-03
2026-04-25 23:32:46,290 INFO [trans  t= 78.087] dt=2.883e-03  R_mom=4.440e-01  div*=2.33e-03
2026-04-25 23:32:48,155 INFO [trans  t= 78.375] dt=2.864e-03  R_mom=4.452e-01  div*=3.09e-03
2026-04-25 23:32:49,919 INFO [trans  t= 78.660] dt=2.851e-03  R_mom=4.370e-01  div*=2.95e-03
2026-04-25 23:32:51,656 INFO [trans  t= 78.945] dt=2.855e-03  R_mom=4.230e-01  div*=1.92e-03
2026-04-25 23:32:53,592 INFO [trans  t= 79.232] dt=2.881e-03  R_mom=4.125e-01  div*=3.51e-03
2026-04-25 23:32:55,472 INFO [trans  t= 79.521] dt=2.893e-03  R_mom=4.019e-01  div*=4.79e-03
2026-04-25 23:32:57,333 INFO [trans  t= 79.814] dt=2.930e-03  R_mom=4.015e-01  div*=3.03e-03
2026-04-25 23:32:59,091 INFO [trans  t= 80.106] dt=2.908e-03  R_mom=4.164e-01  div*=2.69e-03
2026-04-25 23:33:00,910 INFO [trans  t= 80.395] dt=2.885e-03  R_mom=4.315e-01  div*=2.41e-03
2026-04-25 23:33:02,610 INFO [trans  t= 80.683] dt=2.866e-03  R_mom=4.357e-01  div*=3.13e-03
2026-04-25 23:33:04,386 INFO [trans  t= 80.969] dt=2.855e-03  R_mom=4.307e-01  div*=2.63e-03
2026-04-25 23:33:06,072 INFO [trans  t= 81.254] dt=2.858e-03  R_mom=4.198e-01  div*=2.55e-03
2026-04-25 23:33:07,934 INFO [trans  t= 81.541] dt=2.884e-03  R_mom=4.106e-01  div*=2.70e-03
2026-04-25 23:33:09,609 INFO [trans  t= 81.831] dt=2.915e-03  R_mom=4.028e-01  div*=4.68e-03
2026-04-25 23:33:11,164 INFO [trans  t= 82.123] dt=2.920e-03  R_mom=3.995e-01  div*=3.29e-03
2026-04-25 23:33:12,821 INFO [trans  t= 82.414] dt=2.899e-03  R_mom=4.147e-01  div*=2.54e-03
2026-04-25 23:33:14,446 INFO [trans  t= 82.703] dt=2.880e-03  R_mom=4.376e-01  div*=2.57e-03
2026-04-25 23:33:16,102 INFO [trans  t= 82.990] dt=2.860e-03  R_mom=4.537e-01  div*=2.64e-03
2026-04-25 23:33:17,778 INFO [trans  t= 83.275] dt=2.844e-03  R_mom=4.566e-01  div*=2.48e-03
2026-04-25 23:33:19,592 INFO [trans  t= 83.560] dt=2.841e-03  R_mom=4.488e-01  div*=2.96e-03
2026-04-25 23:33:21,335 INFO [trans  t= 83.844] dt=2.858e-03  R_mom=4.391e-01  div*=2.71e-03
2026-04-25 23:33:23,099 INFO [trans  t= 84.132] dt=2.887e-03  R_mom=4.313e-01  div*=4.96e-03
2026-04-25 23:33:24,749 INFO [trans  t= 84.422] dt=2.937e-03  R_mom=4.240e-01  div*=4.61e-03
2026-04-25 23:33:26,589 INFO [trans  t= 84.715] dt=2.920e-03  R_mom=4.278e-01  div*=2.86e-03
2026-04-25 23:33:28,344 INFO [trans  t= 85.006] dt=2.901e-03  R_mom=4.352e-01  div*=2.33e-03
2026-04-25 23:33:30,231 INFO [trans  t= 85.295] dt=2.881e-03  R_mom=4.370e-01  div*=3.48e-03
2026-04-25 23:33:31,943 INFO [trans  t= 85.582] dt=2.866e-03  R_mom=4.314e-01  div*=2.19e-03
2026-04-25 23:33:33,789 INFO [trans  t= 85.869] dt=2.865e-03  R_mom=4.213e-01  div*=3.00e-03
2026-04-25 23:33:35,623 INFO [trans  t= 86.156] dt=2.884e-03  R_mom=4.098e-01  div*=2.16e-03
2026-04-25 23:33:37,371 INFO [trans  t= 86.446] dt=2.924e-03  R_mom=4.005e-01  div*=4.63e-03
2026-04-25 23:33:39,165 INFO [trans  t= 86.739] dt=2.950e-03  R_mom=3.918e-01  div*=3.71e-03
2026-04-25 23:33:41,138 INFO [trans  t= 87.034] dt=2.936e-03  R_mom=3.964e-01  div*=2.50e-03
2026-04-25 23:33:42,957 INFO [trans  t= 87.327] dt=2.918e-03  R_mom=4.121e-01  div*=2.54e-03
2026-04-25 23:33:44,865 INFO [trans  t= 87.614] dt=2.842e-03  R_mom=4.286e-01  div*=1.86e-03
2026-04-25 23:33:46,788 INFO [trans  t= 87.896] dt=2.806e-03  R_mom=4.394e-01  div*=1.91e-03
2026-04-25 23:33:48,583 INFO [trans  t= 88.176] dt=2.792e-03  R_mom=4.422e-01  div*=2.75e-03
2026-04-25 23:33:50,365 INFO [trans  t= 88.455] dt=2.782e-03  R_mom=4.390e-01  div*=2.12e-03
2026-04-25 23:33:52,158 INFO [trans  t= 88.732] dt=2.759e-03  R_mom=4.387e-01  div*=3.96e-03
2026-04-25 23:33:54,055 INFO [trans  t= 89.006] dt=2.718e-03  R_mom=4.363e-01  div*=3.92e-03
2026-04-25 23:33:55,944 INFO [trans  t= 89.276] dt=2.686e-03  R_mom=4.441e-01  div*=2.73e-03
2026-04-25 23:33:57,648 INFO [trans  t= 89.543] dt=2.659e-03  R_mom=4.536e-01  div*=5.03e-03
2026-04-25 23:33:59,417 INFO [trans  t= 89.816] dt=2.828e-03  R_mom=4.485e-01  div*=2.39e-03
2026-04-25 23:34:01,164 INFO [trans  t= 90.098] dt=2.816e-03  R_mom=4.374e-01  div*=2.13e-03
2026-04-25 23:34:02,967 INFO [trans  t= 90.380] dt=2.816e-03  R_mom=4.259e-01  div*=3.04e-03
2026-04-25 23:34:04,611 INFO [trans  t= 90.662] dt=2.830e-03  R_mom=4.088e-01  div*=2.06e-03
2026-04-25 23:34:06,112 INFO [trans  t= 90.946] dt=2.865e-03  R_mom=3.919e-01  div*=3.55e-03
2026-04-25 23:34:07,864 INFO [trans  t= 91.234] dt=2.886e-03  R_mom=3.707e-01  div*=5.02e-03
2026-04-25 23:34:09,510 INFO [trans  t= 91.529] dt=2.991e-03  R_mom=3.524e-01  div*=3.15e-03
2026-04-25 23:34:11,052 INFO [trans  t= 91.828] dt=2.985e-03  R_mom=3.437e-01  div*=2.61e-03
2026-04-25 23:34:12,862 INFO [trans  t= 92.126] dt=2.974e-03  R_mom=3.489e-01  div*=2.41e-03
2026-04-25 23:34:14,706 INFO [trans  t= 92.417] dt=2.836e-03  R_mom=3.673e-01  div*=1.56e-03
2026-04-25 23:34:16,582 INFO [trans  t= 92.694] dt=2.705e-03  R_mom=3.954e-01  div*=1.48e-03
2026-04-25 23:34:18,457 INFO [trans  t= 92.958] dt=2.590e-03  R_mom=4.278e-01  div*=2.19e-03
2026-04-25 23:34:20,364 INFO [trans  t= 93.213] dt=2.506e-03  R_mom=4.502e-01  div*=3.25e-03
2026-04-25 23:34:22,254 INFO [trans  t= 93.461] dt=2.463e-03  R_mom=4.454e-01  div*=8.26e-03
2026-04-25 23:34:24,091 INFO [trans  t= 93.705] dt=2.443e-03  R_mom=4.130e-01  div*=6.37e-03
2026-04-25 23:34:25,980 INFO [trans  t= 93.959] dt=2.649e-03  R_mom=4.208e-01  div*=3.14e-03
2026-04-25 23:34:27,830 INFO [trans  t= 94.233] dt=2.769e-03  R_mom=4.346e-01  div*=2.05e-03
2026-04-25 23:34:29,704 INFO [trans  t= 94.509] dt=2.740e-03  R_mom=4.432e-01  div*=2.74e-03
2026-04-25 23:34:31,381 INFO [trans  t= 94.782] dt=2.722e-03  R_mom=4.424e-01  div*=3.28e-03
2026-04-25 23:34:33,079 INFO [trans  t= 95.053] dt=2.713e-03  R_mom=4.303e-01  div*=4.06e-03
2026-04-25 23:34:34,827 INFO [trans  t= 95.325] dt=2.721e-03  R_mom=4.133e-01  div*=3.59e-03
2026-04-25 23:34:36,553 INFO [trans  t= 95.598] dt=2.726e-03  R_mom=3.939e-01  div*=6.54e-03
2026-04-25 23:34:38,293 INFO [trans  t= 95.878] dt=2.961e-03  R_mom=3.711e-01  div*=3.96e-03
2026-04-25 23:34:40,174 INFO [trans  t= 96.177] dt=2.976e-03  R_mom=3.550e-01  div*=5.13e-03
2026-04-25 23:34:42,052 INFO [trans  t= 96.474] dt=2.959e-03  R_mom=3.475e-01  div*=2.52e-03
2026-04-25 23:34:43,889 INFO [trans  t= 96.769] dt=2.948e-03  R_mom=3.484e-01  div*=2.18e-03
2026-04-25 23:34:45,631 INFO [trans  t= 97.064] dt=2.941e-03  R_mom=3.551e-01  div*=1.84e-03
2026-04-25 23:34:47,442 INFO [trans  t= 97.357] dt=2.936e-03  R_mom=3.651e-01  div*=2.32e-03
2026-04-25 23:34:49,125 INFO [trans  t= 97.651] dt=2.933e-03  R_mom=3.746e-01  div*=2.79e-03
2026-04-25 23:34:50,920 INFO [trans  t= 97.942] dt=2.878e-03  R_mom=3.821e-01  div*=3.91e-03
2026-04-25 23:34:52,767 INFO [trans  t= 98.226] dt=2.797e-03  R_mom=3.880e-01  div*=2.69e-03
2026-04-25 23:34:54,510 INFO [trans  t= 98.502] dt=2.726e-03  R_mom=3.842e-01  div*=7.54e-03
2026-04-25 23:34:56,353 INFO [trans  t= 98.776] dt=2.824e-03  R_mom=3.765e-01  div*=2.52e-03
2026-04-25 23:34:58,238 INFO [trans  t= 99.060] dt=2.823e-03  R_mom=3.767e-01  div*=3.44e-03
2026-04-25 23:35:00,047 INFO [trans  t= 99.341] dt=2.790e-03  R_mom=3.777e-01  div*=4.05e-03
2026-04-25 23:35:02,071 INFO [trans  t= 99.618] dt=2.771e-03  R_mom=3.807e-01  div*=3.83e-03
2026-04-25 23:35:03,799 INFO [trans  t= 99.895] dt=2.776e-03  R_mom=3.759e-01  div*=7.27e-03
2026-04-25 23:35:05,532 INFO [trans  t=100.181] dt=2.851e-03  R_mom=3.796e-01  div*=2.40e-03
2026-04-25 23:35:07,325 INFO [trans  t=100.462] dt=2.780e-03  R_mom=3.927e-01  div*=2.77e-03
2026-04-25 23:35:09,188 INFO [trans  t=100.740] dt=2.788e-03  R_mom=4.015e-01  div*=2.21e-03
2026-04-25 23:35:10,975 INFO [trans  t=101.021] dt=2.835e-03  R_mom=3.990e-01  div*=3.16e-03
2026-04-25 23:35:12,817 INFO [trans  t=101.307] dt=2.891e-03  R_mom=3.828e-01  div*=6.48e-03
2026-04-25 23:35:14,509 INFO [trans  t=101.599] dt=2.932e-03  R_mom=3.668e-01  div*=2.62e-03
2026-04-25 23:35:16,252 INFO [trans  t=101.890] dt=2.877e-03  R_mom=3.565e-01  div*=3.57e-03
2026-04-25 23:35:18,026 INFO [trans  t=102.175] dt=2.833e-03  R_mom=3.465e-01  div*=3.81e-03
2026-04-25 23:35:19,885 INFO [trans  t=102.456] dt=2.797e-03  R_mom=3.455e-01  div*=4.85e-03
2026-04-25 23:35:21,702 INFO [trans  t=102.735] dt=2.771e-03  R_mom=3.429e-01  div*=2.53e-03
2026-04-25 23:35:23,360 INFO [trans  t=103.011] dt=2.760e-03  R_mom=3.395e-01  div*=5.14e-03
2026-04-25 23:35:25,104 INFO [trans  t=103.287] dt=2.793e-03  R_mom=3.214e-01  div*=4.85e-03
2026-04-25 23:35:26,829 INFO [trans  t=103.584] dt=3.113e-03  R_mom=3.073e-01  div*=2.51e-03
2026-04-25 23:35:28,542 INFO [trans  t=103.890] dt=3.017e-03  R_mom=3.139e-01  div*=2.94e-03
2026-04-25 23:35:30,118 INFO [trans  t=104.187] dt=2.912e-03  R_mom=3.353e-01  div*=2.18e-03
2026-04-25 23:35:31,639 INFO [trans  t=104.473] dt=2.813e-03  R_mom=3.591e-01  div*=3.69e-03
2026-04-25 23:35:33,281 INFO [trans  t=104.750] dt=2.736e-03  R_mom=3.650e-01  div*=9.05e-03
2026-04-25 23:35:35,078 INFO [trans  t=105.024] dt=2.826e-03  R_mom=3.624e-01  div*=4.16e-03
2026-04-25 23:35:36,649 INFO [trans  t=105.314] dt=2.873e-03  R_mom=3.755e-01  div*=3.62e-03
2026-04-25 23:35:38,168 INFO [trans  t=105.597] dt=2.805e-03  R_mom=3.981e-01  div*=3.11e-03
2026-04-25 23:35:40,073 INFO [trans  t=105.876] dt=2.770e-03  R_mom=4.131e-01  div*=3.14e-03
2026-04-25 23:35:41,750 INFO [trans  t=106.152] dt=2.757e-03  R_mom=4.166e-01  div*=3.75e-03
2026-04-25 23:35:43,549 INFO [trans  t=106.428] dt=2.760e-03  R_mom=4.013e-01  div*=6.09e-03
2026-04-25 23:35:45,521 INFO [trans  t=106.705] dt=2.785e-03  R_mom=3.881e-01  div*=8.41e-03
2026-04-25 23:35:47,215 INFO [trans  t=106.985] dt=2.859e-03  R_mom=3.940e-01  div*=4.19e-03
2026-04-25 23:35:49,022 INFO [trans  t=107.265] dt=2.760e-03  R_mom=4.203e-01  div*=2.59e-03
2026-04-25 23:35:50,483 INFO [trans  t=107.540] dt=2.749e-03  R_mom=4.387e-01  div*=3.01e-03
2026-04-25 23:35:52,163 INFO [trans  t=107.818] dt=2.802e-03  R_mom=4.446e-01  div*=3.21e-03
2026-04-25 23:35:53,723 INFO [trans  t=108.101] dt=2.868e-03  R_mom=4.414e-01  div*=3.01e-03
2026-04-25 23:35:55,241 INFO [trans  t=108.391] dt=2.915e-03  R_mom=4.282e-01  div*=6.59e-03
2026-04-25 23:35:56,978 INFO [trans  t=108.683] dt=2.918e-03  R_mom=4.187e-01  div*=4.72e-03
2026-04-25 23:35:58,477 INFO [trans  t=108.974] dt=2.901e-03  R_mom=4.154e-01  div*=3.52e-03
2026-04-25 23:36:00,275 INFO [trans  t=109.263] dt=2.892e-03  R_mom=4.198e-01  div*=3.49e-03
2026-04-25 23:36:01,721 INFO [trans  t=109.552] dt=2.880e-03  R_mom=4.220e-01  div*=4.69e-03
2026-04-25 23:36:03,279 INFO [trans  t=109.840] dt=2.873e-03  R_mom=4.200e-01  div*=3.07e-03
2026-04-25 23:36:05,046 INFO [trans  t=110.127] dt=2.887e-03  R_mom=4.253e-01  div*=3.47e-03
2026-04-25 23:36:06,617 INFO [trans  t=110.417] dt=2.891e-03  R_mom=4.317e-01  div*=4.98e-03
2026-04-25 23:36:08,350 INFO [trans  t=110.710] dt=2.956e-03  R_mom=4.360e-01  div*=3.14e-03
2026-04-25 23:36:10,101 INFO [trans  t=111.005] dt=2.929e-03  R_mom=4.406e-01  div*=2.10e-03
2026-04-25 23:36:11,976 INFO [trans  t=111.297] dt=2.919e-03  R_mom=4.417e-01  div*=2.73e-03
2026-04-25 23:36:13,788 INFO [trans  t=111.588] dt=2.922e-03  R_mom=4.332e-01  div*=4.68e-03
2026-04-25 23:36:15,600 INFO [trans  t=111.884] dt=2.974e-03  R_mom=4.192e-01  div*=3.16e-03
2026-04-25 23:36:17,385 INFO [trans  t=112.183] dt=2.983e-03  R_mom=4.050e-01  div*=2.56e-03
2026-04-25 23:36:19,159 INFO [trans  t=112.479] dt=2.931e-03  R_mom=3.940e-01  div*=4.05e-03
2026-04-25 23:36:21,028 INFO [trans  t=112.770] dt=2.899e-03  R_mom=3.800e-01  div*=3.57e-03
2026-04-25 23:36:22,940 INFO [trans  t=113.059] dt=2.886e-03  R_mom=3.728e-01  div*=2.37e-03
2026-04-25 23:36:24,802 INFO [trans  t=113.347] dt=2.882e-03  R_mom=3.707e-01  div*=2.77e-03
2026-04-25 23:36:26,609 INFO [trans  t=113.636] dt=2.884e-03  R_mom=3.718e-01  div*=2.44e-03
2026-04-25 23:36:28,490 INFO [trans  t=113.924] dt=2.889e-03  R_mom=3.711e-01  div*=3.03e-03
2026-04-25 23:36:30,352 INFO [trans  t=114.214] dt=2.906e-03  R_mom=3.689e-01  div*=2.79e-03
2026-04-25 23:36:32,244 INFO [trans  t=114.506] dt=2.943e-03  R_mom=3.735e-01  div*=4.06e-03
2026-04-25 23:36:34,103 INFO [trans  t=114.802] dt=2.976e-03  R_mom=3.841e-01  div*=3.65e-03
2026-04-25 23:36:35,901 INFO [trans  t=115.101] dt=2.972e-03  R_mom=4.078e-01  div*=2.99e-03
2026-04-25 23:36:37,729 INFO [trans  t=115.396] dt=2.912e-03  R_mom=4.339e-01  div*=4.29e-03
2026-04-25 23:36:39,641 INFO [trans  t=115.684] dt=2.848e-03  R_mom=4.533e-01  div*=3.12e-03
2026-04-25 23:36:41,592 INFO [trans  t=115.965] dt=2.783e-03  R_mom=4.606e-01  div*=7.67e-03
2026-04-25 23:36:43,458 INFO [trans  t=116.241] dt=2.735e-03  R_mom=4.574e-01  div*=2.90e-03
2026-04-25 23:36:45,249 INFO [trans  t=116.512] dt=2.711e-03  R_mom=4.450e-01  div*=7.26e-03
2026-04-25 23:36:46,993 INFO [trans  t=116.796] dt=2.921e-03  R_mom=4.285e-01  div*=2.58e-03
2026-04-25 23:36:48,742 INFO [trans  t=117.089] dt=2.938e-03  R_mom=4.159e-01  div*=3.34e-03
2026-04-25 23:36:50,351 INFO [trans  t=117.384] dt=2.979e-03  R_mom=4.037e-01  div*=2.73e-03
2026-04-25 23:36:52,120 INFO [trans  t=117.685] dt=3.013e-03  R_mom=3.930e-01  div*=5.95e-03
2026-04-25 23:36:53,929 INFO [trans  t=117.986] dt=2.992e-03  R_mom=3.890e-01  div*=2.75e-03
2026-04-25 23:36:55,731 INFO [trans  t=118.278] dt=2.851e-03  R_mom=3.998e-01  div*=2.56e-03
2026-04-25 23:36:57,546 INFO [trans  t=118.556] dt=2.713e-03  R_mom=4.204e-01  div*=1.93e-03
2026-04-25 23:36:59,348 INFO [trans  t=118.820] dt=2.584e-03  R_mom=4.476e-01  div*=1.38e-03
2026-04-25 23:37:01,153 INFO [trans  t=119.073] dt=2.485e-03  R_mom=4.732e-01  div*=1.24e-03
2026-04-25 23:37:02,911 INFO [trans  t=119.319] dt=2.436e-03  R_mom=4.853e-01  div*=2.21e-03
2026-04-25 23:37:04,611 INFO [trans  t=119.562] dt=2.440e-03  R_mom=4.652e-01  div*=3.06e-03
2026-04-25 23:37:06,629 INFO [trans  t=119.809] dt=2.485e-03  R_mom=4.064e-01  div*=1.08e-02
2026-04-25 23:37:08,083 INFO solve done: iters=53077 converged=True elapsed=959.7s
2026-04-25 23:37:08,541 INFO payload: shipping 101/201 frames (stride=2), u+v only
2026-04-25 23:37:14,299 INFO residuals workbook written: sim_20260425_232108_1fdd3d1f_residuals.xlsx
