2026-04-25 22:10:55,044 INFO simulation sim_20260425_221055_6a0a4626 started; log=sim_20260425_221055_6a0a4626.log  residuals=sim_20260425_221055_6a0a4626_residuals.csv
2026-04-25 22:10:55,047 INFO solve start: grid=320x160 (20.000x10.000) mode=steady Re=1000.0  polygon=12 pts, solid_cells=814 / 51200
2026-04-25 22:10:55,047 INFO   polygon bbox: x=[8.556,11.043] y=[4.484,6.178]
2026-04-25 22:10:55,061 INFO [steady      0] dt=3.125e-02  R_mom=1.889e+00  div*=8.00e+00  mg=1
2026-04-25 22:10:55,462 INFO [steady    100] dt=1.998e-02  R_mom=4.216e-02  div*=4.48e-02  mg=2
2026-04-25 22:10:55,819 INFO [steady    200] dt=2.011e-02  R_mom=4.524e-02  div*=3.53e-02  mg=2
2026-04-25 22:10:56,207 INFO [steady    300] dt=2.006e-02  R_mom=5.576e-02  div*=4.38e-02  mg=2
2026-04-25 22:10:56,646 INFO [steady    400] dt=1.958e-02  R_mom=6.722e-02  div*=2.31e-02  mg=2
2026-04-25 22:10:57,085 INFO [steady    500] dt=1.913e-02  R_mom=9.465e-02  div*=5.60e-02  mg=2
2026-04-25 22:10:57,489 INFO [steady    600] dt=1.890e-02  R_mom=1.241e-01  div*=4.48e-02  mg=2
2026-04-25 22:10:57,907 INFO [steady    700] dt=1.845e-02  R_mom=1.536e-01  div*=5.46e-02  mg=2
2026-04-25 22:10:58,285 INFO [steady    800] dt=1.825e-02  R_mom=1.835e-01  div*=1.93e-02  mg=2
2026-04-25 22:10:58,667 INFO [steady    900] dt=1.853e-02  R_mom=1.871e-01  div*=1.61e-02  mg=2
2026-04-25 22:10:59,063 INFO [steady   1000] dt=1.836e-02  R_mom=1.751e-01  div*=2.40e-02  mg=2
2026-04-25 22:10:59,442 INFO [steady   1100] dt=2.020e-02  R_mom=1.661e-01  div*=2.18e-02  mg=2
2026-04-25 22:10:59,851 INFO [steady   1200] dt=2.058e-02  R_mom=1.410e-01  div*=2.04e-02  mg=2
2026-04-25 22:11:00,305 INFO [steady   1300] dt=1.983e-02  R_mom=1.128e-01  div*=2.53e-02  mg=2
2026-04-25 22:11:00,685 INFO [steady   1400] dt=1.982e-02  R_mom=1.282e-01  div*=1.68e-02  mg=2
2026-04-25 22:11:01,056 INFO [steady   1500] dt=2.003e-02  R_mom=1.258e-01  div*=2.37e-02  mg=2
2026-04-25 22:11:01,441 INFO [steady   1600] dt=1.979e-02  R_mom=1.528e-01  div*=3.03e-02  mg=2
2026-04-25 22:11:01,823 INFO [steady   1700] dt=1.984e-02  R_mom=1.749e-01  div*=1.69e-02  mg=2
2026-04-25 22:11:02,219 INFO [steady   1800] dt=1.977e-02  R_mom=1.701e-01  div*=3.41e-02  mg=2
2026-04-25 22:11:02,624 INFO [steady   1900] dt=1.966e-02  R_mom=1.728e-01  div*=1.18e-02  mg=2
2026-04-25 22:11:03,058 INFO [steady   2000] dt=1.981e-02  R_mom=1.619e-01  div*=1.99e-02  mg=2
2026-04-25 22:11:03,452 INFO [steady   2100] dt=2.080e-02  R_mom=1.519e-01  div*=2.47e-02  mg=2
2026-04-25 22:11:03,869 INFO [steady   2200] dt=2.108e-02  R_mom=1.592e-01  div*=1.38e-02  mg=2
2026-04-25 22:11:04,268 INFO [steady   2300] dt=2.022e-02  R_mom=1.352e-01  div*=2.40e-02  mg=2
2026-04-25 22:11:04,648 INFO [steady   2400] dt=2.007e-02  R_mom=1.544e-01  div*=1.28e-02  mg=2
2026-04-25 22:11:05,075 INFO [steady   2500] dt=2.039e-02  R_mom=1.534e-01  div*=1.95e-02  mg=2
2026-04-25 22:11:05,484 INFO [steady   2600] dt=2.021e-02  R_mom=1.535e-01  div*=2.48e-02  mg=2
2026-04-25 22:11:05,867 INFO [steady   2700] dt=2.042e-02  R_mom=1.675e-01  div*=1.23e-02  mg=2
2026-04-25 22:11:06,290 INFO [steady   2800] dt=2.037e-02  R_mom=1.489e-01  div*=2.55e-02  mg=2
2026-04-25 22:11:06,704 INFO [steady   2900] dt=2.031e-02  R_mom=1.620e-01  div*=1.30e-02  mg=2
2026-04-25 22:11:07,117 INFO [steady   3000] dt=2.059e-02  R_mom=1.522e-01  div*=2.27e-02  mg=2
2026-04-25 22:11:07,511 INFO [steady   3100] dt=2.053e-02  R_mom=1.530e-01  div*=2.72e-02  mg=2
2026-04-25 22:11:07,956 INFO [steady   3200] dt=2.084e-02  R_mom=1.631e-01  div*=1.23e-02  mg=2
2026-04-25 22:11:08,363 INFO [steady   3300] dt=2.026e-02  R_mom=1.437e-01  div*=2.13e-02  mg=2
2026-04-25 22:11:08,757 INFO [steady   3400] dt=2.028e-02  R_mom=1.606e-01  div*=1.51e-02  mg=2
2026-04-25 22:11:09,167 INFO [steady   3500] dt=2.056e-02  R_mom=1.483e-01  div*=2.38e-02  mg=2
2026-04-25 22:11:09,554 INFO [steady   3600] dt=2.040e-02  R_mom=1.562e-01  div*=2.77e-02  mg=2
2026-04-25 22:11:09,957 INFO [steady   3700] dt=2.075e-02  R_mom=1.646e-01  div*=1.44e-02  mg=2
2026-04-25 22:11:10,406 INFO [steady   3800] dt=2.024e-02  R_mom=1.464e-01  div*=1.94e-02  mg=2
2026-04-25 22:11:10,777 INFO [steady   3900] dt=2.037e-02  R_mom=1.616e-01  div*=1.54e-02  mg=2
2026-04-25 22:11:11,189 INFO [steady   4000] dt=2.055e-02  R_mom=1.436e-01  div*=2.08e-02  mg=2
2026-04-25 22:11:11,575 INFO [steady   4100] dt=2.047e-02  R_mom=1.574e-01  div*=2.56e-02  mg=2
2026-04-25 22:11:11,958 INFO [steady   4200] dt=2.081e-02  R_mom=1.634e-01  div*=1.67e-02  mg=3
2026-04-25 22:11:12,358 INFO [steady   4300] dt=2.020e-02  R_mom=1.482e-01  div*=1.66e-02  mg=2
2026-04-25 22:11:12,804 INFO [steady   4400] dt=2.041e-02  R_mom=1.620e-01  div*=1.48e-02  mg=2
2026-04-25 22:11:13,226 INFO [steady   4500] dt=2.056e-02  R_mom=1.415e-01  div*=2.10e-02  mg=2
2026-04-25 22:11:13,630 INFO [steady   4600] dt=2.046e-02  R_mom=1.595e-01  div*=2.22e-02  mg=2
2026-04-25 22:11:14,035 INFO [steady   4700] dt=2.080e-02  R_mom=1.625e-01  div*=1.85e-02  mg=3
2026-04-25 22:11:14,432 INFO [steady   4800] dt=2.018e-02  R_mom=1.505e-01  div*=1.53e-02  mg=2
2026-04-25 22:11:14,811 INFO [steady   4900] dt=2.046e-02  R_mom=1.619e-01  div*=1.24e-02  mg=2
2026-04-25 22:11:15,267 INFO [steady   5000] dt=2.055e-02  R_mom=1.407e-01  div*=2.07e-02  mg=2
2026-04-25 22:11:15,654 INFO [steady   5100] dt=2.050e-02  R_mom=1.609e-01  div*=2.25e-02  mg=2
2026-04-25 22:11:16,085 INFO [steady   5200] dt=2.071e-02  R_mom=1.600e-01  div*=1.98e-02  mg=3
2026-04-25 22:11:16,482 INFO [steady   5300] dt=2.017e-02  R_mom=1.529e-01  div*=1.39e-02  mg=2
2026-04-25 22:11:16,866 INFO [steady   5400] dt=2.051e-02  R_mom=1.619e-01  div*=9.26e-03  mg=2
2026-04-25 22:11:17,272 INFO [steady   5500] dt=2.052e-02  R_mom=1.422e-01  div*=2.05e-02  mg=2
2026-04-25 22:11:17,702 INFO [steady   5600] dt=2.053e-02  R_mom=1.621e-01  div*=2.27e-02  mg=2
2026-04-25 22:11:18,144 INFO [steady   5700] dt=2.061e-02  R_mom=1.560e-01  div*=2.15e-02  mg=2
2026-04-25 22:11:18,546 INFO [steady   5800] dt=2.017e-02  R_mom=1.550e-01  div*=1.21e-02  mg=2
2026-04-25 22:11:18,951 INFO [steady   5900] dt=2.055e-02  R_mom=1.613e-01  div*=1.20e-02  mg=3
2026-04-25 22:11:19,382 INFO [steady   6000] dt=2.049e-02  R_mom=1.445e-01  div*=1.99e-02  mg=2
2026-04-25 22:11:19,766 INFO [steady   6100] dt=2.057e-02  R_mom=1.630e-01  div*=2.09e-02  mg=2
2026-04-25 22:11:20,251 INFO [steady   6200] dt=2.052e-02  R_mom=1.514e-01  div*=2.39e-02  mg=2
2026-04-25 22:11:20,650 INFO [steady   6300] dt=2.019e-02  R_mom=1.569e-01  div*=1.08e-02  mg=2
2026-04-25 22:11:21,045 INFO [steady   6400] dt=2.057e-02  R_mom=1.602e-01  div*=1.46e-02  mg=3
2026-04-25 22:11:21,452 INFO [steady   6500] dt=2.047e-02  R_mom=1.474e-01  div*=1.88e-02  mg=2
2026-04-25 22:11:21,838 INFO [steady   6600] dt=2.062e-02  R_mom=1.636e-01  div*=1.74e-02  mg=2
2026-04-25 22:11:22,254 INFO [steady   6700] dt=2.044e-02  R_mom=1.473e-01  div*=2.51e-02  mg=2
2026-04-25 22:11:22,677 INFO [steady   6800] dt=2.022e-02  R_mom=1.585e-01  div*=9.39e-03  mg=2
2026-04-25 22:11:23,106 INFO [steady   6900] dt=2.060e-02  R_mom=1.579e-01  div*=1.68e-02  mg=3
2026-04-25 22:11:23,499 INFO [steady   7000] dt=2.046e-02  R_mom=1.501e-01  div*=2.06e-02  mg=2
2026-04-25 22:11:23,902 INFO [steady   7100] dt=2.068e-02  R_mom=1.640e-01  div*=1.32e-02  mg=2
2026-04-25 22:11:24,324 INFO [steady   7200] dt=2.036e-02  R_mom=1.451e-01  div*=2.45e-02  mg=2
2026-04-25 22:11:24,705 INFO [steady   7300] dt=2.026e-02  R_mom=1.599e-01  div*=1.23e-02  mg=2
2026-04-25 22:11:25,141 INFO [steady   7400] dt=2.061e-02  R_mom=1.538e-01  div*=2.07e-02  mg=2
2026-04-25 22:11:25,554 INFO [steady   7500] dt=2.045e-02  R_mom=1.528e-01  div*=2.60e-02  mg=2
2026-04-25 22:11:25,959 INFO [steady   7600] dt=2.073e-02  R_mom=1.641e-01  div*=1.14e-02  mg=2
2026-04-25 22:11:26,403 INFO [steady   7700] dt=2.030e-02  R_mom=1.447e-01  div*=2.17e-02  mg=2
2026-04-25 22:11:26,831 INFO [steady   7800] dt=2.030e-02  R_mom=1.608e-01  div*=1.44e-02  mg=2
2026-04-25 22:11:27,280 INFO [steady   7900] dt=2.060e-02  R_mom=1.488e-01  div*=2.38e-02  mg=2
2026-04-25 22:11:27,734 INFO [steady   8000] dt=2.045e-02  R_mom=1.553e-01  div*=2.75e-02  mg=2
2026-04-25 22:11:28,143 INFO [steady   8100] dt=2.080e-02  R_mom=1.640e-01  div*=1.41e-02  mg=2
2026-04-25 22:11:28,541 INFO [steady   8200] dt=2.024e-02  R_mom=1.459e-01  div*=1.95e-02  mg=2
2026-04-25 22:11:28,938 INFO [steady   8300] dt=2.036e-02  R_mom=1.615e-01  div*=1.53e-02  mg=2
2026-04-25 22:11:29,385 INFO [steady   8400] dt=2.053e-02  R_mom=1.442e-01  div*=2.16e-02  mg=2
2026-04-25 22:11:29,760 INFO [steady   8500] dt=2.046e-02  R_mom=1.574e-01  div*=2.57e-02  mg=2
2026-04-25 22:11:30,166 INFO [steady   8600] dt=2.081e-02  R_mom=1.636e-01  div*=1.65e-02  mg=3
2026-04-25 22:11:30,605 INFO [steady   8700] dt=2.020e-02  R_mom=1.481e-01  div*=1.66e-02  mg=2
2026-04-25 22:11:31,018 INFO [steady   8800] dt=2.041e-02  R_mom=1.619e-01  div*=1.48e-02  mg=2
2026-04-25 22:11:31,450 INFO [steady   8900] dt=2.057e-02  R_mom=1.414e-01  div*=2.09e-02  mg=2
2026-04-25 22:11:31,876 INFO [steady   9000] dt=2.047e-02  R_mom=1.593e-01  div*=2.24e-02  mg=2
2026-04-25 22:11:32,303 INFO [steady   9100] dt=2.080e-02  R_mom=1.625e-01  div*=1.84e-02  mg=3
2026-04-25 22:11:32,707 INFO [steady   9200] dt=2.018e-02  R_mom=1.505e-01  div*=1.54e-02  mg=2
2026-04-25 22:11:33,120 INFO [steady   9300] dt=2.046e-02  R_mom=1.620e-01  div*=1.25e-02  mg=2
2026-04-25 22:11:33,556 INFO [steady   9400] dt=2.055e-02  R_mom=1.408e-01  div*=2.07e-02  mg=2
2026-04-25 22:11:33,925 INFO [steady   9500] dt=2.050e-02  R_mom=1.608e-01  div*=2.24e-02  mg=2
2026-04-25 22:11:34,320 INFO [steady   9600] dt=2.071e-02  R_mom=1.602e-01  div*=1.97e-02  mg=3
2026-04-25 22:11:34,689 INFO [steady   9700] dt=2.017e-02  R_mom=1.528e-01  div*=1.39e-02  mg=2
2026-04-25 22:11:35,052 INFO [steady   9800] dt=2.051e-02  R_mom=1.618e-01  div*=9.13e-03  mg=2
2026-04-25 22:11:35,462 INFO [steady   9900] dt=2.052e-02  R_mom=1.420e-01  div*=2.05e-02  mg=2
2026-04-25 22:11:35,843 INFO [steady  10000] dt=2.053e-02  R_mom=1.621e-01  div*=2.28e-02  mg=2
2026-04-25 22:11:36,250 INFO [steady  10100] dt=2.061e-02  R_mom=1.562e-01  div*=2.14e-02  mg=2
2026-04-25 22:11:36,642 INFO [steady  10200] dt=2.017e-02  R_mom=1.549e-01  div*=1.22e-02  mg=2
2026-04-25 22:11:37,028 INFO [steady  10300] dt=2.055e-02  R_mom=1.613e-01  div*=1.19e-02  mg=3
2026-04-25 22:11:37,430 INFO [steady  10400] dt=2.050e-02  R_mom=1.444e-01  div*=1.99e-02  mg=2
2026-04-25 22:11:37,807 INFO [steady  10500] dt=2.057e-02  R_mom=1.630e-01  div*=2.10e-02  mg=2
2026-04-25 22:11:38,216 INFO [steady  10600] dt=2.052e-02  R_mom=1.515e-01  div*=2.38e-02  mg=2
2026-04-25 22:11:38,606 INFO [steady  10700] dt=2.018e-02  R_mom=1.569e-01  div*=1.08e-02  mg=2
2026-04-25 22:11:38,993 INFO [steady  10800] dt=2.057e-02  R_mom=1.603e-01  div*=1.45e-02  mg=3
2026-04-25 22:11:39,389 INFO [steady  10900] dt=2.047e-02  R_mom=1.472e-01  div*=1.89e-02  mg=2
2026-04-25 22:11:39,773 INFO [steady  11000] dt=2.062e-02  R_mom=1.636e-01  div*=1.76e-02  mg=2
2026-04-25 22:11:40,173 INFO [steady  11100] dt=2.044e-02  R_mom=1.475e-01  div*=2.51e-02  mg=2
2026-04-25 22:11:40,580 INFO [steady  11200] dt=2.022e-02  R_mom=1.585e-01  div*=9.45e-03  mg=2
2026-04-25 22:11:40,992 INFO [steady  11300] dt=2.059e-02  R_mom=1.580e-01  div*=1.67e-02  mg=3
2026-04-25 22:11:41,375 INFO [steady  11400] dt=2.046e-02  R_mom=1.500e-01  div*=2.03e-02  mg=2
2026-04-25 22:11:41,776 INFO [steady  11500] dt=2.067e-02  R_mom=1.640e-01  div*=1.34e-02  mg=2
2026-04-25 22:11:42,194 INFO [steady  11600] dt=2.037e-02  R_mom=1.451e-01  div*=2.45e-02  mg=2
2026-04-25 22:11:42,567 INFO [steady  11700] dt=2.026e-02  R_mom=1.598e-01  div*=1.22e-02  mg=2
2026-04-25 22:11:42,970 INFO [steady  11800] dt=2.061e-02  R_mom=1.540e-01  div*=2.06e-02  mg=2
2026-04-25 22:11:43,345 INFO [steady  11900] dt=2.045e-02  R_mom=1.527e-01  div*=2.59e-02  mg=2
2026-04-25 22:11:43,726 INFO [steady  12000] dt=2.073e-02  R_mom=1.641e-01  div*=1.13e-02  mg=2
2026-04-25 22:11:44,115 INFO [steady  12100] dt=2.030e-02  R_mom=1.447e-01  div*=2.18e-02  mg=2
2026-04-25 22:11:44,503 INFO [steady  12200] dt=2.030e-02  R_mom=1.608e-01  div*=1.44e-02  mg=2
2026-04-25 22:11:44,946 INFO [steady  12300] dt=2.060e-02  R_mom=1.489e-01  div*=2.39e-02  mg=2
2026-04-25 22:11:45,311 INFO [steady  12400] dt=2.045e-02  R_mom=1.552e-01  div*=2.75e-02  mg=2
2026-04-25 22:11:45,706 INFO [steady  12500] dt=2.080e-02  R_mom=1.640e-01  div*=1.40e-02  mg=2
2026-04-25 22:11:46,144 INFO [steady  12600] dt=2.024e-02  R_mom=1.459e-01  div*=1.96e-02  mg=2
2026-04-25 22:11:46,509 INFO [steady  12700] dt=2.036e-02  R_mom=1.615e-01  div*=1.53e-02  mg=2
2026-04-25 22:11:46,911 INFO [steady  12800] dt=2.053e-02  R_mom=1.444e-01  div*=2.18e-02  mg=2
2026-04-25 22:11:47,276 INFO [steady  12900] dt=2.045e-02  R_mom=1.573e-01  div*=2.58e-02  mg=2
2026-04-25 22:11:47,640 INFO [steady  13000] dt=2.082e-02  R_mom=1.636e-01  div*=1.64e-02  mg=3
2026-04-25 22:11:48,054 INFO [steady  13100] dt=2.020e-02  R_mom=1.480e-01  div*=1.67e-02  mg=2
2026-04-25 22:11:48,440 INFO [steady  13200] dt=2.041e-02  R_mom=1.619e-01  div*=1.48e-02  mg=2
2026-04-25 22:11:48,859 INFO [steady  13300] dt=2.057e-02  R_mom=1.415e-01  div*=2.09e-02  mg=2
2026-04-25 22:11:49,221 INFO [steady  13400] dt=2.047e-02  R_mom=1.592e-01  div*=2.25e-02  mg=2
2026-04-25 22:11:49,606 INFO [steady  13500] dt=2.080e-02  R_mom=1.626e-01  div*=1.84e-02  mg=3
2026-04-25 22:11:49,974 INFO [steady  13600] dt=2.018e-02  R_mom=1.504e-01  div*=1.55e-02  mg=2
2026-04-25 22:11:50,347 INFO [steady  13700] dt=2.046e-02  R_mom=1.620e-01  div*=1.26e-02  mg=2
2026-04-25 22:11:50,781 INFO [steady  13800] dt=2.055e-02  R_mom=1.408e-01  div*=2.07e-02  mg=2
2026-04-25 22:11:51,149 INFO [steady  13900] dt=2.050e-02  R_mom=1.608e-01  div*=2.23e-02  mg=2
2026-04-25 22:11:51,530 INFO [steady  14000] dt=2.072e-02  R_mom=1.603e-01  div*=1.97e-02  mg=3
2026-04-25 22:11:51,883 INFO [steady  14100] dt=2.017e-02  R_mom=1.527e-01  div*=1.40e-02  mg=2
2026-04-25 22:11:52,230 INFO [steady  14200] dt=2.050e-02  R_mom=1.618e-01  div*=9.02e-03  mg=2
2026-04-25 22:11:52,669 INFO [steady  14300] dt=2.052e-02  R_mom=1.420e-01  div*=2.06e-02  mg=2
2026-04-25 22:11:53,040 INFO [steady  14400] dt=2.053e-02  R_mom=1.620e-01  div*=2.28e-02  mg=2
2026-04-25 22:11:53,417 INFO [steady  14500] dt=2.062e-02  R_mom=1.564e-01  div*=2.12e-02  mg=2
2026-04-25 22:11:53,769 INFO [steady  14600] dt=2.017e-02  R_mom=1.549e-01  div*=1.22e-02  mg=2
2026-04-25 22:11:54,138 INFO [steady  14700] dt=2.055e-02  R_mom=1.613e-01  div*=1.18e-02  mg=3
2026-04-25 22:11:54,545 INFO [steady  14800] dt=2.050e-02  R_mom=1.443e-01  div*=2.00e-02  mg=2
2026-04-25 22:11:54,922 INFO [steady  14900] dt=2.057e-02  R_mom=1.630e-01  div*=2.11e-02  mg=2
2026-04-25 22:11:55,327 INFO [steady  15000] dt=2.053e-02  R_mom=1.517e-01  div*=2.38e-02  mg=2
2026-04-25 22:11:55,691 INFO [steady  15100] dt=2.018e-02  R_mom=1.568e-01  div*=1.09e-02  mg=2
2026-04-25 22:11:56,053 INFO [steady  15200] dt=2.057e-02  R_mom=1.603e-01  div*=1.44e-02  mg=3
2026-04-25 22:11:56,437 INFO [steady  15300] dt=2.048e-02  R_mom=1.471e-01  div*=1.89e-02  mg=2
2026-04-25 22:11:56,826 INFO [steady  15400] dt=2.062e-02  R_mom=1.636e-01  div*=1.77e-02  mg=2
2026-04-25 22:11:57,212 INFO [steady  15500] dt=2.044e-02  R_mom=1.476e-01  div*=2.51e-02  mg=2
2026-04-25 22:11:57,565 INFO [steady  15600] dt=2.022e-02  R_mom=1.584e-01  div*=9.51e-03  mg=2
2026-04-25 22:11:57,952 INFO [steady  15700] dt=2.059e-02  R_mom=1.581e-01  div*=1.67e-02  mg=3
2026-04-25 22:11:58,348 INFO [steady  15800] dt=2.046e-02  R_mom=1.499e-01  div*=2.00e-02  mg=2
2026-04-25 22:11:58,698 INFO [steady  15900] dt=2.067e-02  R_mom=1.640e-01  div*=1.35e-02  mg=2
2026-04-25 22:11:59,088 INFO [steady  16000] dt=2.037e-02  R_mom=1.452e-01  div*=2.46e-02  mg=2
2026-04-25 22:11:59,448 INFO [steady  16100] dt=2.025e-02  R_mom=1.598e-01  div*=1.21e-02  mg=2
2026-04-25 22:11:59,837 INFO [steady  16200] dt=2.061e-02  R_mom=1.542e-01  div*=2.04e-02  mg=2
2026-04-25 22:12:00,186 INFO [steady  16300] dt=2.045e-02  R_mom=1.526e-01  div*=2.58e-02  mg=2
2026-04-25 22:12:00,570 INFO [steady  16400] dt=2.073e-02  R_mom=1.641e-01  div*=1.12e-02  mg=2
2026-04-25 22:12:00,984 INFO [steady  16500] dt=2.030e-02  R_mom=1.447e-01  div*=2.20e-02  mg=2
2026-04-25 22:12:01,326 INFO [steady  16600] dt=2.030e-02  R_mom=1.608e-01  div*=1.43e-02  mg=2
2026-04-25 22:12:01,698 INFO [steady  16700] dt=2.060e-02  R_mom=1.491e-01  div*=2.39e-02  mg=2
2026-04-25 22:12:02,047 INFO [steady  16800] dt=2.045e-02  R_mom=1.551e-01  div*=2.75e-02  mg=2
2026-04-25 22:12:02,404 INFO [steady  16900] dt=2.079e-02  R_mom=1.640e-01  div*=1.39e-02  mg=2
2026-04-25 22:12:02,780 INFO [steady  17000] dt=2.025e-02  R_mom=1.458e-01  div*=1.96e-02  mg=2
2026-04-25 22:12:03,128 INFO [steady  17100] dt=2.035e-02  R_mom=1.615e-01  div*=1.53e-02  mg=2
2026-04-25 22:12:03,499 INFO [steady  17200] dt=2.052e-02  R_mom=1.445e-01  div*=2.19e-02  mg=2
2026-04-25 22:12:03,851 INFO [steady  17300] dt=2.045e-02  R_mom=1.573e-01  div*=2.59e-02  mg=2
2026-04-25 22:12:04,233 INFO [steady  17400] dt=2.082e-02  R_mom=1.637e-01  div*=1.63e-02  mg=3
2026-04-25 22:12:04,653 INFO [steady  17500] dt=2.020e-02  R_mom=1.479e-01  div*=1.68e-02  mg=2
2026-04-25 22:12:05,043 INFO [steady  17600] dt=2.041e-02  R_mom=1.619e-01  div*=1.49e-02  mg=2
2026-04-25 22:12:05,421 INFO [steady  17700] dt=2.057e-02  R_mom=1.416e-01  div*=2.09e-02  mg=2
2026-04-25 22:12:05,779 INFO [steady  17800] dt=2.047e-02  R_mom=1.592e-01  div*=2.27e-02  mg=2
2026-04-25 22:12:06,157 INFO [steady  17900] dt=2.080e-02  R_mom=1.626e-01  div*=1.83e-02  mg=3
2026-04-25 22:12:06,534 INFO [steady  18000] dt=2.018e-02  R_mom=1.503e-01  div*=1.55e-02  mg=2
2026-04-25 22:12:06,901 INFO [steady  18100] dt=2.045e-02  R_mom=1.620e-01  div*=1.27e-02  mg=2
2026-04-25 22:12:07,312 INFO [steady  18200] dt=2.055e-02  R_mom=1.408e-01  div*=2.07e-02  mg=2
2026-04-25 22:12:07,673 INFO [steady  18300] dt=2.050e-02  R_mom=1.607e-01  div*=2.22e-02  mg=2
2026-04-25 22:12:08,123 INFO [steady  18400] dt=2.072e-02  R_mom=1.604e-01  div*=1.97e-02  mg=3
2026-04-25 22:12:08,510 INFO [steady  18500] dt=2.017e-02  R_mom=1.526e-01  div*=1.41e-02  mg=2
2026-04-25 22:12:08,909 INFO [steady  18600] dt=2.050e-02  R_mom=1.618e-01  div*=8.92e-03  mg=2
2026-04-25 22:12:09,295 INFO [steady  18700] dt=2.052e-02  R_mom=1.419e-01  div*=2.06e-02  mg=2
2026-04-25 22:12:09,658 INFO [steady  18800] dt=2.053e-02  R_mom=1.620e-01  div*=2.28e-02  mg=2
2026-04-25 22:12:10,031 INFO [steady  18900] dt=2.062e-02  R_mom=1.566e-01  div*=2.10e-02  mg=2
2026-04-25 22:12:10,389 INFO [steady  19000] dt=2.017e-02  R_mom=1.548e-01  div*=1.23e-02  mg=2
2026-04-25 22:12:10,745 INFO [steady  19100] dt=2.055e-02  R_mom=1.614e-01  div*=1.17e-02  mg=3
2026-04-25 22:12:11,133 INFO [steady  19200] dt=2.050e-02  R_mom=1.442e-01  div*=2.00e-02  mg=2
2026-04-25 22:12:11,485 INFO [steady  19300] dt=2.056e-02  R_mom=1.629e-01  div*=2.12e-02  mg=2
2026-04-25 22:12:11,865 INFO [steady  19400] dt=2.053e-02  R_mom=1.519e-01  div*=2.38e-02  mg=2
2026-04-25 22:12:12,213 INFO [steady  19500] dt=2.018e-02  R_mom=1.567e-01  div*=1.09e-02  mg=2
2026-04-25 22:12:12,600 INFO [steady  19600] dt=2.057e-02  R_mom=1.604e-01  div*=1.43e-02  mg=3
2026-04-25 22:12:12,995 INFO [steady  19700] dt=2.048e-02  R_mom=1.470e-01  div*=1.90e-02  mg=2
2026-04-25 22:12:13,349 INFO [steady  19800] dt=2.061e-02  R_mom=1.636e-01  div*=1.79e-02  mg=2
2026-04-25 22:12:13,746 INFO [steady  19900] dt=2.045e-02  R_mom=1.477e-01  div*=2.51e-02  mg=2
2026-04-25 22:12:14,104 INFO steady did not converge within 20000 iters (last R_mom=1.582e-01)
2026-04-25 22:12:14,105 INFO solve done: iters=20000 converged=False elapsed=79.1s
2026-04-25 22:12:14,998 INFO residuals workbook written: sim_20260425_221055_6a0a4626_residuals.xlsx
